ARM GAS  /var/folders/0f/x4_g94q9649fs6s33cksjfb00000gn/T//cckLJQnh.s 			page 1


   1              		.cpu cortex-m7
   2              		.arch armv7e-m
   3              		.fpu fpv5-d16
   4              		.eabi_attribute 28, 1
   5              		.eabi_attribute 20, 1
   6              		.eabi_attribute 21, 1
   7              		.eabi_attribute 23, 3
   8              		.eabi_attribute 24, 1
   9              		.eabi_attribute 25, 1
  10              		.eabi_attribute 26, 1
  11              		.eabi_attribute 30, 1
  12              		.eabi_attribute 34, 1
  13              		.eabi_attribute 18, 4
  14              		.file	"dsihost.c"
  15              		.text
  16              		.section	.text.MX_DSIHOST_DSI_Init,"ax",%progbits
  17              		.align	1
  18              		.global	MX_DSIHOST_DSI_Init
  19              		.syntax unified
  20              		.thumb
  21              		.thumb_func
  23              	MX_DSIHOST_DSI_Init:
  24              		@ args = 0, pretend = 0, frame = 184
  25              		@ frame_needed = 0, uses_anonymous_args = 0
  26 0000 30B5     		push	{r4, r5, lr}
  27 0002 AFB0     		sub	sp, sp, #188
  28 0004 2BAD     		add	r5, sp, #172
  29 0006 0024     		movs	r4, #0
  30 0008 2B94     		str	r4, [sp, #172]
  31 000a 2C94     		str	r4, [sp, #176]
  32 000c 2D94     		str	r4, [sp, #180]
  33 000e 2422     		movs	r2, #36
  34 0010 2146     		mov	r1, r4
  35 0012 22A8     		add	r0, sp, #136
  36 0014 FFF7FEFF 		bl	memset
  37 0018 1C94     		str	r4, [sp, #112]
  38 001a 1D94     		str	r4, [sp, #116]
  39 001c 1E94     		str	r4, [sp, #120]
  40 001e 1F94     		str	r4, [sp, #124]
  41 0020 2094     		str	r4, [sp, #128]
  42 0022 2194     		str	r4, [sp, #132]
  43 0024 6C22     		movs	r2, #108
  44 0026 2146     		mov	r1, r4
  45 0028 01A8     		add	r0, sp, #4
  46 002a FFF7FEFF 		bl	memset
  47 002e 4948     		ldr	r0, .L19
  48 0030 494B     		ldr	r3, .L19+4
  49 0032 0360     		str	r3, [r0]
  50 0034 4460     		str	r4, [r0, #4]
  51 0036 0423     		movs	r3, #4
  52 0038 8360     		str	r3, [r0, #8]
  53 003a 0123     		movs	r3, #1
  54 003c C360     		str	r3, [r0, #12]
  55 003e 6423     		movs	r3, #100
  56 0040 2B93     		str	r3, [sp, #172]
  57 0042 0523     		movs	r3, #5
  58 0044 2C93     		str	r3, [sp, #176]
ARM GAS  /var/folders/0f/x4_g94q9649fs6s33cksjfb00000gn/T//cckLJQnh.s 			page 2


  59 0046 2946     		mov	r1, r5
  60 0048 FFF7FEFF 		bl	HAL_DSI_Init
  61 004c 0028     		cmp	r0, #0
  62 004e 69D1     		bne	.L11
  63              	.L2:
  64 0050 0123     		movs	r3, #1
  65 0052 2293     		str	r3, [sp, #136]
  66 0054 0023     		movs	r3, #0
  67 0056 2393     		str	r3, [sp, #140]
  68 0058 2493     		str	r3, [sp, #144]
  69 005a 2593     		str	r3, [sp, #148]
  70 005c 2693     		str	r3, [sp, #152]
  71 005e 2793     		str	r3, [sp, #156]
  72 0060 2893     		str	r3, [sp, #160]
  73 0062 2993     		str	r3, [sp, #164]
  74 0064 2A93     		str	r3, [sp, #168]
  75 0066 22A9     		add	r1, sp, #136
  76 0068 3A48     		ldr	r0, .L19
  77 006a FFF7FEFF 		bl	HAL_DSI_ConfigHostTimeouts
  78 006e 0028     		cmp	r0, #0
  79 0070 5BD1     		bne	.L12
  80              	.L3:
  81 0072 1C23     		movs	r3, #28
  82 0074 1C93     		str	r3, [sp, #112]
  83 0076 2123     		movs	r3, #33
  84 0078 1D93     		str	r3, [sp, #116]
  85 007a 0F23     		movs	r3, #15
  86 007c 1E93     		str	r3, [sp, #120]
  87 007e 1923     		movs	r3, #25
  88 0080 1F93     		str	r3, [sp, #124]
  89 0082 0023     		movs	r3, #0
  90 0084 2093     		str	r3, [sp, #128]
  91 0086 2193     		str	r3, [sp, #132]
  92 0088 1CA9     		add	r1, sp, #112
  93 008a 3248     		ldr	r0, .L19
  94 008c FFF7FEFF 		bl	HAL_DSI_ConfigPhyTimer
  95 0090 0028     		cmp	r0, #0
  96 0092 4DD1     		bne	.L13
  97              	.L4:
  98 0094 0421     		movs	r1, #4
  99 0096 2F48     		ldr	r0, .L19
 100 0098 FFF7FEFF 		bl	HAL_DSI_ConfigFlowControl
 101 009c 0028     		cmp	r0, #0
 102 009e 4AD1     		bne	.L14
 103              	.L5:
 104 00a0 42F21071 		movw	r1, #10000
 105 00a4 2B48     		ldr	r0, .L19
 106 00a6 FFF7FEFF 		bl	HAL_DSI_SetLowPowerRXFilter
 107 00aa 0028     		cmp	r0, #0
 108 00ac 46D1     		bne	.L15
 109              	.L6:
 110 00ae 0021     		movs	r1, #0
 111 00b0 2848     		ldr	r0, .L19
 112 00b2 FFF7FEFF 		bl	HAL_DSI_ConfigErrorMonitor
 113 00b6 0028     		cmp	r0, #0
 114 00b8 43D1     		bne	.L16
 115              	.L7:
ARM GAS  /var/folders/0f/x4_g94q9649fs6s33cksjfb00000gn/T//cckLJQnh.s 			page 3


 116 00ba 0023     		movs	r3, #0
 117 00bc 0193     		str	r3, [sp, #4]
 118 00be 0522     		movs	r2, #5
 119 00c0 0292     		str	r2, [sp, #8]
 120 00c2 0393     		str	r3, [sp, #12]
 121 00c4 0493     		str	r3, [sp, #16]
 122 00c6 0122     		movs	r2, #1
 123 00c8 0592     		str	r2, [sp, #20]
 124 00ca 4FF44871 		mov	r1, #800
 125 00ce 0691     		str	r1, [sp, #24]
 126 00d0 0793     		str	r3, [sp, #28]
 127 00d2 0421     		movs	r1, #4
 128 00d4 0891     		str	r1, [sp, #32]
 129 00d6 0221     		movs	r1, #2
 130 00d8 0991     		str	r1, [sp, #36]
 131 00da 0A93     		str	r3, [sp, #40]
 132 00dc 0B92     		str	r2, [sp, #44]
 133 00de 3F21     		movs	r1, #63
 134 00e0 0C91     		str	r1, [sp, #48]
 135 00e2 40F28641 		movw	r1, #1158
 136 00e6 0D91     		str	r1, [sp, #52]
 137 00e8 0E92     		str	r2, [sp, #56]
 138 00ea 1C22     		movs	r2, #28
 139 00ec 0F92     		str	r2, [sp, #60]
 140 00ee 0D22     		movs	r2, #13
 141 00f0 1092     		str	r2, [sp, #64]
 142 00f2 4FF4F072 		mov	r2, #480
 143 00f6 1192     		str	r2, [sp, #68]
 144 00f8 1293     		str	r3, [sp, #72]
 145 00fa 1393     		str	r3, [sp, #76]
 146 00fc 1493     		str	r3, [sp, #80]
 147 00fe 1593     		str	r3, [sp, #84]
 148 0100 1693     		str	r3, [sp, #88]
 149 0102 1793     		str	r3, [sp, #92]
 150 0104 1893     		str	r3, [sp, #96]
 151 0106 1993     		str	r3, [sp, #100]
 152 0108 1A93     		str	r3, [sp, #104]
 153 010a 1B93     		str	r3, [sp, #108]
 154 010c 01A9     		add	r1, sp, #4
 155 010e 1148     		ldr	r0, .L19
 156 0110 FFF7FEFF 		bl	HAL_DSI_ConfigVideoMode
 157 0114 C0B9     		cbnz	r0, .L17
 158              	.L8:
 159 0116 0021     		movs	r1, #0
 160 0118 0E48     		ldr	r0, .L19
 161 011a FFF7FEFF 		bl	HAL_DSI_SetGenericVCID
 162 011e B0B9     		cbnz	r0, .L18
 163              	.L1:
 164 0120 2FB0     		add	sp, sp, #188
 165              		@ sp needed
 166 0122 30BD     		pop	{r4, r5, pc}
 167              	.L11:
 168 0124 FFF7FEFF 		bl	Error_Handler
 169 0128 92E7     		b	.L2
 170              	.L12:
 171 012a FFF7FEFF 		bl	Error_Handler
 172 012e A0E7     		b	.L3
ARM GAS  /var/folders/0f/x4_g94q9649fs6s33cksjfb00000gn/T//cckLJQnh.s 			page 4


 173              	.L13:
 174 0130 FFF7FEFF 		bl	Error_Handler
 175 0134 AEE7     		b	.L4
 176              	.L14:
 177 0136 FFF7FEFF 		bl	Error_Handler
 178 013a B1E7     		b	.L5
 179              	.L15:
 180 013c FFF7FEFF 		bl	Error_Handler
 181 0140 B5E7     		b	.L6
 182              	.L16:
 183 0142 FFF7FEFF 		bl	Error_Handler
 184 0146 B8E7     		b	.L7
 185              	.L17:
 186 0148 FFF7FEFF 		bl	Error_Handler
 187 014c E3E7     		b	.L8
 188              	.L18:
 189 014e FFF7FEFF 		bl	Error_Handler
 190 0152 E5E7     		b	.L1
 191              	.L20:
 192              		.align	2
 193              	.L19:
 194 0154 00000000 		.word	hdsi
 195 0158 006C0140 		.word	1073835008
 197              		.section	.text.HAL_DSI_MspInit,"ax",%progbits
 198              		.align	1
 199              		.global	HAL_DSI_MspInit
 200              		.syntax unified
 201              		.thumb
 202              		.thumb_func
 204              	HAL_DSI_MspInit:
 205              		@ args = 0, pretend = 0, frame = 32
 206              		@ frame_needed = 0, uses_anonymous_args = 0
 207 0000 00B5     		push	{lr}
 208 0002 89B0     		sub	sp, sp, #36
 209 0004 0023     		movs	r3, #0
 210 0006 0393     		str	r3, [sp, #12]
 211 0008 0493     		str	r3, [sp, #16]
 212 000a 0593     		str	r3, [sp, #20]
 213 000c 0693     		str	r3, [sp, #24]
 214 000e 0793     		str	r3, [sp, #28]
 215 0010 0268     		ldr	r2, [r0]
 216 0012 124B     		ldr	r3, .L25
 217 0014 9A42     		cmp	r2, r3
 218 0016 02D0     		beq	.L24
 219              	.L21:
 220 0018 09B0     		add	sp, sp, #36
 221              		@ sp needed
 222 001a 5DF804FB 		ldr	pc, [sp], #4
 223              	.L24:
 224 001e 03F54C43 		add	r3, r3, #52224
 225 0022 5A6C     		ldr	r2, [r3, #68]
 226 0024 42F00062 		orr	r2, r2, #134217728
 227 0028 5A64     		str	r2, [r3, #68]
 228 002a 5A6C     		ldr	r2, [r3, #68]
 229 002c 02F00062 		and	r2, r2, #134217728
 230 0030 0192     		str	r2, [sp, #4]
 231 0032 019A     		ldr	r2, [sp, #4]
ARM GAS  /var/folders/0f/x4_g94q9649fs6s33cksjfb00000gn/T//cckLJQnh.s 			page 5


 232 0034 1A6B     		ldr	r2, [r3, #48]
 233 0036 42F40072 		orr	r2, r2, #512
 234 003a 1A63     		str	r2, [r3, #48]
 235 003c 1B6B     		ldr	r3, [r3, #48]
 236 003e 03F40073 		and	r3, r3, #512
 237 0042 0293     		str	r3, [sp, #8]
 238 0044 029B     		ldr	r3, [sp, #8]
 239 0046 0423     		movs	r3, #4
 240 0048 0393     		str	r3, [sp, #12]
 241 004a 0223     		movs	r3, #2
 242 004c 0493     		str	r3, [sp, #16]
 243 004e 0D23     		movs	r3, #13
 244 0050 0793     		str	r3, [sp, #28]
 245 0052 03A9     		add	r1, sp, #12
 246 0054 0248     		ldr	r0, .L25+4
 247 0056 FFF7FEFF 		bl	HAL_GPIO_Init
 248 005a DDE7     		b	.L21
 249              	.L26:
 250              		.align	2
 251              	.L25:
 252 005c 006C0140 		.word	1073835008
 253 0060 00240240 		.word	1073882112
 255              		.section	.text.HAL_DSI_MspDeInit,"ax",%progbits
 256              		.align	1
 257              		.global	HAL_DSI_MspDeInit
 258              		.syntax unified
 259              		.thumb
 260              		.thumb_func
 262              	HAL_DSI_MspDeInit:
 263              		@ args = 0, pretend = 0, frame = 0
 264              		@ frame_needed = 0, uses_anonymous_args = 0
 265 0000 08B5     		push	{r3, lr}
 266 0002 0268     		ldr	r2, [r0]
 267 0004 064B     		ldr	r3, .L31
 268 0006 9A42     		cmp	r2, r3
 269 0008 00D0     		beq	.L30
 270              	.L27:
 271 000a 08BD     		pop	{r3, pc}
 272              	.L30:
 273 000c 054A     		ldr	r2, .L31+4
 274 000e 536C     		ldr	r3, [r2, #68]
 275 0010 23F00063 		bic	r3, r3, #134217728
 276 0014 5364     		str	r3, [r2, #68]
 277 0016 0421     		movs	r1, #4
 278 0018 0348     		ldr	r0, .L31+8
 279 001a FFF7FEFF 		bl	HAL_GPIO_DeInit
 280 001e F4E7     		b	.L27
 281              	.L32:
 282              		.align	2
 283              	.L31:
 284 0020 006C0140 		.word	1073835008
 285 0024 00380240 		.word	1073887232
 286 0028 00240240 		.word	1073882112
 288              		.global	hdsi
 289              		.section	.bss.hdsi,"aw",%nobits
 290              		.align	2
 293              	hdsi:
ARM GAS  /var/folders/0f/x4_g94q9649fs6s33cksjfb00000gn/T//cckLJQnh.s 			page 6


 294 0000 00000000 		.space	28
 294      00000000 
 294      00000000 
 294      00000000 
 294      00000000 
 295              		.ident	"GCC: (Arm GNU Toolchain 14.2.Rel1 (Build arm-14.52)) 14.2.1 20241119"
ARM GAS  /var/folders/0f/x4_g94q9649fs6s33cksjfb00000gn/T//cckLJQnh.s 			page 7


DEFINED SYMBOLS
                            *ABS*:00000000 dsihost.c
/var/folders/0f/x4_g94q9649fs6s33cksjfb00000gn/T//cckLJQnh.s:17     .text.MX_DSIHOST_DSI_Init:00000000 $t
/var/folders/0f/x4_g94q9649fs6s33cksjfb00000gn/T//cckLJQnh.s:23     .text.MX_DSIHOST_DSI_Init:00000000 MX_DSIHOST_DSI_Init
/var/folders/0f/x4_g94q9649fs6s33cksjfb00000gn/T//cckLJQnh.s:194    .text.MX_DSIHOST_DSI_Init:00000154 $d
/var/folders/0f/x4_g94q9649fs6s33cksjfb00000gn/T//cckLJQnh.s:293    .bss.hdsi:00000000 hdsi
/var/folders/0f/x4_g94q9649fs6s33cksjfb00000gn/T//cckLJQnh.s:198    .text.HAL_DSI_MspInit:00000000 $t
/var/folders/0f/x4_g94q9649fs6s33cksjfb00000gn/T//cckLJQnh.s:204    .text.HAL_DSI_MspInit:00000000 HAL_DSI_MspInit
/var/folders/0f/x4_g94q9649fs6s33cksjfb00000gn/T//cckLJQnh.s:252    .text.HAL_DSI_MspInit:0000005c $d
/var/folders/0f/x4_g94q9649fs6s33cksjfb00000gn/T//cckLJQnh.s:256    .text.HAL_DSI_MspDeInit:00000000 $t
/var/folders/0f/x4_g94q9649fs6s33cksjfb00000gn/T//cckLJQnh.s:262    .text.HAL_DSI_MspDeInit:00000000 HAL_DSI_MspDeInit
/var/folders/0f/x4_g94q9649fs6s33cksjfb00000gn/T//cckLJQnh.s:284    .text.HAL_DSI_MspDeInit:00000020 $d
/var/folders/0f/x4_g94q9649fs6s33cksjfb00000gn/T//cckLJQnh.s:290    .bss.hdsi:00000000 $d

UNDEFINED SYMBOLS
memset
HAL_DSI_Init
HAL_DSI_ConfigHostTimeouts
HAL_DSI_ConfigPhyTimer
HAL_DSI_ConfigFlowControl
HAL_DSI_SetLowPowerRXFilter
HAL_DSI_ConfigErrorMonitor
HAL_DSI_ConfigVideoMode
HAL_DSI_SetGenericVCID
Error_Handler
HAL_GPIO_Init
HAL_GPIO_DeInit
