ARM GAS  /var/folders/0f/x4_g94q9649fs6s33cksjfb00000gn/T//ccKogI30.s 			page 1


   1              		.cpu cortex-m7
   2              		.arch armv7e-m
   3              		.fpu fpv5-d16
   4              		.eabi_attribute 28, 1
   5              		.eabi_attribute 20, 1
   6              		.eabi_attribute 21, 1
   7              		.eabi_attribute 23, 3
   8              		.eabi_attribute 24, 1
   9              		.eabi_attribute 25, 1
  10              		.eabi_attribute 26, 1
  11              		.eabi_attribute 30, 1
  12              		.eabi_attribute 34, 1
  13              		.eabi_attribute 18, 4
  14              		.file	"freertos.c"
  15              		.text
  16              		.section	.rodata.StartDefaultTask.str1.4,"aMS",%progbits,1
  17              		.align	2
  18              	.LC0:
  19 0000 0D0A3D3D 		.ascii	"\015\012=== STM32F769i Bridge Started ===\015\012Ty"
  19      3D205354 
  19      4D333246 
  19      37363969 
  19      20427269 
  20 0027 70652041 		.ascii	"pe AT commands...\015\012\000"
  20      5420636F 
  20      6D6D616E 
  20      64732E2E 
  20      2E0D0A00 
  21              		.section	.text.StartDefaultTask,"ax",%progbits
  22              		.align	1
  23              		.global	StartDefaultTask
  24              		.syntax unified
  25              		.thumb
  26              		.thumb_func
  28              	StartDefaultTask:
  29              		@ args = 0, pretend = 0, frame = 72
  30              		@ frame_needed = 0, uses_anonymous_args = 0
  31 0000 00B5     		push	{lr}
  32 0002 93B0     		sub	sp, sp, #76
  33 0004 FFF7FEFF 		bl	MX_USB_DEVICE_Init
  34 0008 3A21     		movs	r1, #58
  35 000a 1848     		ldr	r0, .L8
  36 000c FFF7FEFF 		bl	CDC_Transmit_HS
  37 0010 19E0     		b	.L5
  38              	.L2:
  39 0012 0023     		movs	r3, #0
  40 0014 0122     		movs	r2, #1
  41 0016 0DF10701 		add	r1, sp, #7
  42 001a 1548     		ldr	r0, .L8+4
  43 001c FFF7FEFF 		bl	HAL_UART_Receive
  44 0020 F0B1     		cbz	r0, .L7
  45              	.L3:
  46 0022 144A     		ldr	r2, .L8+8
  47 0024 1368     		ldr	r3, [r2]
  48 0026 0133     		adds	r3, r3, #1
  49 0028 1360     		str	r3, [r2]
  50 002a B3F57A7F 		cmp	r3, #1000
ARM GAS  /var/folders/0f/x4_g94q9649fs6s33cksjfb00000gn/T//ccKogI30.s 			page 2


  51 002e 07D3     		bcc	.L4
  52 0030 4FF40051 		mov	r1, #8192
  53 0034 1048     		ldr	r0, .L8+12
  54 0036 FFF7FEFF 		bl	HAL_GPIO_TogglePin
  55 003a 0E4B     		ldr	r3, .L8+8
  56 003c 0022     		movs	r2, #0
  57 003e 1A60     		str	r2, [r3]
  58              	.L4:
  59 0040 0120     		movs	r0, #1
  60 0042 FFF7FEFF 		bl	osDelay
  61              	.L5:
  62 0046 4021     		movs	r1, #64
  63 0048 02A8     		add	r0, sp, #8
  64 004a FFF7FEFF 		bl	VCP_Read
  65 004e 0028     		cmp	r0, #0
  66 0050 DFD0     		beq	.L2
  67 0052 6423     		movs	r3, #100
  68 0054 82B2     		uxth	r2, r0
  69 0056 02A9     		add	r1, sp, #8
  70 0058 0548     		ldr	r0, .L8+4
  71 005a FFF7FEFF 		bl	HAL_UART_Transmit
  72 005e D8E7     		b	.L2
  73              	.L7:
  74 0060 0121     		movs	r1, #1
  75 0062 0DF10700 		add	r0, sp, #7
  76 0066 FFF7FEFF 		bl	CDC_Transmit_HS
  77 006a DAE7     		b	.L3
  78              	.L9:
  79              		.align	2
  80              	.L8:
  81 006c 00000000 		.word	.LC0
  82 0070 00000000 		.word	huart5
  83 0074 00000000 		.word	ticks.0
  84 0078 00240240 		.word	1073882112
  86              		.section	.text.vApplicationIdleHook,"ax",%progbits
  87              		.align	1
  88              		.global	vApplicationIdleHook
  89              		.syntax unified
  90              		.thumb
  91              		.thumb_func
  93              	vApplicationIdleHook:
  94              		@ args = 0, pretend = 0, frame = 0
  95              		@ frame_needed = 0, uses_anonymous_args = 0
  96              		@ link register save eliminated.
  97 0000 7047     		bx	lr
  99              		.section	.text.vApplicationStackOverflowHook,"ax",%progbits
 100              		.align	1
 101              		.global	vApplicationStackOverflowHook
 102              		.syntax unified
 103              		.thumb
 104              		.thumb_func
 106              	vApplicationStackOverflowHook:
 107              		@ args = 0, pretend = 0, frame = 0
 108              		@ frame_needed = 0, uses_anonymous_args = 0
 109              		@ link register save eliminated.
 110 0000 7047     		bx	lr
 112              		.section	.text.vApplicationMallocFailedHook,"ax",%progbits
ARM GAS  /var/folders/0f/x4_g94q9649fs6s33cksjfb00000gn/T//ccKogI30.s 			page 3


 113              		.align	1
 114              		.global	vApplicationMallocFailedHook
 115              		.syntax unified
 116              		.thumb
 117              		.thumb_func
 119              	vApplicationMallocFailedHook:
 120              		@ args = 0, pretend = 0, frame = 0
 121              		@ frame_needed = 0, uses_anonymous_args = 0
 122              		@ link register save eliminated.
 123 0000 7047     		bx	lr
 125              		.section	.text.MX_FREERTOS_Init,"ax",%progbits
 126              		.align	1
 127              		.global	MX_FREERTOS_Init
 128              		.syntax unified
 129              		.thumb
 130              		.thumb_func
 132              	MX_FREERTOS_Init:
 133              		@ args = 0, pretend = 0, frame = 0
 134              		@ frame_needed = 0, uses_anonymous_args = 0
 135 0000 08B5     		push	{r3, lr}
 136 0002 044A     		ldr	r2, .L15
 137 0004 0021     		movs	r1, #0
 138 0006 0448     		ldr	r0, .L15+4
 139 0008 FFF7FEFF 		bl	osThreadNew
 140 000c 034B     		ldr	r3, .L15+8
 141 000e 1860     		str	r0, [r3]
 142 0010 08BD     		pop	{r3, pc}
 143              	.L16:
 144 0012 00BF     		.align	2
 145              	.L15:
 146 0014 00000000 		.word	defaultTask_attributes
 147 0018 00000000 		.word	StartDefaultTask
 148 001c 00000000 		.word	defaultTaskHandle
 150              		.section	.bss.ticks.0,"aw",%nobits
 151              		.align	2
 154              	ticks.0:
 155 0000 00000000 		.space	4
 156              		.global	defaultTask_attributes
 157              		.section	.rodata.str1.4,"aMS",%progbits,1
 158              		.align	2
 159              	.LC1:
 160 0000 64656661 		.ascii	"defaultTask\000"
 160      756C7454 
 160      61736B00 
 161              		.section	.rodata.defaultTask_attributes,"a"
 162              		.align	2
 165              	defaultTask_attributes:
 166 0000 00000000 		.word	.LC1
 167 0004 00000000 		.space	16
 167      00000000 
 167      00000000 
 167      00000000 
 168 0014 00400000 		.word	16384
 169 0018 18000000 		.word	24
 170 001c 00000000 		.space	8
 170      00000000 
 171              		.global	defaultTaskHandle
ARM GAS  /var/folders/0f/x4_g94q9649fs6s33cksjfb00000gn/T//ccKogI30.s 			page 4


 172              		.section	.bss.defaultTaskHandle,"aw",%nobits
 173              		.align	2
 176              	defaultTaskHandle:
 177 0000 00000000 		.space	4
 178              		.ident	"GCC: (Arm GNU Toolchain 14.2.Rel1 (Build arm-14.52)) 14.2.1 20241119"
ARM GAS  /var/folders/0f/x4_g94q9649fs6s33cksjfb00000gn/T//ccKogI30.s 			page 5


DEFINED SYMBOLS
                            *ABS*:00000000 freertos.c
/var/folders/0f/x4_g94q9649fs6s33cksjfb00000gn/T//ccKogI30.s:17     .rodata.StartDefaultTask.str1.4:00000000 $d
/var/folders/0f/x4_g94q9649fs6s33cksjfb00000gn/T//ccKogI30.s:22     .text.StartDefaultTask:00000000 $t
/var/folders/0f/x4_g94q9649fs6s33cksjfb00000gn/T//ccKogI30.s:28     .text.StartDefaultTask:00000000 StartDefaultTask
/var/folders/0f/x4_g94q9649fs6s33cksjfb00000gn/T//ccKogI30.s:81     .text.StartDefaultTask:0000006c $d
/var/folders/0f/x4_g94q9649fs6s33cksjfb00000gn/T//ccKogI30.s:154    .bss.ticks.0:00000000 ticks.0
/var/folders/0f/x4_g94q9649fs6s33cksjfb00000gn/T//ccKogI30.s:87     .text.vApplicationIdleHook:00000000 $t
/var/folders/0f/x4_g94q9649fs6s33cksjfb00000gn/T//ccKogI30.s:93     .text.vApplicationIdleHook:00000000 vApplicationIdleHook
/var/folders/0f/x4_g94q9649fs6s33cksjfb00000gn/T//ccKogI30.s:100    .text.vApplicationStackOverflowHook:00000000 $t
/var/folders/0f/x4_g94q9649fs6s33cksjfb00000gn/T//ccKogI30.s:106    .text.vApplicationStackOverflowHook:00000000 vApplicationStackOverflowHook
/var/folders/0f/x4_g94q9649fs6s33cksjfb00000gn/T//ccKogI30.s:113    .text.vApplicationMallocFailedHook:00000000 $t
/var/folders/0f/x4_g94q9649fs6s33cksjfb00000gn/T//ccKogI30.s:119    .text.vApplicationMallocFailedHook:00000000 vApplicationMallocFailedHook
/var/folders/0f/x4_g94q9649fs6s33cksjfb00000gn/T//ccKogI30.s:126    .text.MX_FREERTOS_Init:00000000 $t
/var/folders/0f/x4_g94q9649fs6s33cksjfb00000gn/T//ccKogI30.s:132    .text.MX_FREERTOS_Init:00000000 MX_FREERTOS_Init
/var/folders/0f/x4_g94q9649fs6s33cksjfb00000gn/T//ccKogI30.s:146    .text.MX_FREERTOS_Init:00000014 $d
/var/folders/0f/x4_g94q9649fs6s33cksjfb00000gn/T//ccKogI30.s:165    .rodata.defaultTask_attributes:00000000 defaultTask_attributes
/var/folders/0f/x4_g94q9649fs6s33cksjfb00000gn/T//ccKogI30.s:176    .bss.defaultTaskHandle:00000000 defaultTaskHandle
/var/folders/0f/x4_g94q9649fs6s33cksjfb00000gn/T//ccKogI30.s:151    .bss.ticks.0:00000000 $d
/var/folders/0f/x4_g94q9649fs6s33cksjfb00000gn/T//ccKogI30.s:158    .rodata.str1.4:00000000 $d
/var/folders/0f/x4_g94q9649fs6s33cksjfb00000gn/T//ccKogI30.s:162    .rodata.defaultTask_attributes:00000000 $d
/var/folders/0f/x4_g94q9649fs6s33cksjfb00000gn/T//ccKogI30.s:173    .bss.defaultTaskHandle:00000000 $d

UNDEFINED SYMBOLS
MX_USB_DEVICE_Init
CDC_Transmit_HS
HAL_UART_Receive
HAL_GPIO_TogglePin
osDelay
VCP_Read
HAL_UART_Transmit
huart5
osThreadNew
