ARM GAS  /var/folders/0f/x4_g94q9649fs6s33cksjfb00000gn/T//cc7kQ9CE.s 			page 1


   1              		.cpu cortex-m7
   2              		.arch armv7e-m
   3              		.fpu fpv5-d16
   4              		.eabi_attribute 28, 1
   5              		.eabi_attribute 20, 1
   6              		.eabi_attribute 21, 1
   7              		.eabi_attribute 23, 3
   8              		.eabi_attribute 24, 1
   9              		.eabi_attribute 25, 1
  10              		.eabi_attribute 26, 1
  11              		.eabi_attribute 30, 1
  12              		.eabi_attribute 34, 1
  13              		.eabi_attribute 18, 4
  14              		.file	"gpio.c"
  15              		.text
  16              		.section	.text.MX_GPIO_Init,"ax",%progbits
  17              		.align	1
  18              		.global	MX_GPIO_Init
  19              		.syntax unified
  20              		.thumb
  21              		.thumb_func
  23              	MX_GPIO_Init:
  24              		@ args = 0, pretend = 0, frame = 64
  25              		@ frame_needed = 0, uses_anonymous_args = 0
  26 0000 2DE9F04F 		push	{r4, r5, r6, r7, r8, r9, r10, fp, lr}
  27 0004 91B0     		sub	sp, sp, #68
  28 0006 0BAD     		add	r5, sp, #44
  29 0008 0024     		movs	r4, #0
  30 000a 0B94     		str	r4, [sp, #44]
  31 000c 6C60     		str	r4, [r5, #4]
  32 000e AC60     		str	r4, [r5, #8]
  33 0010 EC60     		str	r4, [r5, #12]
  34 0012 2C61     		str	r4, [r5, #16]
  35 0014 AE4B     		ldr	r3, .L3
  36 0016 1A6B     		ldr	r2, [r3, #48]
  37 0018 42F01002 		orr	r2, r2, #16
  38 001c 1A63     		str	r2, [r3, #48]
  39 001e 1A6B     		ldr	r2, [r3, #48]
  40 0020 02F01002 		and	r2, r2, #16
  41 0024 0092     		str	r2, [sp]
  42 0026 009A     		ldr	r2, [sp]
  43 0028 1A6B     		ldr	r2, [r3, #48]
  44 002a 42F04002 		orr	r2, r2, #64
  45 002e 1A63     		str	r2, [r3, #48]
  46 0030 1A6B     		ldr	r2, [r3, #48]
  47 0032 02F04002 		and	r2, r2, #64
  48 0036 0192     		str	r2, [sp, #4]
  49 0038 019A     		ldr	r2, [sp, #4]
  50 003a 1A6B     		ldr	r2, [r3, #48]
  51 003c 42F00202 		orr	r2, r2, #2
  52 0040 1A63     		str	r2, [r3, #48]
  53 0042 1A6B     		ldr	r2, [r3, #48]
  54 0044 02F00202 		and	r2, r2, #2
  55 0048 0292     		str	r2, [sp, #8]
  56 004a 029A     		ldr	r2, [sp, #8]
  57 004c 1A6B     		ldr	r2, [r3, #48]
  58 004e 42F00802 		orr	r2, r2, #8
ARM GAS  /var/folders/0f/x4_g94q9649fs6s33cksjfb00000gn/T//cc7kQ9CE.s 			page 2


  59 0052 1A63     		str	r2, [r3, #48]
  60 0054 1A6B     		ldr	r2, [r3, #48]
  61 0056 02F00802 		and	r2, r2, #8
  62 005a 0392     		str	r2, [sp, #12]
  63 005c 039A     		ldr	r2, [sp, #12]
  64 005e 1A6B     		ldr	r2, [r3, #48]
  65 0060 42F00402 		orr	r2, r2, #4
  66 0064 1A63     		str	r2, [r3, #48]
  67 0066 1A6B     		ldr	r2, [r3, #48]
  68 0068 02F00402 		and	r2, r2, #4
  69 006c 0492     		str	r2, [sp, #16]
  70 006e 049A     		ldr	r2, [sp, #16]
  71 0070 1A6B     		ldr	r2, [r3, #48]
  72 0072 42F00102 		orr	r2, r2, #1
  73 0076 1A63     		str	r2, [r3, #48]
  74 0078 1A6B     		ldr	r2, [r3, #48]
  75 007a 02F00102 		and	r2, r2, #1
  76 007e 0592     		str	r2, [sp, #20]
  77 0080 059A     		ldr	r2, [sp, #20]
  78 0082 1A6B     		ldr	r2, [r3, #48]
  79 0084 42F40072 		orr	r2, r2, #512
  80 0088 1A63     		str	r2, [r3, #48]
  81 008a 1A6B     		ldr	r2, [r3, #48]
  82 008c 02F40072 		and	r2, r2, #512
  83 0090 0692     		str	r2, [sp, #24]
  84 0092 069A     		ldr	r2, [sp, #24]
  85 0094 1A6B     		ldr	r2, [r3, #48]
  86 0096 42F48072 		orr	r2, r2, #256
  87 009a 1A63     		str	r2, [r3, #48]
  88 009c 1A6B     		ldr	r2, [r3, #48]
  89 009e 02F48072 		and	r2, r2, #256
  90 00a2 0792     		str	r2, [sp, #28]
  91 00a4 079A     		ldr	r2, [sp, #28]
  92 00a6 1A6B     		ldr	r2, [r3, #48]
  93 00a8 42F48062 		orr	r2, r2, #1024
  94 00ac 1A63     		str	r2, [r3, #48]
  95 00ae 1A6B     		ldr	r2, [r3, #48]
  96 00b0 02F48062 		and	r2, r2, #1024
  97 00b4 0892     		str	r2, [sp, #32]
  98 00b6 089A     		ldr	r2, [sp, #32]
  99 00b8 1A6B     		ldr	r2, [r3, #48]
 100 00ba 42F02002 		orr	r2, r2, #32
 101 00be 1A63     		str	r2, [r3, #48]
 102 00c0 1A6B     		ldr	r2, [r3, #48]
 103 00c2 02F02002 		and	r2, r2, #32
 104 00c6 0992     		str	r2, [sp, #36]
 105 00c8 099A     		ldr	r2, [sp, #36]
 106 00ca 1A6B     		ldr	r2, [r3, #48]
 107 00cc 42F08002 		orr	r2, r2, #128
 108 00d0 1A63     		str	r2, [r3, #48]
 109 00d2 1B6B     		ldr	r3, [r3, #48]
 110 00d4 03F08003 		and	r3, r3, #128
 111 00d8 0A93     		str	r3, [sp, #40]
 112 00da 0A9B     		ldr	r3, [sp, #40]
 113 00dc DFF804A2 		ldr	r10, .L3+20
 114 00e0 2246     		mov	r2, r4
 115 00e2 4AF22001 		movw	r1, #40992
ARM GAS  /var/folders/0f/x4_g94q9649fs6s33cksjfb00000gn/T//cc7kQ9CE.s 			page 3


 116 00e6 5046     		mov	r0, r10
 117 00e8 FFF7FEFF 		bl	HAL_GPIO_WritePin
 118 00ec 7823     		movs	r3, #120
 119 00ee 0B93     		str	r3, [sp, #44]
 120 00f0 0226     		movs	r6, #2
 121 00f2 0C96     		str	r6, [sp, #48]
 122 00f4 0D94     		str	r4, [sp, #52]
 123 00f6 0E94     		str	r4, [sp, #56]
 124 00f8 0623     		movs	r3, #6
 125 00fa 0F93     		str	r3, [sp, #60]
 126 00fc DFF8E881 		ldr	r8, .L3+24
 127 0100 2946     		mov	r1, r5
 128 0102 4046     		mov	r0, r8
 129 0104 FFF7FEFF 		bl	HAL_GPIO_Init
 130 0108 0423     		movs	r3, #4
 131 010a 0B93     		str	r3, [sp, #44]
 132 010c 0C96     		str	r6, [sp, #48]
 133 010e 0D94     		str	r4, [sp, #52]
 134 0110 0327     		movs	r7, #3
 135 0112 0E97     		str	r7, [sp, #56]
 136 0114 0922     		movs	r2, #9
 137 0116 0F92     		str	r2, [sp, #60]
 138 0118 2946     		mov	r1, r5
 139 011a 4046     		mov	r0, r8
 140 011c FFF7FEFF 		bl	HAL_GPIO_Init
 141 0120 4FF4D043 		mov	r3, #26624
 142 0124 0B93     		str	r3, [sp, #44]
 143 0126 0C96     		str	r6, [sp, #48]
 144 0128 0D94     		str	r4, [sp, #52]
 145 012a 0E96     		str	r6, [sp, #56]
 146 012c 0B22     		movs	r2, #11
 147 012e 0F92     		str	r2, [sp, #60]
 148 0130 2946     		mov	r1, r5
 149 0132 6848     		ldr	r0, .L3+4
 150 0134 FFF7FEFF 		bl	HAL_GPIO_Init
 151 0138 1823     		movs	r3, #24
 152 013a 0B93     		str	r3, [sp, #44]
 153 013c 0C96     		str	r6, [sp, #48]
 154 013e 0D94     		str	r4, [sp, #52]
 155 0140 0E97     		str	r7, [sp, #56]
 156 0142 0A20     		movs	r0, #10
 157 0144 0F90     		str	r0, [sp, #60]
 158 0146 2946     		mov	r1, r5
 159 0148 6348     		ldr	r0, .L3+8
 160 014a FFF7FEFF 		bl	HAL_GPIO_Init
 161 014e C020     		movs	r0, #192
 162 0150 0B90     		str	r0, [sp, #44]
 163 0152 0C96     		str	r6, [sp, #48]
 164 0154 0D94     		str	r4, [sp, #52]
 165 0156 0E97     		str	r7, [sp, #56]
 166 0158 0B22     		movs	r2, #11
 167 015a 0F92     		str	r2, [sp, #60]
 168 015c DFF88CB1 		ldr	fp, .L3+28
 169 0160 2946     		mov	r1, r5
 170 0162 5846     		mov	r0, fp
 171 0164 FFF7FEFF 		bl	HAL_GPIO_Init
 172 0168 4FF48050 		mov	r0, #4096
ARM GAS  /var/folders/0f/x4_g94q9649fs6s33cksjfb00000gn/T//cc7kQ9CE.s 			page 4


 173 016c 0B90     		str	r0, [sp, #44]
 174 016e 0C96     		str	r6, [sp, #48]
 175 0170 0D94     		str	r4, [sp, #52]
 176 0172 0E97     		str	r7, [sp, #56]
 177 0174 0821     		movs	r1, #8
 178 0176 0F91     		str	r1, [sp, #60]
 179 0178 DFF87491 		ldr	r9, .L3+32
 180 017c 2946     		mov	r1, r5
 181 017e 4846     		mov	r0, r9
 182 0180 FFF7FEFF 		bl	HAL_GPIO_Init
 183 0184 4FF40043 		mov	r3, #32768
 184 0188 0B93     		str	r3, [sp, #44]
 185 018a 1223     		movs	r3, #18
 186 018c 0C93     		str	r3, [sp, #48]
 187 018e 0D94     		str	r4, [sp, #52]
 188 0190 0E94     		str	r4, [sp, #56]
 189 0192 0423     		movs	r3, #4
 190 0194 0F93     		str	r3, [sp, #60]
 191 0196 A8F58058 		sub	r8, r8, #4096
 192 019a 2946     		mov	r1, r5
 193 019c 4046     		mov	r0, r8
 194 019e FFF7FEFF 		bl	HAL_GPIO_Init
 195 01a2 8020     		movs	r0, #128
 196 01a4 0B90     		str	r0, [sp, #44]
 197 01a6 1223     		movs	r3, #18
 198 01a8 0C93     		str	r3, [sp, #48]
 199 01aa 0123     		movs	r3, #1
 200 01ac 0D93     		str	r3, [sp, #52]
 201 01ae 0E97     		str	r7, [sp, #56]
 202 01b0 0B22     		movs	r2, #11
 203 01b2 0F92     		str	r2, [sp, #60]
 204 01b4 2946     		mov	r1, r5
 205 01b6 4848     		ldr	r0, .L3+8
 206 01b8 FFF7FEFF 		bl	HAL_GPIO_Init
 207 01bc 4022     		movs	r2, #64
 208 01be 0B92     		str	r2, [sp, #44]
 209 01c0 0C96     		str	r6, [sp, #48]
 210 01c2 0D94     		str	r4, [sp, #52]
 211 01c4 0E97     		str	r7, [sp, #56]
 212 01c6 0A21     		movs	r1, #10
 213 01c8 0F91     		str	r1, [sp, #60]
 214 01ca 2946     		mov	r1, r5
 215 01cc 4248     		ldr	r0, .L3+8
 216 01ce FFF7FEFF 		bl	HAL_GPIO_Init
 217 01d2 4AF22003 		movw	r3, #40992
 218 01d6 0B93     		str	r3, [sp, #44]
 219 01d8 0123     		movs	r3, #1
 220 01da 0C93     		str	r3, [sp, #48]
 221 01dc 0D94     		str	r4, [sp, #52]
 222 01de 0E94     		str	r4, [sp, #56]
 223 01e0 2946     		mov	r1, r5
 224 01e2 5046     		mov	r0, r10
 225 01e4 FFF7FEFF 		bl	HAL_GPIO_Init
 226 01e8 45F21B03 		movw	r3, #20507
 227 01ec 0B93     		str	r3, [sp, #44]
 228 01ee 0C94     		str	r4, [sp, #48]
 229 01f0 0D94     		str	r4, [sp, #52]
ARM GAS  /var/folders/0f/x4_g94q9649fs6s33cksjfb00000gn/T//cc7kQ9CE.s 			page 5


 230 01f2 2946     		mov	r1, r5
 231 01f4 5046     		mov	r0, r10
 232 01f6 FFF7FEFF 		bl	HAL_GPIO_Init
 233 01fa 4FF40061 		mov	r1, #2048
 234 01fe 0B91     		str	r1, [sp, #44]
 235 0200 0C96     		str	r6, [sp, #48]
 236 0202 0D94     		str	r4, [sp, #52]
 237 0204 0E94     		str	r4, [sp, #56]
 238 0206 0F97     		str	r7, [sp, #60]
 239 0208 2946     		mov	r1, r5
 240 020a 4846     		mov	r0, r9
 241 020c FFF7FEFF 		bl	HAL_GPIO_Init
 242 0210 4FF4C061 		mov	r1, #1536
 243 0214 0B91     		str	r1, [sp, #44]
 244 0216 0C96     		str	r6, [sp, #48]
 245 0218 0D94     		str	r4, [sp, #52]
 246 021a 0E97     		str	r7, [sp, #56]
 247 021c 0921     		movs	r1, #9
 248 021e 0F91     		str	r1, [sp, #60]
 249 0220 2946     		mov	r1, r5
 250 0222 4846     		mov	r0, r9
 251 0224 FFF7FEFF 		bl	HAL_GPIO_Init
 252 0228 4FF48050 		mov	r0, #4096
 253 022c 0B90     		str	r0, [sp, #44]
 254 022e 0C96     		str	r6, [sp, #48]
 255 0230 0D94     		str	r4, [sp, #52]
 256 0232 0E94     		str	r4, [sp, #56]
 257 0234 0520     		movs	r0, #5
 258 0236 0F90     		str	r0, [sp, #60]
 259 0238 2946     		mov	r1, r5
 260 023a 4046     		mov	r0, r8
 261 023c FFF7FEFF 		bl	HAL_GPIO_Init
 262 0240 4FF45143 		mov	r3, #53504
 263 0244 0B93     		str	r3, [sp, #44]
 264 0246 0C94     		str	r4, [sp, #48]
 265 0248 0D94     		str	r4, [sp, #52]
 266 024a 2946     		mov	r1, r5
 267 024c 2348     		ldr	r0, .L3+12
 268 024e FFF7FEFF 		bl	HAL_GPIO_Init
 269 0252 F823     		movs	r3, #248
 270 0254 0B93     		str	r3, [sp, #44]
 271 0256 0C94     		str	r4, [sp, #48]
 272 0258 0D94     		str	r4, [sp, #52]
 273 025a 2946     		mov	r1, r5
 274 025c 2048     		ldr	r0, .L3+16
 275 025e FFF7FEFF 		bl	HAL_GPIO_Init
 276 0262 4FF48050 		mov	r0, #4096
 277 0266 0B90     		str	r0, [sp, #44]
 278 0268 0C96     		str	r6, [sp, #48]
 279 026a 0D94     		str	r4, [sp, #52]
 280 026c 0E94     		str	r4, [sp, #56]
 281 026e 4FF0070A 		mov	r10, #7
 282 0272 CDF83CA0 		str	r10, [sp, #60]
 283 0276 2946     		mov	r1, r5
 284 0278 1648     		ldr	r0, .L3+4
 285 027a FFF7FEFF 		bl	HAL_GPIO_Init
 286 027e 4FF4C061 		mov	r1, #1536
ARM GAS  /var/folders/0f/x4_g94q9649fs6s33cksjfb00000gn/T//cc7kQ9CE.s 			page 6


 287 0282 0B91     		str	r1, [sp, #44]
 288 0284 0C96     		str	r6, [sp, #48]
 289 0286 0D94     		str	r4, [sp, #52]
 290 0288 0E97     		str	r7, [sp, #56]
 291 028a 0B22     		movs	r2, #11
 292 028c 0F92     		str	r2, [sp, #60]
 293 028e 2946     		mov	r1, r5
 294 0290 1048     		ldr	r0, .L3+4
 295 0292 FFF7FEFF 		bl	HAL_GPIO_Init
 296 0296 3023     		movs	r3, #48
 297 0298 0B93     		str	r3, [sp, #44]
 298 029a 0C94     		str	r4, [sp, #48]
 299 029c 0D94     		str	r4, [sp, #52]
 300 029e 2946     		mov	r1, r5
 301 02a0 5846     		mov	r0, fp
 302 02a2 FFF7FEFF 		bl	HAL_GPIO_Init
 303 02a6 0821     		movs	r1, #8
 304 02a8 0B91     		str	r1, [sp, #44]
 305 02aa 0C96     		str	r6, [sp, #48]
 306 02ac 0D94     		str	r4, [sp, #52]
 307 02ae 0E94     		str	r4, [sp, #56]
 308 02b0 0F97     		str	r7, [sp, #60]
 309 02b2 2946     		mov	r1, r5
 310 02b4 5846     		mov	r0, fp
 311 02b6 FFF7FEFF 		bl	HAL_GPIO_Init
 312 02ba 4FF40062 		mov	r2, #2048
 313 02be 0B92     		str	r2, [sp, #44]
 314 02c0 0C96     		str	r6, [sp, #48]
 315 02c2 0D94     		str	r4, [sp, #52]
 316 02c4 0E97     		str	r7, [sp, #56]
 317 02c6 0520     		movs	r0, #5
 318 02c8 0F90     		str	r0, [sp, #60]
 319 02ca 2946     		mov	r1, r5
 320 02cc 4046     		mov	r0, r8
 321 02ce 11E0     		b	.L4
 322              	.L5:
 323              		.align	2
 324              	.L3:
 325 02d0 00380240 		.word	1073887232
 326 02d4 00180240 		.word	1073879040
 327 02d8 00040240 		.word	1073873920
 328 02dc 00200240 		.word	1073881088
 329 02e0 00280240 		.word	1073883136
 330 02e4 00240240 		.word	1073882112
 331 02e8 00100240 		.word	1073876992
 332 02ec 000C0240 		.word	1073875968
 333 02f0 00080240 		.word	1073874944
 334              	.L4:
 335 02f4 FFF7FEFF 		bl	HAL_GPIO_Init
 336 02f8 4FF40051 		mov	r1, #8192
 337 02fc 0B91     		str	r1, [sp, #44]
 338 02fe 0C96     		str	r6, [sp, #48]
 339 0300 0D94     		str	r4, [sp, #52]
 340 0302 0E94     		str	r4, [sp, #56]
 341 0304 2946     		mov	r1, r5
 342 0306 4846     		mov	r0, r9
 343 0308 FFF7FEFF 		bl	HAL_GPIO_Init
ARM GAS  /var/folders/0f/x4_g94q9649fs6s33cksjfb00000gn/T//cc7kQ9CE.s 			page 7


 344 030c 0423     		movs	r3, #4
 345 030e 0B93     		str	r3, [sp, #44]
 346 0310 0C96     		str	r6, [sp, #48]
 347 0312 0D94     		str	r4, [sp, #52]
 348 0314 0E97     		str	r7, [sp, #56]
 349 0316 0821     		movs	r1, #8
 350 0318 0F91     		str	r1, [sp, #60]
 351 031a 2946     		mov	r1, r5
 352 031c 5846     		mov	r0, fp
 353 031e FFF7FEFF 		bl	HAL_GPIO_Init
 354 0322 4FF48063 		mov	r3, #1024
 355 0326 0B93     		str	r3, [sp, #44]
 356 0328 0C96     		str	r6, [sp, #48]
 357 032a 0D94     		str	r4, [sp, #52]
 358 032c 0E97     		str	r7, [sp, #56]
 359 032e CDF83CA0 		str	r10, [sp, #60]
 360 0332 2946     		mov	r1, r5
 361 0334 4046     		mov	r0, r8
 362 0336 FFF7FEFF 		bl	HAL_GPIO_Init
 363 033a 4FF40073 		mov	r3, #512
 364 033e 0B93     		str	r3, [sp, #44]
 365 0340 0C96     		str	r6, [sp, #48]
 366 0342 0D94     		str	r4, [sp, #52]
 367 0344 0E94     		str	r4, [sp, #56]
 368 0346 CDF83CA0 		str	r10, [sp, #60]
 369 034a 2946     		mov	r1, r5
 370 034c 4046     		mov	r0, r8
 371 034e FFF7FEFF 		bl	HAL_GPIO_Init
 372 0352 4FF4807A 		mov	r10, #256
 373 0356 CDF82CA0 		str	r10, [sp, #44]
 374 035a 0C96     		str	r6, [sp, #48]
 375 035c 0D94     		str	r4, [sp, #52]
 376 035e 0E94     		str	r4, [sp, #56]
 377 0360 0F94     		str	r4, [sp, #60]
 378 0362 2946     		mov	r1, r5
 379 0364 4046     		mov	r0, r8
 380 0366 FFF7FEFF 		bl	HAL_GPIO_Init
 381 036a 4FF40051 		mov	r1, #8192
 382 036e 0B91     		str	r1, [sp, #44]
 383 0370 4FF49013 		mov	r3, #1179648
 384 0374 0C93     		str	r3, [sp, #48]
 385 0376 0D94     		str	r4, [sp, #52]
 386 0378 2946     		mov	r1, r5
 387 037a 6748     		ldr	r0, .L6
 388 037c FFF7FEFF 		bl	HAL_GPIO_Init
 389 0380 CDF82CA0 		str	r10, [sp, #44]
 390 0384 0C96     		str	r6, [sp, #48]
 391 0386 0D94     		str	r4, [sp, #52]
 392 0388 0E94     		str	r4, [sp, #56]
 393 038a 0F96     		str	r6, [sp, #60]
 394 038c 2946     		mov	r1, r5
 395 038e 4846     		mov	r0, r9
 396 0390 FFF7FEFF 		bl	HAL_GPIO_Init
 397 0394 C022     		movs	r2, #192
 398 0396 0B92     		str	r2, [sp, #44]
 399 0398 0C96     		str	r6, [sp, #48]
 400 039a 0D94     		str	r4, [sp, #52]
ARM GAS  /var/folders/0f/x4_g94q9649fs6s33cksjfb00000gn/T//cc7kQ9CE.s 			page 8


 401 039c 0E97     		str	r7, [sp, #56]
 402 039e 0821     		movs	r1, #8
 403 03a0 0F91     		str	r1, [sp, #60]
 404 03a2 2946     		mov	r1, r5
 405 03a4 4846     		mov	r0, r9
 406 03a6 FFF7FEFF 		bl	HAL_GPIO_Init
 407 03aa 8020     		movs	r0, #128
 408 03ac 0B90     		str	r0, [sp, #44]
 409 03ae 0C96     		str	r6, [sp, #48]
 410 03b0 0D94     		str	r4, [sp, #52]
 411 03b2 0E94     		str	r4, [sp, #56]
 412 03b4 0621     		movs	r1, #6
 413 03b6 0F91     		str	r1, [sp, #60]
 414 03b8 2946     		mov	r1, r5
 415 03ba 5848     		ldr	r0, .L6+4
 416 03bc FFF7FEFF 		bl	HAL_GPIO_Init
 417 03c0 4823     		movs	r3, #72
 418 03c2 0B93     		str	r3, [sp, #44]
 419 03c4 0C94     		str	r4, [sp, #48]
 420 03c6 0D94     		str	r4, [sp, #52]
 421 03c8 2946     		mov	r1, r5
 422 03ca 5448     		ldr	r0, .L6+4
 423 03cc FFF7FEFF 		bl	HAL_GPIO_Init
 424 03d0 8020     		movs	r0, #128
 425 03d2 0B90     		str	r0, [sp, #44]
 426 03d4 0C96     		str	r6, [sp, #48]
 427 03d6 0D94     		str	r4, [sp, #52]
 428 03d8 0E94     		str	r4, [sp, #56]
 429 03da 0F97     		str	r7, [sp, #60]
 430 03dc DFF848A1 		ldr	r10, .L6+16
 431 03e0 2946     		mov	r1, r5
 432 03e2 5046     		mov	r0, r10
 433 03e4 FFF7FEFF 		bl	HAL_GPIO_Init
 434 03e8 4022     		movs	r2, #64
 435 03ea 0B92     		str	r2, [sp, #44]
 436 03ec 0C96     		str	r6, [sp, #48]
 437 03ee 0D94     		str	r4, [sp, #52]
 438 03f0 0E94     		str	r4, [sp, #56]
 439 03f2 0F97     		str	r7, [sp, #60]
 440 03f4 2946     		mov	r1, r5
 441 03f6 5046     		mov	r0, r10
 442 03f8 FFF7FEFF 		bl	HAL_GPIO_Init
 443 03fc 4FF4E063 		mov	r3, #1792
 444 0400 0B93     		str	r3, [sp, #44]
 445 0402 0C97     		str	r7, [sp, #48]
 446 0404 0D94     		str	r4, [sp, #52]
 447 0406 2946     		mov	r1, r5
 448 0408 5046     		mov	r0, r10
 449 040a FFF7FEFF 		bl	HAL_GPIO_Init
 450 040e 3223     		movs	r3, #50
 451 0410 0B93     		str	r3, [sp, #44]
 452 0412 0C96     		str	r6, [sp, #48]
 453 0414 0D94     		str	r4, [sp, #52]
 454 0416 0E96     		str	r6, [sp, #56]
 455 0418 0B22     		movs	r2, #11
 456 041a 0F92     		str	r2, [sp, #60]
 457 041c 2946     		mov	r1, r5
ARM GAS  /var/folders/0f/x4_g94q9649fs6s33cksjfb00000gn/T//cc7kQ9CE.s 			page 9


 458 041e 4846     		mov	r0, r9
 459 0420 FFF7FEFF 		bl	HAL_GPIO_Init
 460 0424 0423     		movs	r3, #4
 461 0426 0B93     		str	r3, [sp, #44]
 462 0428 0C97     		str	r7, [sp, #48]
 463 042a 0D94     		str	r4, [sp, #52]
 464 042c 2946     		mov	r1, r5
 465 042e 4846     		mov	r0, r9
 466 0430 FFF7FEFF 		bl	HAL_GPIO_Init
 467 0434 0423     		movs	r3, #4
 468 0436 0B93     		str	r3, [sp, #44]
 469 0438 0C96     		str	r6, [sp, #48]
 470 043a 0D94     		str	r4, [sp, #52]
 471 043c 0E97     		str	r7, [sp, #56]
 472 043e 0921     		movs	r1, #9
 473 0440 0F91     		str	r1, [sp, #60]
 474 0442 2946     		mov	r1, r5
 475 0444 3648     		ldr	r0, .L6+8
 476 0446 FFF7FEFF 		bl	HAL_GPIO_Init
 477 044a 4FF48050 		mov	r0, #4096
 478 044e 0B90     		str	r0, [sp, #44]
 479 0450 1220     		movs	r0, #18
 480 0452 0C90     		str	r0, [sp, #48]
 481 0454 0123     		movs	r3, #1
 482 0456 0D93     		str	r3, [sp, #52]
 483 0458 0E97     		str	r7, [sp, #56]
 484 045a 0423     		movs	r3, #4
 485 045c 0F93     		str	r3, [sp, #60]
 486 045e 2946     		mov	r1, r5
 487 0460 5846     		mov	r0, fp
 488 0462 FFF7FEFF 		bl	HAL_GPIO_Init
 489 0466 4FF40051 		mov	r1, #8192
 490 046a 0B91     		str	r1, [sp, #44]
 491 046c 0C96     		str	r6, [sp, #48]
 492 046e 0D94     		str	r4, [sp, #52]
 493 0470 0E97     		str	r7, [sp, #56]
 494 0472 0921     		movs	r1, #9
 495 0474 0F91     		str	r1, [sp, #60]
 496 0476 2946     		mov	r1, r5
 497 0478 5846     		mov	r0, fp
 498 047a FFF7FEFF 		bl	HAL_GPIO_Init
 499 047e 8623     		movs	r3, #134
 500 0480 0B93     		str	r3, [sp, #44]
 501 0482 0C96     		str	r6, [sp, #48]
 502 0484 0D94     		str	r4, [sp, #52]
 503 0486 0E96     		str	r6, [sp, #56]
 504 0488 0B22     		movs	r2, #11
 505 048a 0F92     		str	r2, [sp, #60]
 506 048c 2946     		mov	r1, r5
 507 048e 4046     		mov	r0, r8
 508 0490 FFF7FEFF 		bl	HAL_GPIO_Init
 509 0494 0123     		movs	r3, #1
 510 0496 0B93     		str	r3, [sp, #44]
 511 0498 4FF48813 		mov	r3, #1114112
 512 049c 0C93     		str	r3, [sp, #48]
 513 049e 0D94     		str	r4, [sp, #52]
 514 04a0 2946     		mov	r1, r5
ARM GAS  /var/folders/0f/x4_g94q9649fs6s33cksjfb00000gn/T//cc7kQ9CE.s 			page 10


 515 04a2 4046     		mov	r0, r8
 516 04a4 FFF7FEFF 		bl	HAL_GPIO_Init
 517 04a8 5023     		movs	r3, #80
 518 04aa 0B93     		str	r3, [sp, #44]
 519 04ac 0C97     		str	r7, [sp, #48]
 520 04ae 0D94     		str	r4, [sp, #52]
 521 04b0 2946     		mov	r1, r5
 522 04b2 4046     		mov	r0, r8
 523 04b4 FFF7FEFF 		bl	HAL_GPIO_Init
 524 04b8 4FF40067 		mov	r7, #2048
 525 04bc 0B97     		str	r7, [sp, #44]
 526 04be 0C96     		str	r6, [sp, #48]
 527 04c0 0D94     		str	r4, [sp, #52]
 528 04c2 0E94     		str	r4, [sp, #56]
 529 04c4 0A23     		movs	r3, #10
 530 04c6 0F93     		str	r3, [sp, #60]
 531 04c8 2946     		mov	r1, r5
 532 04ca 5846     		mov	r0, fp
 533 04cc FFF7FEFF 		bl	HAL_GPIO_Init
 534 04d0 8020     		movs	r0, #128
 535 04d2 0B90     		str	r0, [sp, #44]
 536 04d4 0C94     		str	r4, [sp, #48]
 537 04d6 0D94     		str	r4, [sp, #52]
 538 04d8 124F     		ldr	r7, .L6+12
 539 04da 2946     		mov	r1, r5
 540 04dc 3846     		mov	r0, r7
 541 04de FFF7FEFF 		bl	HAL_GPIO_Init
 542 04e2 4022     		movs	r2, #64
 543 04e4 0B92     		str	r2, [sp, #44]
 544 04e6 0C96     		str	r6, [sp, #48]
 545 04e8 0D94     		str	r4, [sp, #52]
 546 04ea 0E94     		str	r4, [sp, #56]
 547 04ec 0921     		movs	r1, #9
 548 04ee 0F91     		str	r1, [sp, #60]
 549 04f0 2946     		mov	r1, r5
 550 04f2 3846     		mov	r0, r7
 551 04f4 FFF7FEFF 		bl	HAL_GPIO_Init
 552 04f8 4FF44043 		mov	r3, #49152
 553 04fc 0B93     		str	r3, [sp, #44]
 554 04fe 0C96     		str	r6, [sp, #48]
 555 0500 0D94     		str	r4, [sp, #52]
 556 0502 0E94     		str	r4, [sp, #56]
 557 0504 0520     		movs	r0, #5
 558 0506 0F90     		str	r0, [sp, #60]
 559 0508 2946     		mov	r1, r5
 560 050a 0548     		ldr	r0, .L6+8
 561 050c FFF7FEFF 		bl	HAL_GPIO_Init
 562 0510 11B0     		add	sp, sp, #68
 563              		@ sp needed
 564 0512 BDE8F08F 		pop	{r4, r5, r6, r7, r8, r9, r10, fp, pc}
 565              	.L7:
 566 0516 00BF     		.align	2
 567              	.L6:
 568 0518 00200240 		.word	1073881088
 569 051c 00180240 		.word	1073879040
 570 0520 00040240 		.word	1073873920
 571 0524 001C0240 		.word	1073880064
ARM GAS  /var/folders/0f/x4_g94q9649fs6s33cksjfb00000gn/T//cc7kQ9CE.s 			page 11


 572 0528 00140240 		.word	1073878016
 574              		.ident	"GCC: (Arm GNU Toolchain 14.2.Rel1 (Build arm-14.52)) 14.2.1 20241119"
ARM GAS  /var/folders/0f/x4_g94q9649fs6s33cksjfb00000gn/T//cc7kQ9CE.s 			page 12


DEFINED SYMBOLS
                            *ABS*:00000000 gpio.c
/var/folders/0f/x4_g94q9649fs6s33cksjfb00000gn/T//cc7kQ9CE.s:17     .text.MX_GPIO_Init:00000000 $t
/var/folders/0f/x4_g94q9649fs6s33cksjfb00000gn/T//cc7kQ9CE.s:23     .text.MX_GPIO_Init:00000000 MX_GPIO_Init
/var/folders/0f/x4_g94q9649fs6s33cksjfb00000gn/T//cc7kQ9CE.s:325    .text.MX_GPIO_Init:000002d0 $d
/var/folders/0f/x4_g94q9649fs6s33cksjfb00000gn/T//cc7kQ9CE.s:335    .text.MX_GPIO_Init:000002f4 $t
/var/folders/0f/x4_g94q9649fs6s33cksjfb00000gn/T//cc7kQ9CE.s:568    .text.MX_GPIO_Init:00000518 $d

UNDEFINED SYMBOLS
HAL_GPIO_WritePin
HAL_GPIO_Init
