ARM GAS  /var/folders/0f/x4_g94q9649fs6s33cksjfb00000gn/T//ccyqCMZD.s 			page 1


   1              		.cpu cortex-m7
   2              		.arch armv7e-m
   3              		.fpu fpv5-d16
   4              		.eabi_attribute 28, 1
   5              		.eabi_attribute 20, 1
   6              		.eabi_attribute 21, 1
   7              		.eabi_attribute 23, 3
   8              		.eabi_attribute 24, 1
   9              		.eabi_attribute 25, 1
  10              		.eabi_attribute 26, 1
  11              		.eabi_attribute 30, 1
  12              		.eabi_attribute 34, 1
  13              		.eabi_attribute 18, 4
  14              		.file	"list.c"
  15              		.text
  16              		.section	.text.vListInitialise,"ax",%progbits
  17              		.align	1
  18              		.global	vListInitialise
  19              		.syntax unified
  20              		.thumb
  21              		.thumb_func
  23              	vListInitialise:
  24              		@ args = 0, pretend = 0, frame = 0
  25              		@ frame_needed = 0, uses_anonymous_args = 0
  26              		@ link register save eliminated.
  27 0000 00F10803 		add	r3, r0, #8
  28 0004 4360     		str	r3, [r0, #4]
  29 0006 4FF0FF32 		mov	r2, #-1
  30 000a 8260     		str	r2, [r0, #8]
  31 000c C360     		str	r3, [r0, #12]
  32 000e 0361     		str	r3, [r0, #16]
  33 0010 0023     		movs	r3, #0
  34 0012 0360     		str	r3, [r0]
  35 0014 7047     		bx	lr
  37              		.section	.text.vListInitialiseItem,"ax",%progbits
  38              		.align	1
  39              		.global	vListInitialiseItem
  40              		.syntax unified
  41              		.thumb
  42              		.thumb_func
  44              	vListInitialiseItem:
  45              		@ args = 0, pretend = 0, frame = 0
  46              		@ frame_needed = 0, uses_anonymous_args = 0
  47              		@ link register save eliminated.
  48 0000 0023     		movs	r3, #0
  49 0002 0361     		str	r3, [r0, #16]
  50 0004 7047     		bx	lr
  52              		.section	.text.vListInsertEnd,"ax",%progbits
  53              		.align	1
  54              		.global	vListInsertEnd
  55              		.syntax unified
  56              		.thumb
  57              		.thumb_func
  59              	vListInsertEnd:
  60              		@ args = 0, pretend = 0, frame = 0
  61              		@ frame_needed = 0, uses_anonymous_args = 0
  62              		@ link register save eliminated.
ARM GAS  /var/folders/0f/x4_g94q9649fs6s33cksjfb00000gn/T//ccyqCMZD.s 			page 2


  63 0000 4368     		ldr	r3, [r0, #4]
  64 0002 4B60     		str	r3, [r1, #4]
  65 0004 9A68     		ldr	r2, [r3, #8]
  66 0006 8A60     		str	r2, [r1, #8]
  67 0008 5160     		str	r1, [r2, #4]
  68 000a 9960     		str	r1, [r3, #8]
  69 000c 0861     		str	r0, [r1, #16]
  70 000e 0368     		ldr	r3, [r0]
  71 0010 0133     		adds	r3, r3, #1
  72 0012 0360     		str	r3, [r0]
  73 0014 7047     		bx	lr
  75              		.section	.text.vListInsert,"ax",%progbits
  76              		.align	1
  77              		.global	vListInsert
  78              		.syntax unified
  79              		.thumb
  80              		.thumb_func
  82              	vListInsert:
  83              		@ args = 0, pretend = 0, frame = 0
  84              		@ frame_needed = 0, uses_anonymous_args = 0
  85              		@ link register save eliminated.
  86 0000 30B4     		push	{r4, r5}
  87 0002 0D68     		ldr	r5, [r1]
  88 0004 B5F1FF3F 		cmp	r5, #-1
  89 0008 11D0     		beq	.L9
  90 000a 00F10803 		add	r3, r0, #8
  91              	.L7:
  92 000e 1C46     		mov	r4, r3
  93 0010 5B68     		ldr	r3, [r3, #4]
  94 0012 1A68     		ldr	r2, [r3]
  95 0014 AA42     		cmp	r2, r5
  96 0016 FAD9     		bls	.L7
  97              	.L6:
  98 0018 6368     		ldr	r3, [r4, #4]
  99 001a 4B60     		str	r3, [r1, #4]
 100 001c 9960     		str	r1, [r3, #8]
 101 001e 8C60     		str	r4, [r1, #8]
 102 0020 6160     		str	r1, [r4, #4]
 103 0022 0861     		str	r0, [r1, #16]
 104 0024 0368     		ldr	r3, [r0]
 105 0026 0133     		adds	r3, r3, #1
 106 0028 0360     		str	r3, [r0]
 107 002a 30BC     		pop	{r4, r5}
 108 002c 7047     		bx	lr
 109              	.L9:
 110 002e 0469     		ldr	r4, [r0, #16]
 111 0030 F2E7     		b	.L6
 113              		.section	.text.uxListRemove,"ax",%progbits
 114              		.align	1
 115              		.global	uxListRemove
 116              		.syntax unified
 117              		.thumb
 118              		.thumb_func
 120              	uxListRemove:
 121              		@ args = 0, pretend = 0, frame = 0
 122              		@ frame_needed = 0, uses_anonymous_args = 0
 123              		@ link register save eliminated.
ARM GAS  /var/folders/0f/x4_g94q9649fs6s33cksjfb00000gn/T//ccyqCMZD.s 			page 3


 124 0000 0369     		ldr	r3, [r0, #16]
 125 0002 4168     		ldr	r1, [r0, #4]
 126 0004 8268     		ldr	r2, [r0, #8]
 127 0006 8A60     		str	r2, [r1, #8]
 128 0008 4168     		ldr	r1, [r0, #4]
 129 000a 5160     		str	r1, [r2, #4]
 130 000c 5A68     		ldr	r2, [r3, #4]
 131 000e 8242     		cmp	r2, r0
 132 0010 06D0     		beq	.L12
 133              	.L11:
 134 0012 0022     		movs	r2, #0
 135 0014 0261     		str	r2, [r0, #16]
 136 0016 1A68     		ldr	r2, [r3]
 137 0018 013A     		subs	r2, r2, #1
 138 001a 1A60     		str	r2, [r3]
 139 001c 1868     		ldr	r0, [r3]
 140 001e 7047     		bx	lr
 141              	.L12:
 142 0020 8268     		ldr	r2, [r0, #8]
 143 0022 5A60     		str	r2, [r3, #4]
 144 0024 F5E7     		b	.L11
 146              		.ident	"GCC: (Arm GNU Toolchain 14.2.Rel1 (Build arm-14.52)) 14.2.1 20241119"
ARM GAS  /var/folders/0f/x4_g94q9649fs6s33cksjfb00000gn/T//ccyqCMZD.s 			page 4


DEFINED SYMBOLS
                            *ABS*:00000000 list.c
/var/folders/0f/x4_g94q9649fs6s33cksjfb00000gn/T//ccyqCMZD.s:17     .text.vListInitialise:00000000 $t
/var/folders/0f/x4_g94q9649fs6s33cksjfb00000gn/T//ccyqCMZD.s:23     .text.vListInitialise:00000000 vListInitialise
/var/folders/0f/x4_g94q9649fs6s33cksjfb00000gn/T//ccyqCMZD.s:38     .text.vListInitialiseItem:00000000 $t
/var/folders/0f/x4_g94q9649fs6s33cksjfb00000gn/T//ccyqCMZD.s:44     .text.vListInitialiseItem:00000000 vListInitialiseItem
/var/folders/0f/x4_g94q9649fs6s33cksjfb00000gn/T//ccyqCMZD.s:53     .text.vListInsertEnd:00000000 $t
/var/folders/0f/x4_g94q9649fs6s33cksjfb00000gn/T//ccyqCMZD.s:59     .text.vListInsertEnd:00000000 vListInsertEnd
/var/folders/0f/x4_g94q9649fs6s33cksjfb00000gn/T//ccyqCMZD.s:76     .text.vListInsert:00000000 $t
/var/folders/0f/x4_g94q9649fs6s33cksjfb00000gn/T//ccyqCMZD.s:82     .text.vListInsert:00000000 vListInsert
/var/folders/0f/x4_g94q9649fs6s33cksjfb00000gn/T//ccyqCMZD.s:114    .text.uxListRemove:00000000 $t
/var/folders/0f/x4_g94q9649fs6s33cksjfb00000gn/T//ccyqCMZD.s:120    .text.uxListRemove:00000000 uxListRemove

NO UNDEFINED SYMBOLS
