ARM GAS  /var/folders/0f/x4_g94q9649fs6s33cksjfb00000gn/T//ccQdAXC0.s 			page 1


   1              		.cpu cortex-m7
   2              		.arch armv7e-m
   3              		.fpu fpv5-d16
   4              		.eabi_attribute 28, 1
   5              		.eabi_attribute 20, 1
   6              		.eabi_attribute 21, 1
   7              		.eabi_attribute 23, 3
   8              		.eabi_attribute 24, 1
   9              		.eabi_attribute 25, 1
  10              		.eabi_attribute 26, 1
  11              		.eabi_attribute 30, 1
  12              		.eabi_attribute 34, 1
  13              		.eabi_attribute 18, 4
  14              		.file	"main.c"
  15              		.text
  16              		.section	.text.SCB_DisableICache,"ax",%progbits
  17              		.align	1
  18              		.syntax unified
  19              		.thumb
  20              		.thumb_func
  22              	SCB_DisableICache:
  23              		@ args = 0, pretend = 0, frame = 0
  24              		@ frame_needed = 0, uses_anonymous_args = 0
  25              		@ link register save eliminated.
  26              		.syntax unified
  27              	@ 879 "Drivers/CMSIS/Include/cmsis_gcc.h" 1
  28 0000 BFF34F8F 		dsb 0xF
  29              	@ 0 "" 2
  30              	@ 868 "Drivers/CMSIS/Include/cmsis_gcc.h" 1
  31 0004 BFF36F8F 		isb 0xF
  32              	@ 0 "" 2
  33              		.thumb
  34              		.syntax unified
  35 0008 064B     		ldr	r3, .L2
  36 000a 5A69     		ldr	r2, [r3, #20]
  37 000c 22F40032 		bic	r2, r2, #131072
  38 0010 5A61     		str	r2, [r3, #20]
  39 0012 0022     		movs	r2, #0
  40 0014 C3F85022 		str	r2, [r3, #592]
  41              		.syntax unified
  42              	@ 879 "Drivers/CMSIS/Include/cmsis_gcc.h" 1
  43 0018 BFF34F8F 		dsb 0xF
  44              	@ 0 "" 2
  45              	@ 868 "Drivers/CMSIS/Include/cmsis_gcc.h" 1
  46 001c BFF36F8F 		isb 0xF
  47              	@ 0 "" 2
  48              		.thumb
  49              		.syntax unified
  50 0020 7047     		bx	lr
  51              	.L3:
  52 0022 00BF     		.align	2
  53              	.L2:
  54 0024 00ED00E0 		.word	-536810240
  56              		.section	.text.SCB_DisableDCache,"ax",%progbits
  57              		.align	1
  58              		.syntax unified
  59              		.thumb
ARM GAS  /var/folders/0f/x4_g94q9649fs6s33cksjfb00000gn/T//ccQdAXC0.s 			page 2


  60              		.thumb_func
  62              	SCB_DisableDCache:
  63              		@ args = 0, pretend = 0, frame = 0
  64              		@ frame_needed = 0, uses_anonymous_args = 0
  65              		@ link register save eliminated.
  66 0000 10B4     		push	{r4}
  67 0002 154B     		ldr	r3, .L9
  68 0004 0022     		movs	r2, #0
  69 0006 C3F88420 		str	r2, [r3, #132]
  70              		.syntax unified
  71              	@ 879 "Drivers/CMSIS/Include/cmsis_gcc.h" 1
  72 000a BFF34F8F 		dsb 0xF
  73              	@ 0 "" 2
  74              		.thumb
  75              		.syntax unified
  76 000e 5A69     		ldr	r2, [r3, #20]
  77 0010 22F48032 		bic	r2, r2, #65536
  78 0014 5A61     		str	r2, [r3, #20]
  79              		.syntax unified
  80              	@ 879 "Drivers/CMSIS/Include/cmsis_gcc.h" 1
  81 0016 BFF34F8F 		dsb 0xF
  82              	@ 0 "" 2
  83              		.thumb
  84              		.syntax unified
  85 001a D3F88040 		ldr	r4, [r3, #128]
  86 001e C4F34E30 		ubfx	r0, r4, #13, #15
  87 0022 00E0     		b	.L6
  88              	.L7:
  89 0024 1846     		mov	r0, r3
  90              	.L6:
  91 0026 C4F3C902 		ubfx	r2, r4, #3, #10
  92              	.L5:
  93 002a 43F6E073 		movw	r3, #16352
  94 002e 03EA4013 		and	r3, r3, r0, lsl #5
  95 0032 43EA8273 		orr	r3, r3, r2, lsl #30
  96 0036 0849     		ldr	r1, .L9
  97 0038 C1F87432 		str	r3, [r1, #628]
  98 003c 1346     		mov	r3, r2
  99 003e 013A     		subs	r2, r2, #1
 100 0040 002B     		cmp	r3, #0
 101 0042 F2D1     		bne	.L5
 102 0044 431E     		subs	r3, r0, #1
 103 0046 0028     		cmp	r0, #0
 104 0048 ECD1     		bne	.L7
 105              		.syntax unified
 106              	@ 879 "Drivers/CMSIS/Include/cmsis_gcc.h" 1
 107 004a BFF34F8F 		dsb 0xF
 108              	@ 0 "" 2
 109              	@ 868 "Drivers/CMSIS/Include/cmsis_gcc.h" 1
 110 004e BFF36F8F 		isb 0xF
 111              	@ 0 "" 2
 112              		.thumb
 113              		.syntax unified
 114 0052 5DF8044B 		ldr	r4, [sp], #4
 115 0056 7047     		bx	lr
 116              	.L10:
 117              		.align	2
ARM GAS  /var/folders/0f/x4_g94q9649fs6s33cksjfb00000gn/T//ccQdAXC0.s 			page 3


 118              	.L9:
 119 0058 00ED00E0 		.word	-536810240
 121              		.section	.text.UART_Read,"ax",%progbits
 122              		.align	1
 123              		.global	UART_Read
 124              		.syntax unified
 125              		.thumb
 126              		.thumb_func
 128              	UART_Read:
 129              		@ args = 0, pretend = 0, frame = 0
 130              		@ frame_needed = 0, uses_anonymous_args = 0
 131              		@ link register save eliminated.
 132 0000 8446     		mov	ip, r0
 133 0002 0020     		movs	r0, #0
 134 0004 8842     		cmp	r0, r1
 135 0006 17D2     		bcs	.L20
 136 0008 10B4     		push	{r4}
 137              	.L17:
 138 000a 0C4B     		ldr	r3, .L21
 139 000c 1A68     		ldr	r2, [r3]
 140 000e 0C4B     		ldr	r3, .L21+4
 141 0010 1B68     		ldr	r3, [r3]
 142 0012 9A42     		cmp	r2, r3
 143 0014 0DD0     		beq	.L11
 144 0016 094A     		ldr	r2, .L21
 145 0018 1368     		ldr	r3, [r2]
 146 001a 0A4C     		ldr	r4, .L21+8
 147 001c E35C     		ldrb	r3, [r4, r3]	@ zero_extendqisi2
 148 001e 0CF80030 		strb	r3, [ip, r0]
 149 0022 1368     		ldr	r3, [r2]
 150 0024 0133     		adds	r3, r3, #1
 151 0026 C3F30A03 		ubfx	r3, r3, #0, #11
 152 002a 1360     		str	r3, [r2]
 153 002c 0130     		adds	r0, r0, #1
 154 002e 8842     		cmp	r0, r1
 155 0030 EBD3     		bcc	.L17
 156              	.L11:
 157 0032 5DF8044B 		ldr	r4, [sp], #4
 158 0036 7047     		bx	lr
 159              	.L20:
 160 0038 7047     		bx	lr
 161              	.L22:
 162 003a 00BF     		.align	2
 163              	.L21:
 164 003c 00000000 		.word	UartRxTail
 165 0040 00000000 		.word	UartRxHead
 166 0044 00000000 		.word	UartRxBuffer
 168              		.section	.text.HAL_TIM_PeriodElapsedCallback,"ax",%progbits
 169              		.align	1
 170              		.global	HAL_TIM_PeriodElapsedCallback
 171              		.syntax unified
 172              		.thumb
 173              		.thumb_func
 175              	HAL_TIM_PeriodElapsedCallback:
 176              		@ args = 0, pretend = 0, frame = 0
 177              		@ frame_needed = 0, uses_anonymous_args = 0
 178 0000 08B5     		push	{r3, lr}
ARM GAS  /var/folders/0f/x4_g94q9649fs6s33cksjfb00000gn/T//ccQdAXC0.s 			page 4


 179 0002 0268     		ldr	r2, [r0]
 180 0004 034B     		ldr	r3, .L27
 181 0006 9A42     		cmp	r2, r3
 182 0008 00D0     		beq	.L26
 183              	.L23:
 184 000a 08BD     		pop	{r3, pc}
 185              	.L26:
 186 000c FFF7FEFF 		bl	HAL_IncTick
 187 0010 FBE7     		b	.L23
 188              	.L28:
 189 0012 00BF     		.align	2
 190              	.L27:
 191 0014 00100040 		.word	1073745920
 193              		.section	.text.Error_Handler,"ax",%progbits
 194              		.align	1
 195              		.global	Error_Handler
 196              		.syntax unified
 197              		.thumb
 198              		.thumb_func
 200              	Error_Handler:
 201              		@ Volatile: function does not return.
 202              		@ args = 0, pretend = 0, frame = 0
 203              		@ frame_needed = 0, uses_anonymous_args = 0
 204              		@ link register save eliminated.
 205              		.syntax unified
 206              	@ 142 "Drivers/CMSIS/Include/cmsis_gcc.h" 1
 207 0000 72B6     		cpsid i
 208              	@ 0 "" 2
 209              		.thumb
 210              		.syntax unified
 211              	.L30:
 212 0002 FEE7     		b	.L30
 214              		.section	.text.SystemClock_Config,"ax",%progbits
 215              		.align	1
 216              		.global	SystemClock_Config
 217              		.syntax unified
 218              		.thumb
 219              		.thumb_func
 221              	SystemClock_Config:
 222              		@ args = 0, pretend = 0, frame = 224
 223              		@ frame_needed = 0, uses_anonymous_args = 0
 224 0000 10B5     		push	{r4, lr}
 225 0002 B8B0     		sub	sp, sp, #224
 226 0004 2BAC     		add	r4, sp, #172
 227 0006 3422     		movs	r2, #52
 228 0008 0021     		movs	r1, #0
 229 000a 2046     		mov	r0, r4
 230 000c FFF7FEFF 		bl	memset
 231 0010 0023     		movs	r3, #0
 232 0012 2693     		str	r3, [sp, #152]
 233 0014 2793     		str	r3, [sp, #156]
 234 0016 2893     		str	r3, [sp, #160]
 235 0018 2993     		str	r3, [sp, #164]
 236 001a 2A93     		str	r3, [sp, #168]
 237 001c FFF7FEFF 		bl	HAL_PWR_EnableBkUpAccess
 238 0020 2F4B     		ldr	r3, .L41
 239 0022 1A6C     		ldr	r2, [r3, #64]
ARM GAS  /var/folders/0f/x4_g94q9649fs6s33cksjfb00000gn/T//ccQdAXC0.s 			page 5


 240 0024 42F08052 		orr	r2, r2, #268435456
 241 0028 1A64     		str	r2, [r3, #64]
 242 002a 1B6C     		ldr	r3, [r3, #64]
 243 002c 03F08053 		and	r3, r3, #268435456
 244 0030 0093     		str	r3, [sp]
 245 0032 009B     		ldr	r3, [sp]
 246 0034 2B4B     		ldr	r3, .L41+4
 247 0036 1A68     		ldr	r2, [r3]
 248 0038 42F44042 		orr	r2, r2, #49152
 249 003c 1A60     		str	r2, [r3]
 250 003e 1B68     		ldr	r3, [r3]
 251 0040 03F44043 		and	r3, r3, #49152
 252 0044 0193     		str	r3, [sp, #4]
 253 0046 019B     		ldr	r3, [sp, #4]
 254 0048 0323     		movs	r3, #3
 255 004a 2B93     		str	r3, [sp, #172]
 256 004c 4FF48033 		mov	r3, #65536
 257 0050 2C93     		str	r3, [sp, #176]
 258 0052 0123     		movs	r3, #1
 259 0054 2E93     		str	r3, [sp, #184]
 260 0056 1023     		movs	r3, #16
 261 0058 2F93     		str	r3, [sp, #188]
 262 005a 0223     		movs	r3, #2
 263 005c 3193     		str	r3, [sp, #196]
 264 005e 4FF48002 		mov	r2, #4194304
 265 0062 3292     		str	r2, [sp, #200]
 266 0064 1922     		movs	r2, #25
 267 0066 3392     		str	r2, [sp, #204]
 268 0068 4FF4D872 		mov	r2, #432
 269 006c 3492     		str	r2, [sp, #208]
 270 006e 3593     		str	r3, [sp, #212]
 271 0070 0922     		movs	r2, #9
 272 0072 3692     		str	r2, [sp, #216]
 273 0074 3793     		str	r3, [sp, #220]
 274 0076 2046     		mov	r0, r4
 275 0078 FFF7FEFF 		bl	HAL_RCC_OscConfig
 276 007c 38BB     		cbnz	r0, .L37
 277 007e FFF7FEFF 		bl	HAL_PWREx_EnableOverDrive
 278 0082 30BB     		cbnz	r0, .L38
 279 0084 0F23     		movs	r3, #15
 280 0086 2693     		str	r3, [sp, #152]
 281 0088 0223     		movs	r3, #2
 282 008a 2793     		str	r3, [sp, #156]
 283 008c 0023     		movs	r3, #0
 284 008e 2893     		str	r3, [sp, #160]
 285 0090 4FF4A053 		mov	r3, #5120
 286 0094 2993     		str	r3, [sp, #164]
 287 0096 4FF48053 		mov	r3, #4096
 288 009a 2A93     		str	r3, [sp, #168]
 289 009c 0721     		movs	r1, #7
 290 009e 26A8     		add	r0, sp, #152
 291 00a0 FFF7FEFF 		bl	HAL_RCC_ClockConfig
 292 00a4 B8B9     		cbnz	r0, .L39
 293 00a6 02AC     		add	r4, sp, #8
 294 00a8 9022     		movs	r2, #144
 295 00aa 0021     		movs	r1, #0
 296 00ac 2046     		mov	r0, r4
ARM GAS  /var/folders/0f/x4_g94q9649fs6s33cksjfb00000gn/T//ccQdAXC0.s 			page 6


 297 00ae FFF7FEFF 		bl	memset
 298 00b2 4FF40013 		mov	r3, #2097152
 299 00b6 0293     		str	r3, [sp, #8]
 300 00b8 2046     		mov	r0, r4
 301 00ba FFF7FEFF 		bl	HAL_RCCEx_PeriphCLKConfig
 302 00be 60B9     		cbnz	r0, .L40
 303 00c0 0022     		movs	r2, #0
 304 00c2 1146     		mov	r1, r2
 305 00c4 1046     		mov	r0, r2
 306 00c6 FFF7FEFF 		bl	HAL_RCC_MCOConfig
 307 00ca 38B0     		add	sp, sp, #224
 308              		@ sp needed
 309 00cc 10BD     		pop	{r4, pc}
 310              	.L37:
 311 00ce FFF7FEFF 		bl	Error_Handler
 312              	.L38:
 313 00d2 FFF7FEFF 		bl	Error_Handler
 314              	.L39:
 315 00d6 FFF7FEFF 		bl	Error_Handler
 316              	.L40:
 317 00da FFF7FEFF 		bl	Error_Handler
 318              	.L42:
 319 00de 00BF     		.align	2
 320              	.L41:
 321 00e0 00380240 		.word	1073887232
 322 00e4 00700040 		.word	1073770496
 324              		.section	.text.MX_UART5_Init,"ax",%progbits
 325              		.align	1
 326              		.global	MX_UART5_Init
 327              		.syntax unified
 328              		.thumb
 329              		.thumb_func
 331              	MX_UART5_Init:
 332              		@ args = 0, pretend = 0, frame = 0
 333              		@ frame_needed = 0, uses_anonymous_args = 0
 334 0000 08B5     		push	{r3, lr}
 335 0002 0B48     		ldr	r0, .L47
 336 0004 0B4B     		ldr	r3, .L47+4
 337 0006 0360     		str	r3, [r0]
 338 0008 4FF4E133 		mov	r3, #115200
 339 000c 4360     		str	r3, [r0, #4]
 340 000e 0023     		movs	r3, #0
 341 0010 8360     		str	r3, [r0, #8]
 342 0012 C360     		str	r3, [r0, #12]
 343 0014 0361     		str	r3, [r0, #16]
 344 0016 0C22     		movs	r2, #12
 345 0018 4261     		str	r2, [r0, #20]
 346 001a 8361     		str	r3, [r0, #24]
 347 001c C361     		str	r3, [r0, #28]
 348 001e 0362     		str	r3, [r0, #32]
 349 0020 4362     		str	r3, [r0, #36]
 350 0022 FFF7FEFF 		bl	HAL_UART_Init
 351 0026 00B9     		cbnz	r0, .L46
 352 0028 08BD     		pop	{r3, pc}
 353              	.L46:
 354 002a FFF7FEFF 		bl	Error_Handler
 355              	.L48:
ARM GAS  /var/folders/0f/x4_g94q9649fs6s33cksjfb00000gn/T//ccQdAXC0.s 			page 7


 356 002e 00BF     		.align	2
 357              	.L47:
 358 0030 00000000 		.word	huart5
 359 0034 00500040 		.word	1073762304
 361              		.section	.text.MPU_Config,"ax",%progbits
 362              		.align	1
 363              		.global	MPU_Config
 364              		.syntax unified
 365              		.thumb
 366              		.thumb_func
 368              	MPU_Config:
 369              		@ args = 0, pretend = 0, frame = 16
 370              		@ frame_needed = 0, uses_anonymous_args = 0
 371 0000 00B5     		push	{lr}
 372 0002 85B0     		sub	sp, sp, #20
 373 0004 FFF7FEFF 		bl	HAL_MPU_Disable
 374 0008 0123     		movs	r3, #1
 375 000a 8DF80030 		strb	r3, [sp]
 376 000e 4FF04043 		mov	r3, #-1073741824
 377 0012 0193     		str	r3, [sp, #4]
 378 0014 1723     		movs	r3, #23
 379 0016 8DF80830 		strb	r3, [sp, #8]
 380 001a 0323     		movs	r3, #3
 381 001c 8DF80B30 		strb	r3, [sp, #11]
 382 0020 0023     		movs	r3, #0
 383 0022 8DF80F30 		strb	r3, [sp, #15]
 384 0026 8DF80E30 		strb	r3, [sp, #14]
 385 002a 8DF80D30 		strb	r3, [sp, #13]
 386 002e 8DF80130 		strb	r3, [sp, #1]
 387 0032 8DF80A30 		strb	r3, [sp, #10]
 388 0036 8DF80930 		strb	r3, [sp, #9]
 389 003a 8DF80C30 		strb	r3, [sp, #12]
 390 003e 6846     		mov	r0, sp
 391 0040 FFF7FEFF 		bl	HAL_MPU_ConfigRegion
 392 0044 0420     		movs	r0, #4
 393 0046 FFF7FEFF 		bl	HAL_MPU_Enable
 394 004a 05B0     		add	sp, sp, #20
 395              		@ sp needed
 396 004c 5DF804FB 		ldr	pc, [sp], #4
 398              		.section	.text.main,"ax",%progbits
 399              		.align	1
 400              		.global	main
 401              		.syntax unified
 402              		.thumb
 403              		.thumb_func
 405              	main:
 406              		@ Volatile: function does not return.
 407              		@ args = 0, pretend = 0, frame = 0
 408              		@ frame_needed = 0, uses_anonymous_args = 0
 409 0000 08B5     		push	{r3, lr}
 410 0002 FFF7FEFF 		bl	SCB_DisableICache
 411 0006 FFF7FEFF 		bl	SCB_DisableDCache
 412 000a FFF7FEFF 		bl	MPU_Config
 413 000e FFF7FEFF 		bl	HAL_Init
 414 0012 FFF7FEFF 		bl	SystemClock_Config
 415 0016 FFF7FEFF 		bl	MX_GPIO_Init
 416 001a FFF7FEFF 		bl	MX_UART5_Init
ARM GAS  /var/folders/0f/x4_g94q9649fs6s33cksjfb00000gn/T//ccQdAXC0.s 			page 8


 417 001e FFF7FEFF 		bl	MX_I2C1_Init
 418 0022 FFF7FEFF 		bl	MX_CRC_Init
 419 0026 064B     		ldr	r3, .L54
 420 0028 1A68     		ldr	r2, [r3]
 421 002a 1368     		ldr	r3, [r2]
 422 002c 43F02003 		orr	r3, r3, #32
 423 0030 1360     		str	r3, [r2]
 424 0032 FFF7FEFF 		bl	osKernelInitialize
 425 0036 FFF7FEFF 		bl	MX_FREERTOS_Init
 426 003a FFF7FEFF 		bl	osKernelStart
 427              	.L52:
 428 003e FEE7     		b	.L52
 429              	.L55:
 430              		.align	2
 431              	.L54:
 432 0040 00000000 		.word	huart5
 434              		.global	huart5
 435              		.section	.bss.huart5,"aw",%nobits
 436              		.align	2
 439              	huart5:
 440 0000 00000000 		.space	112
 440      00000000 
 440      00000000 
 440      00000000 
 440      00000000 
 441              		.global	UartRxByte
 442              		.section	.bss.UartRxByte,"aw",%nobits
 445              	UartRxByte:
 446 0000 00       		.space	1
 447              		.global	UartRxTail
 448              		.section	.bss.UartRxTail,"aw",%nobits
 449              		.align	2
 452              	UartRxTail:
 453 0000 00000000 		.space	4
 454              		.global	UartRxHead
 455              		.section	.bss.UartRxHead,"aw",%nobits
 456              		.align	2
 459              	UartRxHead:
 460 0000 00000000 		.space	4
 461              		.global	UartRxBuffer
 462              		.section	.bss.UartRxBuffer,"aw",%nobits
 463              		.align	2
 466              	UartRxBuffer:
 467 0000 00000000 		.space	2048
 467      00000000 
 467      00000000 
 467      00000000 
 467      00000000 
 468              		.ident	"GCC: (Arm GNU Toolchain 14.2.Rel1 (Build arm-14.52)) 14.2.1 20241119"
ARM GAS  /var/folders/0f/x4_g94q9649fs6s33cksjfb00000gn/T//ccQdAXC0.s 			page 9


DEFINED SYMBOLS
                            *ABS*:00000000 main.c
/var/folders/0f/x4_g94q9649fs6s33cksjfb00000gn/T//ccQdAXC0.s:17     .text.SCB_DisableICache:00000000 $t
/var/folders/0f/x4_g94q9649fs6s33cksjfb00000gn/T//ccQdAXC0.s:22     .text.SCB_DisableICache:00000000 SCB_DisableICache
/var/folders/0f/x4_g94q9649fs6s33cksjfb00000gn/T//ccQdAXC0.s:54     .text.SCB_DisableICache:00000024 $d
/var/folders/0f/x4_g94q9649fs6s33cksjfb00000gn/T//ccQdAXC0.s:57     .text.SCB_DisableDCache:00000000 $t
/var/folders/0f/x4_g94q9649fs6s33cksjfb00000gn/T//ccQdAXC0.s:62     .text.SCB_DisableDCache:00000000 SCB_DisableDCache
/var/folders/0f/x4_g94q9649fs6s33cksjfb00000gn/T//ccQdAXC0.s:119    .text.SCB_DisableDCache:00000058 $d
/var/folders/0f/x4_g94q9649fs6s33cksjfb00000gn/T//ccQdAXC0.s:122    .text.UART_Read:00000000 $t
/var/folders/0f/x4_g94q9649fs6s33cksjfb00000gn/T//ccQdAXC0.s:128    .text.UART_Read:00000000 UART_Read
/var/folders/0f/x4_g94q9649fs6s33cksjfb00000gn/T//ccQdAXC0.s:164    .text.UART_Read:0000003c $d
/var/folders/0f/x4_g94q9649fs6s33cksjfb00000gn/T//ccQdAXC0.s:452    .bss.UartRxTail:00000000 UartRxTail
/var/folders/0f/x4_g94q9649fs6s33cksjfb00000gn/T//ccQdAXC0.s:459    .bss.UartRxHead:00000000 UartRxHead
/var/folders/0f/x4_g94q9649fs6s33cksjfb00000gn/T//ccQdAXC0.s:466    .bss.UartRxBuffer:00000000 UartRxBuffer
/var/folders/0f/x4_g94q9649fs6s33cksjfb00000gn/T//ccQdAXC0.s:169    .text.HAL_TIM_PeriodElapsedCallback:00000000 $t
/var/folders/0f/x4_g94q9649fs6s33cksjfb00000gn/T//ccQdAXC0.s:175    .text.HAL_TIM_PeriodElapsedCallback:00000000 HAL_TIM_PeriodElapsedCallback
/var/folders/0f/x4_g94q9649fs6s33cksjfb00000gn/T//ccQdAXC0.s:191    .text.HAL_TIM_PeriodElapsedCallback:00000014 $d
/var/folders/0f/x4_g94q9649fs6s33cksjfb00000gn/T//ccQdAXC0.s:194    .text.Error_Handler:00000000 $t
/var/folders/0f/x4_g94q9649fs6s33cksjfb00000gn/T//ccQdAXC0.s:200    .text.Error_Handler:00000000 Error_Handler
/var/folders/0f/x4_g94q9649fs6s33cksjfb00000gn/T//ccQdAXC0.s:215    .text.SystemClock_Config:00000000 $t
/var/folders/0f/x4_g94q9649fs6s33cksjfb00000gn/T//ccQdAXC0.s:221    .text.SystemClock_Config:00000000 SystemClock_Config
/var/folders/0f/x4_g94q9649fs6s33cksjfb00000gn/T//ccQdAXC0.s:321    .text.SystemClock_Config:000000e0 $d
/var/folders/0f/x4_g94q9649fs6s33cksjfb00000gn/T//ccQdAXC0.s:325    .text.MX_UART5_Init:00000000 $t
/var/folders/0f/x4_g94q9649fs6s33cksjfb00000gn/T//ccQdAXC0.s:331    .text.MX_UART5_Init:00000000 MX_UART5_Init
/var/folders/0f/x4_g94q9649fs6s33cksjfb00000gn/T//ccQdAXC0.s:358    .text.MX_UART5_Init:00000030 $d
/var/folders/0f/x4_g94q9649fs6s33cksjfb00000gn/T//ccQdAXC0.s:439    .bss.huart5:00000000 huart5
/var/folders/0f/x4_g94q9649fs6s33cksjfb00000gn/T//ccQdAXC0.s:362    .text.MPU_Config:00000000 $t
/var/folders/0f/x4_g94q9649fs6s33cksjfb00000gn/T//ccQdAXC0.s:368    .text.MPU_Config:00000000 MPU_Config
/var/folders/0f/x4_g94q9649fs6s33cksjfb00000gn/T//ccQdAXC0.s:399    .text.main:00000000 $t
/var/folders/0f/x4_g94q9649fs6s33cksjfb00000gn/T//ccQdAXC0.s:405    .text.main:00000000 main
/var/folders/0f/x4_g94q9649fs6s33cksjfb00000gn/T//ccQdAXC0.s:432    .text.main:00000040 $d
/var/folders/0f/x4_g94q9649fs6s33cksjfb00000gn/T//ccQdAXC0.s:436    .bss.huart5:00000000 $d
/var/folders/0f/x4_g94q9649fs6s33cksjfb00000gn/T//ccQdAXC0.s:445    .bss.UartRxByte:00000000 UartRxByte
/var/folders/0f/x4_g94q9649fs6s33cksjfb00000gn/T//ccQdAXC0.s:446    .bss.UartRxByte:00000000 $d
/var/folders/0f/x4_g94q9649fs6s33cksjfb00000gn/T//ccQdAXC0.s:449    .bss.UartRxTail:00000000 $d
/var/folders/0f/x4_g94q9649fs6s33cksjfb00000gn/T//ccQdAXC0.s:456    .bss.UartRxHead:00000000 $d
/var/folders/0f/x4_g94q9649fs6s33cksjfb00000gn/T//ccQdAXC0.s:463    .bss.UartRxBuffer:00000000 $d

UNDEFINED SYMBOLS
HAL_IncTick
memset
HAL_PWR_EnableBkUpAccess
HAL_RCC_OscConfig
HAL_PWREx_EnableOverDrive
HAL_RCC_ClockConfig
HAL_RCCEx_PeriphCLKConfig
HAL_RCC_MCOConfig
HAL_UART_Init
HAL_MPU_Disable
HAL_MPU_ConfigRegion
HAL_MPU_Enable
HAL_Init
MX_GPIO_Init
MX_I2C1_Init
MX_CRC_Init
osKernelInitialize
MX_FREERTOS_Init
ARM GAS  /var/folders/0f/x4_g94q9649fs6s33cksjfb00000gn/T//ccQdAXC0.s 			page 10


osKernelStart
