ARM GAS  /var/folders/0f/x4_g94q9649fs6s33cksjfb00000gn/T//ccJob5Rt.s 			page 1


   1              		.cpu cortex-m7
   2              		.arch armv7e-m
   3              		.fpu fpv5-d16
   4              		.eabi_attribute 28, 1
   5              		.eabi_attribute 20, 1
   6              		.eabi_attribute 21, 1
   7              		.eabi_attribute 23, 3
   8              		.eabi_attribute 24, 1
   9              		.eabi_attribute 25, 1
  10              		.eabi_attribute 26, 1
  11              		.eabi_attribute 30, 1
  12              		.eabi_attribute 34, 1
  13              		.eabi_attribute 18, 4
  14              		.file	"port.c"
  15              		.text
  16              		.section	.text.prvTaskExitError,"ax",%progbits
  17              		.align	1
  18              		.syntax unified
  19              		.thumb
  20              		.thumb_func
  22              	prvTaskExitError:
  23              		@ args = 0, pretend = 0, frame = 8
  24              		@ frame_needed = 0, uses_anonymous_args = 0
  25              		@ link register save eliminated.
  26 0000 82B0     		sub	sp, sp, #8
  27 0002 0023     		movs	r3, #0
  28 0004 0193     		str	r3, [sp, #4]
  29 0006 0F4B     		ldr	r3, .L6
  30 0008 1B68     		ldr	r3, [r3]
  31 000a B3F1FF3F 		cmp	r3, #-1
  32 000e 0AD0     		beq	.L2
  33              		.syntax unified
  34              	@ 195 "Middlewares/Third_Party/FreeRTOS/Source/portable/GCC/ARM_CM7/r0p1/portmacro.h" 1
  35 0010 4FF05003 			mov r3, #80												
  36 0014 72B6     		cpsid i													
  37 0016 83F31188 		msr basepri, r3											
  38 001a BFF36F8F 		isb														
  39 001e BFF34F8F 		dsb														
  40 0022 62B6     		cpsie i													
  41              	
  42              	@ 0 "" 2
  43              		.thumb
  44              		.syntax unified
  45              	.L3:
  46 0024 FEE7     		b	.L3
  47              	.L2:
  48              		.syntax unified
  49              	@ 195 "Middlewares/Third_Party/FreeRTOS/Source/portable/GCC/ARM_CM7/r0p1/portmacro.h" 1
  50 0026 4FF05003 			mov r3, #80												
  51 002a 72B6     		cpsid i													
  52 002c 83F31188 		msr basepri, r3											
  53 0030 BFF36F8F 		isb														
  54 0034 BFF34F8F 		dsb														
  55 0038 62B6     		cpsie i													
  56              	
  57              	@ 0 "" 2
  58              		.thumb
ARM GAS  /var/folders/0f/x4_g94q9649fs6s33cksjfb00000gn/T//ccJob5Rt.s 			page 2


  59              		.syntax unified
  60              	.L4:
  61 003a 019B     		ldr	r3, [sp, #4]
  62 003c 002B     		cmp	r3, #0
  63 003e FCD0     		beq	.L4
  64 0040 02B0     		add	sp, sp, #8
  65              		@ sp needed
  66 0042 7047     		bx	lr
  67              	.L7:
  68              		.align	2
  69              	.L6:
  70 0044 00000000 		.word	uxCriticalNesting
  72              		.section	.text.prvPortStartFirstTask,"ax",%progbits
  73              		.align	1
  74              		.syntax unified
  75              		.thumb
  76              		.thumb_func
  78              	prvPortStartFirstTask:
  79              		@ Naked Function: prologue and epilogue provided by programmer.
  80              		@ args = 0, pretend = 0, frame = 0
  81              		@ frame_needed = 0, uses_anonymous_args = 0
  82              		.syntax unified
  83              	@ 261 "Middlewares/Third_Party/FreeRTOS/Source/portable/GCC/ARM_CM7/r0p1/port.c" 1
  84 0000 0848     		 ldr r0, =0xE000ED08 	
  85 0002 0068     	 ldr r0, [r0] 			
  86 0004 0068     	 ldr r0, [r0] 			
  87 0006 80F30888 	 msr msp, r0			
  88 000a 4FF00000 	 mov r0, #0			
  89 000e 80F31488 	 msr control, r0		
  90 0012 62B6     	 cpsie i				
  91 0014 61B6     	 cpsie f				
  92 0016 BFF34F8F 	 dsb					
  93 001a BFF36F8F 	 isb					
  94 001e 00DF     	 svc 0					
  95 0020 00BF     	 nop					
  96              	
  97              	@ 0 "" 2
  98              		.thumb
  99              		.syntax unified
 101 0022 0000     		.section	.text.vPortEnableVFP,"ax",%progbits
 102              		.align	1
 103              		.syntax unified
 104              		.thumb
 105              		.thumb_func
 107              	vPortEnableVFP:
 108              		@ Naked Function: prologue and epilogue provided by programmer.
 109              		@ args = 0, pretend = 0, frame = 0
 110              		@ frame_needed = 0, uses_anonymous_args = 0
 111              		.syntax unified
 112              	@ 693 "Middlewares/Third_Party/FreeRTOS/Source/portable/GCC/ARM_CM7/r0p1/port.c" 1
 113 0000 DFF80C00 			ldr.w r0, =0xE000ED88		
 114 0004 0168     		ldr r1, [r0]				
 115              									
 116 0006 41F47001 		orr r1, r1, #( 0xf << 20 )	
 117 000a 0160     		str r1, [r0]				
 118 000c 7047     		bx r14						
 119              	@ 0 "" 2
ARM GAS  /var/folders/0f/x4_g94q9649fs6s33cksjfb00000gn/T//ccJob5Rt.s 			page 3


 120              		.thumb
 121              		.syntax unified
 123 000e 0000     		.section	.text.pxPortInitialiseStack,"ax",%progbits
 124              		.align	1
 125              		.global	pxPortInitialiseStack
 126              		.syntax unified
 127              		.thumb
 128              		.thumb_func
 130              	pxPortInitialiseStack:
 131              		@ args = 0, pretend = 0, frame = 0
 132              		@ frame_needed = 0, uses_anonymous_args = 0
 133              		@ link register save eliminated.
 134 0000 4FF08073 		mov	r3, #16777216
 135 0004 40F8043C 		str	r3, [r0, #-4]
 136 0008 21F00101 		bic	r1, r1, #1
 137 000c 40F8081C 		str	r1, [r0, #-8]
 138 0010 054B     		ldr	r3, .L11
 139 0012 40F80C3C 		str	r3, [r0, #-12]
 140 0016 40F8202C 		str	r2, [r0, #-32]
 141 001a 6FF00203 		mvn	r3, #2
 142 001e 40F8243C 		str	r3, [r0, #-36]
 143 0022 4438     		subs	r0, r0, #68
 144 0024 7047     		bx	lr
 145              	.L12:
 146 0026 00BF     		.align	2
 147              	.L11:
 148 0028 00000000 		.word	prvTaskExitError
 150              		.section	.text.SVC_Handler,"ax",%progbits
 151              		.align	1
 152              		.global	SVC_Handler
 153              		.syntax unified
 154              		.thumb
 155              		.thumb_func
 157              	SVC_Handler:
 158              		@ Naked Function: prologue and epilogue provided by programmer.
 159              		@ args = 0, pretend = 0, frame = 0
 160              		@ frame_needed = 0, uses_anonymous_args = 0
 161              		.syntax unified
 162              	@ 238 "Middlewares/Third_Party/FreeRTOS/Source/portable/GCC/ARM_CM7/r0p1/port.c" 1
 163 0000 074B     			ldr	r3, pxCurrentTCBConst2		
 164 0002 1968     		ldr r1, [r3]					
 165 0004 0868     		ldr r0, [r1]					
 166 0006 B0E8F04F 		ldmia r0!, {r4-r11, r14}		
 167 000a 80F30988 		msr psp, r0						
 168 000e BFF36F8F 		isb								
 169 0012 4FF00000 		mov r0, #0 						
 170 0016 80F31188 		msr	basepri, r0					
 171 001a 7047     		bx r14							
 172              										
 173 001c AFF30080 		.align 4						
 174 0020 00000000 	pxCurrentTCBConst2: .word pxCurrentTCB				
 175              	
 176              	@ 0 "" 2
 177              		.thumb
 178              		.syntax unified
 180              		.section	.text.vPortEndScheduler,"ax",%progbits
 181              		.align	1
ARM GAS  /var/folders/0f/x4_g94q9649fs6s33cksjfb00000gn/T//ccJob5Rt.s 			page 4


 182              		.global	vPortEndScheduler
 183              		.syntax unified
 184              		.thumb
 185              		.thumb_func
 187              	vPortEndScheduler:
 188              		@ args = 0, pretend = 0, frame = 0
 189              		@ frame_needed = 0, uses_anonymous_args = 0
 190              		@ link register save eliminated.
 191 0000 084B     		ldr	r3, .L17
 192 0002 1B68     		ldr	r3, [r3]
 193 0004 B3F57A7F 		cmp	r3, #1000
 194 0008 0AD0     		beq	.L14
 195              		.syntax unified
 196              	@ 195 "Middlewares/Third_Party/FreeRTOS/Source/portable/GCC/ARM_CM7/r0p1/portmacro.h" 1
 197 000a 4FF05003 			mov r3, #80												
 198 000e 72B6     		cpsid i													
 199 0010 83F31188 		msr basepri, r3											
 200 0014 BFF36F8F 		isb														
 201 0018 BFF34F8F 		dsb														
 202 001c 62B6     		cpsie i													
 203              	
 204              	@ 0 "" 2
 205              		.thumb
 206              		.syntax unified
 207              	.L16:
 208 001e FEE7     		b	.L16
 209              	.L14:
 210 0020 7047     		bx	lr
 211              	.L18:
 212 0022 00BF     		.align	2
 213              	.L17:
 214 0024 00000000 		.word	uxCriticalNesting
 216              		.section	.text.vPortEnterCritical,"ax",%progbits
 217              		.align	1
 218              		.global	vPortEnterCritical
 219              		.syntax unified
 220              		.thumb
 221              		.thumb_func
 223              	vPortEnterCritical:
 224              		@ args = 0, pretend = 0, frame = 0
 225              		@ frame_needed = 0, uses_anonymous_args = 0
 226              		@ link register save eliminated.
 227              		.syntax unified
 228              	@ 195 "Middlewares/Third_Party/FreeRTOS/Source/portable/GCC/ARM_CM7/r0p1/portmacro.h" 1
 229 0000 4FF05003 			mov r3, #80												
 230 0004 72B6     		cpsid i													
 231 0006 83F31188 		msr basepri, r3											
 232 000a BFF36F8F 		isb														
 233 000e BFF34F8F 		dsb														
 234 0012 62B6     		cpsie i													
 235              	
 236              	@ 0 "" 2
 237              		.thumb
 238              		.syntax unified
 239 0014 0C4A     		ldr	r2, .L23
 240 0016 1368     		ldr	r3, [r2]
 241 0018 0133     		adds	r3, r3, #1
ARM GAS  /var/folders/0f/x4_g94q9649fs6s33cksjfb00000gn/T//ccJob5Rt.s 			page 5


 242 001a 1360     		str	r3, [r2]
 243 001c 012B     		cmp	r3, #1
 244 001e 00D0     		beq	.L22
 245              	.L19:
 246 0020 7047     		bx	lr
 247              	.L22:
 248 0022 4FF0E023 		mov	r3, #-536813568
 249 0026 D3F8043D 		ldr	r3, [r3, #3332]
 250 002a 13F0FF0F 		tst	r3, #255
 251 002e F7D0     		beq	.L19
 252              		.syntax unified
 253              	@ 195 "Middlewares/Third_Party/FreeRTOS/Source/portable/GCC/ARM_CM7/r0p1/portmacro.h" 1
 254 0030 4FF05003 			mov r3, #80												
 255 0034 72B6     		cpsid i													
 256 0036 83F31188 		msr basepri, r3											
 257 003a BFF36F8F 		isb														
 258 003e BFF34F8F 		dsb														
 259 0042 62B6     		cpsie i													
 260              	
 261              	@ 0 "" 2
 262              		.thumb
 263              		.syntax unified
 264              	.L21:
 265 0044 FEE7     		b	.L21
 266              	.L24:
 267 0046 00BF     		.align	2
 268              	.L23:
 269 0048 00000000 		.word	uxCriticalNesting
 271              		.section	.text.vPortExitCritical,"ax",%progbits
 272              		.align	1
 273              		.global	vPortExitCritical
 274              		.syntax unified
 275              		.thumb
 276              		.thumb_func
 278              	vPortExitCritical:
 279              		@ args = 0, pretend = 0, frame = 0
 280              		@ frame_needed = 0, uses_anonymous_args = 0
 281              		@ link register save eliminated.
 282 0000 0A4B     		ldr	r3, .L29
 283 0002 1B68     		ldr	r3, [r3]
 284 0004 53B9     		cbnz	r3, .L26
 285              		.syntax unified
 286              	@ 195 "Middlewares/Third_Party/FreeRTOS/Source/portable/GCC/ARM_CM7/r0p1/portmacro.h" 1
 287 0006 4FF05003 			mov r3, #80												
 288 000a 72B6     		cpsid i													
 289 000c 83F31188 		msr basepri, r3											
 290 0010 BFF36F8F 		isb														
 291 0014 BFF34F8F 		dsb														
 292 0018 62B6     		cpsie i													
 293              	
 294              	@ 0 "" 2
 295              		.thumb
 296              		.syntax unified
 297              	.L27:
 298 001a FEE7     		b	.L27
 299              	.L26:
 300 001c 013B     		subs	r3, r3, #1
ARM GAS  /var/folders/0f/x4_g94q9649fs6s33cksjfb00000gn/T//ccJob5Rt.s 			page 6


 301 001e 034A     		ldr	r2, .L29
 302 0020 1360     		str	r3, [r2]
 303 0022 0BB9     		cbnz	r3, .L25
 304              		.syntax unified
 305              	@ 233 "Middlewares/Third_Party/FreeRTOS/Source/portable/GCC/ARM_CM7/r0p1/portmacro.h" 1
 306 0024 83F31188 			msr basepri, r3	
 307              	@ 0 "" 2
 308              		.thumb
 309              		.syntax unified
 310              	.L25:
 311 0028 7047     		bx	lr
 312              	.L30:
 313 002a 00BF     		.align	2
 314              	.L29:
 315 002c 00000000 		.word	uxCriticalNesting
 317              		.section	.text.PendSV_Handler,"ax",%progbits
 318              		.align	1
 319              		.global	PendSV_Handler
 320              		.syntax unified
 321              		.thumb
 322              		.thumb_func
 324              	PendSV_Handler:
 325              		@ Naked Function: prologue and epilogue provided by programmer.
 326              		@ args = 0, pretend = 0, frame = 0
 327              		@ frame_needed = 0, uses_anonymous_args = 0
 328              		.syntax unified
 329              	@ 423 "Middlewares/Third_Party/FreeRTOS/Source/portable/GCC/ARM_CM7/r0p1/port.c" 1
 330 0000 EFF30980 			mrs r0, psp							
 331 0004 BFF36F8F 		isb									
 332              											
 333 0008 154B     		ldr	r3, pxCurrentTCBConst			
 334 000a 1A68     		ldr	r2, [r3]						
 335              											
 336 000c 1EF0100F 		tst r14, #0x10						
 337 0010 08BF     		it eq								
 338 0012 20ED108A 		vstmdbeq r0!, {s16-s31}				
 339              											
 340 0016 20E9F04F 		stmdb r0!, {r4-r11, r14}			
 341 001a 1060     		str r0, [r2]						
 342              											
 343 001c 2DE90900 		stmdb sp!, {r0, r3}					
 344 0020 4FF05000 		mov r0, #80 							
 345 0024 72B6     		cpsid i								
 346 0026 80F31188 		msr basepri, r0						
 347 002a BFF34F8F 		dsb									
 348 002e BFF36F8F 		isb									
 349 0032 62B6     		cpsie i								
 350 0034 FFF7FEFF 		bl vTaskSwitchContext				
 351 0038 4FF00000 		mov r0, #0							
 352 003c 80F31188 		msr basepri, r0						
 353 0040 09BC     		ldmia sp!, {r0, r3}					
 354              											
 355 0042 1968     		ldr r1, [r3]						
 356 0044 0868     		ldr r0, [r1]						
 357              											
 358 0046 B0E8F04F 		ldmia r0!, {r4-r11, r14}			
 359              											
ARM GAS  /var/folders/0f/x4_g94q9649fs6s33cksjfb00000gn/T//ccJob5Rt.s 			page 7


 360 004a 1EF0100F 		tst r14, #0x10						
 361 004e 08BF     		it eq								
 362 0050 B0EC108A 		vldmiaeq r0!, {s16-s31}				
 363              											
 364 0054 80F30988 		msr psp, r0							
 365 0058 BFF36F8F 		isb									
 366              											
 367              											
 368 005c 7047     		bx r14								
 369              											
 370 005e 00BF     		.align 4							
 371 0060 00000000 	pxCurrentTCBConst: .word pxCurrentTCB	
 372              	
 373              	@ 0 "" 2
 374              		.thumb
 375              		.syntax unified
 377              		.section	.text.SysTick_Handler,"ax",%progbits
 378              		.align	1
 379              		.global	SysTick_Handler
 380              		.syntax unified
 381              		.thumb
 382              		.thumb_func
 384              	SysTick_Handler:
 385              		@ args = 0, pretend = 0, frame = 0
 386              		@ frame_needed = 0, uses_anonymous_args = 0
 387 0000 08B5     		push	{r3, lr}
 388              		.syntax unified
 389              	@ 195 "Middlewares/Third_Party/FreeRTOS/Source/portable/GCC/ARM_CM7/r0p1/portmacro.h" 1
 390 0002 4FF05003 			mov r3, #80												
 391 0006 72B6     		cpsid i													
 392 0008 83F31188 		msr basepri, r3											
 393 000c BFF36F8F 		isb														
 394 0010 BFF34F8F 		dsb														
 395 0014 62B6     		cpsie i													
 396              	
 397              	@ 0 "" 2
 398              		.thumb
 399              		.syntax unified
 400 0016 FFF7FEFF 		bl	xTaskIncrementTick
 401 001a 28B1     		cbz	r0, .L33
 402 001c 4FF0E023 		mov	r3, #-536813568
 403 0020 4FF08052 		mov	r2, #268435456
 404 0024 C3F8042D 		str	r2, [r3, #3332]
 405              	.L33:
 406 0028 0023     		movs	r3, #0
 407              		.syntax unified
 408              	@ 233 "Middlewares/Third_Party/FreeRTOS/Source/portable/GCC/ARM_CM7/r0p1/portmacro.h" 1
 409 002a 83F31188 			msr basepri, r3	
 410              	@ 0 "" 2
 411              		.thumb
 412              		.syntax unified
 413 002e 08BD     		pop	{r3, pc}
 415              		.section	.text.vPortSetupTimerInterrupt,"ax",%progbits
 416              		.align	1
 417              		.weak	vPortSetupTimerInterrupt
 418              		.syntax unified
 419              		.thumb
ARM GAS  /var/folders/0f/x4_g94q9649fs6s33cksjfb00000gn/T//ccJob5Rt.s 			page 8


 420              		.thumb_func
 422              	vPortSetupTimerInterrupt:
 423              		@ args = 0, pretend = 0, frame = 0
 424              		@ frame_needed = 0, uses_anonymous_args = 0
 425              		@ link register save eliminated.
 426 0000 4FF0E022 		mov	r2, #-536813568
 427 0004 0023     		movs	r3, #0
 428 0006 1361     		str	r3, [r2, #16]
 429 0008 9361     		str	r3, [r2, #24]
 430 000a 054B     		ldr	r3, .L36
 431 000c 1B68     		ldr	r3, [r3]
 432 000e 0549     		ldr	r1, .L36+4
 433 0010 A1FB0313 		umull	r1, r3, r1, r3
 434 0014 9B09     		lsrs	r3, r3, #6
 435 0016 013B     		subs	r3, r3, #1
 436 0018 5361     		str	r3, [r2, #20]
 437 001a 0723     		movs	r3, #7
 438 001c 1361     		str	r3, [r2, #16]
 439 001e 7047     		bx	lr
 440              	.L37:
 441              		.align	2
 442              	.L36:
 443 0020 00000000 		.word	SystemCoreClock
 444 0024 D34D6210 		.word	274877907
 446              		.section	.text.xPortStartScheduler,"ax",%progbits
 447              		.align	1
 448              		.global	xPortStartScheduler
 449              		.syntax unified
 450              		.thumb
 451              		.thumb_func
 453              	xPortStartScheduler:
 454              		@ args = 0, pretend = 0, frame = 8
 455              		@ frame_needed = 0, uses_anonymous_args = 0
 456 0000 30B5     		push	{r4, r5, lr}
 457 0002 83B0     		sub	sp, sp, #12
 458 0004 2F4B     		ldr	r3, .L44
 459 0006 1A78     		ldrb	r2, [r3]	@ zero_extendqisi2
 460 0008 D2B2     		uxtb	r2, r2
 461 000a 0192     		str	r2, [sp, #4]
 462 000c FF22     		movs	r2, #255
 463 000e 1A70     		strb	r2, [r3]
 464 0010 1B78     		ldrb	r3, [r3]	@ zero_extendqisi2
 465 0012 DBB2     		uxtb	r3, r3
 466 0014 8DF80330 		strb	r3, [sp, #3]
 467 0018 9DF80330 		ldrb	r3, [sp, #3]	@ zero_extendqisi2
 468 001c 03F05003 		and	r3, r3, #80
 469 0020 294A     		ldr	r2, .L44+4
 470 0022 1370     		strb	r3, [r2]
 471 0024 294B     		ldr	r3, .L44+8
 472 0026 0722     		movs	r2, #7
 473 0028 1A60     		str	r2, [r3]
 474 002a 09E0     		b	.L39
 475              	.L40:
 476 002c 274A     		ldr	r2, .L44+8
 477 002e 1368     		ldr	r3, [r2]
 478 0030 013B     		subs	r3, r3, #1
 479 0032 1360     		str	r3, [r2]
ARM GAS  /var/folders/0f/x4_g94q9649fs6s33cksjfb00000gn/T//ccJob5Rt.s 			page 9


 480 0034 9DF80330 		ldrb	r3, [sp, #3]	@ zero_extendqisi2
 481 0038 5B00     		lsls	r3, r3, #1
 482 003a DBB2     		uxtb	r3, r3
 483 003c 8DF80330 		strb	r3, [sp, #3]
 484              	.L39:
 485 0040 9DF80330 		ldrb	r3, [sp, #3]	@ zero_extendqisi2
 486 0044 13F0800F 		tst	r3, #128
 487 0048 F0D1     		bne	.L40
 488 004a 204B     		ldr	r3, .L44+8
 489 004c 1B68     		ldr	r3, [r3]
 490 004e 032B     		cmp	r3, #3
 491 0050 0AD0     		beq	.L41
 492              		.syntax unified
 493              	@ 195 "Middlewares/Third_Party/FreeRTOS/Source/portable/GCC/ARM_CM7/r0p1/portmacro.h" 1
 494 0052 4FF05003 			mov r3, #80												
 495 0056 72B6     		cpsid i													
 496 0058 83F31188 		msr basepri, r3											
 497 005c BFF36F8F 		isb														
 498 0060 BFF34F8F 		dsb														
 499 0064 62B6     		cpsie i													
 500              	
 501              	@ 0 "" 2
 502              		.thumb
 503              		.syntax unified
 504              	.L42:
 505 0066 FEE7     		b	.L42
 506              	.L41:
 507 0068 1B02     		lsls	r3, r3, #8
 508 006a 184A     		ldr	r2, .L44+8
 509 006c 1360     		str	r3, [r2]
 510 006e 03F4E063 		and	r3, r3, #1792
 511 0072 1360     		str	r3, [r2]
 512 0074 019B     		ldr	r3, [sp, #4]
 513 0076 DBB2     		uxtb	r3, r3
 514 0078 124A     		ldr	r2, .L44
 515 007a 1370     		strb	r3, [r2]
 516 007c 4FF0E024 		mov	r4, #-536813568
 517 0080 D4F8203D 		ldr	r3, [r4, #3360]
 518 0084 43F47003 		orr	r3, r3, #15728640
 519 0088 C4F8203D 		str	r3, [r4, #3360]
 520 008c D4F8203D 		ldr	r3, [r4, #3360]
 521 0090 43F07043 		orr	r3, r3, #-268435456
 522 0094 C4F8203D 		str	r3, [r4, #3360]
 523 0098 FFF7FEFF 		bl	vPortSetupTimerInterrupt
 524 009c 0025     		movs	r5, #0
 525 009e 0C4B     		ldr	r3, .L44+12
 526 00a0 1D60     		str	r5, [r3]
 527 00a2 FFF7FEFF 		bl	vPortEnableVFP
 528 00a6 D4F8343F 		ldr	r3, [r4, #3892]
 529 00aa 43F04043 		orr	r3, r3, #-1073741824
 530 00ae C4F8343F 		str	r3, [r4, #3892]
 531 00b2 FFF7FEFF 		bl	prvPortStartFirstTask
 532 00b6 FFF7FEFF 		bl	vTaskSwitchContext
 533 00ba FFF7FEFF 		bl	prvTaskExitError
 534 00be 2846     		mov	r0, r5
 535 00c0 03B0     		add	sp, sp, #12
 536              		@ sp needed
ARM GAS  /var/folders/0f/x4_g94q9649fs6s33cksjfb00000gn/T//ccJob5Rt.s 			page 10


 537 00c2 30BD     		pop	{r4, r5, pc}
 538              	.L45:
 539              		.align	2
 540              	.L44:
 541 00c4 00E400E0 		.word	-536812544
 542 00c8 00000000 		.word	ucMaxSysCallPriority
 543 00cc 00000000 		.word	ulMaxPRIGROUPValue
 544 00d0 00000000 		.word	uxCriticalNesting
 546              		.section	.text.vPortValidateInterruptPriority,"ax",%progbits
 547              		.align	1
 548              		.global	vPortValidateInterruptPriority
 549              		.syntax unified
 550              		.thumb
 551              		.thumb_func
 553              	vPortValidateInterruptPriority:
 554              		@ args = 0, pretend = 0, frame = 0
 555              		@ frame_needed = 0, uses_anonymous_args = 0
 556              		@ link register save eliminated.
 557              		.syntax unified
 558              	@ 713 "Middlewares/Third_Party/FreeRTOS/Source/portable/GCC/ARM_CM7/r0p1/port.c" 1
 559 0000 EFF30583 		mrs r3, ipsr
 560              	@ 0 "" 2
 561              		.thumb
 562              		.syntax unified
 563 0004 0F2B     		cmp	r3, #15
 564 0006 10D9     		bls	.L47
 565 0008 134A     		ldr	r2, .L51
 566 000a 9A5C     		ldrb	r2, [r3, r2]	@ zero_extendqisi2
 567 000c 134B     		ldr	r3, .L51+4
 568 000e 1B78     		ldrb	r3, [r3]	@ zero_extendqisi2
 569 0010 9A42     		cmp	r2, r3
 570 0012 0AD2     		bcs	.L47
 571              		.syntax unified
 572              	@ 195 "Middlewares/Third_Party/FreeRTOS/Source/portable/GCC/ARM_CM7/r0p1/portmacro.h" 1
 573 0014 4FF05003 			mov r3, #80												
 574 0018 72B6     		cpsid i													
 575 001a 83F31188 		msr basepri, r3											
 576 001e BFF36F8F 		isb														
 577 0022 BFF34F8F 		dsb														
 578 0026 62B6     		cpsie i													
 579              	
 580              	@ 0 "" 2
 581              		.thumb
 582              		.syntax unified
 583              	.L48:
 584 0028 FEE7     		b	.L48
 585              	.L47:
 586 002a 4FF0E023 		mov	r3, #-536813568
 587 002e D3F80C3D 		ldr	r3, [r3, #3340]
 588 0032 03F4E063 		and	r3, r3, #1792
 589 0036 0A4A     		ldr	r2, .L51+8
 590 0038 1268     		ldr	r2, [r2]
 591 003a 9342     		cmp	r3, r2
 592 003c 0AD9     		bls	.L46
 593              		.syntax unified
 594              	@ 195 "Middlewares/Third_Party/FreeRTOS/Source/portable/GCC/ARM_CM7/r0p1/portmacro.h" 1
 595 003e 4FF05003 			mov r3, #80												
ARM GAS  /var/folders/0f/x4_g94q9649fs6s33cksjfb00000gn/T//ccJob5Rt.s 			page 11


 596 0042 72B6     		cpsid i													
 597 0044 83F31188 		msr basepri, r3											
 598 0048 BFF36F8F 		isb														
 599 004c BFF34F8F 		dsb														
 600 0050 62B6     		cpsie i													
 601              	
 602              	@ 0 "" 2
 603              		.thumb
 604              		.syntax unified
 605              	.L50:
 606 0052 FEE7     		b	.L50
 607              	.L46:
 608 0054 7047     		bx	lr
 609              	.L52:
 610 0056 00BF     		.align	2
 611              	.L51:
 612 0058 F0E300E0 		.word	-536812560
 613 005c 00000000 		.word	ucMaxSysCallPriority
 614 0060 00000000 		.word	ulMaxPRIGROUPValue
 616              		.section	.bss.ulMaxPRIGROUPValue,"aw",%nobits
 617              		.align	2
 620              	ulMaxPRIGROUPValue:
 621 0000 00000000 		.space	4
 622              		.section	.bss.ucMaxSysCallPriority,"aw",%nobits
 625              	ucMaxSysCallPriority:
 626 0000 00       		.space	1
 627              		.section	.data.uxCriticalNesting,"aw"
 628              		.align	2
 631              	uxCriticalNesting:
 632 0000 AAAAAAAA 		.word	-1431655766
 633              		.ident	"GCC: (Arm GNU Toolchain 14.2.Rel1 (Build arm-14.52)) 14.2.1 20241119"
ARM GAS  /var/folders/0f/x4_g94q9649fs6s33cksjfb00000gn/T//ccJob5Rt.s 			page 12


DEFINED SYMBOLS
                            *ABS*:00000000 port.c
/var/folders/0f/x4_g94q9649fs6s33cksjfb00000gn/T//ccJob5Rt.s:17     .text.prvTaskExitError:00000000 $t
/var/folders/0f/x4_g94q9649fs6s33cksjfb00000gn/T//ccJob5Rt.s:22     .text.prvTaskExitError:00000000 prvTaskExitError
/var/folders/0f/x4_g94q9649fs6s33cksjfb00000gn/T//ccJob5Rt.s:70     .text.prvTaskExitError:00000044 $d
/var/folders/0f/x4_g94q9649fs6s33cksjfb00000gn/T//ccJob5Rt.s:631    .data.uxCriticalNesting:00000000 uxCriticalNesting
/var/folders/0f/x4_g94q9649fs6s33cksjfb00000gn/T//ccJob5Rt.s:73     .text.prvPortStartFirstTask:00000000 $t
/var/folders/0f/x4_g94q9649fs6s33cksjfb00000gn/T//ccJob5Rt.s:78     .text.prvPortStartFirstTask:00000000 prvPortStartFirstTask
/var/folders/0f/x4_g94q9649fs6s33cksjfb00000gn/T//ccJob5Rt.s:102    .text.vPortEnableVFP:00000000 $t
/var/folders/0f/x4_g94q9649fs6s33cksjfb00000gn/T//ccJob5Rt.s:107    .text.vPortEnableVFP:00000000 vPortEnableVFP
/var/folders/0f/x4_g94q9649fs6s33cksjfb00000gn/T//ccJob5Rt.s:124    .text.pxPortInitialiseStack:00000000 $t
/var/folders/0f/x4_g94q9649fs6s33cksjfb00000gn/T//ccJob5Rt.s:130    .text.pxPortInitialiseStack:00000000 pxPortInitialiseStack
/var/folders/0f/x4_g94q9649fs6s33cksjfb00000gn/T//ccJob5Rt.s:148    .text.pxPortInitialiseStack:00000028 $d
/var/folders/0f/x4_g94q9649fs6s33cksjfb00000gn/T//ccJob5Rt.s:151    .text.SVC_Handler:00000000 $t
/var/folders/0f/x4_g94q9649fs6s33cksjfb00000gn/T//ccJob5Rt.s:157    .text.SVC_Handler:00000000 SVC_Handler
/var/folders/0f/x4_g94q9649fs6s33cksjfb00000gn/T//ccJob5Rt.s:174    .text.SVC_Handler:00000020 pxCurrentTCBConst2
/var/folders/0f/x4_g94q9649fs6s33cksjfb00000gn/T//ccJob5Rt.s:174    .text.SVC_Handler:00000020 $d
/var/folders/0f/x4_g94q9649fs6s33cksjfb00000gn/T//ccJob5Rt.s:181    .text.vPortEndScheduler:00000000 $t
/var/folders/0f/x4_g94q9649fs6s33cksjfb00000gn/T//ccJob5Rt.s:187    .text.vPortEndScheduler:00000000 vPortEndScheduler
/var/folders/0f/x4_g94q9649fs6s33cksjfb00000gn/T//ccJob5Rt.s:214    .text.vPortEndScheduler:00000024 $d
/var/folders/0f/x4_g94q9649fs6s33cksjfb00000gn/T//ccJob5Rt.s:217    .text.vPortEnterCritical:00000000 $t
/var/folders/0f/x4_g94q9649fs6s33cksjfb00000gn/T//ccJob5Rt.s:223    .text.vPortEnterCritical:00000000 vPortEnterCritical
/var/folders/0f/x4_g94q9649fs6s33cksjfb00000gn/T//ccJob5Rt.s:269    .text.vPortEnterCritical:00000048 $d
/var/folders/0f/x4_g94q9649fs6s33cksjfb00000gn/T//ccJob5Rt.s:272    .text.vPortExitCritical:00000000 $t
/var/folders/0f/x4_g94q9649fs6s33cksjfb00000gn/T//ccJob5Rt.s:278    .text.vPortExitCritical:00000000 vPortExitCritical
/var/folders/0f/x4_g94q9649fs6s33cksjfb00000gn/T//ccJob5Rt.s:315    .text.vPortExitCritical:0000002c $d
/var/folders/0f/x4_g94q9649fs6s33cksjfb00000gn/T//ccJob5Rt.s:318    .text.PendSV_Handler:00000000 $t
/var/folders/0f/x4_g94q9649fs6s33cksjfb00000gn/T//ccJob5Rt.s:324    .text.PendSV_Handler:00000000 PendSV_Handler
/var/folders/0f/x4_g94q9649fs6s33cksjfb00000gn/T//ccJob5Rt.s:371    .text.PendSV_Handler:00000060 pxCurrentTCBConst
/var/folders/0f/x4_g94q9649fs6s33cksjfb00000gn/T//ccJob5Rt.s:371    .text.PendSV_Handler:00000060 $d
/var/folders/0f/x4_g94q9649fs6s33cksjfb00000gn/T//ccJob5Rt.s:378    .text.SysTick_Handler:00000000 $t
/var/folders/0f/x4_g94q9649fs6s33cksjfb00000gn/T//ccJob5Rt.s:384    .text.SysTick_Handler:00000000 SysTick_Handler
/var/folders/0f/x4_g94q9649fs6s33cksjfb00000gn/T//ccJob5Rt.s:416    .text.vPortSetupTimerInterrupt:00000000 $t
/var/folders/0f/x4_g94q9649fs6s33cksjfb00000gn/T//ccJob5Rt.s:422    .text.vPortSetupTimerInterrupt:00000000 vPortSetupTimerInterrupt
/var/folders/0f/x4_g94q9649fs6s33cksjfb00000gn/T//ccJob5Rt.s:443    .text.vPortSetupTimerInterrupt:00000020 $d
/var/folders/0f/x4_g94q9649fs6s33cksjfb00000gn/T//ccJob5Rt.s:447    .text.xPortStartScheduler:00000000 $t
/var/folders/0f/x4_g94q9649fs6s33cksjfb00000gn/T//ccJob5Rt.s:453    .text.xPortStartScheduler:00000000 xPortStartScheduler
/var/folders/0f/x4_g94q9649fs6s33cksjfb00000gn/T//ccJob5Rt.s:541    .text.xPortStartScheduler:000000c4 $d
/var/folders/0f/x4_g94q9649fs6s33cksjfb00000gn/T//ccJob5Rt.s:625    .bss.ucMaxSysCallPriority:00000000 ucMaxSysCallPriority
/var/folders/0f/x4_g94q9649fs6s33cksjfb00000gn/T//ccJob5Rt.s:620    .bss.ulMaxPRIGROUPValue:00000000 ulMaxPRIGROUPValue
/var/folders/0f/x4_g94q9649fs6s33cksjfb00000gn/T//ccJob5Rt.s:547    .text.vPortValidateInterruptPriority:00000000 $t
/var/folders/0f/x4_g94q9649fs6s33cksjfb00000gn/T//ccJob5Rt.s:553    .text.vPortValidateInterruptPriority:00000000 vPortValidateInterruptPriority
/var/folders/0f/x4_g94q9649fs6s33cksjfb00000gn/T//ccJob5Rt.s:612    .text.vPortValidateInterruptPriority:00000058 $d
/var/folders/0f/x4_g94q9649fs6s33cksjfb00000gn/T//ccJob5Rt.s:617    .bss.ulMaxPRIGROUPValue:00000000 $d
/var/folders/0f/x4_g94q9649fs6s33cksjfb00000gn/T//ccJob5Rt.s:626    .bss.ucMaxSysCallPriority:00000000 $d
/var/folders/0f/x4_g94q9649fs6s33cksjfb00000gn/T//ccJob5Rt.s:628    .data.uxCriticalNesting:00000000 $d
/var/folders/0f/x4_g94q9649fs6s33cksjfb00000gn/T//ccJob5Rt.s:123    .text.vPortEnableVFP:0000000e $d
/var/folders/0f/x4_g94q9649fs6s33cksjfb00000gn/T//ccJob5Rt.s:633    .text.vPortEnableVFP:00000010 $d
/var/folders/0f/x4_g94q9649fs6s33cksjfb00000gn/T//ccJob5Rt.s:101    .text.prvPortStartFirstTask:00000022 $d
/var/folders/0f/x4_g94q9649fs6s33cksjfb00000gn/T//ccJob5Rt.s:633    .text.prvPortStartFirstTask:00000024 $d

UNDEFINED SYMBOLS
pxCurrentTCB
vTaskSwitchContext
xTaskIncrementTick
SystemCoreClock
