ARM GAS  /var/folders/0f/x4_g94q9649fs6s33cksjfb00000gn/T//cc23uH7N.s 			page 1


   1              		.cpu cortex-m7
   2              		.arch armv7e-m
   3              		.fpu fpv5-d16
   4              		.eabi_attribute 28, 1
   5              		.eabi_attribute 20, 1
   6              		.eabi_attribute 21, 1
   7              		.eabi_attribute 23, 3
   8              		.eabi_attribute 24, 1
   9              		.eabi_attribute 25, 1
  10              		.eabi_attribute 26, 1
  11              		.eabi_attribute 30, 1
  12              		.eabi_attribute 34, 1
  13              		.eabi_attribute 18, 4
  14              		.file	"stm32f7xx_hal_pcd.c"
  15              		.text
  16              		.section	.text.PCD_WriteEmptyTxFifo,"ax",%progbits
  17              		.align	1
  18              		.syntax unified
  19              		.thumb
  20              		.thumb_func
  22              	PCD_WriteEmptyTxFifo:
  23              		@ args = 0, pretend = 0, frame = 0
  24              		@ frame_needed = 0, uses_anonymous_args = 0
  25 0000 2DE9F043 		push	{r4, r5, r6, r7, r8, r9, lr}
  26 0004 83B0     		sub	sp, sp, #12
  27 0006 D0F80080 		ldr	r8, [r0]
  28 000a 01EBC103 		add	r3, r1, r1, lsl #3
  29 000e 00EB8303 		add	r3, r0, r3, lsl #2
  30 0012 9A6A     		ldr	r2, [r3, #40]
  31 0014 5B6A     		ldr	r3, [r3, #36]
  32 0016 9A42     		cmp	r2, r3
  33 0018 54D8     		bhi	.L8
  34 001a 0746     		mov	r7, r0
  35 001c 0C46     		mov	r4, r1
  36 001e 9B1A     		subs	r3, r3, r2
  37 0020 01EBC102 		add	r2, r1, r1, lsl #3
  38 0024 00EB8202 		add	r2, r0, r2, lsl #2
  39 0028 D269     		ldr	r2, [r2, #28]
  40 002a 9A42     		cmp	r2, r3
  41 002c 00D3     		bcc	.L3
  42 002e 1A46     		mov	r2, r3
  43              	.L3:
  44 0030 02F10309 		add	r9, r2, #3
  45 0034 4FEA9909 		lsr	r9, r9, #2
  46 0038 15E0     		b	.L4
  47              	.L5:
  48 003a 06F10309 		add	r9, r6, #3
  49 003e 4FEA9909 		lsr	r9, r9, #2
  50 0042 BB79     		ldrb	r3, [r7, #6]	@ zero_extendqisi2
  51 0044 04EBC405 		add	r5, r4, r4, lsl #3
  52 0048 07EB8505 		add	r5, r7, r5, lsl #2
  53 004c 296A     		ldr	r1, [r5, #32]
  54 004e 0093     		str	r3, [sp]
  55 0050 B3B2     		uxth	r3, r6
  56 0052 E2B2     		uxtb	r2, r4
  57 0054 4046     		mov	r0, r8
  58 0056 FFF7FEFF 		bl	USB_WritePacket
ARM GAS  /var/folders/0f/x4_g94q9649fs6s33cksjfb00000gn/T//cc23uH7N.s 			page 2


  59 005a 2B6A     		ldr	r3, [r5, #32]
  60 005c 3344     		add	r3, r3, r6
  61 005e 2B62     		str	r3, [r5, #32]
  62 0060 AB6A     		ldr	r3, [r5, #40]
  63 0062 3344     		add	r3, r3, r6
  64 0064 AB62     		str	r3, [r5, #40]
  65              	.L4:
  66 0066 08EB4413 		add	r3, r8, r4, lsl #5
  67 006a 03F51063 		add	r3, r3, #2304
  68 006e 9B69     		ldr	r3, [r3, #24]
  69 0070 9BB2     		uxth	r3, r3
  70 0072 4B45     		cmp	r3, r9
  71 0074 12D3     		bcc	.L6
  72 0076 04EBC403 		add	r3, r4, r4, lsl #3
  73 007a 07EB8303 		add	r3, r7, r3, lsl #2
  74 007e 9A6A     		ldr	r2, [r3, #40]
  75 0080 5B6A     		ldr	r3, [r3, #36]
  76 0082 9A42     		cmp	r2, r3
  77 0084 0AD2     		bcs	.L6
  78 0086 4BB1     		cbz	r3, .L6
  79 0088 9B1A     		subs	r3, r3, r2
  80 008a 04EBC402 		add	r2, r4, r4, lsl #3
  81 008e 07EB8202 		add	r2, r7, r2, lsl #2
  82 0092 D669     		ldr	r6, [r2, #28]
  83 0094 9E42     		cmp	r6, r3
  84 0096 D0D3     		bcc	.L5
  85 0098 1E46     		mov	r6, r3
  86 009a CEE7     		b	.L5
  87              	.L6:
  88 009c 04EBC403 		add	r3, r4, r4, lsl #3
  89 00a0 07EB8307 		add	r7, r7, r3, lsl #2
  90 00a4 7A6A     		ldr	r2, [r7, #36]
  91 00a6 BB6A     		ldr	r3, [r7, #40]
  92 00a8 9A42     		cmp	r2, r3
  93 00aa 0FD8     		bhi	.L9
  94 00ac 04F00F04 		and	r4, r4, #15
  95 00b0 0122     		movs	r2, #1
  96 00b2 A240     		lsls	r2, r2, r4
  97 00b4 D8F83438 		ldr	r3, [r8, #2100]
  98 00b8 23EA0203 		bic	r3, r3, r2
  99 00bc C8F83438 		str	r3, [r8, #2100]
 100 00c0 0020     		movs	r0, #0
 101 00c2 00E0     		b	.L2
 102              	.L8:
 103 00c4 0120     		movs	r0, #1
 104              	.L2:
 105 00c6 03B0     		add	sp, sp, #12
 106              		@ sp needed
 107 00c8 BDE8F083 		pop	{r4, r5, r6, r7, r8, r9, pc}
 108              	.L9:
 109 00cc 0020     		movs	r0, #0
 110 00ce FAE7     		b	.L2
 112              		.section	.text.HAL_PCD_MspInit,"ax",%progbits
 113              		.align	1
 114              		.weak	HAL_PCD_MspInit
 115              		.syntax unified
 116              		.thumb
ARM GAS  /var/folders/0f/x4_g94q9649fs6s33cksjfb00000gn/T//cc23uH7N.s 			page 3


 117              		.thumb_func
 119              	HAL_PCD_MspInit:
 120              		@ args = 0, pretend = 0, frame = 0
 121              		@ frame_needed = 0, uses_anonymous_args = 0
 122              		@ link register save eliminated.
 123 0000 7047     		bx	lr
 125              		.section	.text.HAL_PCD_Init,"ax",%progbits
 126              		.align	1
 127              		.global	HAL_PCD_Init
 128              		.syntax unified
 129              		.thumb
 130              		.thumb_func
 132              	HAL_PCD_Init:
 133              		@ args = 0, pretend = 0, frame = 0
 134              		@ frame_needed = 0, uses_anonymous_args = 0
 135 0000 30B5     		push	{r4, r5, lr}
 136 0002 83B0     		sub	sp, sp, #12
 137 0004 0028     		cmp	r0, #0
 138 0006 00F08280 		beq	.L23
 139 000a 0446     		mov	r4, r0
 140 000c 0568     		ldr	r5, [r0]
 141 000e 90F89534 		ldrb	r3, [r0, #1173]	@ zero_extendqisi2
 142 0012 C3B1     		cbz	r3, .L26
 143              	.L14:
 144 0014 0323     		movs	r3, #3
 145 0016 84F89534 		strb	r3, [r4, #1173]
 146 001a B5F1A04F 		cmp	r5, #1342177280
 147 001e 17D0     		beq	.L27
 148              	.L15:
 149 0020 2068     		ldr	r0, [r4]
 150 0022 FFF7FEFF 		bl	USB_DisableGlobalInt
 151 0026 237C     		ldrb	r3, [r4, #16]	@ zero_extendqisi2
 152 0028 8DF80030 		strb	r3, [sp]
 153 002c 231D     		adds	r3, r4, #4
 154 002e 0ECB     		ldm	r3, {r1, r2, r3}
 155 0030 2068     		ldr	r0, [r4]
 156 0032 FFF7FEFF 		bl	USB_CoreInit
 157 0036 70B1     		cbz	r0, .L16
 158 0038 0223     		movs	r3, #2
 159 003a 84F89534 		strb	r3, [r4, #1173]
 160 003e 0125     		movs	r5, #1
 161              	.L13:
 162 0040 2846     		mov	r0, r5
 163 0042 03B0     		add	sp, sp, #12
 164              		@ sp needed
 165 0044 30BD     		pop	{r4, r5, pc}
 166              	.L26:
 167 0046 80F89434 		strb	r3, [r0, #1172]
 168 004a FFF7FEFF 		bl	HAL_PCD_MspInit
 169 004e E1E7     		b	.L14
 170              	.L27:
 171 0050 0023     		movs	r3, #0
 172 0052 A371     		strb	r3, [r4, #6]
 173 0054 E4E7     		b	.L15
 174              	.L16:
 175 0056 0021     		movs	r1, #0
 176 0058 2068     		ldr	r0, [r4]
ARM GAS  /var/folders/0f/x4_g94q9649fs6s33cksjfb00000gn/T//cc23uH7N.s 			page 4


 177 005a FFF7FEFF 		bl	USB_SetCurrentMode
 178 005e 0246     		mov	r2, r0
 179 0060 B8B9     		cbnz	r0, .L28
 180 0062 0346     		mov	r3, r0
 181              	.L17:
 182 0064 2079     		ldrb	r0, [r4, #4]	@ zero_extendqisi2
 183 0066 9842     		cmp	r0, r3
 184 0068 18D9     		bls	.L19
 185 006a 03EBC301 		add	r1, r3, r3, lsl #3
 186 006e 04EB8101 		add	r1, r4, r1, lsl #2
 187 0072 0120     		movs	r0, #1
 188 0074 4875     		strb	r0, [r1, #21]
 189 0076 0B75     		strb	r3, [r1, #20]
 190 0078 CB85     		strh	r3, [r1, #46]	@ movhi
 191 007a 0020     		movs	r0, #0
 192 007c 0876     		strb	r0, [r1, #24]
 193 007e C861     		str	r0, [r1, #28]
 194 0080 0862     		str	r0, [r1, #32]
 195 0082 03EBC301 		add	r1, r3, r3, lsl #3
 196 0086 04EB8101 		add	r1, r4, r1, lsl #2
 197 008a 4862     		str	r0, [r1, #36]
 198 008c 0133     		adds	r3, r3, #1
 199 008e DBB2     		uxtb	r3, r3
 200 0090 E8E7     		b	.L17
 201              	.L28:
 202 0092 0223     		movs	r3, #2
 203 0094 84F89534 		strb	r3, [r4, #1173]
 204 0098 0125     		movs	r5, #1
 205 009a D1E7     		b	.L13
 206              	.L19:
 207 009c 9042     		cmp	r0, r2
 208 009e 17D9     		bls	.L29
 209 00a0 02EBC203 		add	r3, r2, r2, lsl #3
 210 00a4 04EB8303 		add	r3, r4, r3, lsl #2
 211 00a8 0021     		movs	r1, #0
 212 00aa 83F85512 		strb	r1, [r3, #597]
 213 00ae 83F85422 		strb	r2, [r3, #596]
 214 00b2 83F85812 		strb	r1, [r3, #600]
 215 00b6 C3F85C12 		str	r1, [r3, #604]
 216 00ba C3F86012 		str	r1, [r3, #608]
 217 00be 02EBC203 		add	r3, r2, r2, lsl #3
 218 00c2 04EB8303 		add	r3, r4, r3, lsl #2
 219 00c6 C3F86412 		str	r1, [r3, #612]
 220 00ca 0132     		adds	r2, r2, #1
 221 00cc D2B2     		uxtb	r2, r2
 222 00ce E5E7     		b	.L19
 223              	.L29:
 224 00d0 237C     		ldrb	r3, [r4, #16]	@ zero_extendqisi2
 225 00d2 8DF80030 		strb	r3, [sp]
 226 00d6 231D     		adds	r3, r4, #4
 227 00d8 0ECB     		ldm	r3, {r1, r2, r3}
 228 00da 2068     		ldr	r0, [r4]
 229 00dc FFF7FEFF 		bl	USB_DevInit
 230 00e0 0546     		mov	r5, r0
 231 00e2 58B9     		cbnz	r0, .L30
 232 00e4 0023     		movs	r3, #0
 233 00e6 6374     		strb	r3, [r4, #17]
ARM GAS  /var/folders/0f/x4_g94q9649fs6s33cksjfb00000gn/T//cc23uH7N.s 			page 5


 234 00e8 0123     		movs	r3, #1
 235 00ea 84F89534 		strb	r3, [r4, #1173]
 236 00ee 237B     		ldrb	r3, [r4, #12]	@ zero_extendqisi2
 237 00f0 012B     		cmp	r3, #1
 238 00f2 08D0     		beq	.L31
 239              	.L22:
 240 00f4 2068     		ldr	r0, [r4]
 241 00f6 FFF7FEFF 		bl	USB_DevDisconnect
 242 00fa A1E7     		b	.L13
 243              	.L30:
 244 00fc 0223     		movs	r3, #2
 245 00fe 84F89534 		strb	r3, [r4, #1173]
 246 0102 0125     		movs	r5, #1
 247 0104 9CE7     		b	.L13
 248              	.L31:
 249 0106 2046     		mov	r0, r4
 250 0108 FFF7FEFF 		bl	HAL_PCDEx_ActivateLPM
 251 010c F2E7     		b	.L22
 252              	.L23:
 253 010e 0125     		movs	r5, #1
 254 0110 96E7     		b	.L13
 256              		.section	.text.HAL_PCD_MspDeInit,"ax",%progbits
 257              		.align	1
 258              		.weak	HAL_PCD_MspDeInit
 259              		.syntax unified
 260              		.thumb
 261              		.thumb_func
 263              	HAL_PCD_MspDeInit:
 264              		@ args = 0, pretend = 0, frame = 0
 265              		@ frame_needed = 0, uses_anonymous_args = 0
 266              		@ link register save eliminated.
 267 0000 7047     		bx	lr
 269              		.section	.text.HAL_PCD_DeInit,"ax",%progbits
 270              		.align	1
 271              		.global	HAL_PCD_DeInit
 272              		.syntax unified
 273              		.thumb
 274              		.thumb_func
 276              	HAL_PCD_DeInit:
 277              		@ args = 0, pretend = 0, frame = 0
 278              		@ frame_needed = 0, uses_anonymous_args = 0
 279 0000 38B5     		push	{r3, r4, r5, lr}
 280 0002 90B1     		cbz	r0, .L35
 281 0004 0446     		mov	r4, r0
 282 0006 0323     		movs	r3, #3
 283 0008 80F89534 		strb	r3, [r0, #1173]
 284 000c 0068     		ldr	r0, [r0]
 285 000e FFF7FEFF 		bl	USB_StopDevice
 286 0012 0546     		mov	r5, r0
 287 0014 10B1     		cbz	r0, .L38
 288 0016 0125     		movs	r5, #1
 289              	.L34:
 290 0018 2846     		mov	r0, r5
 291 001a 38BD     		pop	{r3, r4, r5, pc}
 292              	.L38:
 293 001c 2046     		mov	r0, r4
 294 001e FFF7FEFF 		bl	HAL_PCD_MspDeInit
ARM GAS  /var/folders/0f/x4_g94q9649fs6s33cksjfb00000gn/T//cc23uH7N.s 			page 6


 295 0022 0023     		movs	r3, #0
 296 0024 84F89534 		strb	r3, [r4, #1173]
 297 0028 F6E7     		b	.L34
 298              	.L35:
 299 002a 0125     		movs	r5, #1
 300 002c F4E7     		b	.L34
 302              		.section	.text.HAL_PCD_Start,"ax",%progbits
 303              		.align	1
 304              		.global	HAL_PCD_Start
 305              		.syntax unified
 306              		.thumb
 307              		.thumb_func
 309              	HAL_PCD_Start:
 310              		@ args = 0, pretend = 0, frame = 0
 311              		@ frame_needed = 0, uses_anonymous_args = 0
 312 0000 90F89434 		ldrb	r3, [r0, #1172]	@ zero_extendqisi2
 313 0004 012B     		cmp	r3, #1
 314 0006 0ED0     		beq	.L41
 315 0008 10B5     		push	{r4, lr}
 316 000a 0446     		mov	r4, r0
 317 000c 0123     		movs	r3, #1
 318 000e 80F89434 		strb	r3, [r0, #1172]
 319 0012 0068     		ldr	r0, [r0]
 320 0014 FFF7FEFF 		bl	USB_EnableGlobalInt
 321 0018 2068     		ldr	r0, [r4]
 322 001a FFF7FEFF 		bl	USB_DevConnect
 323 001e 0020     		movs	r0, #0
 324 0020 84F89404 		strb	r0, [r4, #1172]
 325 0024 10BD     		pop	{r4, pc}
 326              	.L41:
 327 0026 0220     		movs	r0, #2
 328 0028 7047     		bx	lr
 330              		.section	.text.HAL_PCD_Stop,"ax",%progbits
 331              		.align	1
 332              		.global	HAL_PCD_Stop
 333              		.syntax unified
 334              		.thumb
 335              		.thumb_func
 337              	HAL_PCD_Stop:
 338              		@ args = 0, pretend = 0, frame = 0
 339              		@ frame_needed = 0, uses_anonymous_args = 0
 340 0000 90F89434 		ldrb	r3, [r0, #1172]	@ zero_extendqisi2
 341 0004 012B     		cmp	r3, #1
 342 0006 12D0     		beq	.L48
 343 0008 10B5     		push	{r4, lr}
 344 000a 0446     		mov	r4, r0
 345 000c 0123     		movs	r3, #1
 346 000e 80F89434 		strb	r3, [r0, #1172]
 347 0012 0068     		ldr	r0, [r0]
 348 0014 FFF7FEFF 		bl	USB_DisableGlobalInt
 349 0018 2068     		ldr	r0, [r4]
 350 001a FFF7FEFF 		bl	USB_DevDisconnect
 351 001e 1021     		movs	r1, #16
 352 0020 2068     		ldr	r0, [r4]
 353 0022 FFF7FEFF 		bl	USB_FlushTxFifo
 354 0026 0020     		movs	r0, #0
 355 0028 84F89404 		strb	r0, [r4, #1172]
ARM GAS  /var/folders/0f/x4_g94q9649fs6s33cksjfb00000gn/T//cc23uH7N.s 			page 7


 356 002c 10BD     		pop	{r4, pc}
 357              	.L48:
 358 002e 0220     		movs	r0, #2
 359 0030 7047     		bx	lr
 361              		.section	.text.HAL_PCD_WKUP_IRQHandler,"ax",%progbits
 362              		.align	1
 363              		.global	HAL_PCD_WKUP_IRQHandler
 364              		.syntax unified
 365              		.thumb
 366              		.thumb_func
 368              	HAL_PCD_WKUP_IRQHandler:
 369              		@ args = 0, pretend = 0, frame = 0
 370              		@ frame_needed = 0, uses_anonymous_args = 0
 371              		@ link register save eliminated.
 372 0000 0368     		ldr	r3, [r0]
 373 0002 B3F1A04F 		cmp	r3, #1342177280
 374 0006 04D0     		beq	.L56
 375 0008 044B     		ldr	r3, .L57
 376 000a 4FF48012 		mov	r2, #1048576
 377 000e 5A61     		str	r2, [r3, #20]
 378 0010 7047     		bx	lr
 379              	.L56:
 380 0012 024B     		ldr	r3, .L57
 381 0014 4FF48022 		mov	r2, #262144
 382 0018 5A61     		str	r2, [r3, #20]
 383 001a 7047     		bx	lr
 384              	.L58:
 385              		.align	2
 386              	.L57:
 387 001c 003C0140 		.word	1073822720
 389              		.section	.text.HAL_PCD_DataOutStageCallback,"ax",%progbits
 390              		.align	1
 391              		.weak	HAL_PCD_DataOutStageCallback
 392              		.syntax unified
 393              		.thumb
 394              		.thumb_func
 396              	HAL_PCD_DataOutStageCallback:
 397              		@ args = 0, pretend = 0, frame = 0
 398              		@ frame_needed = 0, uses_anonymous_args = 0
 399              		@ link register save eliminated.
 400 0000 7047     		bx	lr
 402              		.section	.text.PCD_EP_OutXfrComplete_int,"ax",%progbits
 403              		.align	1
 404              		.syntax unified
 405              		.thumb
 406              		.thumb_func
 408              	PCD_EP_OutXfrComplete_int:
 409              		@ args = 0, pretend = 0, frame = 0
 410              		@ frame_needed = 0, uses_anonymous_args = 0
 411 0000 70B5     		push	{r4, r5, r6, lr}
 412 0002 0446     		mov	r4, r0
 413 0004 0D46     		mov	r5, r1
 414 0006 0068     		ldr	r0, [r0]
 415 0008 066C     		ldr	r6, [r0, #64]
 416 000a 00EB4113 		add	r3, r0, r1, lsl #5
 417 000e 03F53063 		add	r3, r3, #2816
 418 0012 9A68     		ldr	r2, [r3, #8]
ARM GAS  /var/folders/0f/x4_g94q9649fs6s33cksjfb00000gn/T//cc23uH7N.s 			page 8


 419 0014 A179     		ldrb	r1, [r4, #6]	@ zero_extendqisi2
 420 0016 0129     		cmp	r1, #1
 421 0018 11D0     		beq	.L73
 422 001a 3849     		ldr	r1, .L77
 423 001c 8E42     		cmp	r6, r1
 424 001e 56D0     		beq	.L74
 425 0020 3DB9     		cbnz	r5, .L71
 426 0022 05EBC503 		add	r3, r5, r5, lsl #3
 427 0026 04EB8303 		add	r3, r4, r3, lsl #2
 428 002a D3F86432 		ldr	r3, [r3, #612]
 429 002e 002B     		cmp	r3, #0
 430 0030 5ED0     		beq	.L75
 431              	.L71:
 432 0032 E9B2     		uxtb	r1, r5
 433 0034 2046     		mov	r0, r4
 434 0036 FFF7FEFF 		bl	HAL_PCD_DataOutStageCallback
 435              	.L63:
 436 003a 0020     		movs	r0, #0
 437 003c 70BD     		pop	{r4, r5, r6, pc}
 438              	.L73:
 439 003e 12F0080F 		tst	r2, #8
 440 0042 09D0     		beq	.L62
 441 0044 2E49     		ldr	r1, .L77+4
 442 0046 8E42     		cmp	r6, r1
 443 0048 F7D9     		bls	.L63
 444 004a 12F4004F 		tst	r2, #32768
 445 004e F4D0     		beq	.L63
 446 0050 4FF40042 		mov	r2, #32768
 447 0054 9A60     		str	r2, [r3, #8]
 448 0056 F0E7     		b	.L63
 449              	.L62:
 450 0058 12F0200F 		tst	r2, #32
 451 005c 02D0     		beq	.L64
 452 005e 2022     		movs	r2, #32
 453 0060 9A60     		str	r2, [r3, #8]
 454 0062 EAE7     		b	.L63
 455              	.L64:
 456 0064 12F0280F 		tst	r2, #40
 457 0068 E7D1     		bne	.L63
 458 006a 2549     		ldr	r1, .L77+4
 459 006c 8E42     		cmp	r6, r1
 460 006e 06D9     		bls	.L65
 461 0070 12F4004F 		tst	r2, #32768
 462 0074 03D0     		beq	.L65
 463 0076 4FF40042 		mov	r2, #32768
 464 007a 9A60     		str	r2, [r3, #8]
 465 007c DDE7     		b	.L63
 466              	.L65:
 467 007e 05EBC502 		add	r2, r5, r5, lsl #3
 468 0082 04EB8202 		add	r2, r4, r2, lsl #2
 469 0086 D2F87412 		ldr	r1, [r2, #628]
 470 008a 1B69     		ldr	r3, [r3, #16]
 471 008c C3F31203 		ubfx	r3, r3, #0, #19
 472 0090 CB1A     		subs	r3, r1, r3
 473 0092 C2F86832 		str	r3, [r2, #616]
 474 0096 7DB9     		cbnz	r5, .L66
 475 0098 05EBC502 		add	r2, r5, r5, lsl #3
ARM GAS  /var/folders/0f/x4_g94q9649fs6s33cksjfb00000gn/T//cc23uH7N.s 			page 9


 476 009c 04EB8202 		add	r2, r4, r2, lsl #2
 477 00a0 D2F86422 		ldr	r2, [r2, #612]
 478 00a4 6AB1     		cbz	r2, .L76
 479 00a6 05EBC502 		add	r2, r5, r5, lsl #3
 480 00aa 04EB8202 		add	r2, r4, r2, lsl #2
 481 00ae D2F86012 		ldr	r1, [r2, #608]
 482 00b2 1944     		add	r1, r1, r3
 483 00b4 C2F86012 		str	r1, [r2, #608]
 484              	.L66:
 485 00b8 E9B2     		uxtb	r1, r5
 486 00ba 2046     		mov	r0, r4
 487 00bc FFF7FEFF 		bl	HAL_PCD_DataOutStageCallback
 488 00c0 BBE7     		b	.L63
 489              	.L76:
 490 00c2 04F29C42 		addw	r2, r4, #1180
 491 00c6 0121     		movs	r1, #1
 492 00c8 FFF7FEFF 		bl	USB_EP0_OutStart
 493 00cc F4E7     		b	.L66
 494              	.L74:
 495 00ce 12F4004F 		tst	r2, #32768
 496 00d2 03D0     		beq	.L69
 497 00d4 4FF40042 		mov	r2, #32768
 498 00d8 9A60     		str	r2, [r3, #8]
 499 00da AEE7     		b	.L63
 500              	.L69:
 501 00dc 12F0200F 		tst	r2, #32
 502 00e0 01D0     		beq	.L70
 503 00e2 2022     		movs	r2, #32
 504 00e4 9A60     		str	r2, [r3, #8]
 505              	.L70:
 506 00e6 E9B2     		uxtb	r1, r5
 507 00e8 2046     		mov	r0, r4
 508 00ea FFF7FEFF 		bl	HAL_PCD_DataOutStageCallback
 509 00ee A4E7     		b	.L63
 510              	.L75:
 511 00f0 04F29C42 		addw	r2, r4, #1180
 512 00f4 0021     		movs	r1, #0
 513 00f6 FFF7FEFF 		bl	USB_EP0_OutStart
 514 00fa 9AE7     		b	.L71
 515              	.L78:
 516              		.align	2
 517              	.L77:
 518 00fc 0A31544F 		.word	1330917642
 519 0100 0A30544F 		.word	1330917386
 521              		.section	.text.HAL_PCD_DataInStageCallback,"ax",%progbits
 522              		.align	1
 523              		.weak	HAL_PCD_DataInStageCallback
 524              		.syntax unified
 525              		.thumb
 526              		.thumb_func
 528              	HAL_PCD_DataInStageCallback:
 529              		@ args = 0, pretend = 0, frame = 0
 530              		@ frame_needed = 0, uses_anonymous_args = 0
 531              		@ link register save eliminated.
 532 0000 7047     		bx	lr
 534              		.section	.text.HAL_PCD_SetupStageCallback,"ax",%progbits
 535              		.align	1
ARM GAS  /var/folders/0f/x4_g94q9649fs6s33cksjfb00000gn/T//cc23uH7N.s 			page 10


 536              		.weak	HAL_PCD_SetupStageCallback
 537              		.syntax unified
 538              		.thumb
 539              		.thumb_func
 541              	HAL_PCD_SetupStageCallback:
 542              		@ args = 0, pretend = 0, frame = 0
 543              		@ frame_needed = 0, uses_anonymous_args = 0
 544              		@ link register save eliminated.
 545 0000 7047     		bx	lr
 547              		.section	.text.PCD_EP_OutSetupPacket_int,"ax",%progbits
 548              		.align	1
 549              		.syntax unified
 550              		.thumb
 551              		.thumb_func
 553              	PCD_EP_OutSetupPacket_int:
 554              		@ args = 0, pretend = 0, frame = 0
 555              		@ frame_needed = 0, uses_anonymous_args = 0
 556 0000 38B5     		push	{r3, r4, r5, lr}
 557 0002 0446     		mov	r4, r0
 558 0004 0368     		ldr	r3, [r0]
 559 0006 1D6C     		ldr	r5, [r3, #64]
 560 0008 03EB4113 		add	r3, r3, r1, lsl #5
 561 000c D3F8081B 		ldr	r1, [r3, #2824]
 562 0010 0E4A     		ldr	r2, .L86
 563 0012 9542     		cmp	r5, r2
 564 0014 07D9     		bls	.L82
 565 0016 03F53063 		add	r3, r3, #2816
 566 001a 11F4004F 		tst	r1, #32768
 567 001e 02D0     		beq	.L82
 568 0020 4FF40042 		mov	r2, #32768
 569 0024 9A60     		str	r2, [r3, #8]
 570              	.L82:
 571 0026 2046     		mov	r0, r4
 572 0028 FFF7FEFF 		bl	HAL_PCD_SetupStageCallback
 573 002c 074B     		ldr	r3, .L86
 574 002e 9D42     		cmp	r5, r3
 575 0030 02D9     		bls	.L83
 576 0032 A379     		ldrb	r3, [r4, #6]	@ zero_extendqisi2
 577 0034 012B     		cmp	r3, #1
 578 0036 01D0     		beq	.L85
 579              	.L83:
 580 0038 0020     		movs	r0, #0
 581 003a 38BD     		pop	{r3, r4, r5, pc}
 582              	.L85:
 583 003c 04F29C42 		addw	r2, r4, #1180
 584 0040 0121     		movs	r1, #1
 585 0042 2068     		ldr	r0, [r4]
 586 0044 FFF7FEFF 		bl	USB_EP0_OutStart
 587 0048 F6E7     		b	.L83
 588              	.L87:
 589 004a 00BF     		.align	2
 590              	.L86:
 591 004c 0A30544F 		.word	1330917386
 593              		.section	.text.HAL_PCD_SOFCallback,"ax",%progbits
 594              		.align	1
 595              		.weak	HAL_PCD_SOFCallback
 596              		.syntax unified
ARM GAS  /var/folders/0f/x4_g94q9649fs6s33cksjfb00000gn/T//cc23uH7N.s 			page 11


 597              		.thumb
 598              		.thumb_func
 600              	HAL_PCD_SOFCallback:
 601              		@ args = 0, pretend = 0, frame = 0
 602              		@ frame_needed = 0, uses_anonymous_args = 0
 603              		@ link register save eliminated.
 604 0000 7047     		bx	lr
 606              		.section	.text.HAL_PCD_ResetCallback,"ax",%progbits
 607              		.align	1
 608              		.weak	HAL_PCD_ResetCallback
 609              		.syntax unified
 610              		.thumb
 611              		.thumb_func
 613              	HAL_PCD_ResetCallback:
 614              		@ args = 0, pretend = 0, frame = 0
 615              		@ frame_needed = 0, uses_anonymous_args = 0
 616              		@ link register save eliminated.
 617 0000 7047     		bx	lr
 619              		.section	.text.HAL_PCD_SuspendCallback,"ax",%progbits
 620              		.align	1
 621              		.weak	HAL_PCD_SuspendCallback
 622              		.syntax unified
 623              		.thumb
 624              		.thumb_func
 626              	HAL_PCD_SuspendCallback:
 627              		@ args = 0, pretend = 0, frame = 0
 628              		@ frame_needed = 0, uses_anonymous_args = 0
 629              		@ link register save eliminated.
 630 0000 7047     		bx	lr
 632              		.section	.text.HAL_PCD_ResumeCallback,"ax",%progbits
 633              		.align	1
 634              		.weak	HAL_PCD_ResumeCallback
 635              		.syntax unified
 636              		.thumb
 637              		.thumb_func
 639              	HAL_PCD_ResumeCallback:
 640              		@ args = 0, pretend = 0, frame = 0
 641              		@ frame_needed = 0, uses_anonymous_args = 0
 642              		@ link register save eliminated.
 643 0000 7047     		bx	lr
 645              		.section	.text.HAL_PCD_ISOOUTIncompleteCallback,"ax",%progbits
 646              		.align	1
 647              		.weak	HAL_PCD_ISOOUTIncompleteCallback
 648              		.syntax unified
 649              		.thumb
 650              		.thumb_func
 652              	HAL_PCD_ISOOUTIncompleteCallback:
 653              		@ args = 0, pretend = 0, frame = 0
 654              		@ frame_needed = 0, uses_anonymous_args = 0
 655              		@ link register save eliminated.
 656 0000 7047     		bx	lr
 658              		.section	.text.HAL_PCD_ISOINIncompleteCallback,"ax",%progbits
 659              		.align	1
 660              		.weak	HAL_PCD_ISOINIncompleteCallback
 661              		.syntax unified
 662              		.thumb
 663              		.thumb_func
ARM GAS  /var/folders/0f/x4_g94q9649fs6s33cksjfb00000gn/T//cc23uH7N.s 			page 12


 665              	HAL_PCD_ISOINIncompleteCallback:
 666              		@ args = 0, pretend = 0, frame = 0
 667              		@ frame_needed = 0, uses_anonymous_args = 0
 668              		@ link register save eliminated.
 669 0000 7047     		bx	lr
 671              		.section	.text.HAL_PCD_ConnectCallback,"ax",%progbits
 672              		.align	1
 673              		.weak	HAL_PCD_ConnectCallback
 674              		.syntax unified
 675              		.thumb
 676              		.thumb_func
 678              	HAL_PCD_ConnectCallback:
 679              		@ args = 0, pretend = 0, frame = 0
 680              		@ frame_needed = 0, uses_anonymous_args = 0
 681              		@ link register save eliminated.
 682 0000 7047     		bx	lr
 684              		.section	.text.HAL_PCD_DisconnectCallback,"ax",%progbits
 685              		.align	1
 686              		.weak	HAL_PCD_DisconnectCallback
 687              		.syntax unified
 688              		.thumb
 689              		.thumb_func
 691              	HAL_PCD_DisconnectCallback:
 692              		@ args = 0, pretend = 0, frame = 0
 693              		@ frame_needed = 0, uses_anonymous_args = 0
 694              		@ link register save eliminated.
 695 0000 7047     		bx	lr
 697              		.section	.text.HAL_PCD_DevConnect,"ax",%progbits
 698              		.align	1
 699              		.global	HAL_PCD_DevConnect
 700              		.syntax unified
 701              		.thumb
 702              		.thumb_func
 704              	HAL_PCD_DevConnect:
 705              		@ args = 0, pretend = 0, frame = 0
 706              		@ frame_needed = 0, uses_anonymous_args = 0
 707 0000 90F89434 		ldrb	r3, [r0, #1172]	@ zero_extendqisi2
 708 0004 012B     		cmp	r3, #1
 709 0006 0BD0     		beq	.L98
 710 0008 10B5     		push	{r4, lr}
 711 000a 0446     		mov	r4, r0
 712 000c 0123     		movs	r3, #1
 713 000e 80F89434 		strb	r3, [r0, #1172]
 714 0012 0068     		ldr	r0, [r0]
 715 0014 FFF7FEFF 		bl	USB_DevConnect
 716 0018 0020     		movs	r0, #0
 717 001a 84F89404 		strb	r0, [r4, #1172]
 718 001e 10BD     		pop	{r4, pc}
 719              	.L98:
 720 0020 0220     		movs	r0, #2
 721 0022 7047     		bx	lr
 723              		.section	.text.HAL_PCD_DevDisconnect,"ax",%progbits
 724              		.align	1
 725              		.global	HAL_PCD_DevDisconnect
 726              		.syntax unified
 727              		.thumb
 728              		.thumb_func
ARM GAS  /var/folders/0f/x4_g94q9649fs6s33cksjfb00000gn/T//cc23uH7N.s 			page 13


 730              	HAL_PCD_DevDisconnect:
 731              		@ args = 0, pretend = 0, frame = 0
 732              		@ frame_needed = 0, uses_anonymous_args = 0
 733 0000 90F89434 		ldrb	r3, [r0, #1172]	@ zero_extendqisi2
 734 0004 012B     		cmp	r3, #1
 735 0006 0BD0     		beq	.L105
 736 0008 10B5     		push	{r4, lr}
 737 000a 0446     		mov	r4, r0
 738 000c 0123     		movs	r3, #1
 739 000e 80F89434 		strb	r3, [r0, #1172]
 740 0012 0068     		ldr	r0, [r0]
 741 0014 FFF7FEFF 		bl	USB_DevDisconnect
 742 0018 0020     		movs	r0, #0
 743 001a 84F89404 		strb	r0, [r4, #1172]
 744 001e 10BD     		pop	{r4, pc}
 745              	.L105:
 746 0020 0220     		movs	r0, #2
 747 0022 7047     		bx	lr
 749              		.section	.text.HAL_PCD_SetAddress,"ax",%progbits
 750              		.align	1
 751              		.global	HAL_PCD_SetAddress
 752              		.syntax unified
 753              		.thumb
 754              		.thumb_func
 756              	HAL_PCD_SetAddress:
 757              		@ args = 0, pretend = 0, frame = 0
 758              		@ frame_needed = 0, uses_anonymous_args = 0
 759 0000 90F89434 		ldrb	r3, [r0, #1172]	@ zero_extendqisi2
 760 0004 012B     		cmp	r3, #1
 761 0006 0CD0     		beq	.L112
 762 0008 10B5     		push	{r4, lr}
 763 000a 0446     		mov	r4, r0
 764 000c 0123     		movs	r3, #1
 765 000e 80F89434 		strb	r3, [r0, #1172]
 766 0012 4174     		strb	r1, [r0, #17]
 767 0014 0068     		ldr	r0, [r0]
 768 0016 FFF7FEFF 		bl	USB_SetDevAddress
 769 001a 0020     		movs	r0, #0
 770 001c 84F89404 		strb	r0, [r4, #1172]
 771 0020 10BD     		pop	{r4, pc}
 772              	.L112:
 773 0022 0220     		movs	r0, #2
 774 0024 7047     		bx	lr
 776              		.section	.text.HAL_PCD_EP_Open,"ax",%progbits
 777              		.align	1
 778              		.global	HAL_PCD_EP_Open
 779              		.syntax unified
 780              		.thumb
 781              		.thumb_func
 783              	HAL_PCD_EP_Open:
 784              		@ args = 0, pretend = 0, frame = 0
 785              		@ frame_needed = 0, uses_anonymous_args = 0
 786 0000 38B5     		push	{r3, r4, r5, lr}
 787 0002 0546     		mov	r5, r0
 788 0004 8C46     		mov	ip, r1
 789 0006 11F0800F 		tst	r1, #128
 790 000a 2BD1     		bne	.L125
ARM GAS  /var/folders/0f/x4_g94q9649fs6s33cksjfb00000gn/T//cc23uH7N.s 			page 14


 791 000c 01F00F0E 		and	lr, r1, #15
 792 0010 0EEBCE04 		add	r4, lr, lr, lsl #3
 793 0014 A400     		lsls	r4, r4, #2
 794 0016 04F51474 		add	r4, r4, #592
 795 001a 0444     		add	r4, r4, r0
 796 001c 211D     		adds	r1, r4, #4
 797 001e 0EEBCE0E 		add	lr, lr, lr, lsl #3
 798 0022 00EB8E0E 		add	lr, r0, lr, lsl #2
 799 0026 0020     		movs	r0, #0
 800 0028 8EF85502 		strb	r0, [lr, #597]
 801              	.L119:
 802 002c 0CF00F0C 		and	ip, ip, #15
 803 0030 81F800C0 		strb	ip, [r1]
 804 0034 C2F30A02 		ubfx	r2, r2, #0, #11
 805 0038 8A60     		str	r2, [r1, #8]
 806 003a 0B71     		strb	r3, [r1, #4]
 807 003c 4A78     		ldrb	r2, [r1, #1]	@ zero_extendqisi2
 808 003e 0AB1     		cbz	r2, .L120
 809 0040 A1F81AC0 		strh	ip, [r1, #26]	@ movhi
 810              	.L120:
 811 0044 022B     		cmp	r3, #2
 812 0046 1CD0     		beq	.L126
 813              	.L121:
 814 0048 95F89434 		ldrb	r3, [r5, #1172]	@ zero_extendqisi2
 815 004c 012B     		cmp	r3, #1
 816 004e 1BD0     		beq	.L123
 817 0050 0123     		movs	r3, #1
 818 0052 85F89434 		strb	r3, [r5, #1172]
 819 0056 2868     		ldr	r0, [r5]
 820 0058 FFF7FEFF 		bl	USB_ActivateEndpoint
 821 005c 0020     		movs	r0, #0
 822 005e 85F89404 		strb	r0, [r5, #1172]
 823              	.L122:
 824 0062 38BD     		pop	{r3, r4, r5, pc}
 825              	.L125:
 826 0064 01F00F00 		and	r0, r1, #15
 827 0068 00EBC001 		add	r1, r0, r0, lsl #3
 828 006c 8900     		lsls	r1, r1, #2
 829 006e 1031     		adds	r1, r1, #16
 830 0070 2944     		add	r1, r1, r5
 831 0072 0431     		adds	r1, r1, #4
 832 0074 00EBC000 		add	r0, r0, r0, lsl #3
 833 0078 05EB8000 		add	r0, r5, r0, lsl #2
 834 007c 0124     		movs	r4, #1
 835 007e 4475     		strb	r4, [r0, #21]
 836 0080 D4E7     		b	.L119
 837              	.L126:
 838 0082 0023     		movs	r3, #0
 839 0084 4B71     		strb	r3, [r1, #5]
 840 0086 DFE7     		b	.L121
 841              	.L123:
 842 0088 0220     		movs	r0, #2
 843 008a EAE7     		b	.L122
 845              		.section	.text.HAL_PCD_EP_Close,"ax",%progbits
 846              		.align	1
 847              		.global	HAL_PCD_EP_Close
 848              		.syntax unified
ARM GAS  /var/folders/0f/x4_g94q9649fs6s33cksjfb00000gn/T//cc23uH7N.s 			page 15


 849              		.thumb
 850              		.thumb_func
 852              	HAL_PCD_EP_Close:
 853              		@ args = 0, pretend = 0, frame = 0
 854              		@ frame_needed = 0, uses_anonymous_args = 0
 855 0000 10B5     		push	{r4, lr}
 856 0002 0446     		mov	r4, r0
 857 0004 0A46     		mov	r2, r1
 858 0006 11F0800F 		tst	r1, #128
 859 000a 20D1     		bne	.L133
 860 000c 01F00F00 		and	r0, r1, #15
 861 0010 00EBC003 		add	r3, r0, r0, lsl #3
 862 0014 9B00     		lsls	r3, r3, #2
 863 0016 03F51473 		add	r3, r3, #592
 864 001a 2344     		add	r3, r3, r4
 865 001c 191D     		adds	r1, r3, #4
 866 001e 00EBC000 		add	r0, r0, r0, lsl #3
 867 0022 04EB8000 		add	r0, r4, r0, lsl #2
 868 0026 0023     		movs	r3, #0
 869 0028 80F85532 		strb	r3, [r0, #597]
 870              	.L129:
 871 002c 02F00F02 		and	r2, r2, #15
 872 0030 0A70     		strb	r2, [r1]
 873 0032 94F89434 		ldrb	r3, [r4, #1172]	@ zero_extendqisi2
 874 0036 012B     		cmp	r3, #1
 875 0038 18D0     		beq	.L131
 876 003a 0123     		movs	r3, #1
 877 003c 84F89434 		strb	r3, [r4, #1172]
 878 0040 2068     		ldr	r0, [r4]
 879 0042 FFF7FEFF 		bl	USB_DeactivateEndpoint
 880 0046 0020     		movs	r0, #0
 881 0048 84F89404 		strb	r0, [r4, #1172]
 882              	.L130:
 883 004c 10BD     		pop	{r4, pc}
 884              	.L133:
 885 004e 01F00F00 		and	r0, r1, #15
 886 0052 00EBC003 		add	r3, r0, r0, lsl #3
 887 0056 9B00     		lsls	r3, r3, #2
 888 0058 1033     		adds	r3, r3, #16
 889 005a 2344     		add	r3, r3, r4
 890 005c 191D     		adds	r1, r3, #4
 891 005e 00EBC000 		add	r0, r0, r0, lsl #3
 892 0062 04EB8000 		add	r0, r4, r0, lsl #2
 893 0066 0123     		movs	r3, #1
 894 0068 4375     		strb	r3, [r0, #21]
 895 006a DFE7     		b	.L129
 896              	.L131:
 897 006c 0220     		movs	r0, #2
 898 006e EDE7     		b	.L130
 900              		.section	.text.HAL_PCD_EP_Receive,"ax",%progbits
 901              		.align	1
 902              		.global	HAL_PCD_EP_Receive
 903              		.syntax unified
 904              		.thumb
 905              		.thumb_func
 907              	HAL_PCD_EP_Receive:
 908              		@ args = 0, pretend = 0, frame = 0
ARM GAS  /var/folders/0f/x4_g94q9649fs6s33cksjfb00000gn/T//cc23uH7N.s 			page 16


 909              		@ frame_needed = 0, uses_anonymous_args = 0
 910 0000 10B5     		push	{r4, lr}
 911 0002 1446     		mov	r4, r2
 912 0004 01F00F0C 		and	ip, r1, #15
 913 0008 0CEBCC01 		add	r1, ip, ip, lsl #3
 914 000c 8900     		lsls	r1, r1, #2
 915 000e 01F51471 		add	r1, r1, #592
 916 0012 0144     		add	r1, r1, r0
 917 0014 0431     		adds	r1, r1, #4
 918 0016 0CEBCC0E 		add	lr, ip, ip, lsl #3
 919 001a 00EB8E0E 		add	lr, r0, lr, lsl #2
 920 001e CEF86022 		str	r2, [lr, #608]
 921 0022 CEF86432 		str	r3, [lr, #612]
 922 0026 0023     		movs	r3, #0
 923 0028 CEF86832 		str	r3, [lr, #616]
 924 002c 8EF85532 		strb	r3, [lr, #597]
 925 0030 8EF854C2 		strb	ip, [lr, #596]
 926 0034 8279     		ldrb	r2, [r0, #6]	@ zero_extendqisi2
 927 0036 012A     		cmp	r2, #1
 928 0038 04D0     		beq	.L137
 929              	.L135:
 930 003a 0068     		ldr	r0, [r0]
 931 003c FFF7FEFF 		bl	USB_EPStartXfer
 932 0040 0020     		movs	r0, #0
 933 0042 10BD     		pop	{r4, pc}
 934              	.L137:
 935 0044 CEF87042 		str	r4, [lr, #624]
 936 0048 F7E7     		b	.L135
 938              		.section	.text.HAL_PCD_EP_GetRxCount,"ax",%progbits
 939              		.align	1
 940              		.global	HAL_PCD_EP_GetRxCount
 941              		.syntax unified
 942              		.thumb
 943              		.thumb_func
 945              	HAL_PCD_EP_GetRxCount:
 946              		@ args = 0, pretend = 0, frame = 0
 947              		@ frame_needed = 0, uses_anonymous_args = 0
 948              		@ link register save eliminated.
 949 0000 01F00F01 		and	r1, r1, #15
 950 0004 01EBC101 		add	r1, r1, r1, lsl #3
 951 0008 00EB8100 		add	r0, r0, r1, lsl #2
 952 000c D0F86802 		ldr	r0, [r0, #616]
 953 0010 7047     		bx	lr
 955              		.section	.text.HAL_PCD_EP_Transmit,"ax",%progbits
 956              		.align	1
 957              		.global	HAL_PCD_EP_Transmit
 958              		.syntax unified
 959              		.thumb
 960              		.thumb_func
 962              	HAL_PCD_EP_Transmit:
 963              		@ args = 0, pretend = 0, frame = 0
 964              		@ frame_needed = 0, uses_anonymous_args = 0
 965 0000 10B5     		push	{r4, lr}
 966 0002 1446     		mov	r4, r2
 967 0004 01F00F0C 		and	ip, r1, #15
 968 0008 0CEBCC01 		add	r1, ip, ip, lsl #3
 969 000c 8900     		lsls	r1, r1, #2
ARM GAS  /var/folders/0f/x4_g94q9649fs6s33cksjfb00000gn/T//cc23uH7N.s 			page 17


 970 000e 1031     		adds	r1, r1, #16
 971 0010 0144     		add	r1, r1, r0
 972 0012 0431     		adds	r1, r1, #4
 973 0014 0CEBCC0E 		add	lr, ip, ip, lsl #3
 974 0018 00EB8E0E 		add	lr, r0, lr, lsl #2
 975 001c CEF82020 		str	r2, [lr, #32]
 976 0020 CEF82430 		str	r3, [lr, #36]
 977 0024 0023     		movs	r3, #0
 978 0026 CEF82830 		str	r3, [lr, #40]
 979 002a 0123     		movs	r3, #1
 980 002c 8EF81530 		strb	r3, [lr, #21]
 981 0030 8EF814C0 		strb	ip, [lr, #20]
 982 0034 8279     		ldrb	r2, [r0, #6]	@ zero_extendqisi2
 983 0036 9A42     		cmp	r2, r3
 984 0038 04D0     		beq	.L142
 985              	.L140:
 986 003a 0068     		ldr	r0, [r0]
 987 003c FFF7FEFF 		bl	USB_EPStartXfer
 988 0040 0020     		movs	r0, #0
 989 0042 10BD     		pop	{r4, pc}
 990              	.L142:
 991 0044 CEF83040 		str	r4, [lr, #48]
 992 0048 F7E7     		b	.L140
 994              		.section	.text.HAL_PCD_EP_SetStall,"ax",%progbits
 995              		.align	1
 996              		.global	HAL_PCD_EP_SetStall
 997              		.syntax unified
 998              		.thumb
 999              		.thumb_func
 1001              	HAL_PCD_EP_SetStall:
 1002              		@ args = 0, pretend = 0, frame = 0
 1003              		@ frame_needed = 0, uses_anonymous_args = 0
 1004 0000 38B5     		push	{r3, r4, r5, lr}
 1005 0002 01F00F05 		and	r5, r1, #15
 1006 0006 0279     		ldrb	r2, [r0, #4]	@ zero_extendqisi2
 1007 0008 AA42     		cmp	r2, r5
 1008 000a 38D3     		bcc	.L148
 1009 000c 0446     		mov	r4, r0
 1010 000e 0B46     		mov	r3, r1
 1011 0010 11F0800F 		tst	r1, #128
 1012 0014 1FD1     		bne	.L151
 1013 0016 01EBC101 		add	r1, r1, r1, lsl #3
 1014 001a 8900     		lsls	r1, r1, #2
 1015 001c 01F51471 		add	r1, r1, #592
 1016 0020 0144     		add	r1, r1, r0
 1017 0022 0431     		adds	r1, r1, #4
 1018 0024 03EBC303 		add	r3, r3, r3, lsl #3
 1019 0028 00EB8303 		add	r3, r0, r3, lsl #2
 1020 002c 0022     		movs	r2, #0
 1021 002e 83F85522 		strb	r2, [r3, #597]
 1022              	.L146:
 1023 0032 0123     		movs	r3, #1
 1024 0034 8B70     		strb	r3, [r1, #2]
 1025 0036 0D70     		strb	r5, [r1]
 1026 0038 94F89434 		ldrb	r3, [r4, #1172]	@ zero_extendqisi2
 1027 003c 012B     		cmp	r3, #1
 1028 003e 20D0     		beq	.L149
ARM GAS  /var/folders/0f/x4_g94q9649fs6s33cksjfb00000gn/T//cc23uH7N.s 			page 18


 1029 0040 0123     		movs	r3, #1
 1030 0042 84F89434 		strb	r3, [r4, #1172]
 1031 0046 2068     		ldr	r0, [r4]
 1032 0048 FFF7FEFF 		bl	USB_EPSetStall
 1033 004c 85B1     		cbz	r5, .L152
 1034              	.L147:
 1035 004e 0020     		movs	r0, #0
 1036 0050 84F89404 		strb	r0, [r4, #1172]
 1037              	.L144:
 1038 0054 38BD     		pop	{r3, r4, r5, pc}
 1039              	.L151:
 1040 0056 05EBC501 		add	r1, r5, r5, lsl #3
 1041 005a 8900     		lsls	r1, r1, #2
 1042 005c 1031     		adds	r1, r1, #16
 1043 005e 0144     		add	r1, r1, r0
 1044 0060 0431     		adds	r1, r1, #4
 1045 0062 05EBC503 		add	r3, r5, r5, lsl #3
 1046 0066 00EB8303 		add	r3, r0, r3, lsl #2
 1047 006a 0122     		movs	r2, #1
 1048 006c 5A75     		strb	r2, [r3, #21]
 1049 006e E0E7     		b	.L146
 1050              	.L152:
 1051 0070 04F29C42 		addw	r2, r4, #1180
 1052 0074 A179     		ldrb	r1, [r4, #6]	@ zero_extendqisi2
 1053 0076 2068     		ldr	r0, [r4]
 1054 0078 FFF7FEFF 		bl	USB_EP0_OutStart
 1055 007c E7E7     		b	.L147
 1056              	.L148:
 1057 007e 0120     		movs	r0, #1
 1058 0080 E8E7     		b	.L144
 1059              	.L149:
 1060 0082 0220     		movs	r0, #2
 1061 0084 E6E7     		b	.L144
 1063              		.section	.text.HAL_PCD_EP_ClrStall,"ax",%progbits
 1064              		.align	1
 1065              		.global	HAL_PCD_EP_ClrStall
 1066              		.syntax unified
 1067              		.thumb
 1068              		.thumb_func
 1070              	HAL_PCD_EP_ClrStall:
 1071              		@ args = 0, pretend = 0, frame = 0
 1072              		@ frame_needed = 0, uses_anonymous_args = 0
 1073 0000 01F00F03 		and	r3, r1, #15
 1074 0004 0279     		ldrb	r2, [r0, #4]	@ zero_extendqisi2
 1075 0006 9A42     		cmp	r2, r3
 1076 0008 30D3     		bcc	.L157
 1077 000a 10B5     		push	{r4, lr}
 1078 000c 0446     		mov	r4, r0
 1079 000e 11F0800F 		tst	r1, #128
 1080 0012 1ED1     		bne	.L163
 1081 0014 03EBC301 		add	r1, r3, r3, lsl #3
 1082 0018 8900     		lsls	r1, r1, #2
 1083 001a 01F51471 		add	r1, r1, #592
 1084 001e 0144     		add	r1, r1, r0
 1085 0020 0431     		adds	r1, r1, #4
 1086 0022 03EBC302 		add	r2, r3, r3, lsl #3
 1087 0026 00EB8202 		add	r2, r0, r2, lsl #2
ARM GAS  /var/folders/0f/x4_g94q9649fs6s33cksjfb00000gn/T//cc23uH7N.s 			page 19


 1088 002a 0020     		movs	r0, #0
 1089 002c 82F85502 		strb	r0, [r2, #597]
 1090              	.L156:
 1091 0030 0022     		movs	r2, #0
 1092 0032 8A70     		strb	r2, [r1, #2]
 1093 0034 0B70     		strb	r3, [r1]
 1094 0036 94F89434 		ldrb	r3, [r4, #1172]	@ zero_extendqisi2
 1095 003a 012B     		cmp	r3, #1
 1096 003c 18D0     		beq	.L158
 1097 003e 0123     		movs	r3, #1
 1098 0040 84F89434 		strb	r3, [r4, #1172]
 1099 0044 2068     		ldr	r0, [r4]
 1100 0046 FFF7FEFF 		bl	USB_EPClearStall
 1101 004a 0020     		movs	r0, #0
 1102 004c 84F89404 		strb	r0, [r4, #1172]
 1103              	.L154:
 1104 0050 10BD     		pop	{r4, pc}
 1105              	.L163:
 1106 0052 03EBC301 		add	r1, r3, r3, lsl #3
 1107 0056 8900     		lsls	r1, r1, #2
 1108 0058 1031     		adds	r1, r1, #16
 1109 005a 0144     		add	r1, r1, r0
 1110 005c 0431     		adds	r1, r1, #4
 1111 005e 03EBC302 		add	r2, r3, r3, lsl #3
 1112 0062 00EB8202 		add	r2, r0, r2, lsl #2
 1113 0066 0120     		movs	r0, #1
 1114 0068 5075     		strb	r0, [r2, #21]
 1115 006a E1E7     		b	.L156
 1116              	.L157:
 1117 006c 0120     		movs	r0, #1
 1118 006e 7047     		bx	lr
 1119              	.L158:
 1120 0070 0220     		movs	r0, #2
 1121 0072 EDE7     		b	.L154
 1123              		.section	.text.HAL_PCD_EP_Abort,"ax",%progbits
 1124              		.align	1
 1125              		.global	HAL_PCD_EP_Abort
 1126              		.syntax unified
 1127              		.thumb
 1128              		.thumb_func
 1130              	HAL_PCD_EP_Abort:
 1131              		@ args = 0, pretend = 0, frame = 0
 1132              		@ frame_needed = 0, uses_anonymous_args = 0
 1133 0000 08B5     		push	{r3, lr}
 1134 0002 11F0800F 		tst	r1, #128
 1135 0006 0CD1     		bne	.L168
 1136 0008 01F00F01 		and	r1, r1, #15
 1137 000c 01EBC101 		add	r1, r1, r1, lsl #3
 1138 0010 8900     		lsls	r1, r1, #2
 1139 0012 01F51471 		add	r1, r1, #592
 1140 0016 0144     		add	r1, r1, r0
 1141 0018 0431     		adds	r1, r1, #4
 1142              	.L166:
 1143 001a 0068     		ldr	r0, [r0]
 1144 001c FFF7FEFF 		bl	USB_EPStopXfer
 1145 0020 08BD     		pop	{r3, pc}
 1146              	.L168:
ARM GAS  /var/folders/0f/x4_g94q9649fs6s33cksjfb00000gn/T//cc23uH7N.s 			page 20


 1147 0022 01F00F01 		and	r1, r1, #15
 1148 0026 01EBC101 		add	r1, r1, r1, lsl #3
 1149 002a 8900     		lsls	r1, r1, #2
 1150 002c 1031     		adds	r1, r1, #16
 1151 002e 0144     		add	r1, r1, r0
 1152 0030 0431     		adds	r1, r1, #4
 1153 0032 F2E7     		b	.L166
 1155              		.section	.text.HAL_PCD_IRQHandler,"ax",%progbits
 1156              		.align	1
 1157              		.global	HAL_PCD_IRQHandler
 1158              		.syntax unified
 1159              		.thumb
 1160              		.thumb_func
 1162              	HAL_PCD_IRQHandler:
 1163              		@ args = 0, pretend = 0, frame = 8
 1164              		@ frame_needed = 0, uses_anonymous_args = 0
 1165 0000 2DE9F04F 		push	{r4, r5, r6, r7, r8, r9, r10, fp, lr}
 1166 0004 83B0     		sub	sp, sp, #12
 1167 0006 0446     		mov	r4, r0
 1168 0008 0568     		ldr	r5, [r0]
 1169 000a 2846     		mov	r0, r5
 1170 000c FFF7FEFF 		bl	USB_GetMode
 1171 0010 10B1     		cbz	r0, .L229
 1172              	.L169:
 1173 0012 03B0     		add	sp, sp, #12
 1174              		@ sp needed
 1175 0014 BDE8F08F 		pop	{r4, r5, r6, r7, r8, r9, r10, fp, pc}
 1176              	.L229:
 1177 0018 0646     		mov	r6, r0
 1178 001a 2068     		ldr	r0, [r4]
 1179 001c FFF7FEFF 		bl	USB_ReadInterrupts
 1180 0020 0028     		cmp	r0, #0
 1181 0022 F6D0     		beq	.L169
 1182 0024 05F50067 		add	r7, r5, #2048
 1183 0028 BB68     		ldr	r3, [r7, #8]
 1184 002a C3F30D23 		ubfx	r3, r3, #8, #14
 1185 002e C4F8D434 		str	r3, [r4, #1236]
 1186 0032 2068     		ldr	r0, [r4]
 1187 0034 FFF7FEFF 		bl	USB_ReadInterrupts
 1188 0038 10F0020F 		tst	r0, #2
 1189 003c 04D0     		beq	.L171
 1190 003e 2268     		ldr	r2, [r4]
 1191 0040 5369     		ldr	r3, [r2, #20]
 1192 0042 03F00203 		and	r3, r3, #2
 1193 0046 5361     		str	r3, [r2, #20]
 1194              	.L171:
 1195 0048 2068     		ldr	r0, [r4]
 1196 004a FFF7FEFF 		bl	USB_ReadInterrupts
 1197 004e 10F0100F 		tst	r0, #16
 1198 0052 16D0     		beq	.L172
 1199 0054 2268     		ldr	r2, [r4]
 1200 0056 9369     		ldr	r3, [r2, #24]
 1201 0058 23F01003 		bic	r3, r3, #16
 1202 005c 9361     		str	r3, [r2, #24]
 1203 005e D5F82080 		ldr	r8, [r5, #32]
 1204 0062 08F00F09 		and	r9, r8, #15
 1205 0066 08F4F013 		and	r3, r8, #1966080
ARM GAS  /var/folders/0f/x4_g94q9649fs6s33cksjfb00000gn/T//cc23uH7N.s 			page 21


 1206 006a B3F5802F 		cmp	r3, #262144
 1207 006e 6AD0     		beq	.L230
 1208 0070 B3F5402F 		cmp	r3, #786432
 1209 0074 00F08D80 		beq	.L231
 1210              	.L174:
 1211 0078 2268     		ldr	r2, [r4]
 1212 007a 9369     		ldr	r3, [r2, #24]
 1213 007c 43F01003 		orr	r3, r3, #16
 1214 0080 9361     		str	r3, [r2, #24]
 1215              	.L172:
 1216 0082 2068     		ldr	r0, [r4]
 1217 0084 FFF7FEFF 		bl	USB_ReadInterrupts
 1218 0088 10F4002F 		tst	r0, #524288
 1219 008c 40F09380 		bne	.L232
 1220              	.L175:
 1221 0090 2068     		ldr	r0, [r4]
 1222 0092 FFF7FEFF 		bl	USB_ReadInterrupts
 1223 0096 10F4802F 		tst	r0, #262144
 1224 009a 40F0FC80 		bne	.L233
 1225              	.L186:
 1226 009e 2068     		ldr	r0, [r4]
 1227 00a0 FFF7FEFF 		bl	USB_ReadInterrupts
 1228 00a4 0028     		cmp	r0, #0
 1229 00a6 C0F27D81 		blt	.L234
 1230              	.L197:
 1231 00aa 2068     		ldr	r0, [r4]
 1232 00ac FFF7FEFF 		bl	USB_ReadInterrupts
 1233 00b0 10F4006F 		tst	r0, #2048
 1234 00b4 09D0     		beq	.L200
 1235 00b6 BB68     		ldr	r3, [r7, #8]
 1236 00b8 13F0010F 		tst	r3, #1
 1237 00bc 40F08A81 		bne	.L235
 1238              	.L201:
 1239 00c0 2268     		ldr	r2, [r4]
 1240 00c2 5369     		ldr	r3, [r2, #20]
 1241 00c4 03F40063 		and	r3, r3, #2048
 1242 00c8 5361     		str	r3, [r2, #20]
 1243              	.L200:
 1244 00ca 2068     		ldr	r0, [r4]
 1245 00cc FFF7FEFF 		bl	USB_ReadInterrupts
 1246 00d0 10F0006F 		tst	r0, #134217728
 1247 00d4 15D0     		beq	.L202
 1248 00d6 2268     		ldr	r2, [r4]
 1249 00d8 5369     		ldr	r3, [r2, #20]
 1250 00da 03F00063 		and	r3, r3, #134217728
 1251 00de 5361     		str	r3, [r2, #20]
 1252 00e0 94F8CC34 		ldrb	r3, [r4, #1228]	@ zero_extendqisi2
 1253 00e4 002B     		cmp	r3, #0
 1254 00e6 40F07981 		bne	.L203
 1255 00ea 0121     		movs	r1, #1
 1256 00ec 84F8CC14 		strb	r1, [r4, #1228]
 1257 00f0 2368     		ldr	r3, [r4]
 1258 00f2 5B6D     		ldr	r3, [r3, #84]
 1259 00f4 C3F38303 		ubfx	r3, r3, #2, #4
 1260 00f8 C4F8D034 		str	r3, [r4, #1232]
 1261 00fc 2046     		mov	r0, r4
 1262 00fe FFF7FEFF 		bl	HAL_PCDEx_LPM_Callback
ARM GAS  /var/folders/0f/x4_g94q9649fs6s33cksjfb00000gn/T//cc23uH7N.s 			page 22


 1263              	.L202:
 1264 0102 2068     		ldr	r0, [r4]
 1265 0104 FFF7FEFF 		bl	USB_ReadInterrupts
 1266 0108 10F4805F 		tst	r0, #4096
 1267 010c 40F06A81 		bne	.L236
 1268              	.L204:
 1269 0110 2068     		ldr	r0, [r4]
 1270 0112 FFF7FEFF 		bl	USB_ReadInterrupts
 1271 0116 10F4005F 		tst	r0, #8192
 1272 011a 40F0B681 		bne	.L237
 1273              	.L209:
 1274 011e 2068     		ldr	r0, [r4]
 1275 0120 FFF7FEFF 		bl	USB_ReadInterrupts
 1276 0124 10F0080F 		tst	r0, #8
 1277 0128 40F0C781 		bne	.L238
 1278              	.L210:
 1279 012c 2068     		ldr	r0, [r4]
 1280 012e FFF7FEFF 		bl	USB_ReadInterrupts
 1281 0132 10F0800F 		tst	r0, #128
 1282 0136 00F0DA81 		beq	.L211
 1283 013a AB69     		ldr	r3, [r5, #24]
 1284 013c 23F08003 		bic	r3, r3, #128
 1285 0140 AB61     		str	r3, [r5, #24]
 1286 0142 0126     		movs	r6, #1
 1287 0144 C3E1     		b	.L212
 1288              	.L230:
 1289 0146 47F6F073 		movw	r3, #32752
 1290 014a 18EA030F 		tst	r8, r3
 1291 014e 93D0     		beq	.L174
 1292 0150 4FEA181A 		lsr	r10, r8, #4
 1293 0154 4FEAC903 		lsl	r3, r9, #3
 1294 0158 0193     		str	r3, [sp, #4]
 1295 015a 09EBC90B 		add	fp, r9, r9, lsl #3
 1296 015e 04EB8B0B 		add	fp, r4, fp, lsl #2
 1297 0162 C8F30A12 		ubfx	r2, r8, #4, #11
 1298 0166 DBF86012 		ldr	r1, [fp, #608]
 1299 016a 2846     		mov	r0, r5
 1300 016c FFF7FEFF 		bl	USB_ReadPacket
 1301 0170 DBF86032 		ldr	r3, [fp, #608]
 1302 0174 CAF30A0A 		ubfx	r10, r10, #0, #11
 1303 0178 5344     		add	r3, r3, r10
 1304 017a CBF86032 		str	r3, [fp, #608]
 1305 017e DBF86832 		ldr	r3, [fp, #616]
 1306 0182 019A     		ldr	r2, [sp, #4]
 1307 0184 4A44     		add	r2, r2, r9
 1308 0186 04EB8202 		add	r2, r4, r2, lsl #2
 1309 018a 5344     		add	r3, r3, r10
 1310 018c C2F86832 		str	r3, [r2, #616]
 1311 0190 72E7     		b	.L174
 1312              	.L231:
 1313 0192 0822     		movs	r2, #8
 1314 0194 04F29C41 		addw	r1, r4, #1180
 1315 0198 2846     		mov	r0, r5
 1316 019a FFF7FEFF 		bl	USB_ReadPacket
 1317 019e 09EBC903 		add	r3, r9, r9, lsl #3
 1318 01a2 04EB8303 		add	r3, r4, r3, lsl #2
 1319 01a6 D3F86822 		ldr	r2, [r3, #616]
ARM GAS  /var/folders/0f/x4_g94q9649fs6s33cksjfb00000gn/T//cc23uH7N.s 			page 23


 1320 01aa C8F30A18 		ubfx	r8, r8, #4, #11
 1321 01ae 4244     		add	r2, r2, r8
 1322 01b0 C3F86822 		str	r2, [r3, #616]
 1323 01b4 60E7     		b	.L174
 1324              	.L232:
 1325 01b6 2068     		ldr	r0, [r4]
 1326 01b8 FFF7FEFF 		bl	USB_ReadDevAllOutEpInterrupt
 1327 01bc 8046     		mov	r8, r0
 1328 01be B146     		mov	r9, r6
 1329 01c0 35E0     		b	.L176
 1330              	.L240:
 1331 01c2 05EB4913 		add	r3, r5, r9, lsl #5
 1332 01c6 0122     		movs	r2, #1
 1333 01c8 C3F8082B 		str	r2, [r3, #2824]
 1334 01cc 4946     		mov	r1, r9
 1335 01ce 2046     		mov	r0, r4
 1336 01d0 FFF7FEFF 		bl	PCD_EP_OutXfrComplete_int
 1337 01d4 3CE0     		b	.L178
 1338              	.L241:
 1339 01d6 05EB4913 		add	r3, r5, r9, lsl #5
 1340 01da 0822     		movs	r2, #8
 1341 01dc C3F8082B 		str	r2, [r3, #2824]
 1342 01e0 4946     		mov	r1, r9
 1343 01e2 2046     		mov	r0, r4
 1344 01e4 FFF7FEFF 		bl	PCD_EP_OutSetupPacket_int
 1345 01e8 35E0     		b	.L179
 1346              	.L182:
 1347 01ea 09EBC903 		add	r3, r9, r9, lsl #3
 1348 01ee 04EB8303 		add	r3, r4, r3, lsl #2
 1349 01f2 93F85732 		ldrb	r3, [r3, #599]	@ zero_extendqisi2
 1350 01f6 012B     		cmp	r3, #1
 1351 01f8 41D0     		beq	.L239
 1352              	.L183:
 1353 01fa 05EB4913 		add	r3, r5, r9, lsl #5
 1354 01fe 0222     		movs	r2, #2
 1355 0200 C3F8082B 		str	r2, [r3, #2824]
 1356              	.L181:
 1357 0204 1AF0200F 		tst	r10, #32
 1358 0208 04D0     		beq	.L184
 1359 020a 05EB4913 		add	r3, r5, r9, lsl #5
 1360 020e 2022     		movs	r2, #32
 1361 0210 C3F8082B 		str	r2, [r3, #2824]
 1362              	.L184:
 1363 0214 1AF4005F 		tst	r10, #8192
 1364 0218 05D0     		beq	.L177
 1365 021a 05EB4913 		add	r3, r5, r9, lsl #5
 1366 021e 4FF40052 		mov	r2, #8192
 1367 0222 C3F8082B 		str	r2, [r3, #2824]
 1368              	.L177:
 1369 0226 09F10109 		add	r9, r9, #1
 1370 022a 4FEA5808 		lsr	r8, r8, #1
 1371              	.L176:
 1372 022e B8F1000F 		cmp	r8, #0
 1373 0232 3FF42DAF 		beq	.L175
 1374 0236 18F0010F 		tst	r8, #1
 1375 023a F4D0     		beq	.L177
 1376 023c 5FFA89FB 		uxtb	fp, r9
ARM GAS  /var/folders/0f/x4_g94q9649fs6s33cksjfb00000gn/T//cc23uH7N.s 			page 24


 1377 0240 5946     		mov	r1, fp
 1378 0242 2068     		ldr	r0, [r4]
 1379 0244 FFF7FEFF 		bl	USB_ReadDevOutEPInterrupt
 1380 0248 8246     		mov	r10, r0
 1381 024a 10F0010F 		tst	r0, #1
 1382 024e B8D1     		bne	.L240
 1383              	.L178:
 1384 0250 1AF0080F 		tst	r10, #8
 1385 0254 BFD1     		bne	.L241
 1386              	.L179:
 1387 0256 1AF0100F 		tst	r10, #16
 1388 025a 04D0     		beq	.L180
 1389 025c 05EB4913 		add	r3, r5, r9, lsl #5
 1390 0260 1022     		movs	r2, #16
 1391 0262 C3F8082B 		str	r2, [r3, #2824]
 1392              	.L180:
 1393 0266 1AF0020F 		tst	r10, #2
 1394 026a CBD0     		beq	.L181
 1395 026c 6B69     		ldr	r3, [r5, #20]
 1396 026e 13F0800F 		tst	r3, #128
 1397 0272 BAD0     		beq	.L182
 1398 0274 7B68     		ldr	r3, [r7, #4]
 1399 0276 43F48063 		orr	r3, r3, #1024
 1400 027a 7B60     		str	r3, [r7, #4]
 1401 027c B5E7     		b	.L182
 1402              	.L239:
 1403 027e 09EBC903 		add	r3, r9, r9, lsl #3
 1404 0282 04EB8303 		add	r3, r4, r3, lsl #2
 1405 0286 0022     		movs	r2, #0
 1406 0288 83F85722 		strb	r2, [r3, #599]
 1407 028c 5946     		mov	r1, fp
 1408 028e 2046     		mov	r0, r4
 1409 0290 FFF7FEFF 		bl	HAL_PCD_ISOOUTIncompleteCallback
 1410 0294 B1E7     		b	.L183
 1411              	.L233:
 1412 0296 2068     		ldr	r0, [r4]
 1413 0298 FFF7FEFF 		bl	USB_ReadDevAllInEpInterrupt
 1414 029c 8046     		mov	r8, r0
 1415 029e B146     		mov	r9, r6
 1416 02a0 25E0     		b	.L187
 1417              	.L190:
 1418 02a2 5946     		mov	r1, fp
 1419 02a4 2046     		mov	r0, r4
 1420 02a6 FFF7FEFF 		bl	HAL_PCD_DataInStageCallback
 1421              	.L189:
 1422 02aa 1AF0080F 		tst	r10, #8
 1423 02ae 04D0     		beq	.L191
 1424 02b0 05EB4913 		add	r3, r5, r9, lsl #5
 1425 02b4 0822     		movs	r2, #8
 1426 02b6 C3F80829 		str	r2, [r3, #2312]
 1427              	.L191:
 1428 02ba 1AF0100F 		tst	r10, #16
 1429 02be 04D0     		beq	.L192
 1430 02c0 05EB4913 		add	r3, r5, r9, lsl #5
 1431 02c4 1022     		movs	r2, #16
 1432 02c6 C3F80829 		str	r2, [r3, #2312]
 1433              	.L192:
ARM GAS  /var/folders/0f/x4_g94q9649fs6s33cksjfb00000gn/T//cc23uH7N.s 			page 25


 1434 02ca 1AF0400F 		tst	r10, #64
 1435 02ce 04D0     		beq	.L193
 1436 02d0 05EB4913 		add	r3, r5, r9, lsl #5
 1437 02d4 4022     		movs	r2, #64
 1438 02d6 C3F80829 		str	r2, [r3, #2312]
 1439              	.L193:
 1440 02da 1AF0020F 		tst	r10, #2
 1441 02de 40D1     		bne	.L242
 1442              	.L194:
 1443 02e0 1AF0800F 		tst	r10, #128
 1444 02e4 59D1     		bne	.L243
 1445              	.L188:
 1446 02e6 09F10109 		add	r9, r9, #1
 1447 02ea 4FEA5808 		lsr	r8, r8, #1
 1448              	.L187:
 1449 02ee B8F1000F 		cmp	r8, #0
 1450 02f2 3FF4D4AE 		beq	.L186
 1451 02f6 18F0010F 		tst	r8, #1
 1452 02fa F4D0     		beq	.L188
 1453 02fc 5FFA89FB 		uxtb	fp, r9
 1454 0300 5946     		mov	r1, fp
 1455 0302 2068     		ldr	r0, [r4]
 1456 0304 FFF7FEFF 		bl	USB_ReadDevInEPInterrupt
 1457 0308 8246     		mov	r10, r0
 1458 030a 10F0010F 		tst	r0, #1
 1459 030e CCD0     		beq	.L189
 1460 0310 09F00F02 		and	r2, r9, #15
 1461 0314 0121     		movs	r1, #1
 1462 0316 01FA02F2 		lsl	r2, r1, r2
 1463 031a 7B6B     		ldr	r3, [r7, #52]
 1464 031c 23EA0203 		bic	r3, r3, r2
 1465 0320 7B63     		str	r3, [r7, #52]
 1466 0322 05EB4913 		add	r3, r5, r9, lsl #5
 1467 0326 C3F80819 		str	r1, [r3, #2312]
 1468 032a A379     		ldrb	r3, [r4, #6]	@ zero_extendqisi2
 1469 032c 8B42     		cmp	r3, r1
 1470 032e B8D1     		bne	.L190
 1471 0330 09EBC903 		add	r3, r9, r9, lsl #3
 1472 0334 04EB8303 		add	r3, r4, r3, lsl #2
 1473 0338 1A6A     		ldr	r2, [r3, #32]
 1474 033a D969     		ldr	r1, [r3, #28]
 1475 033c 0A44     		add	r2, r2, r1
 1476 033e 1A62     		str	r2, [r3, #32]
 1477 0340 B9F1000F 		cmp	r9, #0
 1478 0344 ADD1     		bne	.L190
 1479 0346 09EBC903 		add	r3, r9, r9, lsl #3
 1480 034a 04EB8303 		add	r3, r4, r3, lsl #2
 1481 034e 5B6A     		ldr	r3, [r3, #36]
 1482 0350 002B     		cmp	r3, #0
 1483 0352 A6D1     		bne	.L190
 1484 0354 04F29C42 		addw	r2, r4, #1180
 1485 0358 0121     		movs	r1, #1
 1486 035a 2068     		ldr	r0, [r4]
 1487 035c FFF7FEFF 		bl	USB_EP0_OutStart
 1488 0360 9FE7     		b	.L190
 1489              	.L242:
 1490 0362 4946     		mov	r1, r9
ARM GAS  /var/folders/0f/x4_g94q9649fs6s33cksjfb00000gn/T//cc23uH7N.s 			page 26


 1491 0364 2846     		mov	r0, r5
 1492 0366 FFF7FEFF 		bl	USB_FlushTxFifo
 1493 036a 09EBC903 		add	r3, r9, r9, lsl #3
 1494 036e 04EB8303 		add	r3, r4, r3, lsl #2
 1495 0372 DB7D     		ldrb	r3, [r3, #23]	@ zero_extendqisi2
 1496 0374 012B     		cmp	r3, #1
 1497 0376 05D0     		beq	.L244
 1498              	.L195:
 1499 0378 05EB4913 		add	r3, r5, r9, lsl #5
 1500 037c 0222     		movs	r2, #2
 1501 037e C3F80829 		str	r2, [r3, #2312]
 1502 0382 ADE7     		b	.L194
 1503              	.L244:
 1504 0384 09EBC903 		add	r3, r9, r9, lsl #3
 1505 0388 04EB8303 		add	r3, r4, r3, lsl #2
 1506 038c 0022     		movs	r2, #0
 1507 038e DA75     		strb	r2, [r3, #23]
 1508 0390 5946     		mov	r1, fp
 1509 0392 2046     		mov	r0, r4
 1510 0394 FFF7FEFF 		bl	HAL_PCD_ISOINIncompleteCallback
 1511 0398 EEE7     		b	.L195
 1512              	.L243:
 1513 039a 4946     		mov	r1, r9
 1514 039c 2046     		mov	r0, r4
 1515 039e FFF7FEFF 		bl	PCD_WriteEmptyTxFifo
 1516 03a2 A0E7     		b	.L188
 1517              	.L234:
 1518 03a4 7B68     		ldr	r3, [r7, #4]
 1519 03a6 23F00103 		bic	r3, r3, #1
 1520 03aa 7B60     		str	r3, [r7, #4]
 1521 03ac 94F8CC34 		ldrb	r3, [r4, #1228]	@ zero_extendqisi2
 1522 03b0 012B     		cmp	r3, #1
 1523 03b2 08D0     		beq	.L245
 1524 03b4 2046     		mov	r0, r4
 1525 03b6 FFF7FEFF 		bl	HAL_PCD_ResumeCallback
 1526              	.L199:
 1527 03ba 2268     		ldr	r2, [r4]
 1528 03bc 5369     		ldr	r3, [r2, #20]
 1529 03be 03F00043 		and	r3, r3, #-2147483648
 1530 03c2 5361     		str	r3, [r2, #20]
 1531 03c4 71E6     		b	.L197
 1532              	.L245:
 1533 03c6 0021     		movs	r1, #0
 1534 03c8 84F8CC14 		strb	r1, [r4, #1228]
 1535 03cc 2046     		mov	r0, r4
 1536 03ce FFF7FEFF 		bl	HAL_PCDEx_LPM_Callback
 1537 03d2 F2E7     		b	.L199
 1538              	.L235:
 1539 03d4 2046     		mov	r0, r4
 1540 03d6 FFF7FEFF 		bl	HAL_PCD_SuspendCallback
 1541 03da 71E6     		b	.L201
 1542              	.L203:
 1543 03dc 2046     		mov	r0, r4
 1544 03de FFF7FEFF 		bl	HAL_PCD_SuspendCallback
 1545 03e2 8EE6     		b	.L202
 1546              	.L236:
 1547 03e4 7B68     		ldr	r3, [r7, #4]
ARM GAS  /var/folders/0f/x4_g94q9649fs6s33cksjfb00000gn/T//cc23uH7N.s 			page 27


 1548 03e6 23F00103 		bic	r3, r3, #1
 1549 03ea 7B60     		str	r3, [r7, #4]
 1550 03ec 1021     		movs	r1, #16
 1551 03ee 2068     		ldr	r0, [r4]
 1552 03f0 FFF7FEFF 		bl	USB_FlushTxFifo
 1553 03f4 1AE0     		b	.L205
 1554              	.L206:
 1555 03f6 05EB4613 		add	r3, r5, r6, lsl #5
 1556 03fa 4FF67F31 		movw	r1, #64383
 1557 03fe C3F80819 		str	r1, [r3, #2312]
 1558 0402 D3F80029 		ldr	r2, [r3, #2304]
 1559 0406 22F40012 		bic	r2, r2, #2097152
 1560 040a C3F80029 		str	r2, [r3, #2304]
 1561 040e C3F8081B 		str	r1, [r3, #2824]
 1562 0412 D3F8002B 		ldr	r2, [r3, #2816]
 1563 0416 22F40012 		bic	r2, r2, #2097152
 1564 041a C3F8002B 		str	r2, [r3, #2816]
 1565 041e D3F8002B 		ldr	r2, [r3, #2816]
 1566 0422 42F00062 		orr	r2, r2, #134217728
 1567 0426 C3F8002B 		str	r2, [r3, #2816]
 1568 042a 0136     		adds	r6, r6, #1
 1569              	.L205:
 1570 042c 2379     		ldrb	r3, [r4, #4]	@ zero_extendqisi2
 1571 042e B342     		cmp	r3, r6
 1572 0430 E1D8     		bhi	.L206
 1573 0432 FB69     		ldr	r3, [r7, #28]
 1574 0434 43F00113 		orr	r3, r3, #65537
 1575 0438 FB61     		str	r3, [r7, #28]
 1576 043a E37B     		ldrb	r3, [r4, #15]	@ zero_extendqisi2
 1577 043c DBB1     		cbz	r3, .L207
 1578 043e D7F88430 		ldr	r3, [r7, #132]
 1579 0442 43F00B03 		orr	r3, r3, #11
 1580 0446 C7F88430 		str	r3, [r7, #132]
 1581 044a 7B6C     		ldr	r3, [r7, #68]
 1582 044c 43F00B03 		orr	r3, r3, #11
 1583 0450 7B64     		str	r3, [r7, #68]
 1584              	.L208:
 1585 0452 D5F80038 		ldr	r3, [r5, #2048]
 1586 0456 23F4FE63 		bic	r3, r3, #2032
 1587 045a C5F80038 		str	r3, [r5, #2048]
 1588 045e 04F29C42 		addw	r2, r4, #1180
 1589 0462 A179     		ldrb	r1, [r4, #6]	@ zero_extendqisi2
 1590 0464 2068     		ldr	r0, [r4]
 1591 0466 FFF7FEFF 		bl	USB_EP0_OutStart
 1592 046a 2268     		ldr	r2, [r4]
 1593 046c 5369     		ldr	r3, [r2, #20]
 1594 046e 03F48053 		and	r3, r3, #4096
 1595 0472 5361     		str	r3, [r2, #20]
 1596 0474 4CE6     		b	.L204
 1597              	.L207:
 1598 0476 7A69     		ldr	r2, [r7, #20]
 1599 0478 42F22B03 		movw	r3, #8235
 1600 047c 1343     		orrs	r3, r3, r2
 1601 047e 7B61     		str	r3, [r7, #20]
 1602 0480 3B69     		ldr	r3, [r7, #16]
 1603 0482 43F00B03 		orr	r3, r3, #11
 1604 0486 3B61     		str	r3, [r7, #16]
ARM GAS  /var/folders/0f/x4_g94q9649fs6s33cksjfb00000gn/T//cc23uH7N.s 			page 28


 1605 0488 E3E7     		b	.L208
 1606              	.L237:
 1607 048a 2068     		ldr	r0, [r4]
 1608 048c FFF7FEFF 		bl	USB_ActivateSetup
 1609 0490 2068     		ldr	r0, [r4]
 1610 0492 FFF7FEFF 		bl	USB_GetDevSpeed
 1611 0496 E071     		strb	r0, [r4, #7]
 1612 0498 2668     		ldr	r6, [r4]
 1613 049a FFF7FEFF 		bl	HAL_RCC_GetHCLKFreq
 1614 049e 0146     		mov	r1, r0
 1615 04a0 E279     		ldrb	r2, [r4, #7]	@ zero_extendqisi2
 1616 04a2 3046     		mov	r0, r6
 1617 04a4 FFF7FEFF 		bl	USB_SetTurnaroundTime
 1618 04a8 2046     		mov	r0, r4
 1619 04aa FFF7FEFF 		bl	HAL_PCD_ResetCallback
 1620 04ae 2268     		ldr	r2, [r4]
 1621 04b0 5369     		ldr	r3, [r2, #20]
 1622 04b2 03F40053 		and	r3, r3, #8192
 1623 04b6 5361     		str	r3, [r2, #20]
 1624 04b8 31E6     		b	.L209
 1625              	.L238:
 1626 04ba 2046     		mov	r0, r4
 1627 04bc FFF7FEFF 		bl	HAL_PCD_SOFCallback
 1628 04c0 2268     		ldr	r2, [r4]
 1629 04c2 5369     		ldr	r3, [r2, #20]
 1630 04c4 03F00803 		and	r3, r3, #8
 1631 04c8 5361     		str	r3, [r2, #20]
 1632 04ca 2FE6     		b	.L210
 1633              	.L213:
 1634 04cc 0136     		adds	r6, r6, #1
 1635              	.L212:
 1636 04ce 2379     		ldrb	r3, [r4, #4]	@ zero_extendqisi2
 1637 04d0 B342     		cmp	r3, r6
 1638 04d2 0CD9     		bls	.L211
 1639 04d4 06EBC603 		add	r3, r6, r6, lsl #3
 1640 04d8 04EB8303 		add	r3, r4, r3, lsl #2
 1641 04dc 93F85732 		ldrb	r3, [r3, #599]	@ zero_extendqisi2
 1642 04e0 012B     		cmp	r3, #1
 1643 04e2 F3D1     		bne	.L213
 1644 04e4 F1B2     		uxtb	r1, r6
 1645 04e6 2046     		mov	r0, r4
 1646 04e8 FFF7FEFF 		bl	HAL_PCD_EP_Abort
 1647 04ec EEE7     		b	.L213
 1648              	.L211:
 1649 04ee 2068     		ldr	r0, [r4]
 1650 04f0 FFF7FEFF 		bl	USB_ReadInterrupts
 1651 04f4 10F4801F 		tst	r0, #1048576
 1652 04f8 25D1     		bne	.L226
 1653              	.L216:
 1654 04fa 2068     		ldr	r0, [r4]
 1655 04fc FFF7FEFF 		bl	USB_ReadInterrupts
 1656 0500 10F4001F 		tst	r0, #2097152
 1657 0504 58D0     		beq	.L220
 1658 0506 0123     		movs	r3, #1
 1659 0508 26E0     		b	.L219
 1660              	.L217:
 1661 050a 0136     		adds	r6, r6, #1
ARM GAS  /var/folders/0f/x4_g94q9649fs6s33cksjfb00000gn/T//cc23uH7N.s 			page 29


 1662              	.L215:
 1663 050c 2379     		ldrb	r3, [r4, #4]	@ zero_extendqisi2
 1664 050e B342     		cmp	r3, r6
 1665 0510 1BD9     		bls	.L246
 1666 0512 05EB4613 		add	r3, r5, r6, lsl #5
 1667 0516 D3F80029 		ldr	r2, [r3, #2304]
 1668 051a 06EBC603 		add	r3, r6, r6, lsl #3
 1669 051e 04EB8303 		add	r3, r4, r3, lsl #2
 1670 0522 1B7E     		ldrb	r3, [r3, #24]	@ zero_extendqisi2
 1671 0524 012B     		cmp	r3, #1
 1672 0526 F0D1     		bne	.L217
 1673 0528 002A     		cmp	r2, #0
 1674 052a EEDA     		bge	.L217
 1675 052c 06EBC603 		add	r3, r6, r6, lsl #3
 1676 0530 04EB8303 		add	r3, r4, r3, lsl #2
 1677 0534 0122     		movs	r2, #1
 1678 0536 DA75     		strb	r2, [r3, #23]
 1679 0538 66F07F01 		orn	r1, r6, #127
 1680 053c C9B2     		uxtb	r1, r1
 1681 053e 2046     		mov	r0, r4
 1682 0540 FFF7FEFF 		bl	HAL_PCD_EP_Abort
 1683 0544 E1E7     		b	.L217
 1684              	.L226:
 1685 0546 0126     		movs	r6, #1
 1686 0548 E0E7     		b	.L215
 1687              	.L246:
 1688 054a 2268     		ldr	r2, [r4]
 1689 054c 5369     		ldr	r3, [r2, #20]
 1690 054e 03F48013 		and	r3, r3, #1048576
 1691 0552 5361     		str	r3, [r2, #20]
 1692 0554 D1E7     		b	.L216
 1693              	.L221:
 1694 0556 0133     		adds	r3, r3, #1
 1695              	.L219:
 1696 0558 2279     		ldrb	r2, [r4, #4]	@ zero_extendqisi2
 1697 055a 9A42     		cmp	r2, r3
 1698 055c 27D9     		bls	.L222
 1699 055e 05EB4312 		add	r2, r5, r3, lsl #5
 1700 0562 D2F8001B 		ldr	r1, [r2, #2816]
 1701 0566 03EBC302 		add	r2, r3, r3, lsl #3
 1702 056a 04EB8202 		add	r2, r4, r2, lsl #2
 1703 056e 92F85822 		ldrb	r2, [r2, #600]	@ zero_extendqisi2
 1704 0572 012A     		cmp	r2, #1
 1705 0574 EFD1     		bne	.L221
 1706 0576 0029     		cmp	r1, #0
 1707 0578 EDDA     		bge	.L221
 1708 057a D4F8D424 		ldr	r2, [r4, #1236]
 1709 057e 82EA1142 		eor	r2, r2, r1, lsr #16
 1710 0582 12F0010F 		tst	r2, #1
 1711 0586 E6D1     		bne	.L221
 1712 0588 03EBC302 		add	r2, r3, r3, lsl #3
 1713 058c 04EB8202 		add	r2, r4, r2, lsl #2
 1714 0590 0121     		movs	r1, #1
 1715 0592 82F85712 		strb	r1, [r2, #599]
 1716 0596 AA69     		ldr	r2, [r5, #24]
 1717 0598 42F08002 		orr	r2, r2, #128
 1718 059c AA61     		str	r2, [r5, #24]
ARM GAS  /var/folders/0f/x4_g94q9649fs6s33cksjfb00000gn/T//cc23uH7N.s 			page 30


 1719 059e 6A69     		ldr	r2, [r5, #20]
 1720 05a0 12F0800F 		tst	r2, #128
 1721 05a4 D7D1     		bne	.L221
 1722 05a6 7B68     		ldr	r3, [r7, #4]
 1723 05a8 43F40073 		orr	r3, r3, #512
 1724 05ac 7B60     		str	r3, [r7, #4]
 1725              	.L222:
 1726 05ae 2268     		ldr	r2, [r4]
 1727 05b0 5369     		ldr	r3, [r2, #20]
 1728 05b2 03F40013 		and	r3, r3, #2097152
 1729 05b6 5361     		str	r3, [r2, #20]
 1730              	.L220:
 1731 05b8 2068     		ldr	r0, [r4]
 1732 05ba FFF7FEFF 		bl	USB_ReadInterrupts
 1733 05be 10F0804F 		tst	r0, #1073741824
 1734 05c2 10D1     		bne	.L247
 1735              	.L224:
 1736 05c4 2068     		ldr	r0, [r4]
 1737 05c6 FFF7FEFF 		bl	USB_ReadInterrupts
 1738 05ca 10F0040F 		tst	r0, #4
 1739 05ce 3FF420AD 		beq	.L169
 1740 05d2 2368     		ldr	r3, [r4]
 1741 05d4 5D68     		ldr	r5, [r3, #4]
 1742 05d6 15F0040F 		tst	r5, #4
 1743 05da 0DD1     		bne	.L248
 1744              	.L225:
 1745 05dc 2268     		ldr	r2, [r4]
 1746 05de 5368     		ldr	r3, [r2, #4]
 1747 05e0 2B43     		orrs	r3, r3, r5
 1748 05e2 5360     		str	r3, [r2, #4]
 1749 05e4 15E5     		b	.L169
 1750              	.L247:
 1751 05e6 2046     		mov	r0, r4
 1752 05e8 FFF7FEFF 		bl	HAL_PCD_ConnectCallback
 1753 05ec 2268     		ldr	r2, [r4]
 1754 05ee 5369     		ldr	r3, [r2, #20]
 1755 05f0 03F08043 		and	r3, r3, #1073741824
 1756 05f4 5361     		str	r3, [r2, #20]
 1757 05f6 E5E7     		b	.L224
 1758              	.L248:
 1759 05f8 2046     		mov	r0, r4
 1760 05fa FFF7FEFF 		bl	HAL_PCD_DisconnectCallback
 1761 05fe EDE7     		b	.L225
 1763              		.section	.text.HAL_PCD_EP_Flush,"ax",%progbits
 1764              		.align	1
 1765              		.global	HAL_PCD_EP_Flush
 1766              		.syntax unified
 1767              		.thumb
 1768              		.thumb_func
 1770              	HAL_PCD_EP_Flush:
 1771              		@ args = 0, pretend = 0, frame = 0
 1772              		@ frame_needed = 0, uses_anonymous_args = 0
 1773 0000 90F89434 		ldrb	r3, [r0, #1172]	@ zero_extendqisi2
 1774 0004 012B     		cmp	r3, #1
 1775 0006 14D0     		beq	.L253
 1776 0008 10B5     		push	{r4, lr}
 1777 000a 0446     		mov	r4, r0
ARM GAS  /var/folders/0f/x4_g94q9649fs6s33cksjfb00000gn/T//cc23uH7N.s 			page 31


 1778 000c 0123     		movs	r3, #1
 1779 000e 80F89434 		strb	r3, [r0, #1172]
 1780 0012 11F0800F 		tst	r1, #128
 1781 0016 06D1     		bne	.L258
 1782 0018 0068     		ldr	r0, [r0]
 1783 001a FFF7FEFF 		bl	USB_FlushRxFifo
 1784              	.L252:
 1785 001e 0020     		movs	r0, #0
 1786 0020 84F89404 		strb	r0, [r4, #1172]
 1787 0024 10BD     		pop	{r4, pc}
 1788              	.L258:
 1789 0026 01F00F01 		and	r1, r1, #15
 1790 002a 0068     		ldr	r0, [r0]
 1791 002c FFF7FEFF 		bl	USB_FlushTxFifo
 1792 0030 F5E7     		b	.L252
 1793              	.L253:
 1794 0032 0220     		movs	r0, #2
 1795 0034 7047     		bx	lr
 1797              		.section	.text.HAL_PCD_ActivateRemoteWakeup,"ax",%progbits
 1798              		.align	1
 1799              		.global	HAL_PCD_ActivateRemoteWakeup
 1800              		.syntax unified
 1801              		.thumb
 1802              		.thumb_func
 1804              	HAL_PCD_ActivateRemoteWakeup:
 1805              		@ args = 0, pretend = 0, frame = 0
 1806              		@ frame_needed = 0, uses_anonymous_args = 0
 1807 0000 08B5     		push	{r3, lr}
 1808 0002 0068     		ldr	r0, [r0]
 1809 0004 FFF7FEFF 		bl	USB_ActivateRemoteWakeup
 1810 0008 08BD     		pop	{r3, pc}
 1812              		.section	.text.HAL_PCD_DeActivateRemoteWakeup,"ax",%progbits
 1813              		.align	1
 1814              		.global	HAL_PCD_DeActivateRemoteWakeup
 1815              		.syntax unified
 1816              		.thumb
 1817              		.thumb_func
 1819              	HAL_PCD_DeActivateRemoteWakeup:
 1820              		@ args = 0, pretend = 0, frame = 0
 1821              		@ frame_needed = 0, uses_anonymous_args = 0
 1822 0000 08B5     		push	{r3, lr}
 1823 0002 0068     		ldr	r0, [r0]
 1824 0004 FFF7FEFF 		bl	USB_DeActivateRemoteWakeup
 1825 0008 08BD     		pop	{r3, pc}
 1827              		.section	.text.HAL_PCD_GetState,"ax",%progbits
 1828              		.align	1
 1829              		.global	HAL_PCD_GetState
 1830              		.syntax unified
 1831              		.thumb
 1832              		.thumb_func
 1834              	HAL_PCD_GetState:
 1835              		@ args = 0, pretend = 0, frame = 0
 1836              		@ frame_needed = 0, uses_anonymous_args = 0
 1837              		@ link register save eliminated.
 1838 0000 90F89504 		ldrb	r0, [r0, #1173]	@ zero_extendqisi2
 1839 0004 7047     		bx	lr
 1841              		.section	.text.HAL_PCD_SetTestMode,"ax",%progbits
ARM GAS  /var/folders/0f/x4_g94q9649fs6s33cksjfb00000gn/T//cc23uH7N.s 			page 32


 1842              		.align	1
 1843              		.global	HAL_PCD_SetTestMode
 1844              		.syntax unified
 1845              		.thumb
 1846              		.thumb_func
 1848              	HAL_PCD_SetTestMode:
 1849              		@ args = 0, pretend = 0, frame = 0
 1850              		@ frame_needed = 0, uses_anonymous_args = 0
 1851              		@ link register save eliminated.
 1852 0000 0368     		ldr	r3, [r0]
 1853 0002 4A1E     		subs	r2, r1, #1
 1854 0004 042A     		cmp	r2, #4
 1855 0006 0BD8     		bhi	.L265
 1856 0008 D3F80428 		ldr	r2, [r3, #2052]
 1857 000c 22F07002 		bic	r2, r2, #112
 1858 0010 C3F80428 		str	r2, [r3, #2052]
 1859 0014 D3F80428 		ldr	r2, [r3, #2052]
 1860 0018 42EA0112 		orr	r2, r2, r1, lsl #4
 1861 001c C3F80428 		str	r2, [r3, #2052]
 1862              	.L265:
 1863 0020 0020     		movs	r0, #0
 1864 0022 7047     		bx	lr
 1866              		.ident	"GCC: (Arm GNU Toolchain 14.2.Rel1 (Build arm-14.52)) 14.2.1 20241119"
ARM GAS  /var/folders/0f/x4_g94q9649fs6s33cksjfb00000gn/T//cc23uH7N.s 			page 33


DEFINED SYMBOLS
                            *ABS*:00000000 stm32f7xx_hal_pcd.c
/var/folders/0f/x4_g94q9649fs6s33cksjfb00000gn/T//cc23uH7N.s:17     .text.PCD_WriteEmptyTxFifo:00000000 $t
/var/folders/0f/x4_g94q9649fs6s33cksjfb00000gn/T//cc23uH7N.s:22     .text.PCD_WriteEmptyTxFifo:00000000 PCD_WriteEmptyTxFifo
/var/folders/0f/x4_g94q9649fs6s33cksjfb00000gn/T//cc23uH7N.s:113    .text.HAL_PCD_MspInit:00000000 $t
/var/folders/0f/x4_g94q9649fs6s33cksjfb00000gn/T//cc23uH7N.s:119    .text.HAL_PCD_MspInit:00000000 HAL_PCD_MspInit
/var/folders/0f/x4_g94q9649fs6s33cksjfb00000gn/T//cc23uH7N.s:126    .text.HAL_PCD_Init:00000000 $t
/var/folders/0f/x4_g94q9649fs6s33cksjfb00000gn/T//cc23uH7N.s:132    .text.HAL_PCD_Init:00000000 HAL_PCD_Init
/var/folders/0f/x4_g94q9649fs6s33cksjfb00000gn/T//cc23uH7N.s:257    .text.HAL_PCD_MspDeInit:00000000 $t
/var/folders/0f/x4_g94q9649fs6s33cksjfb00000gn/T//cc23uH7N.s:263    .text.HAL_PCD_MspDeInit:00000000 HAL_PCD_MspDeInit
/var/folders/0f/x4_g94q9649fs6s33cksjfb00000gn/T//cc23uH7N.s:270    .text.HAL_PCD_DeInit:00000000 $t
/var/folders/0f/x4_g94q9649fs6s33cksjfb00000gn/T//cc23uH7N.s:276    .text.HAL_PCD_DeInit:00000000 HAL_PCD_DeInit
/var/folders/0f/x4_g94q9649fs6s33cksjfb00000gn/T//cc23uH7N.s:303    .text.HAL_PCD_Start:00000000 $t
/var/folders/0f/x4_g94q9649fs6s33cksjfb00000gn/T//cc23uH7N.s:309    .text.HAL_PCD_Start:00000000 HAL_PCD_Start
/var/folders/0f/x4_g94q9649fs6s33cksjfb00000gn/T//cc23uH7N.s:331    .text.HAL_PCD_Stop:00000000 $t
/var/folders/0f/x4_g94q9649fs6s33cksjfb00000gn/T//cc23uH7N.s:337    .text.HAL_PCD_Stop:00000000 HAL_PCD_Stop
/var/folders/0f/x4_g94q9649fs6s33cksjfb00000gn/T//cc23uH7N.s:362    .text.HAL_PCD_WKUP_IRQHandler:00000000 $t
/var/folders/0f/x4_g94q9649fs6s33cksjfb00000gn/T//cc23uH7N.s:368    .text.HAL_PCD_WKUP_IRQHandler:00000000 HAL_PCD_WKUP_IRQHandler
/var/folders/0f/x4_g94q9649fs6s33cksjfb00000gn/T//cc23uH7N.s:387    .text.HAL_PCD_WKUP_IRQHandler:0000001c $d
/var/folders/0f/x4_g94q9649fs6s33cksjfb00000gn/T//cc23uH7N.s:390    .text.HAL_PCD_DataOutStageCallback:00000000 $t
/var/folders/0f/x4_g94q9649fs6s33cksjfb00000gn/T//cc23uH7N.s:396    .text.HAL_PCD_DataOutStageCallback:00000000 HAL_PCD_DataOutStageCallback
/var/folders/0f/x4_g94q9649fs6s33cksjfb00000gn/T//cc23uH7N.s:403    .text.PCD_EP_OutXfrComplete_int:00000000 $t
/var/folders/0f/x4_g94q9649fs6s33cksjfb00000gn/T//cc23uH7N.s:408    .text.PCD_EP_OutXfrComplete_int:00000000 PCD_EP_OutXfrComplete_int
/var/folders/0f/x4_g94q9649fs6s33cksjfb00000gn/T//cc23uH7N.s:518    .text.PCD_EP_OutXfrComplete_int:000000fc $d
/var/folders/0f/x4_g94q9649fs6s33cksjfb00000gn/T//cc23uH7N.s:522    .text.HAL_PCD_DataInStageCallback:00000000 $t
/var/folders/0f/x4_g94q9649fs6s33cksjfb00000gn/T//cc23uH7N.s:528    .text.HAL_PCD_DataInStageCallback:00000000 HAL_PCD_DataInStageCallback
/var/folders/0f/x4_g94q9649fs6s33cksjfb00000gn/T//cc23uH7N.s:535    .text.HAL_PCD_SetupStageCallback:00000000 $t
/var/folders/0f/x4_g94q9649fs6s33cksjfb00000gn/T//cc23uH7N.s:541    .text.HAL_PCD_SetupStageCallback:00000000 HAL_PCD_SetupStageCallback
/var/folders/0f/x4_g94q9649fs6s33cksjfb00000gn/T//cc23uH7N.s:548    .text.PCD_EP_OutSetupPacket_int:00000000 $t
/var/folders/0f/x4_g94q9649fs6s33cksjfb00000gn/T//cc23uH7N.s:553    .text.PCD_EP_OutSetupPacket_int:00000000 PCD_EP_OutSetupPacket_int
/var/folders/0f/x4_g94q9649fs6s33cksjfb00000gn/T//cc23uH7N.s:591    .text.PCD_EP_OutSetupPacket_int:0000004c $d
/var/folders/0f/x4_g94q9649fs6s33cksjfb00000gn/T//cc23uH7N.s:594    .text.HAL_PCD_SOFCallback:00000000 $t
/var/folders/0f/x4_g94q9649fs6s33cksjfb00000gn/T//cc23uH7N.s:600    .text.HAL_PCD_SOFCallback:00000000 HAL_PCD_SOFCallback
/var/folders/0f/x4_g94q9649fs6s33cksjfb00000gn/T//cc23uH7N.s:607    .text.HAL_PCD_ResetCallback:00000000 $t
/var/folders/0f/x4_g94q9649fs6s33cksjfb00000gn/T//cc23uH7N.s:613    .text.HAL_PCD_ResetCallback:00000000 HAL_PCD_ResetCallback
/var/folders/0f/x4_g94q9649fs6s33cksjfb00000gn/T//cc23uH7N.s:620    .text.HAL_PCD_SuspendCallback:00000000 $t
/var/folders/0f/x4_g94q9649fs6s33cksjfb00000gn/T//cc23uH7N.s:626    .text.HAL_PCD_SuspendCallback:00000000 HAL_PCD_SuspendCallback
/var/folders/0f/x4_g94q9649fs6s33cksjfb00000gn/T//cc23uH7N.s:633    .text.HAL_PCD_ResumeCallback:00000000 $t
/var/folders/0f/x4_g94q9649fs6s33cksjfb00000gn/T//cc23uH7N.s:639    .text.HAL_PCD_ResumeCallback:00000000 HAL_PCD_ResumeCallback
/var/folders/0f/x4_g94q9649fs6s33cksjfb00000gn/T//cc23uH7N.s:646    .text.HAL_PCD_ISOOUTIncompleteCallback:00000000 $t
/var/folders/0f/x4_g94q9649fs6s33cksjfb00000gn/T//cc23uH7N.s:652    .text.HAL_PCD_ISOOUTIncompleteCallback:00000000 HAL_PCD_ISOOUTIncompleteCallback
/var/folders/0f/x4_g94q9649fs6s33cksjfb00000gn/T//cc23uH7N.s:659    .text.HAL_PCD_ISOINIncompleteCallback:00000000 $t
/var/folders/0f/x4_g94q9649fs6s33cksjfb00000gn/T//cc23uH7N.s:665    .text.HAL_PCD_ISOINIncompleteCallback:00000000 HAL_PCD_ISOINIncompleteCallback
/var/folders/0f/x4_g94q9649fs6s33cksjfb00000gn/T//cc23uH7N.s:672    .text.HAL_PCD_ConnectCallback:00000000 $t
/var/folders/0f/x4_g94q9649fs6s33cksjfb00000gn/T//cc23uH7N.s:678    .text.HAL_PCD_ConnectCallback:00000000 HAL_PCD_ConnectCallback
/var/folders/0f/x4_g94q9649fs6s33cksjfb00000gn/T//cc23uH7N.s:685    .text.HAL_PCD_DisconnectCallback:00000000 $t
/var/folders/0f/x4_g94q9649fs6s33cksjfb00000gn/T//cc23uH7N.s:691    .text.HAL_PCD_DisconnectCallback:00000000 HAL_PCD_DisconnectCallback
/var/folders/0f/x4_g94q9649fs6s33cksjfb00000gn/T//cc23uH7N.s:698    .text.HAL_PCD_DevConnect:00000000 $t
/var/folders/0f/x4_g94q9649fs6s33cksjfb00000gn/T//cc23uH7N.s:704    .text.HAL_PCD_DevConnect:00000000 HAL_PCD_DevConnect
/var/folders/0f/x4_g94q9649fs6s33cksjfb00000gn/T//cc23uH7N.s:724    .text.HAL_PCD_DevDisconnect:00000000 $t
/var/folders/0f/x4_g94q9649fs6s33cksjfb00000gn/T//cc23uH7N.s:730    .text.HAL_PCD_DevDisconnect:00000000 HAL_PCD_DevDisconnect
/var/folders/0f/x4_g94q9649fs6s33cksjfb00000gn/T//cc23uH7N.s:750    .text.HAL_PCD_SetAddress:00000000 $t
/var/folders/0f/x4_g94q9649fs6s33cksjfb00000gn/T//cc23uH7N.s:756    .text.HAL_PCD_SetAddress:00000000 HAL_PCD_SetAddress
/var/folders/0f/x4_g94q9649fs6s33cksjfb00000gn/T//cc23uH7N.s:777    .text.HAL_PCD_EP_Open:00000000 $t
/var/folders/0f/x4_g94q9649fs6s33cksjfb00000gn/T//cc23uH7N.s:783    .text.HAL_PCD_EP_Open:00000000 HAL_PCD_EP_Open
/var/folders/0f/x4_g94q9649fs6s33cksjfb00000gn/T//cc23uH7N.s:846    .text.HAL_PCD_EP_Close:00000000 $t
/var/folders/0f/x4_g94q9649fs6s33cksjfb00000gn/T//cc23uH7N.s:852    .text.HAL_PCD_EP_Close:00000000 HAL_PCD_EP_Close
ARM GAS  /var/folders/0f/x4_g94q9649fs6s33cksjfb00000gn/T//cc23uH7N.s 			page 34


/var/folders/0f/x4_g94q9649fs6s33cksjfb00000gn/T//cc23uH7N.s:901    .text.HAL_PCD_EP_Receive:00000000 $t
/var/folders/0f/x4_g94q9649fs6s33cksjfb00000gn/T//cc23uH7N.s:907    .text.HAL_PCD_EP_Receive:00000000 HAL_PCD_EP_Receive
/var/folders/0f/x4_g94q9649fs6s33cksjfb00000gn/T//cc23uH7N.s:939    .text.HAL_PCD_EP_GetRxCount:00000000 $t
/var/folders/0f/x4_g94q9649fs6s33cksjfb00000gn/T//cc23uH7N.s:945    .text.HAL_PCD_EP_GetRxCount:00000000 HAL_PCD_EP_GetRxCount
/var/folders/0f/x4_g94q9649fs6s33cksjfb00000gn/T//cc23uH7N.s:956    .text.HAL_PCD_EP_Transmit:00000000 $t
/var/folders/0f/x4_g94q9649fs6s33cksjfb00000gn/T//cc23uH7N.s:962    .text.HAL_PCD_EP_Transmit:00000000 HAL_PCD_EP_Transmit
/var/folders/0f/x4_g94q9649fs6s33cksjfb00000gn/T//cc23uH7N.s:995    .text.HAL_PCD_EP_SetStall:00000000 $t
/var/folders/0f/x4_g94q9649fs6s33cksjfb00000gn/T//cc23uH7N.s:1001   .text.HAL_PCD_EP_SetStall:00000000 HAL_PCD_EP_SetStall
/var/folders/0f/x4_g94q9649fs6s33cksjfb00000gn/T//cc23uH7N.s:1064   .text.HAL_PCD_EP_ClrStall:00000000 $t
/var/folders/0f/x4_g94q9649fs6s33cksjfb00000gn/T//cc23uH7N.s:1070   .text.HAL_PCD_EP_ClrStall:00000000 HAL_PCD_EP_ClrStall
/var/folders/0f/x4_g94q9649fs6s33cksjfb00000gn/T//cc23uH7N.s:1124   .text.HAL_PCD_EP_Abort:00000000 $t
/var/folders/0f/x4_g94q9649fs6s33cksjfb00000gn/T//cc23uH7N.s:1130   .text.HAL_PCD_EP_Abort:00000000 HAL_PCD_EP_Abort
/var/folders/0f/x4_g94q9649fs6s33cksjfb00000gn/T//cc23uH7N.s:1156   .text.HAL_PCD_IRQHandler:00000000 $t
/var/folders/0f/x4_g94q9649fs6s33cksjfb00000gn/T//cc23uH7N.s:1162   .text.HAL_PCD_IRQHandler:00000000 HAL_PCD_IRQHandler
/var/folders/0f/x4_g94q9649fs6s33cksjfb00000gn/T//cc23uH7N.s:1764   .text.HAL_PCD_EP_Flush:00000000 $t
/var/folders/0f/x4_g94q9649fs6s33cksjfb00000gn/T//cc23uH7N.s:1770   .text.HAL_PCD_EP_Flush:00000000 HAL_PCD_EP_Flush
/var/folders/0f/x4_g94q9649fs6s33cksjfb00000gn/T//cc23uH7N.s:1798   .text.HAL_PCD_ActivateRemoteWakeup:00000000 $t
/var/folders/0f/x4_g94q9649fs6s33cksjfb00000gn/T//cc23uH7N.s:1804   .text.HAL_PCD_ActivateRemoteWakeup:00000000 HAL_PCD_ActivateRemoteWakeup
/var/folders/0f/x4_g94q9649fs6s33cksjfb00000gn/T//cc23uH7N.s:1813   .text.HAL_PCD_DeActivateRemoteWakeup:00000000 $t
/var/folders/0f/x4_g94q9649fs6s33cksjfb00000gn/T//cc23uH7N.s:1819   .text.HAL_PCD_DeActivateRemoteWakeup:00000000 HAL_PCD_DeActivateRemoteWakeup
/var/folders/0f/x4_g94q9649fs6s33cksjfb00000gn/T//cc23uH7N.s:1828   .text.HAL_PCD_GetState:00000000 $t
/var/folders/0f/x4_g94q9649fs6s33cksjfb00000gn/T//cc23uH7N.s:1834   .text.HAL_PCD_GetState:00000000 HAL_PCD_GetState
/var/folders/0f/x4_g94q9649fs6s33cksjfb00000gn/T//cc23uH7N.s:1842   .text.HAL_PCD_SetTestMode:00000000 $t
/var/folders/0f/x4_g94q9649fs6s33cksjfb00000gn/T//cc23uH7N.s:1848   .text.HAL_PCD_SetTestMode:00000000 HAL_PCD_SetTestMode

UNDEFINED SYMBOLS
USB_WritePacket
USB_DisableGlobalInt
USB_CoreInit
USB_SetCurrentMode
USB_DevInit
USB_DevDisconnect
HAL_PCDEx_ActivateLPM
USB_StopDevice
USB_EnableGlobalInt
USB_DevConnect
USB_FlushTxFifo
USB_EP0_OutStart
USB_SetDevAddress
USB_ActivateEndpoint
USB_DeactivateEndpoint
USB_EPStartXfer
USB_EPSetStall
USB_EPClearStall
USB_EPStopXfer
USB_GetMode
USB_ReadInterrupts
HAL_PCDEx_LPM_Callback
USB_ReadPacket
USB_ReadDevAllOutEpInterrupt
USB_ReadDevOutEPInterrupt
USB_ReadDevAllInEpInterrupt
USB_ReadDevInEPInterrupt
USB_ActivateSetup
USB_GetDevSpeed
HAL_RCC_GetHCLKFreq
USB_SetTurnaroundTime
ARM GAS  /var/folders/0f/x4_g94q9649fs6s33cksjfb00000gn/T//cc23uH7N.s 			page 35


USB_FlushRxFifo
USB_ActivateRemoteWakeup
USB_DeActivateRemoteWakeup
