ARM GAS  /var/folders/0f/x4_g94q9649fs6s33cksjfb00000gn/T//ccD6ikRO.s 			page 1


   1              		.cpu cortex-m7
   2              		.arch armv7e-m
   3              		.fpu fpv5-d16
   4              		.eabi_attribute 28, 1
   5              		.eabi_attribute 20, 1
   6              		.eabi_attribute 21, 1
   7              		.eabi_attribute 23, 3
   8              		.eabi_attribute 24, 1
   9              		.eabi_attribute 25, 1
  10              		.eabi_attribute 26, 1
  11              		.eabi_attribute 30, 1
  12              		.eabi_attribute 34, 1
  13              		.eabi_attribute 18, 4
  14              		.file	"stm32f7xx_hal_timebase_tim.c"
  15              		.text
  16              		.section	.text.HAL_InitTick,"ax",%progbits
  17              		.align	1
  18              		.global	HAL_InitTick
  19              		.syntax unified
  20              		.thumb
  21              		.thumb_func
  23              	HAL_InitTick:
  24              		@ args = 0, pretend = 0, frame = 32
  25              		@ frame_needed = 0, uses_anonymous_args = 0
  26 0000 30B5     		push	{r4, r5, lr}
  27 0002 89B0     		sub	sp, sp, #36
  28 0004 0446     		mov	r4, r0
  29 0006 214B     		ldr	r3, .L9
  30 0008 1A6C     		ldr	r2, [r3, #64]
  31 000a 42F01002 		orr	r2, r2, #16
  32 000e 1A64     		str	r2, [r3, #64]
  33 0010 1B6C     		ldr	r3, [r3, #64]
  34 0012 03F01003 		and	r3, r3, #16
  35 0016 0193     		str	r3, [sp, #4]
  36 0018 019B     		ldr	r3, [sp, #4]
  37 001a 02A9     		add	r1, sp, #8
  38 001c 03A8     		add	r0, sp, #12
  39 001e FFF7FEFF 		bl	HAL_RCC_GetClockConfig
  40 0022 069B     		ldr	r3, [sp, #24]
  41 0024 CBB9     		cbnz	r3, .L2
  42 0026 FFF7FEFF 		bl	HAL_RCC_GetPCLK1Freq
  43 002a 0346     		mov	r3, r0
  44              	.L3:
  45 002c 184A     		ldr	r2, .L9+4
  46 002e A2FB0323 		umull	r2, r3, r2, r3
  47 0032 9B0C     		lsrs	r3, r3, #18
  48 0034 013B     		subs	r3, r3, #1
  49 0036 1748     		ldr	r0, .L9+8
  50 0038 174A     		ldr	r2, .L9+12
  51 003a 0260     		str	r2, [r0]
  52 003c 40F2E732 		movw	r2, #999
  53 0040 C260     		str	r2, [r0, #12]
  54 0042 4360     		str	r3, [r0, #4]
  55 0044 0023     		movs	r3, #0
  56 0046 0361     		str	r3, [r0, #16]
  57 0048 8360     		str	r3, [r0, #8]
  58 004a 8361     		str	r3, [r0, #24]
ARM GAS  /var/folders/0f/x4_g94q9649fs6s33cksjfb00000gn/T//ccD6ikRO.s 			page 2


  59 004c FFF7FEFF 		bl	HAL_TIM_Base_Init
  60 0050 0546     		mov	r5, r0
  61 0052 30B1     		cbz	r0, .L7
  62              	.L4:
  63 0054 2846     		mov	r0, r5
  64 0056 09B0     		add	sp, sp, #36
  65              		@ sp needed
  66 0058 30BD     		pop	{r4, r5, pc}
  67              	.L2:
  68 005a FFF7FEFF 		bl	HAL_RCC_GetPCLK1Freq
  69 005e 4300     		lsls	r3, r0, #1
  70 0060 E4E7     		b	.L3
  71              	.L7:
  72 0062 0C48     		ldr	r0, .L9+8
  73 0064 FFF7FEFF 		bl	HAL_TIM_Base_Start_IT
  74 0068 0546     		mov	r5, r0
  75 006a 0028     		cmp	r0, #0
  76 006c F2D1     		bne	.L4
  77 006e 3620     		movs	r0, #54
  78 0070 FFF7FEFF 		bl	HAL_NVIC_EnableIRQ
  79 0074 0F2C     		cmp	r4, #15
  80 0076 01D9     		bls	.L8
  81 0078 0125     		movs	r5, #1
  82 007a EBE7     		b	.L4
  83              	.L8:
  84 007c 0022     		movs	r2, #0
  85 007e 2146     		mov	r1, r4
  86 0080 3620     		movs	r0, #54
  87 0082 FFF7FEFF 		bl	HAL_NVIC_SetPriority
  88 0086 054B     		ldr	r3, .L9+16
  89 0088 1C60     		str	r4, [r3]
  90 008a E3E7     		b	.L4
  91              	.L10:
  92              		.align	2
  93              	.L9:
  94 008c 00380240 		.word	1073887232
  95 0090 83DE1B43 		.word	1125899907
  96 0094 00000000 		.word	htim6
  97 0098 00100040 		.word	1073745920
  98 009c 00000000 		.word	uwTickPrio
 100              		.section	.text.HAL_SuspendTick,"ax",%progbits
 101              		.align	1
 102              		.global	HAL_SuspendTick
 103              		.syntax unified
 104              		.thumb
 105              		.thumb_func
 107              	HAL_SuspendTick:
 108              		@ args = 0, pretend = 0, frame = 0
 109              		@ frame_needed = 0, uses_anonymous_args = 0
 110              		@ link register save eliminated.
 111 0000 034B     		ldr	r3, .L12
 112 0002 1A68     		ldr	r2, [r3]
 113 0004 D368     		ldr	r3, [r2, #12]
 114 0006 23F00103 		bic	r3, r3, #1
 115 000a D360     		str	r3, [r2, #12]
 116 000c 7047     		bx	lr
 117              	.L13:
ARM GAS  /var/folders/0f/x4_g94q9649fs6s33cksjfb00000gn/T//ccD6ikRO.s 			page 3


 118 000e 00BF     		.align	2
 119              	.L12:
 120 0010 00000000 		.word	htim6
 122              		.section	.text.HAL_ResumeTick,"ax",%progbits
 123              		.align	1
 124              		.global	HAL_ResumeTick
 125              		.syntax unified
 126              		.thumb
 127              		.thumb_func
 129              	HAL_ResumeTick:
 130              		@ args = 0, pretend = 0, frame = 0
 131              		@ frame_needed = 0, uses_anonymous_args = 0
 132              		@ link register save eliminated.
 133 0000 034B     		ldr	r3, .L15
 134 0002 1A68     		ldr	r2, [r3]
 135 0004 D368     		ldr	r3, [r2, #12]
 136 0006 43F00103 		orr	r3, r3, #1
 137 000a D360     		str	r3, [r2, #12]
 138 000c 7047     		bx	lr
 139              	.L16:
 140 000e 00BF     		.align	2
 141              	.L15:
 142 0010 00000000 		.word	htim6
 144              		.global	htim6
 145              		.section	.bss.htim6,"aw",%nobits
 146              		.align	2
 149              	htim6:
 150 0000 00000000 		.space	76
 150      00000000 
 150      00000000 
 150      00000000 
 150      00000000 
 151              		.ident	"GCC: (Arm GNU Toolchain 14.2.Rel1 (Build arm-14.52)) 14.2.1 20241119"
ARM GAS  /var/folders/0f/x4_g94q9649fs6s33cksjfb00000gn/T//ccD6ikRO.s 			page 4


DEFINED SYMBOLS
                            *ABS*:00000000 stm32f7xx_hal_timebase_tim.c
/var/folders/0f/x4_g94q9649fs6s33cksjfb00000gn/T//ccD6ikRO.s:17     .text.HAL_InitTick:00000000 $t
/var/folders/0f/x4_g94q9649fs6s33cksjfb00000gn/T//ccD6ikRO.s:23     .text.HAL_InitTick:00000000 HAL_InitTick
/var/folders/0f/x4_g94q9649fs6s33cksjfb00000gn/T//ccD6ikRO.s:94     .text.HAL_InitTick:0000008c $d
/var/folders/0f/x4_g94q9649fs6s33cksjfb00000gn/T//ccD6ikRO.s:149    .bss.htim6:00000000 htim6
/var/folders/0f/x4_g94q9649fs6s33cksjfb00000gn/T//ccD6ikRO.s:101    .text.HAL_SuspendTick:00000000 $t
/var/folders/0f/x4_g94q9649fs6s33cksjfb00000gn/T//ccD6ikRO.s:107    .text.HAL_SuspendTick:00000000 HAL_SuspendTick
/var/folders/0f/x4_g94q9649fs6s33cksjfb00000gn/T//ccD6ikRO.s:120    .text.HAL_SuspendTick:00000010 $d
/var/folders/0f/x4_g94q9649fs6s33cksjfb00000gn/T//ccD6ikRO.s:123    .text.HAL_ResumeTick:00000000 $t
/var/folders/0f/x4_g94q9649fs6s33cksjfb00000gn/T//ccD6ikRO.s:129    .text.HAL_ResumeTick:00000000 HAL_ResumeTick
/var/folders/0f/x4_g94q9649fs6s33cksjfb00000gn/T//ccD6ikRO.s:142    .text.HAL_ResumeTick:00000010 $d
/var/folders/0f/x4_g94q9649fs6s33cksjfb00000gn/T//ccD6ikRO.s:146    .bss.htim6:00000000 $d

UNDEFINED SYMBOLS
HAL_RCC_GetClockConfig
HAL_RCC_GetPCLK1Freq
HAL_TIM_Base_Init
HAL_TIM_Base_Start_IT
HAL_NVIC_EnableIRQ
HAL_NVIC_SetPriority
uwTickPrio
