ARM GAS  /var/folders/0f/x4_g94q9649fs6s33cksjfb00000gn/T//ccXOOhKu.s 			page 1


   1              		.cpu cortex-m7
   2              		.arch armv7e-m
   3              		.fpu fpv5-d16
   4              		.eabi_attribute 28, 1
   5              		.eabi_attribute 20, 1
   6              		.eabi_attribute 21, 1
   7              		.eabi_attribute 23, 3
   8              		.eabi_attribute 24, 1
   9              		.eabi_attribute 25, 1
  10              		.eabi_attribute 26, 1
  11              		.eabi_attribute 30, 1
  12              		.eabi_attribute 34, 1
  13              		.eabi_attribute 18, 4
  14              		.file	"stm32f7xx_hal_flash.c"
  15              		.text
  16              		.section	.text.FLASH_Program_DoubleWord,"ax",%progbits
  17              		.align	1
  18              		.syntax unified
  19              		.thumb
  20              		.thumb_func
  22              	FLASH_Program_DoubleWord:
  23              		@ args = 0, pretend = 0, frame = 0
  24              		@ frame_needed = 0, uses_anonymous_args = 0
  25              		@ link register save eliminated.
  26 0000 10B4     		push	{r4}
  27 0002 0B49     		ldr	r1, .L3
  28 0004 0C69     		ldr	r4, [r1, #16]
  29 0006 24F44074 		bic	r4, r4, #768
  30 000a 0C61     		str	r4, [r1, #16]
  31 000c 0C69     		ldr	r4, [r1, #16]
  32 000e 44F44074 		orr	r4, r4, #768
  33 0012 0C61     		str	r4, [r1, #16]
  34 0014 0C69     		ldr	r4, [r1, #16]
  35 0016 44F00104 		orr	r4, r4, #1
  36 001a 0C61     		str	r4, [r1, #16]
  37 001c 0260     		str	r2, [r0]
  38              		.syntax unified
  39              	@ 868 "Drivers/CMSIS/Include/cmsis_gcc.h" 1
  40 001e BFF36F8F 		isb 0xF
  41              	@ 0 "" 2
  42              		.thumb
  43              		.syntax unified
  44 0022 4360     		str	r3, [r0, #4]
  45              		.syntax unified
  46              	@ 879 "Drivers/CMSIS/Include/cmsis_gcc.h" 1
  47 0024 BFF34F8F 		dsb 0xF
  48              	@ 0 "" 2
  49              		.thumb
  50              		.syntax unified
  51 0028 5DF8044B 		ldr	r4, [sp], #4
  52 002c 7047     		bx	lr
  53              	.L4:
  54 002e 00BF     		.align	2
  55              	.L3:
  56 0030 003C0240 		.word	1073888256
  58              		.section	.text.FLASH_Program_Word,"ax",%progbits
  59              		.align	1
ARM GAS  /var/folders/0f/x4_g94q9649fs6s33cksjfb00000gn/T//ccXOOhKu.s 			page 2


  60              		.syntax unified
  61              		.thumb
  62              		.thumb_func
  64              	FLASH_Program_Word:
  65              		@ args = 0, pretend = 0, frame = 0
  66              		@ frame_needed = 0, uses_anonymous_args = 0
  67              		@ link register save eliminated.
  68 0000 084B     		ldr	r3, .L6
  69 0002 1A69     		ldr	r2, [r3, #16]
  70 0004 22F44072 		bic	r2, r2, #768
  71 0008 1A61     		str	r2, [r3, #16]
  72 000a 1A69     		ldr	r2, [r3, #16]
  73 000c 42F40072 		orr	r2, r2, #512
  74 0010 1A61     		str	r2, [r3, #16]
  75 0012 1A69     		ldr	r2, [r3, #16]
  76 0014 42F00102 		orr	r2, r2, #1
  77 0018 1A61     		str	r2, [r3, #16]
  78 001a 0160     		str	r1, [r0]
  79              		.syntax unified
  80              	@ 879 "Drivers/CMSIS/Include/cmsis_gcc.h" 1
  81 001c BFF34F8F 		dsb 0xF
  82              	@ 0 "" 2
  83              		.thumb
  84              		.syntax unified
  85 0020 7047     		bx	lr
  86              	.L7:
  87 0022 00BF     		.align	2
  88              	.L6:
  89 0024 003C0240 		.word	1073888256
  91              		.section	.text.FLASH_Program_HalfWord,"ax",%progbits
  92              		.align	1
  93              		.syntax unified
  94              		.thumb
  95              		.thumb_func
  97              	FLASH_Program_HalfWord:
  98              		@ args = 0, pretend = 0, frame = 0
  99              		@ frame_needed = 0, uses_anonymous_args = 0
 100              		@ link register save eliminated.
 101 0000 084B     		ldr	r3, .L9
 102 0002 1A69     		ldr	r2, [r3, #16]
 103 0004 22F44072 		bic	r2, r2, #768
 104 0008 1A61     		str	r2, [r3, #16]
 105 000a 1A69     		ldr	r2, [r3, #16]
 106 000c 42F48072 		orr	r2, r2, #256
 107 0010 1A61     		str	r2, [r3, #16]
 108 0012 1A69     		ldr	r2, [r3, #16]
 109 0014 42F00102 		orr	r2, r2, #1
 110 0018 1A61     		str	r2, [r3, #16]
 111 001a 0180     		strh	r1, [r0]	@ movhi
 112              		.syntax unified
 113              	@ 879 "Drivers/CMSIS/Include/cmsis_gcc.h" 1
 114 001c BFF34F8F 		dsb 0xF
 115              	@ 0 "" 2
 116              		.thumb
 117              		.syntax unified
 118 0020 7047     		bx	lr
 119              	.L10:
ARM GAS  /var/folders/0f/x4_g94q9649fs6s33cksjfb00000gn/T//ccXOOhKu.s 			page 3


 120 0022 00BF     		.align	2
 121              	.L9:
 122 0024 003C0240 		.word	1073888256
 124              		.section	.text.FLASH_Program_Byte,"ax",%progbits
 125              		.align	1
 126              		.syntax unified
 127              		.thumb
 128              		.thumb_func
 130              	FLASH_Program_Byte:
 131              		@ args = 0, pretend = 0, frame = 0
 132              		@ frame_needed = 0, uses_anonymous_args = 0
 133              		@ link register save eliminated.
 134 0000 074B     		ldr	r3, .L12
 135 0002 1A69     		ldr	r2, [r3, #16]
 136 0004 22F44072 		bic	r2, r2, #768
 137 0008 1A61     		str	r2, [r3, #16]
 138 000a 1A69     		ldr	r2, [r3, #16]
 139 000c 1A61     		str	r2, [r3, #16]
 140 000e 1A69     		ldr	r2, [r3, #16]
 141 0010 42F00102 		orr	r2, r2, #1
 142 0014 1A61     		str	r2, [r3, #16]
 143 0016 0170     		strb	r1, [r0]
 144              		.syntax unified
 145              	@ 879 "Drivers/CMSIS/Include/cmsis_gcc.h" 1
 146 0018 BFF34F8F 		dsb 0xF
 147              	@ 0 "" 2
 148              		.thumb
 149              		.syntax unified
 150 001c 7047     		bx	lr
 151              	.L13:
 152 001e 00BF     		.align	2
 153              	.L12:
 154 0020 003C0240 		.word	1073888256
 156              		.section	.text.FLASH_SetErrorCode,"ax",%progbits
 157              		.align	1
 158              		.syntax unified
 159              		.thumb
 160              		.thumb_func
 162              	FLASH_SetErrorCode:
 163              		@ args = 0, pretend = 0, frame = 0
 164              		@ frame_needed = 0, uses_anonymous_args = 0
 165              		@ link register save eliminated.
 166 0000 1A4B     		ldr	r3, .L20
 167 0002 DB68     		ldr	r3, [r3, #12]
 168 0004 13F0020F 		tst	r3, #2
 169 0008 04D0     		beq	.L15
 170 000a 194A     		ldr	r2, .L20+4
 171 000c 9369     		ldr	r3, [r2, #24]
 172 000e 43F02003 		orr	r3, r3, #32
 173 0012 9361     		str	r3, [r2, #24]
 174              	.L15:
 175 0014 154B     		ldr	r3, .L20
 176 0016 DB68     		ldr	r3, [r3, #12]
 177 0018 13F0100F 		tst	r3, #16
 178 001c 04D0     		beq	.L16
 179 001e 144A     		ldr	r2, .L20+4
 180 0020 9369     		ldr	r3, [r2, #24]
ARM GAS  /var/folders/0f/x4_g94q9649fs6s33cksjfb00000gn/T//ccXOOhKu.s 			page 4


 181 0022 43F01003 		orr	r3, r3, #16
 182 0026 9361     		str	r3, [r2, #24]
 183              	.L16:
 184 0028 104B     		ldr	r3, .L20
 185 002a DB68     		ldr	r3, [r3, #12]
 186 002c 13F0200F 		tst	r3, #32
 187 0030 04D0     		beq	.L17
 188 0032 0F4A     		ldr	r2, .L20+4
 189 0034 9369     		ldr	r3, [r2, #24]
 190 0036 43F00803 		orr	r3, r3, #8
 191 003a 9361     		str	r3, [r2, #24]
 192              	.L17:
 193 003c 0B4B     		ldr	r3, .L20
 194 003e DB68     		ldr	r3, [r3, #12]
 195 0040 13F0400F 		tst	r3, #64
 196 0044 04D0     		beq	.L18
 197 0046 0A4A     		ldr	r2, .L20+4
 198 0048 9369     		ldr	r3, [r2, #24]
 199 004a 43F00403 		orr	r3, r3, #4
 200 004e 9361     		str	r3, [r2, #24]
 201              	.L18:
 202 0050 064B     		ldr	r3, .L20
 203 0052 DB68     		ldr	r3, [r3, #12]
 204 0054 13F0800F 		tst	r3, #128
 205 0058 04D0     		beq	.L19
 206 005a 054A     		ldr	r2, .L20+4
 207 005c 9369     		ldr	r3, [r2, #24]
 208 005e 43F00203 		orr	r3, r3, #2
 209 0062 9361     		str	r3, [r2, #24]
 210              	.L19:
 211 0064 014B     		ldr	r3, .L20
 212 0066 F222     		movs	r2, #242
 213 0068 DA60     		str	r2, [r3, #12]
 214 006a 7047     		bx	lr
 215              	.L21:
 216              		.align	2
 217              	.L20:
 218 006c 003C0240 		.word	1073888256
 219 0070 00000000 		.word	pFlash
 221              		.section	.text.HAL_FLASH_Program_IT,"ax",%progbits
 222              		.align	1
 223              		.global	HAL_FLASH_Program_IT
 224              		.syntax unified
 225              		.thumb
 226              		.thumb_func
 228              	HAL_FLASH_Program_IT:
 229              		@ args = 0, pretend = 0, frame = 0
 230              		@ frame_needed = 0, uses_anonymous_args = 0
 231 0000 70B5     		push	{r4, r5, r6, lr}
 232 0002 1A4C     		ldr	r4, .L32
 233 0004 247D     		ldrb	r4, [r4, #20]	@ zero_extendqisi2
 234 0006 012C     		cmp	r4, #1
 235 0008 2CD0     		beq	.L29
 236 000a 8446     		mov	ip, r0
 237 000c 0846     		mov	r0, r1
 238 000e 174D     		ldr	r5, .L32
 239 0010 0121     		movs	r1, #1
ARM GAS  /var/folders/0f/x4_g94q9649fs6s33cksjfb00000gn/T//ccXOOhKu.s 			page 5


 240 0012 2975     		strb	r1, [r5, #20]
 241 0014 164C     		ldr	r4, .L32+4
 242 0016 2669     		ldr	r6, [r4, #16]
 243 0018 46F08076 		orr	r6, r6, #16777216
 244 001c 2661     		str	r6, [r4, #16]
 245 001e 2669     		ldr	r6, [r4, #16]
 246 0020 46F00076 		orr	r6, r6, #33554432
 247 0024 2661     		str	r6, [r4, #16]
 248 0026 F321     		movs	r1, #243
 249 0028 E160     		str	r1, [r4, #12]
 250 002a 0321     		movs	r1, #3
 251 002c 2970     		strb	r1, [r5]
 252 002e 2861     		str	r0, [r5, #16]
 253 0030 BCF1030F 		cmp	ip, #3
 254 0034 18D8     		bhi	.L30
 255 0036 DFE80CF0 		tbb	[pc, ip]
 256              	.L25:
 257 003a 02       		.byte	(.L28-.L25)/2
 258 003b 07       		.byte	(.L27-.L25)/2
 259 003c 0C       		.byte	(.L26-.L25)/2
 260 003d 11       		.byte	(.L24-.L25)/2
 261              		.p2align 1
 262              	.L28:
 263 003e D1B2     		uxtb	r1, r2
 264 0040 FFF7FEFF 		bl	FLASH_Program_Byte
 265 0044 0020     		movs	r0, #0
 266              	.L23:
 267 0046 70BD     		pop	{r4, r5, r6, pc}
 268              	.L27:
 269 0048 91B2     		uxth	r1, r2
 270 004a FFF7FEFF 		bl	FLASH_Program_HalfWord
 271 004e 0020     		movs	r0, #0
 272 0050 F9E7     		b	.L23
 273              	.L26:
 274 0052 1146     		mov	r1, r2
 275 0054 FFF7FEFF 		bl	FLASH_Program_Word
 276 0058 0020     		movs	r0, #0
 277 005a F4E7     		b	.L23
 278              	.L24:
 279 005c FFF7FEFF 		bl	FLASH_Program_DoubleWord
 280 0060 0020     		movs	r0, #0
 281 0062 F0E7     		b	.L23
 282              	.L29:
 283 0064 0220     		movs	r0, #2
 284 0066 EEE7     		b	.L23
 285              	.L30:
 286 0068 0020     		movs	r0, #0
 287 006a ECE7     		b	.L23
 288              	.L33:
 289              		.align	2
 290              	.L32:
 291 006c 00000000 		.word	pFlash
 292 0070 003C0240 		.word	1073888256
 294              		.section	.text.HAL_FLASH_EndOfOperationCallback,"ax",%progbits
 295              		.align	1
 296              		.weak	HAL_FLASH_EndOfOperationCallback
 297              		.syntax unified
ARM GAS  /var/folders/0f/x4_g94q9649fs6s33cksjfb00000gn/T//ccXOOhKu.s 			page 6


 298              		.thumb
 299              		.thumb_func
 301              	HAL_FLASH_EndOfOperationCallback:
 302              		@ args = 0, pretend = 0, frame = 0
 303              		@ frame_needed = 0, uses_anonymous_args = 0
 304              		@ link register save eliminated.
 305 0000 7047     		bx	lr
 307              		.section	.text.HAL_FLASH_OperationErrorCallback,"ax",%progbits
 308              		.align	1
 309              		.weak	HAL_FLASH_OperationErrorCallback
 310              		.syntax unified
 311              		.thumb
 312              		.thumb_func
 314              	HAL_FLASH_OperationErrorCallback:
 315              		@ args = 0, pretend = 0, frame = 0
 316              		@ frame_needed = 0, uses_anonymous_args = 0
 317              		@ link register save eliminated.
 318 0000 7047     		bx	lr
 320              		.section	.text.HAL_FLASH_IRQHandler,"ax",%progbits
 321              		.align	1
 322              		.global	HAL_FLASH_IRQHandler
 323              		.syntax unified
 324              		.thumb
 325              		.thumb_func
 327              	HAL_FLASH_IRQHandler:
 328              		@ args = 0, pretend = 0, frame = 0
 329              		@ frame_needed = 0, uses_anonymous_args = 0
 330 0000 38B5     		push	{r3, r4, r5, lr}
 331 0002 3E4B     		ldr	r3, .L48
 332 0004 1A69     		ldr	r2, [r3, #16]
 333 0006 22F00102 		bic	r2, r2, #1
 334 000a 1A61     		str	r2, [r3, #16]
 335 000c 1A69     		ldr	r2, [r3, #16]
 336 000e 22F00202 		bic	r2, r2, #2
 337 0012 1A61     		str	r2, [r3, #16]
 338 0014 1A69     		ldr	r2, [r3, #16]
 339 0016 22F0F802 		bic	r2, r2, #248
 340 001a 1A61     		str	r2, [r3, #16]
 341 001c 1969     		ldr	r1, [r3, #16]
 342 001e 384A     		ldr	r2, .L48+4
 343 0020 0A40     		ands	r2, r2, r1
 344 0022 1A61     		str	r2, [r3, #16]
 345 0024 DC68     		ldr	r4, [r3, #12]
 346 0026 14F00104 		ands	r4, r4, #1
 347 002a 2DD0     		beq	.L37
 348 002c 0122     		movs	r2, #1
 349 002e DA60     		str	r2, [r3, #12]
 350 0030 344B     		ldr	r3, .L48+8
 351 0032 1B78     		ldrb	r3, [r3]	@ zero_extendqisi2
 352 0034 DAB2     		uxtb	r2, r3
 353 0036 022B     		cmp	r3, #2
 354 0038 1FD0     		beq	.L38
 355 003a 032A     		cmp	r2, #3
 356 003c 4FD0     		beq	.L39
 357 003e 012A     		cmp	r2, #1
 358 0040 55D1     		bne	.L45
 359 0042 304B     		ldr	r3, .L48+8
ARM GAS  /var/folders/0f/x4_g94q9649fs6s33cksjfb00000gn/T//ccXOOhKu.s 			page 7


 360 0044 5A68     		ldr	r2, [r3, #4]
 361 0046 013A     		subs	r2, r2, #1
 362 0048 5A60     		str	r2, [r3, #4]
 363 004a 5B68     		ldr	r3, [r3, #4]
 364 004c 5BB1     		cbz	r3, .L40
 365 004e 2D4D     		ldr	r5, .L48+8
 366 0050 E868     		ldr	r0, [r5, #12]
 367 0052 FFF7FEFF 		bl	HAL_FLASH_EndOfOperationCallback
 368 0056 EC68     		ldr	r4, [r5, #12]
 369 0058 0134     		adds	r4, r4, #1
 370 005a EC60     		str	r4, [r5, #12]
 371 005c 297A     		ldrb	r1, [r5, #8]	@ zero_extendqisi2
 372 005e 2046     		mov	r0, r4
 373 0060 FFF7FEFF 		bl	FLASH_Erase_Sector
 374 0064 10E0     		b	.L37
 375              	.L40:
 376 0066 274D     		ldr	r5, .L48+8
 377 0068 4FF0FF34 		mov	r4, #-1
 378 006c EC60     		str	r4, [r5, #12]
 379 006e 2046     		mov	r0, r4
 380 0070 FFF7FEFF 		bl	HAL_FLASH_EndOfOperationCallback
 381 0074 0023     		movs	r3, #0
 382 0076 2B70     		strb	r3, [r5]
 383 0078 06E0     		b	.L37
 384              	.L38:
 385 007a 0020     		movs	r0, #0
 386 007c FFF7FEFF 		bl	HAL_FLASH_EndOfOperationCallback
 387 0080 0020     		movs	r0, #0
 388 0082 204B     		ldr	r3, .L48+8
 389 0084 1870     		strb	r0, [r3]
 390 0086 0446     		mov	r4, r0
 391              	.L37:
 392 0088 1C4B     		ldr	r3, .L48
 393 008a DB68     		ldr	r3, [r3, #12]
 394 008c 13F0F20F 		tst	r3, #242
 395 0090 15D0     		beq	.L41
 396 0092 1C4B     		ldr	r3, .L48+8
 397 0094 1B78     		ldrb	r3, [r3]	@ zero_extendqisi2
 398 0096 DAB2     		uxtb	r2, r3
 399 0098 022B     		cmp	r3, #2
 400 009a 2DD0     		beq	.L46
 401 009c 032A     		cmp	r2, #3
 402 009e 28D0     		beq	.L43
 403 00a0 012A     		cmp	r2, #1
 404 00a2 04D1     		bne	.L42
 405 00a4 174B     		ldr	r3, .L48+8
 406 00a6 DC68     		ldr	r4, [r3, #12]
 407 00a8 4FF0FF32 		mov	r2, #-1
 408 00ac DA60     		str	r2, [r3, #12]
 409              	.L42:
 410 00ae FFF7FEFF 		bl	FLASH_SetErrorCode
 411 00b2 2046     		mov	r0, r4
 412 00b4 FFF7FEFF 		bl	HAL_FLASH_OperationErrorCallback
 413 00b8 124B     		ldr	r3, .L48+8
 414 00ba 0022     		movs	r2, #0
 415 00bc 1A70     		strb	r2, [r3]
 416              	.L41:
ARM GAS  /var/folders/0f/x4_g94q9649fs6s33cksjfb00000gn/T//ccXOOhKu.s 			page 8


 417 00be 114B     		ldr	r3, .L48+8
 418 00c0 1B78     		ldrb	r3, [r3]	@ zero_extendqisi2
 419 00c2 5BB9     		cbnz	r3, .L36
 420 00c4 0D4B     		ldr	r3, .L48
 421 00c6 1A69     		ldr	r2, [r3, #16]
 422 00c8 22F08072 		bic	r2, r2, #16777216
 423 00cc 1A61     		str	r2, [r3, #16]
 424 00ce 1A69     		ldr	r2, [r3, #16]
 425 00d0 22F00072 		bic	r2, r2, #33554432
 426 00d4 1A61     		str	r2, [r3, #16]
 427 00d6 0B4B     		ldr	r3, .L48+8
 428 00d8 0022     		movs	r2, #0
 429 00da 1A75     		strb	r2, [r3, #20]
 430              	.L36:
 431 00dc 38BD     		pop	{r3, r4, r5, pc}
 432              	.L39:
 433 00de 094C     		ldr	r4, .L48+8
 434 00e0 2069     		ldr	r0, [r4, #16]
 435 00e2 FFF7FEFF 		bl	HAL_FLASH_EndOfOperationCallback
 436 00e6 0020     		movs	r0, #0
 437 00e8 2070     		strb	r0, [r4]
 438 00ea 0446     		mov	r4, r0
 439 00ec CCE7     		b	.L37
 440              	.L45:
 441 00ee 0024     		movs	r4, #0
 442 00f0 CAE7     		b	.L37
 443              	.L43:
 444 00f2 044B     		ldr	r3, .L48+8
 445 00f4 1C69     		ldr	r4, [r3, #16]
 446 00f6 DAE7     		b	.L42
 447              	.L46:
 448 00f8 0024     		movs	r4, #0
 449 00fa D8E7     		b	.L42
 450              	.L49:
 451              		.align	2
 452              	.L48:
 453 00fc 003C0240 		.word	1073888256
 454 0100 FB7FFFFF 		.word	-32773
 455 0104 00000000 		.word	pFlash
 457              		.section	.text.HAL_FLASH_Unlock,"ax",%progbits
 458              		.align	1
 459              		.global	HAL_FLASH_Unlock
 460              		.syntax unified
 461              		.thumb
 462              		.thumb_func
 464              	HAL_FLASH_Unlock:
 465              		@ args = 0, pretend = 0, frame = 0
 466              		@ frame_needed = 0, uses_anonymous_args = 0
 467              		@ link register save eliminated.
 468 0000 094B     		ldr	r3, .L55
 469 0002 1B69     		ldr	r3, [r3, #16]
 470 0004 002B     		cmp	r3, #0
 471 0006 01DB     		blt	.L54
 472 0008 0020     		movs	r0, #0
 473 000a 7047     		bx	lr
 474              	.L54:
 475 000c 064B     		ldr	r3, .L55
ARM GAS  /var/folders/0f/x4_g94q9649fs6s33cksjfb00000gn/T//ccXOOhKu.s 			page 9


 476 000e 074A     		ldr	r2, .L55+4
 477 0010 5A60     		str	r2, [r3, #4]
 478 0012 02F18832 		add	r2, r2, #-2004318072
 479 0016 5A60     		str	r2, [r3, #4]
 480 0018 1B69     		ldr	r3, [r3, #16]
 481 001a 002B     		cmp	r3, #0
 482 001c 01DB     		blt	.L53
 483 001e 0020     		movs	r0, #0
 484 0020 7047     		bx	lr
 485              	.L53:
 486 0022 0120     		movs	r0, #1
 487 0024 7047     		bx	lr
 488              	.L56:
 489 0026 00BF     		.align	2
 490              	.L55:
 491 0028 003C0240 		.word	1073888256
 492 002c 23016745 		.word	1164378403
 494              		.section	.text.HAL_FLASH_Lock,"ax",%progbits
 495              		.align	1
 496              		.global	HAL_FLASH_Lock
 497              		.syntax unified
 498              		.thumb
 499              		.thumb_func
 501              	HAL_FLASH_Lock:
 502              		@ args = 0, pretend = 0, frame = 0
 503              		@ frame_needed = 0, uses_anonymous_args = 0
 504              		@ link register save eliminated.
 505 0000 034A     		ldr	r2, .L58
 506 0002 1369     		ldr	r3, [r2, #16]
 507 0004 43F00043 		orr	r3, r3, #-2147483648
 508 0008 1361     		str	r3, [r2, #16]
 509 000a 0020     		movs	r0, #0
 510 000c 7047     		bx	lr
 511              	.L59:
 512 000e 00BF     		.align	2
 513              	.L58:
 514 0010 003C0240 		.word	1073888256
 516              		.section	.text.HAL_FLASH_OB_Unlock,"ax",%progbits
 517              		.align	1
 518              		.global	HAL_FLASH_OB_Unlock
 519              		.syntax unified
 520              		.thumb
 521              		.thumb_func
 523              	HAL_FLASH_OB_Unlock:
 524              		@ args = 0, pretend = 0, frame = 0
 525              		@ frame_needed = 0, uses_anonymous_args = 0
 526              		@ link register save eliminated.
 527 0000 074B     		ldr	r3, .L63
 528 0002 5B69     		ldr	r3, [r3, #20]
 529 0004 13F0010F 		tst	r3, #1
 530 0008 07D0     		beq	.L62
 531 000a 054B     		ldr	r3, .L63
 532 000c 054A     		ldr	r2, .L63+4
 533 000e 9A60     		str	r2, [r3, #8]
 534 0010 02F14432 		add	r2, r2, #1145324612
 535 0014 9A60     		str	r2, [r3, #8]
 536 0016 0020     		movs	r0, #0
ARM GAS  /var/folders/0f/x4_g94q9649fs6s33cksjfb00000gn/T//ccXOOhKu.s 			page 10


 537 0018 7047     		bx	lr
 538              	.L62:
 539 001a 0120     		movs	r0, #1
 540 001c 7047     		bx	lr
 541              	.L64:
 542 001e 00BF     		.align	2
 543              	.L63:
 544 0020 003C0240 		.word	1073888256
 545 0024 3B2A1908 		.word	135866939
 547              		.section	.text.HAL_FLASH_OB_Lock,"ax",%progbits
 548              		.align	1
 549              		.global	HAL_FLASH_OB_Lock
 550              		.syntax unified
 551              		.thumb
 552              		.thumb_func
 554              	HAL_FLASH_OB_Lock:
 555              		@ args = 0, pretend = 0, frame = 0
 556              		@ frame_needed = 0, uses_anonymous_args = 0
 557              		@ link register save eliminated.
 558 0000 034A     		ldr	r2, .L66
 559 0002 5369     		ldr	r3, [r2, #20]
 560 0004 43F00103 		orr	r3, r3, #1
 561 0008 5361     		str	r3, [r2, #20]
 562 000a 0020     		movs	r0, #0
 563 000c 7047     		bx	lr
 564              	.L67:
 565 000e 00BF     		.align	2
 566              	.L66:
 567 0010 003C0240 		.word	1073888256
 569              		.section	.text.HAL_FLASH_GetError,"ax",%progbits
 570              		.align	1
 571              		.global	HAL_FLASH_GetError
 572              		.syntax unified
 573              		.thumb
 574              		.thumb_func
 576              	HAL_FLASH_GetError:
 577              		@ args = 0, pretend = 0, frame = 0
 578              		@ frame_needed = 0, uses_anonymous_args = 0
 579              		@ link register save eliminated.
 580 0000 014B     		ldr	r3, .L69
 581 0002 9869     		ldr	r0, [r3, #24]
 582 0004 7047     		bx	lr
 583              	.L70:
 584 0006 00BF     		.align	2
 585              	.L69:
 586 0008 00000000 		.word	pFlash
 588              		.section	.text.FLASH_WaitForLastOperation,"ax",%progbits
 589              		.align	1
 590              		.global	FLASH_WaitForLastOperation
 591              		.syntax unified
 592              		.thumb
 593              		.thumb_func
 595              	FLASH_WaitForLastOperation:
 596              		@ args = 0, pretend = 0, frame = 0
 597              		@ frame_needed = 0, uses_anonymous_args = 0
 598 0000 38B5     		push	{r3, r4, r5, lr}
 599 0002 0446     		mov	r4, r0
ARM GAS  /var/folders/0f/x4_g94q9649fs6s33cksjfb00000gn/T//ccXOOhKu.s 			page 11


 600 0004 154B     		ldr	r3, .L82
 601 0006 0022     		movs	r2, #0
 602 0008 9A61     		str	r2, [r3, #24]
 603 000a FFF7FEFF 		bl	HAL_GetTick
 604 000e 0546     		mov	r5, r0
 605              	.L73:
 606 0010 134B     		ldr	r3, .L82+4
 607 0012 DB68     		ldr	r3, [r3, #12]
 608 0014 13F4803F 		tst	r3, #65536
 609 0018 0AD0     		beq	.L80
 610 001a B4F1FF3F 		cmp	r4, #-1
 611 001e F7D0     		beq	.L73
 612 0020 24B1     		cbz	r4, .L74
 613 0022 FFF7FEFF 		bl	HAL_GetTick
 614 0026 401B     		subs	r0, r0, r5
 615 0028 A042     		cmp	r0, r4
 616 002a F1D9     		bls	.L73
 617              	.L74:
 618 002c 0320     		movs	r0, #3
 619 002e 0DE0     		b	.L75
 620              	.L80:
 621 0030 0B4B     		ldr	r3, .L82+4
 622 0032 DB68     		ldr	r3, [r3, #12]
 623 0034 13F0F20F 		tst	r3, #242
 624 0038 09D1     		bne	.L81
 625 003a 094B     		ldr	r3, .L82+4
 626 003c DB68     		ldr	r3, [r3, #12]
 627 003e 13F0010F 		tst	r3, #1
 628 0042 08D0     		beq	.L78
 629 0044 064B     		ldr	r3, .L82+4
 630 0046 0122     		movs	r2, #1
 631 0048 DA60     		str	r2, [r3, #12]
 632 004a 0020     		movs	r0, #0
 633              	.L75:
 634 004c 38BD     		pop	{r3, r4, r5, pc}
 635              	.L81:
 636 004e FFF7FEFF 		bl	FLASH_SetErrorCode
 637 0052 0120     		movs	r0, #1
 638 0054 FAE7     		b	.L75
 639              	.L78:
 640 0056 0020     		movs	r0, #0
 641 0058 F8E7     		b	.L75
 642              	.L83:
 643 005a 00BF     		.align	2
 644              	.L82:
 645 005c 00000000 		.word	pFlash
 646 0060 003C0240 		.word	1073888256
 648              		.section	.text.HAL_FLASH_Program,"ax",%progbits
 649              		.align	1
 650              		.global	HAL_FLASH_Program
 651              		.syntax unified
 652              		.thumb
 653              		.thumb_func
 655              	HAL_FLASH_Program:
 656              		@ args = 0, pretend = 0, frame = 0
 657              		@ frame_needed = 0, uses_anonymous_args = 0
 658 0000 F8B5     		push	{r3, r4, r5, r6, r7, lr}
ARM GAS  /var/folders/0f/x4_g94q9649fs6s33cksjfb00000gn/T//ccXOOhKu.s 			page 12


 659 0002 1646     		mov	r6, r2
 660 0004 1B4A     		ldr	r2, .L96
 661 0006 127D     		ldrb	r2, [r2, #20]	@ zero_extendqisi2
 662 0008 012A     		cmp	r2, #1
 663 000a 31D0     		beq	.L93
 664 000c 0446     		mov	r4, r0
 665 000e 0D46     		mov	r5, r1
 666 0010 1F46     		mov	r7, r3
 667 0012 184B     		ldr	r3, .L96
 668 0014 0122     		movs	r2, #1
 669 0016 1A75     		strb	r2, [r3, #20]
 670 0018 4CF25030 		movw	r0, #50000
 671 001c FFF7FEFF 		bl	FLASH_WaitForLastOperation
 672 0020 90B9     		cbnz	r0, .L86
 673 0022 032C     		cmp	r4, #3
 674 0024 07D8     		bhi	.L87
 675 0026 DFE804F0 		tbb	[pc, r4]
 676              	.L89:
 677 002a 02       		.byte	(.L92-.L89)/2
 678 002b 13       		.byte	(.L91-.L89)/2
 679 002c 18       		.byte	(.L90-.L89)/2
 680 002d 1D       		.byte	(.L88-.L89)/2
 681              		.p2align 1
 682              	.L92:
 683 002e F1B2     		uxtb	r1, r6
 684 0030 2846     		mov	r0, r5
 685 0032 FFF7FEFF 		bl	FLASH_Program_Byte
 686              	.L87:
 687 0036 4CF25030 		movw	r0, #50000
 688 003a FFF7FEFF 		bl	FLASH_WaitForLastOperation
 689 003e 0E4A     		ldr	r2, .L96+4
 690 0040 1369     		ldr	r3, [r2, #16]
 691 0042 23F00103 		bic	r3, r3, #1
 692 0046 1361     		str	r3, [r2, #16]
 693              	.L86:
 694 0048 0A4B     		ldr	r3, .L96
 695 004a 0022     		movs	r2, #0
 696 004c 1A75     		strb	r2, [r3, #20]
 697              	.L85:
 698 004e F8BD     		pop	{r3, r4, r5, r6, r7, pc}
 699              	.L91:
 700 0050 B1B2     		uxth	r1, r6
 701 0052 2846     		mov	r0, r5
 702 0054 FFF7FEFF 		bl	FLASH_Program_HalfWord
 703 0058 EDE7     		b	.L87
 704              	.L90:
 705 005a 3146     		mov	r1, r6
 706 005c 2846     		mov	r0, r5
 707 005e FFF7FEFF 		bl	FLASH_Program_Word
 708 0062 E8E7     		b	.L87
 709              	.L88:
 710 0064 3246     		mov	r2, r6
 711 0066 3B46     		mov	r3, r7
 712 0068 2846     		mov	r0, r5
 713 006a FFF7FEFF 		bl	FLASH_Program_DoubleWord
 714 006e E2E7     		b	.L87
 715              	.L93:
ARM GAS  /var/folders/0f/x4_g94q9649fs6s33cksjfb00000gn/T//ccXOOhKu.s 			page 13


 716 0070 0220     		movs	r0, #2
 717 0072 ECE7     		b	.L85
 718              	.L97:
 719              		.align	2
 720              	.L96:
 721 0074 00000000 		.word	pFlash
 722 0078 003C0240 		.word	1073888256
 724              		.section	.text.HAL_FLASH_OB_Launch,"ax",%progbits
 725              		.align	1
 726              		.global	HAL_FLASH_OB_Launch
 727              		.syntax unified
 728              		.thumb
 729              		.thumb_func
 731              	HAL_FLASH_OB_Launch:
 732              		@ args = 0, pretend = 0, frame = 0
 733              		@ frame_needed = 0, uses_anonymous_args = 0
 734 0000 08B5     		push	{r3, lr}
 735 0002 054A     		ldr	r2, .L100
 736 0004 5369     		ldr	r3, [r2, #20]
 737 0006 43F00203 		orr	r3, r3, #2
 738 000a 5361     		str	r3, [r2, #20]
 739 000c 4CF25030 		movw	r0, #50000
 740 0010 FFF7FEFF 		bl	FLASH_WaitForLastOperation
 741 0014 08BD     		pop	{r3, pc}
 742              	.L101:
 743 0016 00BF     		.align	2
 744              	.L100:
 745 0018 003C0240 		.word	1073888256
 747              		.global	pFlash
 748              		.section	.bss.pFlash,"aw",%nobits
 749              		.align	2
 752              	pFlash:
 753 0000 00000000 		.space	28
 753      00000000 
 753      00000000 
 753      00000000 
 753      00000000 
 754              		.ident	"GCC: (Arm GNU Toolchain 14.2.Rel1 (Build arm-14.52)) 14.2.1 20241119"
ARM GAS  /var/folders/0f/x4_g94q9649fs6s33cksjfb00000gn/T//ccXOOhKu.s 			page 14


DEFINED SYMBOLS
                            *ABS*:00000000 stm32f7xx_hal_flash.c
/var/folders/0f/x4_g94q9649fs6s33cksjfb00000gn/T//ccXOOhKu.s:17     .text.FLASH_Program_DoubleWord:00000000 $t
/var/folders/0f/x4_g94q9649fs6s33cksjfb00000gn/T//ccXOOhKu.s:22     .text.FLASH_Program_DoubleWord:00000000 FLASH_Program_DoubleWord
/var/folders/0f/x4_g94q9649fs6s33cksjfb00000gn/T//ccXOOhKu.s:56     .text.FLASH_Program_DoubleWord:00000030 $d
/var/folders/0f/x4_g94q9649fs6s33cksjfb00000gn/T//ccXOOhKu.s:59     .text.FLASH_Program_Word:00000000 $t
/var/folders/0f/x4_g94q9649fs6s33cksjfb00000gn/T//ccXOOhKu.s:64     .text.FLASH_Program_Word:00000000 FLASH_Program_Word
/var/folders/0f/x4_g94q9649fs6s33cksjfb00000gn/T//ccXOOhKu.s:89     .text.FLASH_Program_Word:00000024 $d
/var/folders/0f/x4_g94q9649fs6s33cksjfb00000gn/T//ccXOOhKu.s:92     .text.FLASH_Program_HalfWord:00000000 $t
/var/folders/0f/x4_g94q9649fs6s33cksjfb00000gn/T//ccXOOhKu.s:97     .text.FLASH_Program_HalfWord:00000000 FLASH_Program_HalfWord
/var/folders/0f/x4_g94q9649fs6s33cksjfb00000gn/T//ccXOOhKu.s:122    .text.FLASH_Program_HalfWord:00000024 $d
/var/folders/0f/x4_g94q9649fs6s33cksjfb00000gn/T//ccXOOhKu.s:125    .text.FLASH_Program_Byte:00000000 $t
/var/folders/0f/x4_g94q9649fs6s33cksjfb00000gn/T//ccXOOhKu.s:130    .text.FLASH_Program_Byte:00000000 FLASH_Program_Byte
/var/folders/0f/x4_g94q9649fs6s33cksjfb00000gn/T//ccXOOhKu.s:154    .text.FLASH_Program_Byte:00000020 $d
/var/folders/0f/x4_g94q9649fs6s33cksjfb00000gn/T//ccXOOhKu.s:157    .text.FLASH_SetErrorCode:00000000 $t
/var/folders/0f/x4_g94q9649fs6s33cksjfb00000gn/T//ccXOOhKu.s:162    .text.FLASH_SetErrorCode:00000000 FLASH_SetErrorCode
/var/folders/0f/x4_g94q9649fs6s33cksjfb00000gn/T//ccXOOhKu.s:218    .text.FLASH_SetErrorCode:0000006c $d
/var/folders/0f/x4_g94q9649fs6s33cksjfb00000gn/T//ccXOOhKu.s:752    .bss.pFlash:00000000 pFlash
/var/folders/0f/x4_g94q9649fs6s33cksjfb00000gn/T//ccXOOhKu.s:222    .text.HAL_FLASH_Program_IT:00000000 $t
/var/folders/0f/x4_g94q9649fs6s33cksjfb00000gn/T//ccXOOhKu.s:228    .text.HAL_FLASH_Program_IT:00000000 HAL_FLASH_Program_IT
/var/folders/0f/x4_g94q9649fs6s33cksjfb00000gn/T//ccXOOhKu.s:257    .text.HAL_FLASH_Program_IT:0000003a $d
/var/folders/0f/x4_g94q9649fs6s33cksjfb00000gn/T//ccXOOhKu.s:261    .text.HAL_FLASH_Program_IT:0000003e $t
/var/folders/0f/x4_g94q9649fs6s33cksjfb00000gn/T//ccXOOhKu.s:291    .text.HAL_FLASH_Program_IT:0000006c $d
/var/folders/0f/x4_g94q9649fs6s33cksjfb00000gn/T//ccXOOhKu.s:295    .text.HAL_FLASH_EndOfOperationCallback:00000000 $t
/var/folders/0f/x4_g94q9649fs6s33cksjfb00000gn/T//ccXOOhKu.s:301    .text.HAL_FLASH_EndOfOperationCallback:00000000 HAL_FLASH_EndOfOperationCallback
/var/folders/0f/x4_g94q9649fs6s33cksjfb00000gn/T//ccXOOhKu.s:308    .text.HAL_FLASH_OperationErrorCallback:00000000 $t
/var/folders/0f/x4_g94q9649fs6s33cksjfb00000gn/T//ccXOOhKu.s:314    .text.HAL_FLASH_OperationErrorCallback:00000000 HAL_FLASH_OperationErrorCallback
/var/folders/0f/x4_g94q9649fs6s33cksjfb00000gn/T//ccXOOhKu.s:321    .text.HAL_FLASH_IRQHandler:00000000 $t
/var/folders/0f/x4_g94q9649fs6s33cksjfb00000gn/T//ccXOOhKu.s:327    .text.HAL_FLASH_IRQHandler:00000000 HAL_FLASH_IRQHandler
/var/folders/0f/x4_g94q9649fs6s33cksjfb00000gn/T//ccXOOhKu.s:453    .text.HAL_FLASH_IRQHandler:000000fc $d
/var/folders/0f/x4_g94q9649fs6s33cksjfb00000gn/T//ccXOOhKu.s:458    .text.HAL_FLASH_Unlock:00000000 $t
/var/folders/0f/x4_g94q9649fs6s33cksjfb00000gn/T//ccXOOhKu.s:464    .text.HAL_FLASH_Unlock:00000000 HAL_FLASH_Unlock
/var/folders/0f/x4_g94q9649fs6s33cksjfb00000gn/T//ccXOOhKu.s:491    .text.HAL_FLASH_Unlock:00000028 $d
/var/folders/0f/x4_g94q9649fs6s33cksjfb00000gn/T//ccXOOhKu.s:495    .text.HAL_FLASH_Lock:00000000 $t
/var/folders/0f/x4_g94q9649fs6s33cksjfb00000gn/T//ccXOOhKu.s:501    .text.HAL_FLASH_Lock:00000000 HAL_FLASH_Lock
/var/folders/0f/x4_g94q9649fs6s33cksjfb00000gn/T//ccXOOhKu.s:514    .text.HAL_FLASH_Lock:00000010 $d
/var/folders/0f/x4_g94q9649fs6s33cksjfb00000gn/T//ccXOOhKu.s:517    .text.HAL_FLASH_OB_Unlock:00000000 $t
/var/folders/0f/x4_g94q9649fs6s33cksjfb00000gn/T//ccXOOhKu.s:523    .text.HAL_FLASH_OB_Unlock:00000000 HAL_FLASH_OB_Unlock
/var/folders/0f/x4_g94q9649fs6s33cksjfb00000gn/T//ccXOOhKu.s:544    .text.HAL_FLASH_OB_Unlock:00000020 $d
/var/folders/0f/x4_g94q9649fs6s33cksjfb00000gn/T//ccXOOhKu.s:548    .text.HAL_FLASH_OB_Lock:00000000 $t
/var/folders/0f/x4_g94q9649fs6s33cksjfb00000gn/T//ccXOOhKu.s:554    .text.HAL_FLASH_OB_Lock:00000000 HAL_FLASH_OB_Lock
/var/folders/0f/x4_g94q9649fs6s33cksjfb00000gn/T//ccXOOhKu.s:567    .text.HAL_FLASH_OB_Lock:00000010 $d
/var/folders/0f/x4_g94q9649fs6s33cksjfb00000gn/T//ccXOOhKu.s:570    .text.HAL_FLASH_GetError:00000000 $t
/var/folders/0f/x4_g94q9649fs6s33cksjfb00000gn/T//ccXOOhKu.s:576    .text.HAL_FLASH_GetError:00000000 HAL_FLASH_GetError
/var/folders/0f/x4_g94q9649fs6s33cksjfb00000gn/T//ccXOOhKu.s:586    .text.HAL_FLASH_GetError:00000008 $d
/var/folders/0f/x4_g94q9649fs6s33cksjfb00000gn/T//ccXOOhKu.s:589    .text.FLASH_WaitForLastOperation:00000000 $t
/var/folders/0f/x4_g94q9649fs6s33cksjfb00000gn/T//ccXOOhKu.s:595    .text.FLASH_WaitForLastOperation:00000000 FLASH_WaitForLastOperation
/var/folders/0f/x4_g94q9649fs6s33cksjfb00000gn/T//ccXOOhKu.s:645    .text.FLASH_WaitForLastOperation:0000005c $d
/var/folders/0f/x4_g94q9649fs6s33cksjfb00000gn/T//ccXOOhKu.s:649    .text.HAL_FLASH_Program:00000000 $t
/var/folders/0f/x4_g94q9649fs6s33cksjfb00000gn/T//ccXOOhKu.s:655    .text.HAL_FLASH_Program:00000000 HAL_FLASH_Program
/var/folders/0f/x4_g94q9649fs6s33cksjfb00000gn/T//ccXOOhKu.s:677    .text.HAL_FLASH_Program:0000002a $d
/var/folders/0f/x4_g94q9649fs6s33cksjfb00000gn/T//ccXOOhKu.s:681    .text.HAL_FLASH_Program:0000002e $t
/var/folders/0f/x4_g94q9649fs6s33cksjfb00000gn/T//ccXOOhKu.s:721    .text.HAL_FLASH_Program:00000074 $d
/var/folders/0f/x4_g94q9649fs6s33cksjfb00000gn/T//ccXOOhKu.s:725    .text.HAL_FLASH_OB_Launch:00000000 $t
/var/folders/0f/x4_g94q9649fs6s33cksjfb00000gn/T//ccXOOhKu.s:731    .text.HAL_FLASH_OB_Launch:00000000 HAL_FLASH_OB_Launch
/var/folders/0f/x4_g94q9649fs6s33cksjfb00000gn/T//ccXOOhKu.s:745    .text.HAL_FLASH_OB_Launch:00000018 $d
/var/folders/0f/x4_g94q9649fs6s33cksjfb00000gn/T//ccXOOhKu.s:749    .bss.pFlash:00000000 $d
ARM GAS  /var/folders/0f/x4_g94q9649fs6s33cksjfb00000gn/T//ccXOOhKu.s 			page 15



UNDEFINED SYMBOLS
FLASH_Erase_Sector
HAL_GetTick
