ARM GAS  /var/folders/0f/x4_g94q9649fs6s33cksjfb00000gn/T//ccFxuiOd.s 			page 1


   1              		.cpu cortex-m7
   2              		.arch armv7e-m
   3              		.fpu fpv5-d16
   4              		.eabi_attribute 28, 1
   5              		.eabi_attribute 20, 1
   6              		.eabi_attribute 21, 1
   7              		.eabi_attribute 23, 3
   8              		.eabi_attribute 24, 1
   9              		.eabi_attribute 25, 1
  10              		.eabi_attribute 26, 1
  11              		.eabi_attribute 30, 1
  12              		.eabi_attribute 34, 1
  13              		.eabi_attribute 18, 4
  14              		.file	"stm32f7xx_hal.c"
  15              		.text
  16              		.section	.text.HAL_MspInit,"ax",%progbits
  17              		.align	1
  18              		.weak	HAL_MspInit
  19              		.syntax unified
  20              		.thumb
  21              		.thumb_func
  23              	HAL_MspInit:
  24              		@ args = 0, pretend = 0, frame = 0
  25              		@ frame_needed = 0, uses_anonymous_args = 0
  26              		@ link register save eliminated.
  27 0000 7047     		bx	lr
  29              		.section	.text.HAL_MspDeInit,"ax",%progbits
  30              		.align	1
  31              		.weak	HAL_MspDeInit
  32              		.syntax unified
  33              		.thumb
  34              		.thumb_func
  36              	HAL_MspDeInit:
  37              		@ args = 0, pretend = 0, frame = 0
  38              		@ frame_needed = 0, uses_anonymous_args = 0
  39              		@ link register save eliminated.
  40 0000 7047     		bx	lr
  42              		.section	.text.HAL_DeInit,"ax",%progbits
  43              		.align	1
  44              		.global	HAL_DeInit
  45              		.syntax unified
  46              		.thumb
  47              		.thumb_func
  49              	HAL_DeInit:
  50              		@ args = 0, pretend = 0, frame = 0
  51              		@ frame_needed = 0, uses_anonymous_args = 0
  52 0000 10B5     		push	{r4, lr}
  53 0002 094B     		ldr	r3, .L5
  54 0004 4FF0FF32 		mov	r2, #-1
  55 0008 1A62     		str	r2, [r3, #32]
  56 000a 0024     		movs	r4, #0
  57 000c 1C62     		str	r4, [r3, #32]
  58 000e 5A62     		str	r2, [r3, #36]
  59 0010 5C62     		str	r4, [r3, #36]
  60 0012 1A61     		str	r2, [r3, #16]
  61 0014 1C61     		str	r4, [r3, #16]
  62 0016 5A61     		str	r2, [r3, #20]
ARM GAS  /var/folders/0f/x4_g94q9649fs6s33cksjfb00000gn/T//ccFxuiOd.s 			page 2


  63 0018 5C61     		str	r4, [r3, #20]
  64 001a 9A61     		str	r2, [r3, #24]
  65 001c 9C61     		str	r4, [r3, #24]
  66 001e FFF7FEFF 		bl	HAL_MspDeInit
  67 0022 2046     		mov	r0, r4
  68 0024 10BD     		pop	{r4, pc}
  69              	.L6:
  70 0026 00BF     		.align	2
  71              	.L5:
  72 0028 00380240 		.word	1073887232
  74              		.section	.text.HAL_InitTick,"ax",%progbits
  75              		.align	1
  76              		.weak	HAL_InitTick
  77              		.syntax unified
  78              		.thumb
  79              		.thumb_func
  81              	HAL_InitTick:
  82              		@ args = 0, pretend = 0, frame = 0
  83              		@ frame_needed = 0, uses_anonymous_args = 0
  84 0000 10B5     		push	{r4, lr}
  85 0002 0446     		mov	r4, r0
  86 0004 0E4B     		ldr	r3, .L13
  87 0006 1A78     		ldrb	r2, [r3]	@ zero_extendqisi2
  88 0008 4FF47A73 		mov	r3, #1000
  89 000c B3FBF2F3 		udiv	r3, r3, r2
  90 0010 0C4A     		ldr	r2, .L13+4
  91 0012 1068     		ldr	r0, [r2]
  92 0014 B0FBF3F0 		udiv	r0, r0, r3
  93 0018 FFF7FEFF 		bl	HAL_SYSTICK_Config
  94 001c 68B9     		cbnz	r0, .L9
  95 001e 0F2C     		cmp	r4, #15
  96 0020 01D9     		bls	.L12
  97 0022 0120     		movs	r0, #1
  98 0024 0AE0     		b	.L8
  99              	.L12:
 100 0026 0022     		movs	r2, #0
 101 0028 2146     		mov	r1, r4
 102 002a 4FF0FF30 		mov	r0, #-1
 103 002e FFF7FEFF 		bl	HAL_NVIC_SetPriority
 104 0032 054B     		ldr	r3, .L13+8
 105 0034 1C60     		str	r4, [r3]
 106 0036 0020     		movs	r0, #0
 107 0038 00E0     		b	.L8
 108              	.L9:
 109 003a 0120     		movs	r0, #1
 110              	.L8:
 111 003c 10BD     		pop	{r4, pc}
 112              	.L14:
 113 003e 00BF     		.align	2
 114              	.L13:
 115 0040 00000000 		.word	uwTickFreq
 116 0044 00000000 		.word	SystemCoreClock
 117 0048 00000000 		.word	uwTickPrio
 119              		.section	.text.HAL_Init,"ax",%progbits
 120              		.align	1
 121              		.global	HAL_Init
 122              		.syntax unified
ARM GAS  /var/folders/0f/x4_g94q9649fs6s33cksjfb00000gn/T//ccFxuiOd.s 			page 3


 123              		.thumb
 124              		.thumb_func
 126              	HAL_Init:
 127              		@ args = 0, pretend = 0, frame = 0
 128              		@ frame_needed = 0, uses_anonymous_args = 0
 129 0000 08B5     		push	{r3, lr}
 130 0002 0320     		movs	r0, #3
 131 0004 FFF7FEFF 		bl	HAL_NVIC_SetPriorityGrouping
 132 0008 0020     		movs	r0, #0
 133 000a FFF7FEFF 		bl	HAL_InitTick
 134 000e FFF7FEFF 		bl	HAL_MspInit
 135 0012 0020     		movs	r0, #0
 136 0014 08BD     		pop	{r3, pc}
 138              		.section	.text.HAL_IncTick,"ax",%progbits
 139              		.align	1
 140              		.weak	HAL_IncTick
 141              		.syntax unified
 142              		.thumb
 143              		.thumb_func
 145              	HAL_IncTick:
 146              		@ args = 0, pretend = 0, frame = 0
 147              		@ frame_needed = 0, uses_anonymous_args = 0
 148              		@ link register save eliminated.
 149 0000 034A     		ldr	r2, .L18
 150 0002 1168     		ldr	r1, [r2]
 151 0004 034B     		ldr	r3, .L18+4
 152 0006 1B78     		ldrb	r3, [r3]	@ zero_extendqisi2
 153 0008 0B44     		add	r3, r3, r1
 154 000a 1360     		str	r3, [r2]
 155 000c 7047     		bx	lr
 156              	.L19:
 157 000e 00BF     		.align	2
 158              	.L18:
 159 0010 00000000 		.word	uwTick
 160 0014 00000000 		.word	uwTickFreq
 162              		.section	.text.HAL_GetTick,"ax",%progbits
 163              		.align	1
 164              		.weak	HAL_GetTick
 165              		.syntax unified
 166              		.thumb
 167              		.thumb_func
 169              	HAL_GetTick:
 170              		@ args = 0, pretend = 0, frame = 0
 171              		@ frame_needed = 0, uses_anonymous_args = 0
 172              		@ link register save eliminated.
 173 0000 014B     		ldr	r3, .L21
 174 0002 1868     		ldr	r0, [r3]
 175 0004 7047     		bx	lr
 176              	.L22:
 177 0006 00BF     		.align	2
 178              	.L21:
 179 0008 00000000 		.word	uwTick
 181              		.section	.text.HAL_GetTickPrio,"ax",%progbits
 182              		.align	1
 183              		.global	HAL_GetTickPrio
 184              		.syntax unified
 185              		.thumb
ARM GAS  /var/folders/0f/x4_g94q9649fs6s33cksjfb00000gn/T//ccFxuiOd.s 			page 4


 186              		.thumb_func
 188              	HAL_GetTickPrio:
 189              		@ args = 0, pretend = 0, frame = 0
 190              		@ frame_needed = 0, uses_anonymous_args = 0
 191              		@ link register save eliminated.
 192 0000 014B     		ldr	r3, .L24
 193 0002 1868     		ldr	r0, [r3]
 194 0004 7047     		bx	lr
 195              	.L25:
 196 0006 00BF     		.align	2
 197              	.L24:
 198 0008 00000000 		.word	uwTickPrio
 200              		.section	.text.HAL_SetTickFreq,"ax",%progbits
 201              		.align	1
 202              		.global	HAL_SetTickFreq
 203              		.syntax unified
 204              		.thumb
 205              		.thumb_func
 207              	HAL_SetTickFreq:
 208              		@ args = 0, pretend = 0, frame = 0
 209              		@ frame_needed = 0, uses_anonymous_args = 0
 210 0000 10B5     		push	{r4, lr}
 211 0002 084B     		ldr	r3, .L31
 212 0004 1C78     		ldrb	r4, [r3]	@ zero_extendqisi2
 213 0006 8442     		cmp	r4, r0
 214 0008 01D1     		bne	.L30
 215 000a 0020     		movs	r0, #0
 216              	.L27:
 217 000c 10BD     		pop	{r4, pc}
 218              	.L30:
 219 000e 1870     		strb	r0, [r3]
 220 0010 054B     		ldr	r3, .L31+4
 221 0012 1868     		ldr	r0, [r3]
 222 0014 FFF7FEFF 		bl	HAL_InitTick
 223 0018 0028     		cmp	r0, #0
 224 001a F7D0     		beq	.L27
 225 001c 014B     		ldr	r3, .L31
 226 001e 1C70     		strb	r4, [r3]
 227 0020 F4E7     		b	.L27
 228              	.L32:
 229 0022 00BF     		.align	2
 230              	.L31:
 231 0024 00000000 		.word	uwTickFreq
 232 0028 00000000 		.word	uwTickPrio
 234              		.section	.text.HAL_GetTickFreq,"ax",%progbits
 235              		.align	1
 236              		.global	HAL_GetTickFreq
 237              		.syntax unified
 238              		.thumb
 239              		.thumb_func
 241              	HAL_GetTickFreq:
 242              		@ args = 0, pretend = 0, frame = 0
 243              		@ frame_needed = 0, uses_anonymous_args = 0
 244              		@ link register save eliminated.
 245 0000 014B     		ldr	r3, .L34
 246 0002 1878     		ldrb	r0, [r3]	@ zero_extendqisi2
 247 0004 7047     		bx	lr
ARM GAS  /var/folders/0f/x4_g94q9649fs6s33cksjfb00000gn/T//ccFxuiOd.s 			page 5


 248              	.L35:
 249 0006 00BF     		.align	2
 250              	.L34:
 251 0008 00000000 		.word	uwTickFreq
 253              		.section	.text.HAL_Delay,"ax",%progbits
 254              		.align	1
 255              		.weak	HAL_Delay
 256              		.syntax unified
 257              		.thumb
 258              		.thumb_func
 260              	HAL_Delay:
 261              		@ args = 0, pretend = 0, frame = 0
 262              		@ frame_needed = 0, uses_anonymous_args = 0
 263 0000 38B5     		push	{r3, r4, r5, lr}
 264 0002 0446     		mov	r4, r0
 265 0004 FFF7FEFF 		bl	HAL_GetTick
 266 0008 0546     		mov	r5, r0
 267 000a B4F1FF3F 		cmp	r4, #-1
 268 000e 02D0     		beq	.L38
 269 0010 044B     		ldr	r3, .L40
 270 0012 1B78     		ldrb	r3, [r3]	@ zero_extendqisi2
 271 0014 1C44     		add	r4, r4, r3
 272              	.L38:
 273 0016 FFF7FEFF 		bl	HAL_GetTick
 274 001a 401B     		subs	r0, r0, r5
 275 001c A042     		cmp	r0, r4
 276 001e FAD3     		bcc	.L38
 277 0020 38BD     		pop	{r3, r4, r5, pc}
 278              	.L41:
 279 0022 00BF     		.align	2
 280              	.L40:
 281 0024 00000000 		.word	uwTickFreq
 283              		.section	.text.HAL_SuspendTick,"ax",%progbits
 284              		.align	1
 285              		.weak	HAL_SuspendTick
 286              		.syntax unified
 287              		.thumb
 288              		.thumb_func
 290              	HAL_SuspendTick:
 291              		@ args = 0, pretend = 0, frame = 0
 292              		@ frame_needed = 0, uses_anonymous_args = 0
 293              		@ link register save eliminated.
 294 0000 4FF0E022 		mov	r2, #-536813568
 295 0004 1369     		ldr	r3, [r2, #16]
 296 0006 23F00203 		bic	r3, r3, #2
 297 000a 1361     		str	r3, [r2, #16]
 298 000c 7047     		bx	lr
 300              		.section	.text.HAL_ResumeTick,"ax",%progbits
 301              		.align	1
 302              		.weak	HAL_ResumeTick
 303              		.syntax unified
 304              		.thumb
 305              		.thumb_func
 307              	HAL_ResumeTick:
 308              		@ args = 0, pretend = 0, frame = 0
 309              		@ frame_needed = 0, uses_anonymous_args = 0
 310              		@ link register save eliminated.
ARM GAS  /var/folders/0f/x4_g94q9649fs6s33cksjfb00000gn/T//ccFxuiOd.s 			page 6


 311 0000 4FF0E022 		mov	r2, #-536813568
 312 0004 1369     		ldr	r3, [r2, #16]
 313 0006 43F00203 		orr	r3, r3, #2
 314 000a 1361     		str	r3, [r2, #16]
 315 000c 7047     		bx	lr
 317              		.section	.text.HAL_GetHalVersion,"ax",%progbits
 318              		.align	1
 319              		.global	HAL_GetHalVersion
 320              		.syntax unified
 321              		.thumb
 322              		.thumb_func
 324              	HAL_GetHalVersion:
 325              		@ args = 0, pretend = 0, frame = 0
 326              		@ frame_needed = 0, uses_anonymous_args = 0
 327              		@ link register save eliminated.
 328 0000 0048     		ldr	r0, .L45
 329 0002 7047     		bx	lr
 330              	.L46:
 331              		.align	2
 332              	.L45:
 333 0004 00030301 		.word	16974592
 335              		.section	.text.HAL_GetREVID,"ax",%progbits
 336              		.align	1
 337              		.global	HAL_GetREVID
 338              		.syntax unified
 339              		.thumb
 340              		.thumb_func
 342              	HAL_GetREVID:
 343              		@ args = 0, pretend = 0, frame = 0
 344              		@ frame_needed = 0, uses_anonymous_args = 0
 345              		@ link register save eliminated.
 346 0000 014B     		ldr	r3, .L48
 347 0002 1868     		ldr	r0, [r3]
 348 0004 000C     		lsrs	r0, r0, #16
 349 0006 7047     		bx	lr
 350              	.L49:
 351              		.align	2
 352              	.L48:
 353 0008 002004E0 		.word	-536600576
 355              		.section	.text.HAL_GetDEVID,"ax",%progbits
 356              		.align	1
 357              		.global	HAL_GetDEVID
 358              		.syntax unified
 359              		.thumb
 360              		.thumb_func
 362              	HAL_GetDEVID:
 363              		@ args = 0, pretend = 0, frame = 0
 364              		@ frame_needed = 0, uses_anonymous_args = 0
 365              		@ link register save eliminated.
 366 0000 024B     		ldr	r3, .L51
 367 0002 1868     		ldr	r0, [r3]
 368 0004 C0F30B00 		ubfx	r0, r0, #0, #12
 369 0008 7047     		bx	lr
 370              	.L52:
 371 000a 00BF     		.align	2
 372              	.L51:
 373 000c 002004E0 		.word	-536600576
ARM GAS  /var/folders/0f/x4_g94q9649fs6s33cksjfb00000gn/T//ccFxuiOd.s 			page 7


 375              		.section	.text.HAL_GetUIDw0,"ax",%progbits
 376              		.align	1
 377              		.global	HAL_GetUIDw0
 378              		.syntax unified
 379              		.thumb
 380              		.thumb_func
 382              	HAL_GetUIDw0:
 383              		@ args = 0, pretend = 0, frame = 0
 384              		@ frame_needed = 0, uses_anonymous_args = 0
 385              		@ link register save eliminated.
 386 0000 014B     		ldr	r3, .L54
 387 0002 D3F82004 		ldr	r0, [r3, #1056]
 388 0006 7047     		bx	lr
 389              	.L55:
 390              		.align	2
 391              	.L54:
 392 0008 00F0F01F 		.word	535883776
 394              		.section	.text.HAL_GetUIDw1,"ax",%progbits
 395              		.align	1
 396              		.global	HAL_GetUIDw1
 397              		.syntax unified
 398              		.thumb
 399              		.thumb_func
 401              	HAL_GetUIDw1:
 402              		@ args = 0, pretend = 0, frame = 0
 403              		@ frame_needed = 0, uses_anonymous_args = 0
 404              		@ link register save eliminated.
 405 0000 014B     		ldr	r3, .L57
 406 0002 D3F82404 		ldr	r0, [r3, #1060]
 407 0006 7047     		bx	lr
 408              	.L58:
 409              		.align	2
 410              	.L57:
 411 0008 00F0F01F 		.word	535883776
 413              		.section	.text.HAL_GetUIDw2,"ax",%progbits
 414              		.align	1
 415              		.global	HAL_GetUIDw2
 416              		.syntax unified
 417              		.thumb
 418              		.thumb_func
 420              	HAL_GetUIDw2:
 421              		@ args = 0, pretend = 0, frame = 0
 422              		@ frame_needed = 0, uses_anonymous_args = 0
 423              		@ link register save eliminated.
 424 0000 014B     		ldr	r3, .L60
 425 0002 D3F82804 		ldr	r0, [r3, #1064]
 426 0006 7047     		bx	lr
 427              	.L61:
 428              		.align	2
 429              	.L60:
 430 0008 00F0F01F 		.word	535883776
 432              		.section	.text.HAL_DBGMCU_EnableDBGSleepMode,"ax",%progbits
 433              		.align	1
 434              		.global	HAL_DBGMCU_EnableDBGSleepMode
 435              		.syntax unified
 436              		.thumb
 437              		.thumb_func
ARM GAS  /var/folders/0f/x4_g94q9649fs6s33cksjfb00000gn/T//ccFxuiOd.s 			page 8


 439              	HAL_DBGMCU_EnableDBGSleepMode:
 440              		@ args = 0, pretend = 0, frame = 0
 441              		@ frame_needed = 0, uses_anonymous_args = 0
 442              		@ link register save eliminated.
 443 0000 024A     		ldr	r2, .L63
 444 0002 5368     		ldr	r3, [r2, #4]
 445 0004 43F00103 		orr	r3, r3, #1
 446 0008 5360     		str	r3, [r2, #4]
 447 000a 7047     		bx	lr
 448              	.L64:
 449              		.align	2
 450              	.L63:
 451 000c 002004E0 		.word	-536600576
 453              		.section	.text.HAL_DBGMCU_DisableDBGSleepMode,"ax",%progbits
 454              		.align	1
 455              		.global	HAL_DBGMCU_DisableDBGSleepMode
 456              		.syntax unified
 457              		.thumb
 458              		.thumb_func
 460              	HAL_DBGMCU_DisableDBGSleepMode:
 461              		@ args = 0, pretend = 0, frame = 0
 462              		@ frame_needed = 0, uses_anonymous_args = 0
 463              		@ link register save eliminated.
 464 0000 024A     		ldr	r2, .L66
 465 0002 5368     		ldr	r3, [r2, #4]
 466 0004 23F00103 		bic	r3, r3, #1
 467 0008 5360     		str	r3, [r2, #4]
 468 000a 7047     		bx	lr
 469              	.L67:
 470              		.align	2
 471              	.L66:
 472 000c 002004E0 		.word	-536600576
 474              		.section	.text.HAL_DBGMCU_EnableDBGStopMode,"ax",%progbits
 475              		.align	1
 476              		.global	HAL_DBGMCU_EnableDBGStopMode
 477              		.syntax unified
 478              		.thumb
 479              		.thumb_func
 481              	HAL_DBGMCU_EnableDBGStopMode:
 482              		@ args = 0, pretend = 0, frame = 0
 483              		@ frame_needed = 0, uses_anonymous_args = 0
 484              		@ link register save eliminated.
 485 0000 024A     		ldr	r2, .L69
 486 0002 5368     		ldr	r3, [r2, #4]
 487 0004 43F00203 		orr	r3, r3, #2
 488 0008 5360     		str	r3, [r2, #4]
 489 000a 7047     		bx	lr
 490              	.L70:
 491              		.align	2
 492              	.L69:
 493 000c 002004E0 		.word	-536600576
 495              		.section	.text.HAL_DBGMCU_DisableDBGStopMode,"ax",%progbits
 496              		.align	1
 497              		.global	HAL_DBGMCU_DisableDBGStopMode
 498              		.syntax unified
 499              		.thumb
 500              		.thumb_func
ARM GAS  /var/folders/0f/x4_g94q9649fs6s33cksjfb00000gn/T//ccFxuiOd.s 			page 9


 502              	HAL_DBGMCU_DisableDBGStopMode:
 503              		@ args = 0, pretend = 0, frame = 0
 504              		@ frame_needed = 0, uses_anonymous_args = 0
 505              		@ link register save eliminated.
 506 0000 024A     		ldr	r2, .L72
 507 0002 5368     		ldr	r3, [r2, #4]
 508 0004 23F00203 		bic	r3, r3, #2
 509 0008 5360     		str	r3, [r2, #4]
 510 000a 7047     		bx	lr
 511              	.L73:
 512              		.align	2
 513              	.L72:
 514 000c 002004E0 		.word	-536600576
 516              		.section	.text.HAL_DBGMCU_EnableDBGStandbyMode,"ax",%progbits
 517              		.align	1
 518              		.global	HAL_DBGMCU_EnableDBGStandbyMode
 519              		.syntax unified
 520              		.thumb
 521              		.thumb_func
 523              	HAL_DBGMCU_EnableDBGStandbyMode:
 524              		@ args = 0, pretend = 0, frame = 0
 525              		@ frame_needed = 0, uses_anonymous_args = 0
 526              		@ link register save eliminated.
 527 0000 024A     		ldr	r2, .L75
 528 0002 5368     		ldr	r3, [r2, #4]
 529 0004 43F00403 		orr	r3, r3, #4
 530 0008 5360     		str	r3, [r2, #4]
 531 000a 7047     		bx	lr
 532              	.L76:
 533              		.align	2
 534              	.L75:
 535 000c 002004E0 		.word	-536600576
 537              		.section	.text.HAL_DBGMCU_DisableDBGStandbyMode,"ax",%progbits
 538              		.align	1
 539              		.global	HAL_DBGMCU_DisableDBGStandbyMode
 540              		.syntax unified
 541              		.thumb
 542              		.thumb_func
 544              	HAL_DBGMCU_DisableDBGStandbyMode:
 545              		@ args = 0, pretend = 0, frame = 0
 546              		@ frame_needed = 0, uses_anonymous_args = 0
 547              		@ link register save eliminated.
 548 0000 024A     		ldr	r2, .L78
 549 0002 5368     		ldr	r3, [r2, #4]
 550 0004 23F00403 		bic	r3, r3, #4
 551 0008 5360     		str	r3, [r2, #4]
 552 000a 7047     		bx	lr
 553              	.L79:
 554              		.align	2
 555              	.L78:
 556 000c 002004E0 		.word	-536600576
 558              		.section	.text.HAL_EnableCompensationCell,"ax",%progbits
 559              		.align	1
 560              		.global	HAL_EnableCompensationCell
 561              		.syntax unified
 562              		.thumb
 563              		.thumb_func
ARM GAS  /var/folders/0f/x4_g94q9649fs6s33cksjfb00000gn/T//ccFxuiOd.s 			page 10


 565              	HAL_EnableCompensationCell:
 566              		@ args = 0, pretend = 0, frame = 0
 567              		@ frame_needed = 0, uses_anonymous_args = 0
 568              		@ link register save eliminated.
 569 0000 024A     		ldr	r2, .L81
 570 0002 136A     		ldr	r3, [r2, #32]
 571 0004 43F00103 		orr	r3, r3, #1
 572 0008 1362     		str	r3, [r2, #32]
 573 000a 7047     		bx	lr
 574              	.L82:
 575              		.align	2
 576              	.L81:
 577 000c 00380140 		.word	1073821696
 579              		.section	.text.HAL_DisableCompensationCell,"ax",%progbits
 580              		.align	1
 581              		.global	HAL_DisableCompensationCell
 582              		.syntax unified
 583              		.thumb
 584              		.thumb_func
 586              	HAL_DisableCompensationCell:
 587              		@ args = 0, pretend = 0, frame = 0
 588              		@ frame_needed = 0, uses_anonymous_args = 0
 589              		@ link register save eliminated.
 590 0000 024A     		ldr	r2, .L84
 591 0002 136A     		ldr	r3, [r2, #32]
 592 0004 23F00103 		bic	r3, r3, #1
 593 0008 1362     		str	r3, [r2, #32]
 594 000a 7047     		bx	lr
 595              	.L85:
 596              		.align	2
 597              	.L84:
 598 000c 00380140 		.word	1073821696
 600              		.section	.text.HAL_EnableFMCMemorySwapping,"ax",%progbits
 601              		.align	1
 602              		.global	HAL_EnableFMCMemorySwapping
 603              		.syntax unified
 604              		.thumb
 605              		.thumb_func
 607              	HAL_EnableFMCMemorySwapping:
 608              		@ args = 0, pretend = 0, frame = 0
 609              		@ frame_needed = 0, uses_anonymous_args = 0
 610              		@ link register save eliminated.
 611 0000 024A     		ldr	r2, .L87
 612 0002 1368     		ldr	r3, [r2]
 613 0004 43F48063 		orr	r3, r3, #1024
 614 0008 1360     		str	r3, [r2]
 615 000a 7047     		bx	lr
 616              	.L88:
 617              		.align	2
 618              	.L87:
 619 000c 00380140 		.word	1073821696
 621              		.section	.text.HAL_DisableFMCMemorySwapping,"ax",%progbits
 622              		.align	1
 623              		.global	HAL_DisableFMCMemorySwapping
 624              		.syntax unified
 625              		.thumb
 626              		.thumb_func
ARM GAS  /var/folders/0f/x4_g94q9649fs6s33cksjfb00000gn/T//ccFxuiOd.s 			page 11


 628              	HAL_DisableFMCMemorySwapping:
 629              		@ args = 0, pretend = 0, frame = 0
 630              		@ frame_needed = 0, uses_anonymous_args = 0
 631              		@ link register save eliminated.
 632 0000 024A     		ldr	r2, .L90
 633 0002 1368     		ldr	r3, [r2]
 634 0004 23F44063 		bic	r3, r3, #3072
 635 0008 1360     		str	r3, [r2]
 636 000a 7047     		bx	lr
 637              	.L91:
 638              		.align	2
 639              	.L90:
 640 000c 00380140 		.word	1073821696
 642              		.section	.text.HAL_EnableMemorySwappingBank,"ax",%progbits
 643              		.align	1
 644              		.global	HAL_EnableMemorySwappingBank
 645              		.syntax unified
 646              		.thumb
 647              		.thumb_func
 649              	HAL_EnableMemorySwappingBank:
 650              		@ args = 0, pretend = 0, frame = 0
 651              		@ frame_needed = 0, uses_anonymous_args = 0
 652              		@ link register save eliminated.
 653 0000 024A     		ldr	r2, .L93
 654 0002 1368     		ldr	r3, [r2]
 655 0004 43F48073 		orr	r3, r3, #256
 656 0008 1360     		str	r3, [r2]
 657 000a 7047     		bx	lr
 658              	.L94:
 659              		.align	2
 660              	.L93:
 661 000c 00380140 		.word	1073821696
 663              		.section	.text.HAL_DisableMemorySwappingBank,"ax",%progbits
 664              		.align	1
 665              		.global	HAL_DisableMemorySwappingBank
 666              		.syntax unified
 667              		.thumb
 668              		.thumb_func
 670              	HAL_DisableMemorySwappingBank:
 671              		@ args = 0, pretend = 0, frame = 0
 672              		@ frame_needed = 0, uses_anonymous_args = 0
 673              		@ link register save eliminated.
 674 0000 024A     		ldr	r2, .L96
 675 0002 1368     		ldr	r3, [r2]
 676 0004 23F48073 		bic	r3, r3, #256
 677 0008 1360     		str	r3, [r2]
 678 000a 7047     		bx	lr
 679              	.L97:
 680              		.align	2
 681              	.L96:
 682 000c 00380140 		.word	1073821696
 684              		.global	uwTickFreq
 685              		.section	.data.uwTickFreq,"aw"
 688              	uwTickFreq:
 689 0000 01       		.byte	1
 690              		.global	uwTickPrio
 691              		.section	.data.uwTickPrio,"aw"
ARM GAS  /var/folders/0f/x4_g94q9649fs6s33cksjfb00000gn/T//ccFxuiOd.s 			page 12


 692              		.align	2
 695              	uwTickPrio:
 696 0000 10000000 		.word	16
 697              		.global	uwTick
 698              		.section	.bss.uwTick,"aw",%nobits
 699              		.align	2
 702              	uwTick:
 703 0000 00000000 		.space	4
 704              		.ident	"GCC: (Arm GNU Toolchain 14.2.Rel1 (Build arm-14.52)) 14.2.1 20241119"
ARM GAS  /var/folders/0f/x4_g94q9649fs6s33cksjfb00000gn/T//ccFxuiOd.s 			page 13


DEFINED SYMBOLS
                            *ABS*:00000000 stm32f7xx_hal.c
/var/folders/0f/x4_g94q9649fs6s33cksjfb00000gn/T//ccFxuiOd.s:17     .text.HAL_MspInit:00000000 $t
/var/folders/0f/x4_g94q9649fs6s33cksjfb00000gn/T//ccFxuiOd.s:23     .text.HAL_MspInit:00000000 HAL_MspInit
/var/folders/0f/x4_g94q9649fs6s33cksjfb00000gn/T//ccFxuiOd.s:30     .text.HAL_MspDeInit:00000000 $t
/var/folders/0f/x4_g94q9649fs6s33cksjfb00000gn/T//ccFxuiOd.s:36     .text.HAL_MspDeInit:00000000 HAL_MspDeInit
/var/folders/0f/x4_g94q9649fs6s33cksjfb00000gn/T//ccFxuiOd.s:43     .text.HAL_DeInit:00000000 $t
/var/folders/0f/x4_g94q9649fs6s33cksjfb00000gn/T//ccFxuiOd.s:49     .text.HAL_DeInit:00000000 HAL_DeInit
/var/folders/0f/x4_g94q9649fs6s33cksjfb00000gn/T//ccFxuiOd.s:72     .text.HAL_DeInit:00000028 $d
/var/folders/0f/x4_g94q9649fs6s33cksjfb00000gn/T//ccFxuiOd.s:75     .text.HAL_InitTick:00000000 $t
/var/folders/0f/x4_g94q9649fs6s33cksjfb00000gn/T//ccFxuiOd.s:81     .text.HAL_InitTick:00000000 HAL_InitTick
/var/folders/0f/x4_g94q9649fs6s33cksjfb00000gn/T//ccFxuiOd.s:115    .text.HAL_InitTick:00000040 $d
/var/folders/0f/x4_g94q9649fs6s33cksjfb00000gn/T//ccFxuiOd.s:688    .data.uwTickFreq:00000000 uwTickFreq
/var/folders/0f/x4_g94q9649fs6s33cksjfb00000gn/T//ccFxuiOd.s:695    .data.uwTickPrio:00000000 uwTickPrio
/var/folders/0f/x4_g94q9649fs6s33cksjfb00000gn/T//ccFxuiOd.s:120    .text.HAL_Init:00000000 $t
/var/folders/0f/x4_g94q9649fs6s33cksjfb00000gn/T//ccFxuiOd.s:126    .text.HAL_Init:00000000 HAL_Init
/var/folders/0f/x4_g94q9649fs6s33cksjfb00000gn/T//ccFxuiOd.s:139    .text.HAL_IncTick:00000000 $t
/var/folders/0f/x4_g94q9649fs6s33cksjfb00000gn/T//ccFxuiOd.s:145    .text.HAL_IncTick:00000000 HAL_IncTick
/var/folders/0f/x4_g94q9649fs6s33cksjfb00000gn/T//ccFxuiOd.s:159    .text.HAL_IncTick:00000010 $d
/var/folders/0f/x4_g94q9649fs6s33cksjfb00000gn/T//ccFxuiOd.s:702    .bss.uwTick:00000000 uwTick
/var/folders/0f/x4_g94q9649fs6s33cksjfb00000gn/T//ccFxuiOd.s:163    .text.HAL_GetTick:00000000 $t
/var/folders/0f/x4_g94q9649fs6s33cksjfb00000gn/T//ccFxuiOd.s:169    .text.HAL_GetTick:00000000 HAL_GetTick
/var/folders/0f/x4_g94q9649fs6s33cksjfb00000gn/T//ccFxuiOd.s:179    .text.HAL_GetTick:00000008 $d
/var/folders/0f/x4_g94q9649fs6s33cksjfb00000gn/T//ccFxuiOd.s:182    .text.HAL_GetTickPrio:00000000 $t
/var/folders/0f/x4_g94q9649fs6s33cksjfb00000gn/T//ccFxuiOd.s:188    .text.HAL_GetTickPrio:00000000 HAL_GetTickPrio
/var/folders/0f/x4_g94q9649fs6s33cksjfb00000gn/T//ccFxuiOd.s:198    .text.HAL_GetTickPrio:00000008 $d
/var/folders/0f/x4_g94q9649fs6s33cksjfb00000gn/T//ccFxuiOd.s:201    .text.HAL_SetTickFreq:00000000 $t
/var/folders/0f/x4_g94q9649fs6s33cksjfb00000gn/T//ccFxuiOd.s:207    .text.HAL_SetTickFreq:00000000 HAL_SetTickFreq
/var/folders/0f/x4_g94q9649fs6s33cksjfb00000gn/T//ccFxuiOd.s:231    .text.HAL_SetTickFreq:00000024 $d
/var/folders/0f/x4_g94q9649fs6s33cksjfb00000gn/T//ccFxuiOd.s:235    .text.HAL_GetTickFreq:00000000 $t
/var/folders/0f/x4_g94q9649fs6s33cksjfb00000gn/T//ccFxuiOd.s:241    .text.HAL_GetTickFreq:00000000 HAL_GetTickFreq
/var/folders/0f/x4_g94q9649fs6s33cksjfb00000gn/T//ccFxuiOd.s:251    .text.HAL_GetTickFreq:00000008 $d
/var/folders/0f/x4_g94q9649fs6s33cksjfb00000gn/T//ccFxuiOd.s:254    .text.HAL_Delay:00000000 $t
/var/folders/0f/x4_g94q9649fs6s33cksjfb00000gn/T//ccFxuiOd.s:260    .text.HAL_Delay:00000000 HAL_Delay
/var/folders/0f/x4_g94q9649fs6s33cksjfb00000gn/T//ccFxuiOd.s:281    .text.HAL_Delay:00000024 $d
/var/folders/0f/x4_g94q9649fs6s33cksjfb00000gn/T//ccFxuiOd.s:284    .text.HAL_SuspendTick:00000000 $t
/var/folders/0f/x4_g94q9649fs6s33cksjfb00000gn/T//ccFxuiOd.s:290    .text.HAL_SuspendTick:00000000 HAL_SuspendTick
/var/folders/0f/x4_g94q9649fs6s33cksjfb00000gn/T//ccFxuiOd.s:301    .text.HAL_ResumeTick:00000000 $t
/var/folders/0f/x4_g94q9649fs6s33cksjfb00000gn/T//ccFxuiOd.s:307    .text.HAL_ResumeTick:00000000 HAL_ResumeTick
/var/folders/0f/x4_g94q9649fs6s33cksjfb00000gn/T//ccFxuiOd.s:318    .text.HAL_GetHalVersion:00000000 $t
/var/folders/0f/x4_g94q9649fs6s33cksjfb00000gn/T//ccFxuiOd.s:324    .text.HAL_GetHalVersion:00000000 HAL_GetHalVersion
/var/folders/0f/x4_g94q9649fs6s33cksjfb00000gn/T//ccFxuiOd.s:333    .text.HAL_GetHalVersion:00000004 $d
/var/folders/0f/x4_g94q9649fs6s33cksjfb00000gn/T//ccFxuiOd.s:336    .text.HAL_GetREVID:00000000 $t
/var/folders/0f/x4_g94q9649fs6s33cksjfb00000gn/T//ccFxuiOd.s:342    .text.HAL_GetREVID:00000000 HAL_GetREVID
/var/folders/0f/x4_g94q9649fs6s33cksjfb00000gn/T//ccFxuiOd.s:353    .text.HAL_GetREVID:00000008 $d
/var/folders/0f/x4_g94q9649fs6s33cksjfb00000gn/T//ccFxuiOd.s:356    .text.HAL_GetDEVID:00000000 $t
/var/folders/0f/x4_g94q9649fs6s33cksjfb00000gn/T//ccFxuiOd.s:362    .text.HAL_GetDEVID:00000000 HAL_GetDEVID
/var/folders/0f/x4_g94q9649fs6s33cksjfb00000gn/T//ccFxuiOd.s:373    .text.HAL_GetDEVID:0000000c $d
/var/folders/0f/x4_g94q9649fs6s33cksjfb00000gn/T//ccFxuiOd.s:376    .text.HAL_GetUIDw0:00000000 $t
/var/folders/0f/x4_g94q9649fs6s33cksjfb00000gn/T//ccFxuiOd.s:382    .text.HAL_GetUIDw0:00000000 HAL_GetUIDw0
/var/folders/0f/x4_g94q9649fs6s33cksjfb00000gn/T//ccFxuiOd.s:392    .text.HAL_GetUIDw0:00000008 $d
/var/folders/0f/x4_g94q9649fs6s33cksjfb00000gn/T//ccFxuiOd.s:395    .text.HAL_GetUIDw1:00000000 $t
/var/folders/0f/x4_g94q9649fs6s33cksjfb00000gn/T//ccFxuiOd.s:401    .text.HAL_GetUIDw1:00000000 HAL_GetUIDw1
/var/folders/0f/x4_g94q9649fs6s33cksjfb00000gn/T//ccFxuiOd.s:411    .text.HAL_GetUIDw1:00000008 $d
/var/folders/0f/x4_g94q9649fs6s33cksjfb00000gn/T//ccFxuiOd.s:414    .text.HAL_GetUIDw2:00000000 $t
/var/folders/0f/x4_g94q9649fs6s33cksjfb00000gn/T//ccFxuiOd.s:420    .text.HAL_GetUIDw2:00000000 HAL_GetUIDw2
/var/folders/0f/x4_g94q9649fs6s33cksjfb00000gn/T//ccFxuiOd.s:430    .text.HAL_GetUIDw2:00000008 $d
ARM GAS  /var/folders/0f/x4_g94q9649fs6s33cksjfb00000gn/T//ccFxuiOd.s 			page 14


/var/folders/0f/x4_g94q9649fs6s33cksjfb00000gn/T//ccFxuiOd.s:433    .text.HAL_DBGMCU_EnableDBGSleepMode:00000000 $t
/var/folders/0f/x4_g94q9649fs6s33cksjfb00000gn/T//ccFxuiOd.s:439    .text.HAL_DBGMCU_EnableDBGSleepMode:00000000 HAL_DBGMCU_EnableDBGSleepMode
/var/folders/0f/x4_g94q9649fs6s33cksjfb00000gn/T//ccFxuiOd.s:451    .text.HAL_DBGMCU_EnableDBGSleepMode:0000000c $d
/var/folders/0f/x4_g94q9649fs6s33cksjfb00000gn/T//ccFxuiOd.s:454    .text.HAL_DBGMCU_DisableDBGSleepMode:00000000 $t
/var/folders/0f/x4_g94q9649fs6s33cksjfb00000gn/T//ccFxuiOd.s:460    .text.HAL_DBGMCU_DisableDBGSleepMode:00000000 HAL_DBGMCU_DisableDBGSleepMode
/var/folders/0f/x4_g94q9649fs6s33cksjfb00000gn/T//ccFxuiOd.s:472    .text.HAL_DBGMCU_DisableDBGSleepMode:0000000c $d
/var/folders/0f/x4_g94q9649fs6s33cksjfb00000gn/T//ccFxuiOd.s:475    .text.HAL_DBGMCU_EnableDBGStopMode:00000000 $t
/var/folders/0f/x4_g94q9649fs6s33cksjfb00000gn/T//ccFxuiOd.s:481    .text.HAL_DBGMCU_EnableDBGStopMode:00000000 HAL_DBGMCU_EnableDBGStopMode
/var/folders/0f/x4_g94q9649fs6s33cksjfb00000gn/T//ccFxuiOd.s:493    .text.HAL_DBGMCU_EnableDBGStopMode:0000000c $d
/var/folders/0f/x4_g94q9649fs6s33cksjfb00000gn/T//ccFxuiOd.s:496    .text.HAL_DBGMCU_DisableDBGStopMode:00000000 $t
/var/folders/0f/x4_g94q9649fs6s33cksjfb00000gn/T//ccFxuiOd.s:502    .text.HAL_DBGMCU_DisableDBGStopMode:00000000 HAL_DBGMCU_DisableDBGStopMode
/var/folders/0f/x4_g94q9649fs6s33cksjfb00000gn/T//ccFxuiOd.s:514    .text.HAL_DBGMCU_DisableDBGStopMode:0000000c $d
/var/folders/0f/x4_g94q9649fs6s33cksjfb00000gn/T//ccFxuiOd.s:517    .text.HAL_DBGMCU_EnableDBGStandbyMode:00000000 $t
/var/folders/0f/x4_g94q9649fs6s33cksjfb00000gn/T//ccFxuiOd.s:523    .text.HAL_DBGMCU_EnableDBGStandbyMode:00000000 HAL_DBGMCU_EnableDBGStandbyMode
/var/folders/0f/x4_g94q9649fs6s33cksjfb00000gn/T//ccFxuiOd.s:535    .text.HAL_DBGMCU_EnableDBGStandbyMode:0000000c $d
/var/folders/0f/x4_g94q9649fs6s33cksjfb00000gn/T//ccFxuiOd.s:538    .text.HAL_DBGMCU_DisableDBGStandbyMode:00000000 $t
/var/folders/0f/x4_g94q9649fs6s33cksjfb00000gn/T//ccFxuiOd.s:544    .text.HAL_DBGMCU_DisableDBGStandbyMode:00000000 HAL_DBGMCU_DisableDBGStandbyMode
/var/folders/0f/x4_g94q9649fs6s33cksjfb00000gn/T//ccFxuiOd.s:556    .text.HAL_DBGMCU_DisableDBGStandbyMode:0000000c $d
/var/folders/0f/x4_g94q9649fs6s33cksjfb00000gn/T//ccFxuiOd.s:559    .text.HAL_EnableCompensationCell:00000000 $t
/var/folders/0f/x4_g94q9649fs6s33cksjfb00000gn/T//ccFxuiOd.s:565    .text.HAL_EnableCompensationCell:00000000 HAL_EnableCompensationCell
/var/folders/0f/x4_g94q9649fs6s33cksjfb00000gn/T//ccFxuiOd.s:577    .text.HAL_EnableCompensationCell:0000000c $d
/var/folders/0f/x4_g94q9649fs6s33cksjfb00000gn/T//ccFxuiOd.s:580    .text.HAL_DisableCompensationCell:00000000 $t
/var/folders/0f/x4_g94q9649fs6s33cksjfb00000gn/T//ccFxuiOd.s:586    .text.HAL_DisableCompensationCell:00000000 HAL_DisableCompensationCell
/var/folders/0f/x4_g94q9649fs6s33cksjfb00000gn/T//ccFxuiOd.s:598    .text.HAL_DisableCompensationCell:0000000c $d
/var/folders/0f/x4_g94q9649fs6s33cksjfb00000gn/T//ccFxuiOd.s:601    .text.HAL_EnableFMCMemorySwapping:00000000 $t
/var/folders/0f/x4_g94q9649fs6s33cksjfb00000gn/T//ccFxuiOd.s:607    .text.HAL_EnableFMCMemorySwapping:00000000 HAL_EnableFMCMemorySwapping
/var/folders/0f/x4_g94q9649fs6s33cksjfb00000gn/T//ccFxuiOd.s:619    .text.HAL_EnableFMCMemorySwapping:0000000c $d
/var/folders/0f/x4_g94q9649fs6s33cksjfb00000gn/T//ccFxuiOd.s:622    .text.HAL_DisableFMCMemorySwapping:00000000 $t
/var/folders/0f/x4_g94q9649fs6s33cksjfb00000gn/T//ccFxuiOd.s:628    .text.HAL_DisableFMCMemorySwapping:00000000 HAL_DisableFMCMemorySwapping
/var/folders/0f/x4_g94q9649fs6s33cksjfb00000gn/T//ccFxuiOd.s:640    .text.HAL_DisableFMCMemorySwapping:0000000c $d
/var/folders/0f/x4_g94q9649fs6s33cksjfb00000gn/T//ccFxuiOd.s:643    .text.HAL_EnableMemorySwappingBank:00000000 $t
/var/folders/0f/x4_g94q9649fs6s33cksjfb00000gn/T//ccFxuiOd.s:649    .text.HAL_EnableMemorySwappingBank:00000000 HAL_EnableMemorySwappingBank
/var/folders/0f/x4_g94q9649fs6s33cksjfb00000gn/T//ccFxuiOd.s:661    .text.HAL_EnableMemorySwappingBank:0000000c $d
/var/folders/0f/x4_g94q9649fs6s33cksjfb00000gn/T//ccFxuiOd.s:664    .text.HAL_DisableMemorySwappingBank:00000000 $t
/var/folders/0f/x4_g94q9649fs6s33cksjfb00000gn/T//ccFxuiOd.s:670    .text.HAL_DisableMemorySwappingBank:00000000 HAL_DisableMemorySwappingBank
/var/folders/0f/x4_g94q9649fs6s33cksjfb00000gn/T//ccFxuiOd.s:682    .text.HAL_DisableMemorySwappingBank:0000000c $d
/var/folders/0f/x4_g94q9649fs6s33cksjfb00000gn/T//ccFxuiOd.s:692    .data.uwTickPrio:00000000 $d
/var/folders/0f/x4_g94q9649fs6s33cksjfb00000gn/T//ccFxuiOd.s:699    .bss.uwTick:00000000 $d

UNDEFINED SYMBOLS
HAL_SYSTICK_Config
HAL_NVIC_SetPriority
SystemCoreClock
HAL_NVIC_SetPriorityGrouping
