ARM GAS  /var/folders/0f/x4_g94q9649fs6s33cksjfb00000gn/T//ccVzlqD8.s 			page 1


   1              		.cpu cortex-m7
   2              		.arch armv7e-m
   3              		.fpu fpv5-d16
   4              		.eabi_attribute 28, 1
   5              		.eabi_attribute 20, 1
   6              		.eabi_attribute 21, 1
   7              		.eabi_attribute 23, 3
   8              		.eabi_attribute 24, 1
   9              		.eabi_attribute 25, 1
  10              		.eabi_attribute 26, 1
  11              		.eabi_attribute 30, 1
  12              		.eabi_attribute 34, 1
  13              		.eabi_attribute 18, 4
  14              		.file	"stm32f7xx_ll_fmc.c"
  15              		.text
  16              		.section	.text.FMC_NORSRAM_Init,"ax",%progbits
  17              		.align	1
  18              		.global	FMC_NORSRAM_Init
  19              		.syntax unified
  20              		.thumb
  21              		.thumb_func
  23              	FMC_NORSRAM_Init:
  24              		@ args = 0, pretend = 0, frame = 0
  25              		@ frame_needed = 0, uses_anonymous_args = 0
  26              		@ link register save eliminated.
  27 0000 30B4     		push	{r4, r5}
  28 0002 0A68     		ldr	r2, [r1]
  29 0004 50F82230 		ldr	r3, [r0, r2, lsl #2]
  30 0008 23F00103 		bic	r3, r3, #1
  31 000c 40F82230 		str	r3, [r0, r2, lsl #2]
  32 0010 8B68     		ldr	r3, [r1, #8]
  33 0012 082B     		cmp	r3, #8
  34 0014 30D0     		beq	.L7
  35 0016 0024     		movs	r4, #0
  36              	.L2:
  37 0018 4A68     		ldr	r2, [r1, #4]
  38 001a 2243     		orrs	r2, r2, r4
  39 001c 1343     		orrs	r3, r3, r2
  40 001e CA68     		ldr	r2, [r1, #12]
  41 0020 1343     		orrs	r3, r3, r2
  42 0022 0A69     		ldr	r2, [r1, #16]
  43 0024 1343     		orrs	r3, r3, r2
  44 0026 4A69     		ldr	r2, [r1, #20]
  45 0028 1343     		orrs	r3, r3, r2
  46 002a 8A69     		ldr	r2, [r1, #24]
  47 002c 1343     		orrs	r3, r3, r2
  48 002e CA69     		ldr	r2, [r1, #28]
  49 0030 1343     		orrs	r3, r3, r2
  50 0032 0A6A     		ldr	r2, [r1, #32]
  51 0034 1343     		orrs	r3, r3, r2
  52 0036 4A6A     		ldr	r2, [r1, #36]
  53 0038 1343     		orrs	r3, r3, r2
  54 003a 8A6A     		ldr	r2, [r1, #40]
  55 003c 1343     		orrs	r3, r3, r2
  56 003e CA6A     		ldr	r2, [r1, #44]
  57 0040 1343     		orrs	r3, r3, r2
  58 0042 0A6B     		ldr	r2, [r1, #48]
ARM GAS  /var/folders/0f/x4_g94q9649fs6s33cksjfb00000gn/T//ccVzlqD8.s 			page 2


  59 0044 1A43     		orrs	r2, r2, r3
  60 0046 4B6B     		ldr	r3, [r1, #52]
  61 0048 1A43     		orrs	r2, r2, r3
  62 004a 8B6B     		ldr	r3, [r1, #56]
  63 004c 1A43     		orrs	r2, r2, r3
  64 004e 0C68     		ldr	r4, [r1]
  65 0050 50F82450 		ldr	r5, [r0, r4, lsl #2]
  66 0054 0E4B     		ldr	r3, .L9
  67 0056 2B40     		ands	r3, r3, r5
  68 0058 1343     		orrs	r3, r3, r2
  69 005a 40F82430 		str	r3, [r0, r4, lsl #2]
  70 005e 0B6B     		ldr	r3, [r1, #48]
  71 0060 B3F5801F 		cmp	r3, #1048576
  72 0064 0AD0     		beq	.L8
  73              	.L3:
  74 0066 0B68     		ldr	r3, [r1]
  75 0068 1BB1     		cbz	r3, .L4
  76 006a 0368     		ldr	r3, [r0]
  77 006c 4A6B     		ldr	r2, [r1, #52]
  78 006e 1343     		orrs	r3, r3, r2
  79 0070 0360     		str	r3, [r0]
  80              	.L4:
  81 0072 0020     		movs	r0, #0
  82 0074 30BC     		pop	{r4, r5}
  83 0076 7047     		bx	lr
  84              	.L7:
  85 0078 4024     		movs	r4, #64
  86 007a CDE7     		b	.L2
  87              	.L8:
  88 007c 0A68     		ldr	r2, [r1]
  89 007e 002A     		cmp	r2, #0
  90 0080 F1D0     		beq	.L3
  91 0082 0268     		ldr	r2, [r0]
  92 0084 22F48012 		bic	r2, r2, #1048576
  93 0088 1343     		orrs	r3, r3, r2
  94 008a 0360     		str	r3, [r0]
  95 008c EBE7     		b	.L3
  96              	.L10:
  97 008e 00BF     		.align	2
  98              	.L9:
  99 0090 8004C0FF 		.word	-4193152
 101              		.section	.text.FMC_NORSRAM_DeInit,"ax",%progbits
 102              		.align	1
 103              		.global	FMC_NORSRAM_DeInit
 104              		.syntax unified
 105              		.thumb
 106              		.thumb_func
 108              	FMC_NORSRAM_DeInit:
 109              		@ args = 0, pretend = 0, frame = 0
 110              		@ frame_needed = 0, uses_anonymous_args = 0
 111              		@ link register save eliminated.
 112 0000 50F82230 		ldr	r3, [r0, r2, lsl #2]
 113 0004 23F00103 		bic	r3, r3, #1
 114 0008 40F82230 		str	r3, [r0, r2, lsl #2]
 115 000c 6AB9     		cbnz	r2, .L12
 116 000e 43F2DB03 		movw	r3, #12507
 117 0012 40F82230 		str	r3, [r0, r2, lsl #2]
ARM GAS  /var/folders/0f/x4_g94q9649fs6s33cksjfb00000gn/T//ccVzlqD8.s 			page 3


 118              	.L13:
 119 0016 02F1010C 		add	ip, r2, #1
 120 001a 6FF07043 		mvn	r3, #-268435456
 121 001e 40F82C30 		str	r3, [r0, ip, lsl #2]
 122 0022 41F82230 		str	r3, [r1, r2, lsl #2]
 123 0026 0020     		movs	r0, #0
 124 0028 7047     		bx	lr
 125              	.L12:
 126 002a 43F2D203 		movw	r3, #12498
 127 002e 40F82230 		str	r3, [r0, r2, lsl #2]
 128 0032 F0E7     		b	.L13
 130              		.section	.text.FMC_NORSRAM_Timing_Init,"ax",%progbits
 131              		.align	1
 132              		.global	FMC_NORSRAM_Timing_Init
 133              		.syntax unified
 134              		.thumb
 135              		.thumb_func
 137              	FMC_NORSRAM_Timing_Init:
 138              		@ args = 0, pretend = 0, frame = 0
 139              		@ frame_needed = 0, uses_anonymous_args = 0
 140              		@ link register save eliminated.
 141 0000 10B4     		push	{r4}
 142 0002 0B68     		ldr	r3, [r1]
 143 0004 4C68     		ldr	r4, [r1, #4]
 144 0006 43EA0413 		orr	r3, r3, r4, lsl #4
 145 000a 8C68     		ldr	r4, [r1, #8]
 146 000c 43EA0423 		orr	r3, r3, r4, lsl #8
 147 0010 CC68     		ldr	r4, [r1, #12]
 148 0012 43EA0443 		orr	r3, r3, r4, lsl #16
 149 0016 0C69     		ldr	r4, [r1, #16]
 150 0018 04F1FF3C 		add	ip, r4, #-1
 151 001c 43EA0C53 		orr	r3, r3, ip, lsl #20
 152 0020 4C69     		ldr	r4, [r1, #20]
 153 0022 A4F1020C 		sub	ip, r4, #2
 154 0026 43EA0C63 		orr	r3, r3, ip, lsl #24
 155 002a 0132     		adds	r2, r2, #1
 156 002c 8C69     		ldr	r4, [r1, #24]
 157 002e 2343     		orrs	r3, r3, r4
 158 0030 40F82230 		str	r3, [r0, r2, lsl #2]
 159 0034 0368     		ldr	r3, [r0]
 160 0036 13F4801F 		tst	r3, #1048576
 161 003a 0BD0     		beq	.L15
 162 003c 4268     		ldr	r2, [r0, #4]
 163 003e 22F47002 		bic	r2, r2, #15728640
 164 0042 0B69     		ldr	r3, [r1, #16]
 165 0044 013B     		subs	r3, r3, #1
 166 0046 42EA0352 		orr	r2, r2, r3, lsl #20
 167 004a 4368     		ldr	r3, [r0, #4]
 168 004c 23F47003 		bic	r3, r3, #15728640
 169 0050 1343     		orrs	r3, r3, r2
 170 0052 4360     		str	r3, [r0, #4]
 171              	.L15:
 172 0054 0020     		movs	r0, #0
 173 0056 5DF8044B 		ldr	r4, [sp], #4
 174 005a 7047     		bx	lr
 176              		.section	.text.FMC_NORSRAM_Extended_Timing_Init,"ax",%progbits
 177              		.align	1
ARM GAS  /var/folders/0f/x4_g94q9649fs6s33cksjfb00000gn/T//ccVzlqD8.s 			page 4


 178              		.global	FMC_NORSRAM_Extended_Timing_Init
 179              		.syntax unified
 180              		.thumb
 181              		.thumb_func
 183              	FMC_NORSRAM_Extended_Timing_Init:
 184              		@ args = 0, pretend = 0, frame = 0
 185              		@ frame_needed = 0, uses_anonymous_args = 0
 186              		@ link register save eliminated.
 187 0000 B3F5804F 		cmp	r3, #16384
 188 0004 05D0     		beq	.L24
 189 0006 6FF07043 		mvn	r3, #-268435456
 190 000a 40F82230 		str	r3, [r0, r2, lsl #2]
 191 000e 0020     		movs	r0, #0
 192 0010 7047     		bx	lr
 193              	.L24:
 194 0012 30B4     		push	{r4, r5}
 195 0014 50F82230 		ldr	r3, [r0, r2, lsl #2]
 196 0018 094C     		ldr	r4, .L25
 197 001a 1C40     		ands	r4, r4, r3
 198 001c 0B68     		ldr	r3, [r1]
 199 001e 4D68     		ldr	r5, [r1, #4]
 200 0020 43EA0513 		orr	r3, r3, r5, lsl #4
 201 0024 8D68     		ldr	r5, [r1, #8]
 202 0026 43EA0523 		orr	r3, r3, r5, lsl #8
 203 002a 8D69     		ldr	r5, [r1, #24]
 204 002c 2B43     		orrs	r3, r3, r5
 205 002e C968     		ldr	r1, [r1, #12]
 206 0030 43EA0143 		orr	r3, r3, r1, lsl #16
 207 0034 1C43     		orrs	r4, r4, r3
 208 0036 40F82240 		str	r4, [r0, r2, lsl #2]
 209 003a 0020     		movs	r0, #0
 210 003c 30BC     		pop	{r4, r5}
 211 003e 7047     		bx	lr
 212              	.L26:
 213              		.align	2
 214              	.L25:
 215 0040 0000F0CF 		.word	-806354944
 217              		.section	.text.FMC_NORSRAM_WriteOperation_Enable,"ax",%progbits
 218              		.align	1
 219              		.global	FMC_NORSRAM_WriteOperation_Enable
 220              		.syntax unified
 221              		.thumb
 222              		.thumb_func
 224              	FMC_NORSRAM_WriteOperation_Enable:
 225              		@ args = 0, pretend = 0, frame = 0
 226              		@ frame_needed = 0, uses_anonymous_args = 0
 227              		@ link register save eliminated.
 228 0000 50F82130 		ldr	r3, [r0, r1, lsl #2]
 229 0004 43F48053 		orr	r3, r3, #4096
 230 0008 40F82130 		str	r3, [r0, r1, lsl #2]
 231 000c 0020     		movs	r0, #0
 232 000e 7047     		bx	lr
 234              		.section	.text.FMC_NORSRAM_WriteOperation_Disable,"ax",%progbits
 235              		.align	1
 236              		.global	FMC_NORSRAM_WriteOperation_Disable
 237              		.syntax unified
 238              		.thumb
ARM GAS  /var/folders/0f/x4_g94q9649fs6s33cksjfb00000gn/T//ccVzlqD8.s 			page 5


 239              		.thumb_func
 241              	FMC_NORSRAM_WriteOperation_Disable:
 242              		@ args = 0, pretend = 0, frame = 0
 243              		@ frame_needed = 0, uses_anonymous_args = 0
 244              		@ link register save eliminated.
 245 0000 50F82130 		ldr	r3, [r0, r1, lsl #2]
 246 0004 23F48053 		bic	r3, r3, #4096
 247 0008 40F82130 		str	r3, [r0, r1, lsl #2]
 248 000c 0020     		movs	r0, #0
 249 000e 7047     		bx	lr
 251              		.section	.text.FMC_NAND_Init,"ax",%progbits
 252              		.align	1
 253              		.global	FMC_NAND_Init
 254              		.syntax unified
 255              		.thumb
 256              		.thumb_func
 258              	FMC_NAND_Init:
 259              		@ args = 0, pretend = 0, frame = 0
 260              		@ frame_needed = 0, uses_anonymous_args = 0
 261              		@ link register save eliminated.
 262 0000 10B4     		push	{r4}
 263 0002 0368     		ldr	r3, [r0]
 264 0004 0B4A     		ldr	r2, .L31
 265 0006 1A40     		ands	r2, r2, r3
 266 0008 4B68     		ldr	r3, [r1, #4]
 267 000a 8C68     		ldr	r4, [r1, #8]
 268 000c 2343     		orrs	r3, r3, r4
 269 000e CC68     		ldr	r4, [r1, #12]
 270 0010 2343     		orrs	r3, r3, r4
 271 0012 0C69     		ldr	r4, [r1, #16]
 272 0014 2343     		orrs	r3, r3, r4
 273 0016 4C69     		ldr	r4, [r1, #20]
 274 0018 43EA4423 		orr	r3, r3, r4, lsl #9
 275 001c 8969     		ldr	r1, [r1, #24]
 276 001e 43EA4133 		orr	r3, r3, r1, lsl #13
 277 0022 1A43     		orrs	r2, r2, r3
 278 0024 42F00802 		orr	r2, r2, #8
 279 0028 0260     		str	r2, [r0]
 280 002a 0020     		movs	r0, #0
 281 002c 5DF8044B 		ldr	r4, [sp], #4
 282 0030 7047     		bx	lr
 283              	.L32:
 284 0032 00BF     		.align	2
 285              	.L31:
 286 0034 8101F0FF 		.word	-1048191
 288              		.section	.text.FMC_NAND_CommonSpace_Timing_Init,"ax",%progbits
 289              		.align	1
 290              		.global	FMC_NAND_CommonSpace_Timing_Init
 291              		.syntax unified
 292              		.thumb
 293              		.thumb_func
 295              	FMC_NAND_CommonSpace_Timing_Init:
 296              		@ args = 0, pretend = 0, frame = 0
 297              		@ frame_needed = 0, uses_anonymous_args = 0
 298              		@ link register save eliminated.
 299 0000 0B68     		ldr	r3, [r1]
 300 0002 4A68     		ldr	r2, [r1, #4]
ARM GAS  /var/folders/0f/x4_g94q9649fs6s33cksjfb00000gn/T//ccVzlqD8.s 			page 6


 301 0004 43EA0223 		orr	r3, r3, r2, lsl #8
 302 0008 8A68     		ldr	r2, [r1, #8]
 303 000a 43EA0243 		orr	r3, r3, r2, lsl #16
 304 000e CA68     		ldr	r2, [r1, #12]
 305 0010 43EA0263 		orr	r3, r3, r2, lsl #24
 306 0014 8360     		str	r3, [r0, #8]
 307 0016 0020     		movs	r0, #0
 308 0018 7047     		bx	lr
 310              		.section	.text.FMC_NAND_AttributeSpace_Timing_Init,"ax",%progbits
 311              		.align	1
 312              		.global	FMC_NAND_AttributeSpace_Timing_Init
 313              		.syntax unified
 314              		.thumb
 315              		.thumb_func
 317              	FMC_NAND_AttributeSpace_Timing_Init:
 318              		@ args = 0, pretend = 0, frame = 0
 319              		@ frame_needed = 0, uses_anonymous_args = 0
 320              		@ link register save eliminated.
 321 0000 0B68     		ldr	r3, [r1]
 322 0002 4A68     		ldr	r2, [r1, #4]
 323 0004 43EA0223 		orr	r3, r3, r2, lsl #8
 324 0008 8A68     		ldr	r2, [r1, #8]
 325 000a 43EA0243 		orr	r3, r3, r2, lsl #16
 326 000e CA68     		ldr	r2, [r1, #12]
 327 0010 43EA0263 		orr	r3, r3, r2, lsl #24
 328 0014 C360     		str	r3, [r0, #12]
 329 0016 0020     		movs	r0, #0
 330 0018 7047     		bx	lr
 332              		.section	.text.FMC_NAND_DeInit,"ax",%progbits
 333              		.align	1
 334              		.global	FMC_NAND_DeInit
 335              		.syntax unified
 336              		.thumb
 337              		.thumb_func
 339              	FMC_NAND_DeInit:
 340              		@ args = 0, pretend = 0, frame = 0
 341              		@ frame_needed = 0, uses_anonymous_args = 0
 342              		@ link register save eliminated.
 343 0000 0368     		ldr	r3, [r0]
 344 0002 23F00403 		bic	r3, r3, #4
 345 0006 0360     		str	r3, [r0]
 346 0008 1823     		movs	r3, #24
 347 000a 0360     		str	r3, [r0]
 348 000c 4023     		movs	r3, #64
 349 000e 4360     		str	r3, [r0, #4]
 350 0010 4FF0FC33 		mov	r3, #-50529028
 351 0014 8360     		str	r3, [r0, #8]
 352 0016 C360     		str	r3, [r0, #12]
 353 0018 0020     		movs	r0, #0
 354 001a 7047     		bx	lr
 356              		.section	.text.FMC_NAND_ECC_Enable,"ax",%progbits
 357              		.align	1
 358              		.global	FMC_NAND_ECC_Enable
 359              		.syntax unified
 360              		.thumb
 361              		.thumb_func
 363              	FMC_NAND_ECC_Enable:
ARM GAS  /var/folders/0f/x4_g94q9649fs6s33cksjfb00000gn/T//ccVzlqD8.s 			page 7


 364              		@ args = 0, pretend = 0, frame = 0
 365              		@ frame_needed = 0, uses_anonymous_args = 0
 366              		@ link register save eliminated.
 367 0000 0368     		ldr	r3, [r0]
 368 0002 43F04003 		orr	r3, r3, #64
 369 0006 0360     		str	r3, [r0]
 370 0008 0020     		movs	r0, #0
 371 000a 7047     		bx	lr
 373              		.section	.text.FMC_NAND_ECC_Disable,"ax",%progbits
 374              		.align	1
 375              		.global	FMC_NAND_ECC_Disable
 376              		.syntax unified
 377              		.thumb
 378              		.thumb_func
 380              	FMC_NAND_ECC_Disable:
 381              		@ args = 0, pretend = 0, frame = 0
 382              		@ frame_needed = 0, uses_anonymous_args = 0
 383              		@ link register save eliminated.
 384 0000 0368     		ldr	r3, [r0]
 385 0002 23F04003 		bic	r3, r3, #64
 386 0006 0360     		str	r3, [r0]
 387 0008 0020     		movs	r0, #0
 388 000a 7047     		bx	lr
 390              		.section	.text.FMC_NAND_GetECC,"ax",%progbits
 391              		.align	1
 392              		.global	FMC_NAND_GetECC
 393              		.syntax unified
 394              		.thumb
 395              		.thumb_func
 397              	FMC_NAND_GetECC:
 398              		@ args = 0, pretend = 0, frame = 0
 399              		@ frame_needed = 0, uses_anonymous_args = 0
 400 0000 F8B5     		push	{r3, r4, r5, r6, r7, lr}
 401 0002 0446     		mov	r4, r0
 402 0004 0E46     		mov	r6, r1
 403 0006 1D46     		mov	r5, r3
 404 0008 FFF7FEFF 		bl	HAL_GetTick
 405 000c 0746     		mov	r7, r0
 406              	.L40:
 407 000e 6268     		ldr	r2, [r4, #4]
 408 0010 12F0400F 		tst	r2, #64
 409 0014 0BD1     		bne	.L46
 410 0016 B5F1FF3F 		cmp	r5, #-1
 411 001a F8D0     		beq	.L40
 412 001c FFF7FEFF 		bl	HAL_GetTick
 413 0020 C01B     		subs	r0, r0, r7
 414 0022 A842     		cmp	r0, r5
 415 0024 07D8     		bhi	.L43
 416 0026 002D     		cmp	r5, #0
 417 0028 F1D1     		bne	.L40
 418 002a 0320     		movs	r0, #3
 419 002c 02E0     		b	.L41
 420              	.L46:
 421 002e 6369     		ldr	r3, [r4, #20]
 422 0030 3360     		str	r3, [r6]
 423 0032 0020     		movs	r0, #0
 424              	.L41:
ARM GAS  /var/folders/0f/x4_g94q9649fs6s33cksjfb00000gn/T//ccVzlqD8.s 			page 8


 425 0034 F8BD     		pop	{r3, r4, r5, r6, r7, pc}
 426              	.L43:
 427 0036 0320     		movs	r0, #3
 428 0038 FCE7     		b	.L41
 430              		.section	.text.FMC_SDRAM_Init,"ax",%progbits
 431              		.align	1
 432              		.global	FMC_SDRAM_Init
 433              		.syntax unified
 434              		.thumb
 435              		.thumb_func
 437              	FMC_SDRAM_Init:
 438              		@ args = 0, pretend = 0, frame = 0
 439              		@ frame_needed = 0, uses_anonymous_args = 0
 440              		@ link register save eliminated.
 441 0000 10B4     		push	{r4}
 442 0002 0B68     		ldr	r3, [r1]
 443 0004 CBB9     		cbnz	r3, .L48
 444 0006 0268     		ldr	r2, [r0]
 445 0008 6FF30E02 		bfc	r2, #0, #15
 446 000c 4B68     		ldr	r3, [r1, #4]
 447 000e 8C68     		ldr	r4, [r1, #8]
 448 0010 2343     		orrs	r3, r3, r4
 449 0012 CC68     		ldr	r4, [r1, #12]
 450 0014 2343     		orrs	r3, r3, r4
 451 0016 0C69     		ldr	r4, [r1, #16]
 452 0018 2343     		orrs	r3, r3, r4
 453 001a 4C69     		ldr	r4, [r1, #20]
 454 001c 2343     		orrs	r3, r3, r4
 455 001e 8C69     		ldr	r4, [r1, #24]
 456 0020 2343     		orrs	r3, r3, r4
 457 0022 CC69     		ldr	r4, [r1, #28]
 458 0024 2343     		orrs	r3, r3, r4
 459 0026 0C6A     		ldr	r4, [r1, #32]
 460 0028 2343     		orrs	r3, r3, r4
 461 002a 496A     		ldr	r1, [r1, #36]
 462 002c 0B43     		orrs	r3, r3, r1
 463 002e 1343     		orrs	r3, r3, r2
 464 0030 0360     		str	r3, [r0]
 465              	.L49:
 466 0032 0020     		movs	r0, #0
 467 0034 5DF8044B 		ldr	r4, [sp], #4
 468 0038 7047     		bx	lr
 469              	.L48:
 470 003a 0368     		ldr	r3, [r0]
 471 003c 23F4F843 		bic	r3, r3, #31744
 472 0040 CA69     		ldr	r2, [r1, #28]
 473 0042 0C6A     		ldr	r4, [r1, #32]
 474 0044 2243     		orrs	r2, r2, r4
 475 0046 4C6A     		ldr	r4, [r1, #36]
 476 0048 2243     		orrs	r2, r2, r4
 477 004a 1343     		orrs	r3, r3, r2
 478 004c 0360     		str	r3, [r0]
 479 004e 4268     		ldr	r2, [r0, #4]
 480 0050 6FF30E02 		bfc	r2, #0, #15
 481 0054 4B68     		ldr	r3, [r1, #4]
 482 0056 8C68     		ldr	r4, [r1, #8]
 483 0058 2343     		orrs	r3, r3, r4
ARM GAS  /var/folders/0f/x4_g94q9649fs6s33cksjfb00000gn/T//ccVzlqD8.s 			page 9


 484 005a CC68     		ldr	r4, [r1, #12]
 485 005c 2343     		orrs	r3, r3, r4
 486 005e 0C69     		ldr	r4, [r1, #16]
 487 0060 2343     		orrs	r3, r3, r4
 488 0062 4C69     		ldr	r4, [r1, #20]
 489 0064 2343     		orrs	r3, r3, r4
 490 0066 8969     		ldr	r1, [r1, #24]
 491 0068 0B43     		orrs	r3, r3, r1
 492 006a 1343     		orrs	r3, r3, r2
 493 006c 4360     		str	r3, [r0, #4]
 494 006e E0E7     		b	.L49
 496              		.section	.text.FMC_SDRAM_Timing_Init,"ax",%progbits
 497              		.align	1
 498              		.global	FMC_SDRAM_Timing_Init
 499              		.syntax unified
 500              		.thumb
 501              		.thumb_func
 503              	FMC_SDRAM_Timing_Init:
 504              		@ args = 0, pretend = 0, frame = 0
 505              		@ frame_needed = 0, uses_anonymous_args = 0
 506              		@ link register save eliminated.
 507 0000 10B4     		push	{r4}
 508 0002 3ABB     		cbnz	r2, .L52
 509 0004 8268     		ldr	r2, [r0, #8]
 510 0006 02F07042 		and	r2, r2, #-268435456
 511 000a 0B68     		ldr	r3, [r1]
 512 000c 013B     		subs	r3, r3, #1
 513 000e 4C68     		ldr	r4, [r1, #4]
 514 0010 04F1FF3C 		add	ip, r4, #-1
 515 0014 43EA0C13 		orr	r3, r3, ip, lsl #4
 516 0018 8C68     		ldr	r4, [r1, #8]
 517 001a 04F1FF3C 		add	ip, r4, #-1
 518 001e 43EA0C23 		orr	r3, r3, ip, lsl #8
 519 0022 CC68     		ldr	r4, [r1, #12]
 520 0024 04F1FF3C 		add	ip, r4, #-1
 521 0028 43EA0C33 		orr	r3, r3, ip, lsl #12
 522 002c 0C69     		ldr	r4, [r1, #16]
 523 002e 04F1FF3C 		add	ip, r4, #-1
 524 0032 43EA0C43 		orr	r3, r3, ip, lsl #16
 525 0036 4C69     		ldr	r4, [r1, #20]
 526 0038 04F1FF3C 		add	ip, r4, #-1
 527 003c 43EA0C53 		orr	r3, r3, ip, lsl #20
 528 0040 8969     		ldr	r1, [r1, #24]
 529 0042 0139     		subs	r1, r1, #1
 530 0044 43EA0163 		orr	r3, r3, r1, lsl #24
 531 0048 1343     		orrs	r3, r3, r2
 532 004a 8360     		str	r3, [r0, #8]
 533              	.L53:
 534 004c 0020     		movs	r0, #0
 535 004e 5DF8044B 		ldr	r4, [sp], #4
 536 0052 7047     		bx	lr
 537              	.L52:
 538 0054 8368     		ldr	r3, [r0, #8]
 539 0056 134A     		ldr	r2, .L55
 540 0058 1A40     		ands	r2, r2, r3
 541 005a CB68     		ldr	r3, [r1, #12]
 542 005c 03F1FF3C 		add	ip, r3, #-1
ARM GAS  /var/folders/0f/x4_g94q9649fs6s33cksjfb00000gn/T//ccVzlqD8.s 			page 10


 543 0060 4B69     		ldr	r3, [r1, #20]
 544 0062 013B     		subs	r3, r3, #1
 545 0064 1B05     		lsls	r3, r3, #20
 546 0066 43EA0C33 		orr	r3, r3, ip, lsl #12
 547 006a 1A43     		orrs	r2, r2, r3
 548 006c 8260     		str	r2, [r0, #8]
 549 006e C268     		ldr	r2, [r0, #12]
 550 0070 02F07042 		and	r2, r2, #-268435456
 551 0074 0B68     		ldr	r3, [r1]
 552 0076 013B     		subs	r3, r3, #1
 553 0078 4C68     		ldr	r4, [r1, #4]
 554 007a 04F1FF3C 		add	ip, r4, #-1
 555 007e 43EA0C13 		orr	r3, r3, ip, lsl #4
 556 0082 8C68     		ldr	r4, [r1, #8]
 557 0084 04F1FF3C 		add	ip, r4, #-1
 558 0088 43EA0C23 		orr	r3, r3, ip, lsl #8
 559 008c 0C69     		ldr	r4, [r1, #16]
 560 008e 04F1FF3C 		add	ip, r4, #-1
 561 0092 43EA0C43 		orr	r3, r3, ip, lsl #16
 562 0096 8969     		ldr	r1, [r1, #24]
 563 0098 0139     		subs	r1, r1, #1
 564 009a 43EA0163 		orr	r3, r3, r1, lsl #24
 565 009e 1343     		orrs	r3, r3, r2
 566 00a0 C360     		str	r3, [r0, #12]
 567 00a2 D3E7     		b	.L53
 568              	.L56:
 569              		.align	2
 570              	.L55:
 571 00a4 FF0F0FFF 		.word	-15790081
 573              		.section	.text.FMC_SDRAM_DeInit,"ax",%progbits
 574              		.align	1
 575              		.global	FMC_SDRAM_DeInit
 576              		.syntax unified
 577              		.thumb
 578              		.thumb_func
 580              	FMC_SDRAM_DeInit:
 581              		@ args = 0, pretend = 0, frame = 0
 582              		@ frame_needed = 0, uses_anonymous_args = 0
 583              		@ link register save eliminated.
 584 0000 0346     		mov	r3, r0
 585 0002 4FF43472 		mov	r2, #720
 586 0006 40F82120 		str	r2, [r0, r1, lsl #2]
 587 000a 0231     		adds	r1, r1, #2
 588 000c 6FF07042 		mvn	r2, #-268435456
 589 0010 40F82120 		str	r2, [r0, r1, lsl #2]
 590 0014 0020     		movs	r0, #0
 591 0016 1861     		str	r0, [r3, #16]
 592 0018 5861     		str	r0, [r3, #20]
 593 001a 9861     		str	r0, [r3, #24]
 594 001c 7047     		bx	lr
 596              		.section	.text.FMC_SDRAM_WriteProtection_Enable,"ax",%progbits
 597              		.align	1
 598              		.global	FMC_SDRAM_WriteProtection_Enable
 599              		.syntax unified
 600              		.thumb
 601              		.thumb_func
 603              	FMC_SDRAM_WriteProtection_Enable:
ARM GAS  /var/folders/0f/x4_g94q9649fs6s33cksjfb00000gn/T//ccVzlqD8.s 			page 11


 604              		@ args = 0, pretend = 0, frame = 0
 605              		@ frame_needed = 0, uses_anonymous_args = 0
 606              		@ link register save eliminated.
 607 0000 50F82130 		ldr	r3, [r0, r1, lsl #2]
 608 0004 43F40073 		orr	r3, r3, #512
 609 0008 40F82130 		str	r3, [r0, r1, lsl #2]
 610 000c 0020     		movs	r0, #0
 611 000e 7047     		bx	lr
 613              		.section	.text.FMC_SDRAM_WriteProtection_Disable,"ax",%progbits
 614              		.align	1
 615              		.global	FMC_SDRAM_WriteProtection_Disable
 616              		.syntax unified
 617              		.thumb
 618              		.thumb_func
 620              	FMC_SDRAM_WriteProtection_Disable:
 621              		@ args = 0, pretend = 0, frame = 0
 622              		@ frame_needed = 0, uses_anonymous_args = 0
 623              		@ link register save eliminated.
 624 0000 50F82130 		ldr	r3, [r0, r1, lsl #2]
 625 0004 23F40073 		bic	r3, r3, #512
 626 0008 40F82130 		str	r3, [r0, r1, lsl #2]
 627 000c 0020     		movs	r0, #0
 628 000e 7047     		bx	lr
 630              		.section	.text.FMC_SDRAM_SendCommand,"ax",%progbits
 631              		.align	1
 632              		.global	FMC_SDRAM_SendCommand
 633              		.syntax unified
 634              		.thumb
 635              		.thumb_func
 637              	FMC_SDRAM_SendCommand:
 638              		@ args = 0, pretend = 0, frame = 0
 639              		@ frame_needed = 0, uses_anonymous_args = 0
 640              		@ link register save eliminated.
 641 0000 10B4     		push	{r4}
 642 0002 0269     		ldr	r2, [r0, #16]
 643 0004 6FF31502 		bfc	r2, #0, #22
 644 0008 0B68     		ldr	r3, [r1]
 645 000a 4C68     		ldr	r4, [r1, #4]
 646 000c 2343     		orrs	r3, r3, r4
 647 000e 8C68     		ldr	r4, [r1, #8]
 648 0010 04F1FF3C 		add	ip, r4, #-1
 649 0014 43EA4C13 		orr	r3, r3, ip, lsl #5
 650 0018 C968     		ldr	r1, [r1, #12]
 651 001a 43EA4123 		orr	r3, r3, r1, lsl #9
 652 001e 1343     		orrs	r3, r3, r2
 653 0020 0361     		str	r3, [r0, #16]
 654 0022 0020     		movs	r0, #0
 655 0024 5DF8044B 		ldr	r4, [sp], #4
 656 0028 7047     		bx	lr
 658              		.section	.text.FMC_SDRAM_ProgramRefreshRate,"ax",%progbits
 659              		.align	1
 660              		.global	FMC_SDRAM_ProgramRefreshRate
 661              		.syntax unified
 662              		.thumb
 663              		.thumb_func
 665              	FMC_SDRAM_ProgramRefreshRate:
 666              		@ args = 0, pretend = 0, frame = 0
ARM GAS  /var/folders/0f/x4_g94q9649fs6s33cksjfb00000gn/T//ccVzlqD8.s 			page 12


 667              		@ frame_needed = 0, uses_anonymous_args = 0
 668              		@ link register save eliminated.
 669 0000 4369     		ldr	r3, [r0, #20]
 670 0002 6FF34D03 		bfc	r3, #1, #13
 671 0006 43EA4103 		orr	r3, r3, r1, lsl #1
 672 000a 4361     		str	r3, [r0, #20]
 673 000c 0020     		movs	r0, #0
 674 000e 7047     		bx	lr
 676              		.section	.text.FMC_SDRAM_SetAutoRefreshNumber,"ax",%progbits
 677              		.align	1
 678              		.global	FMC_SDRAM_SetAutoRefreshNumber
 679              		.syntax unified
 680              		.thumb
 681              		.thumb_func
 683              	FMC_SDRAM_SetAutoRefreshNumber:
 684              		@ args = 0, pretend = 0, frame = 0
 685              		@ frame_needed = 0, uses_anonymous_args = 0
 686              		@ link register save eliminated.
 687 0000 0369     		ldr	r3, [r0, #16]
 688 0002 23F4F073 		bic	r3, r3, #480
 689 0006 0139     		subs	r1, r1, #1
 690 0008 43EA4113 		orr	r3, r3, r1, lsl #5
 691 000c 0361     		str	r3, [r0, #16]
 692 000e 0020     		movs	r0, #0
 693 0010 7047     		bx	lr
 695              		.section	.text.FMC_SDRAM_GetModeStatus,"ax",%progbits
 696              		.align	1
 697              		.global	FMC_SDRAM_GetModeStatus
 698              		.syntax unified
 699              		.thumb
 700              		.thumb_func
 702              	FMC_SDRAM_GetModeStatus:
 703              		@ args = 0, pretend = 0, frame = 0
 704              		@ frame_needed = 0, uses_anonymous_args = 0
 705              		@ link register save eliminated.
 706 0000 19B9     		cbnz	r1, .L65
 707 0002 8069     		ldr	r0, [r0, #24]
 708 0004 00F00600 		and	r0, r0, #6
 709 0008 7047     		bx	lr
 710              	.L65:
 711 000a 8069     		ldr	r0, [r0, #24]
 712 000c 8008     		lsrs	r0, r0, #2
 713 000e 00F00600 		and	r0, r0, #6
 714 0012 7047     		bx	lr
 716              		.ident	"GCC: (Arm GNU Toolchain 14.2.Rel1 (Build arm-14.52)) 14.2.1 20241119"
ARM GAS  /var/folders/0f/x4_g94q9649fs6s33cksjfb00000gn/T//ccVzlqD8.s 			page 13


DEFINED SYMBOLS
                            *ABS*:00000000 stm32f7xx_ll_fmc.c
/var/folders/0f/x4_g94q9649fs6s33cksjfb00000gn/T//ccVzlqD8.s:17     .text.FMC_NORSRAM_Init:00000000 $t
/var/folders/0f/x4_g94q9649fs6s33cksjfb00000gn/T//ccVzlqD8.s:23     .text.FMC_NORSRAM_Init:00000000 FMC_NORSRAM_Init
/var/folders/0f/x4_g94q9649fs6s33cksjfb00000gn/T//ccVzlqD8.s:99     .text.FMC_NORSRAM_Init:00000090 $d
/var/folders/0f/x4_g94q9649fs6s33cksjfb00000gn/T//ccVzlqD8.s:102    .text.FMC_NORSRAM_DeInit:00000000 $t
/var/folders/0f/x4_g94q9649fs6s33cksjfb00000gn/T//ccVzlqD8.s:108    .text.FMC_NORSRAM_DeInit:00000000 FMC_NORSRAM_DeInit
/var/folders/0f/x4_g94q9649fs6s33cksjfb00000gn/T//ccVzlqD8.s:131    .text.FMC_NORSRAM_Timing_Init:00000000 $t
/var/folders/0f/x4_g94q9649fs6s33cksjfb00000gn/T//ccVzlqD8.s:137    .text.FMC_NORSRAM_Timing_Init:00000000 FMC_NORSRAM_Timing_Init
/var/folders/0f/x4_g94q9649fs6s33cksjfb00000gn/T//ccVzlqD8.s:177    .text.FMC_NORSRAM_Extended_Timing_Init:00000000 $t
/var/folders/0f/x4_g94q9649fs6s33cksjfb00000gn/T//ccVzlqD8.s:183    .text.FMC_NORSRAM_Extended_Timing_Init:00000000 FMC_NORSRAM_Extended_Timing_Init
/var/folders/0f/x4_g94q9649fs6s33cksjfb00000gn/T//ccVzlqD8.s:215    .text.FMC_NORSRAM_Extended_Timing_Init:00000040 $d
/var/folders/0f/x4_g94q9649fs6s33cksjfb00000gn/T//ccVzlqD8.s:218    .text.FMC_NORSRAM_WriteOperation_Enable:00000000 $t
/var/folders/0f/x4_g94q9649fs6s33cksjfb00000gn/T//ccVzlqD8.s:224    .text.FMC_NORSRAM_WriteOperation_Enable:00000000 FMC_NORSRAM_WriteOperation_Enable
/var/folders/0f/x4_g94q9649fs6s33cksjfb00000gn/T//ccVzlqD8.s:235    .text.FMC_NORSRAM_WriteOperation_Disable:00000000 $t
/var/folders/0f/x4_g94q9649fs6s33cksjfb00000gn/T//ccVzlqD8.s:241    .text.FMC_NORSRAM_WriteOperation_Disable:00000000 FMC_NORSRAM_WriteOperation_Disable
/var/folders/0f/x4_g94q9649fs6s33cksjfb00000gn/T//ccVzlqD8.s:252    .text.FMC_NAND_Init:00000000 $t
/var/folders/0f/x4_g94q9649fs6s33cksjfb00000gn/T//ccVzlqD8.s:258    .text.FMC_NAND_Init:00000000 FMC_NAND_Init
/var/folders/0f/x4_g94q9649fs6s33cksjfb00000gn/T//ccVzlqD8.s:286    .text.FMC_NAND_Init:00000034 $d
/var/folders/0f/x4_g94q9649fs6s33cksjfb00000gn/T//ccVzlqD8.s:289    .text.FMC_NAND_CommonSpace_Timing_Init:00000000 $t
/var/folders/0f/x4_g94q9649fs6s33cksjfb00000gn/T//ccVzlqD8.s:295    .text.FMC_NAND_CommonSpace_Timing_Init:00000000 FMC_NAND_CommonSpace_Timing_Init
/var/folders/0f/x4_g94q9649fs6s33cksjfb00000gn/T//ccVzlqD8.s:311    .text.FMC_NAND_AttributeSpace_Timing_Init:00000000 $t
/var/folders/0f/x4_g94q9649fs6s33cksjfb00000gn/T//ccVzlqD8.s:317    .text.FMC_NAND_AttributeSpace_Timing_Init:00000000 FMC_NAND_AttributeSpace_Timing_Init
/var/folders/0f/x4_g94q9649fs6s33cksjfb00000gn/T//ccVzlqD8.s:333    .text.FMC_NAND_DeInit:00000000 $t
/var/folders/0f/x4_g94q9649fs6s33cksjfb00000gn/T//ccVzlqD8.s:339    .text.FMC_NAND_DeInit:00000000 FMC_NAND_DeInit
/var/folders/0f/x4_g94q9649fs6s33cksjfb00000gn/T//ccVzlqD8.s:357    .text.FMC_NAND_ECC_Enable:00000000 $t
/var/folders/0f/x4_g94q9649fs6s33cksjfb00000gn/T//ccVzlqD8.s:363    .text.FMC_NAND_ECC_Enable:00000000 FMC_NAND_ECC_Enable
/var/folders/0f/x4_g94q9649fs6s33cksjfb00000gn/T//ccVzlqD8.s:374    .text.FMC_NAND_ECC_Disable:00000000 $t
/var/folders/0f/x4_g94q9649fs6s33cksjfb00000gn/T//ccVzlqD8.s:380    .text.FMC_NAND_ECC_Disable:00000000 FMC_NAND_ECC_Disable
/var/folders/0f/x4_g94q9649fs6s33cksjfb00000gn/T//ccVzlqD8.s:391    .text.FMC_NAND_GetECC:00000000 $t
/var/folders/0f/x4_g94q9649fs6s33cksjfb00000gn/T//ccVzlqD8.s:397    .text.FMC_NAND_GetECC:00000000 FMC_NAND_GetECC
/var/folders/0f/x4_g94q9649fs6s33cksjfb00000gn/T//ccVzlqD8.s:431    .text.FMC_SDRAM_Init:00000000 $t
/var/folders/0f/x4_g94q9649fs6s33cksjfb00000gn/T//ccVzlqD8.s:437    .text.FMC_SDRAM_Init:00000000 FMC_SDRAM_Init
/var/folders/0f/x4_g94q9649fs6s33cksjfb00000gn/T//ccVzlqD8.s:497    .text.FMC_SDRAM_Timing_Init:00000000 $t
/var/folders/0f/x4_g94q9649fs6s33cksjfb00000gn/T//ccVzlqD8.s:503    .text.FMC_SDRAM_Timing_Init:00000000 FMC_SDRAM_Timing_Init
/var/folders/0f/x4_g94q9649fs6s33cksjfb00000gn/T//ccVzlqD8.s:571    .text.FMC_SDRAM_Timing_Init:000000a4 $d
/var/folders/0f/x4_g94q9649fs6s33cksjfb00000gn/T//ccVzlqD8.s:574    .text.FMC_SDRAM_DeInit:00000000 $t
/var/folders/0f/x4_g94q9649fs6s33cksjfb00000gn/T//ccVzlqD8.s:580    .text.FMC_SDRAM_DeInit:00000000 FMC_SDRAM_DeInit
/var/folders/0f/x4_g94q9649fs6s33cksjfb00000gn/T//ccVzlqD8.s:597    .text.FMC_SDRAM_WriteProtection_Enable:00000000 $t
/var/folders/0f/x4_g94q9649fs6s33cksjfb00000gn/T//ccVzlqD8.s:603    .text.FMC_SDRAM_WriteProtection_Enable:00000000 FMC_SDRAM_WriteProtection_Enable
/var/folders/0f/x4_g94q9649fs6s33cksjfb00000gn/T//ccVzlqD8.s:614    .text.FMC_SDRAM_WriteProtection_Disable:00000000 $t
/var/folders/0f/x4_g94q9649fs6s33cksjfb00000gn/T//ccVzlqD8.s:620    .text.FMC_SDRAM_WriteProtection_Disable:00000000 FMC_SDRAM_WriteProtection_Disable
/var/folders/0f/x4_g94q9649fs6s33cksjfb00000gn/T//ccVzlqD8.s:631    .text.FMC_SDRAM_SendCommand:00000000 $t
/var/folders/0f/x4_g94q9649fs6s33cksjfb00000gn/T//ccVzlqD8.s:637    .text.FMC_SDRAM_SendCommand:00000000 FMC_SDRAM_SendCommand
/var/folders/0f/x4_g94q9649fs6s33cksjfb00000gn/T//ccVzlqD8.s:659    .text.FMC_SDRAM_ProgramRefreshRate:00000000 $t
/var/folders/0f/x4_g94q9649fs6s33cksjfb00000gn/T//ccVzlqD8.s:665    .text.FMC_SDRAM_ProgramRefreshRate:00000000 FMC_SDRAM_ProgramRefreshRate
/var/folders/0f/x4_g94q9649fs6s33cksjfb00000gn/T//ccVzlqD8.s:677    .text.FMC_SDRAM_SetAutoRefreshNumber:00000000 $t
/var/folders/0f/x4_g94q9649fs6s33cksjfb00000gn/T//ccVzlqD8.s:683    .text.FMC_SDRAM_SetAutoRefreshNumber:00000000 FMC_SDRAM_SetAutoRefreshNumber
/var/folders/0f/x4_g94q9649fs6s33cksjfb00000gn/T//ccVzlqD8.s:696    .text.FMC_SDRAM_GetModeStatus:00000000 $t
/var/folders/0f/x4_g94q9649fs6s33cksjfb00000gn/T//ccVzlqD8.s:702    .text.FMC_SDRAM_GetModeStatus:00000000 FMC_SDRAM_GetModeStatus

UNDEFINED SYMBOLS
HAL_GetTick
