ARM GAS  /var/folders/0f/x4_g94q9649fs6s33cksjfb00000gn/T//ccHArFA0.s 			page 1


   1              		.cpu cortex-m7
   2              		.arch armv7e-m
   3              		.fpu fpv5-d16
   4              		.eabi_attribute 28, 1
   5              		.eabi_attribute 20, 1
   6              		.eabi_attribute 21, 1
   7              		.eabi_attribute 23, 3
   8              		.eabi_attribute 24, 1
   9              		.eabi_attribute 25, 1
  10              		.eabi_attribute 26, 1
  11              		.eabi_attribute 30, 1
  12              		.eabi_attribute 34, 1
  13              		.eabi_attribute 18, 4
  14              		.file	"stm32f7xx_hal_ltdc_ex.c"
  15              		.text
  16              		.section	.text.HAL_LTDCEx_StructInitFromVideoConfig,"ax",%progbits
  17              		.align	1
  18              		.global	HAL_LTDCEx_StructInitFromVideoConfig
  19              		.syntax unified
  20              		.thumb
  21              		.thumb_func
  23              	HAL_LTDCEx_StructInitFromVideoConfig:
  24              		@ args = 0, pretend = 0, frame = 0
  25              		@ frame_needed = 0, uses_anonymous_args = 0
  26              		@ link register save eliminated.
  27 0000 4B6A     		ldr	r3, [r1, #36]
  28 0002 0BB1     		cbz	r3, .L2
  29 0004 4FF00053 		mov	r3, #536870912
  30              	.L2:
  31 0008 C360     		str	r3, [r0, #12]
  32 000a 0B6A     		ldr	r3, [r1, #32]
  33 000c 0BBB     		cbnz	r3, .L6
  34 000e 4FF08043 		mov	r3, #1073741824
  35              	.L3:
  36 0012 8360     		str	r3, [r0, #8]
  37 0014 CB69     		ldr	r3, [r1, #28]
  38 0016 F3B9     		cbnz	r3, .L7
  39 0018 4FF00043 		mov	r3, #-2147483648
  40              	.L4:
  41 001c 4360     		str	r3, [r0, #4]
  42 001e 4B6B     		ldr	r3, [r1, #52]
  43 0020 013B     		subs	r3, r3, #1
  44 0022 8361     		str	r3, [r0, #24]
  45 0024 4B6B     		ldr	r3, [r1, #52]
  46 0026 8A6B     		ldr	r2, [r1, #56]
  47 0028 1344     		add	r3, r3, r2
  48 002a 013B     		subs	r3, r3, #1
  49 002c 0362     		str	r3, [r0, #32]
  50 002e 4B6B     		ldr	r3, [r1, #52]
  51 0030 8A6B     		ldr	r2, [r1, #56]
  52 0032 1344     		add	r3, r3, r2
  53 0034 0A6C     		ldr	r2, [r1, #64]
  54 0036 1344     		add	r3, r3, r2
  55 0038 013B     		subs	r3, r3, #1
  56 003a 8362     		str	r3, [r0, #40]
  57 003c 4B6B     		ldr	r3, [r1, #52]
  58 003e 8A6B     		ldr	r2, [r1, #56]
ARM GAS  /var/folders/0f/x4_g94q9649fs6s33cksjfb00000gn/T//ccHArFA0.s 			page 2


  59 0040 1344     		add	r3, r3, r2
  60 0042 0A6C     		ldr	r2, [r1, #64]
  61 0044 1344     		add	r3, r3, r2
  62 0046 CA6B     		ldr	r2, [r1, #60]
  63 0048 1344     		add	r3, r3, r2
  64 004a 013B     		subs	r3, r3, #1
  65 004c 0363     		str	r3, [r0, #48]
  66 004e 0020     		movs	r0, #0
  67 0050 7047     		bx	lr
  68              	.L6:
  69 0052 0023     		movs	r3, #0
  70 0054 DDE7     		b	.L3
  71              	.L7:
  72 0056 0023     		movs	r3, #0
  73 0058 E0E7     		b	.L4
  75              		.section	.text.HAL_LTDCEx_StructInitFromAdaptedCommandConfig,"ax",%progbits
  76              		.align	1
  77              		.global	HAL_LTDCEx_StructInitFromAdaptedCommandConfig
  78              		.syntax unified
  79              		.thumb
  80              		.thumb_func
  82              	HAL_LTDCEx_StructInitFromAdaptedCommandConfig:
  83              		@ args = 0, pretend = 0, frame = 0
  84              		@ frame_needed = 0, uses_anonymous_args = 0
  85              		@ link register save eliminated.
  86 0000 CB69     		ldr	r3, [r1, #28]
  87 0002 0BB1     		cbz	r3, .L9
  88 0004 4FF00053 		mov	r3, #536870912
  89              	.L9:
  90 0008 C360     		str	r3, [r0, #12]
  91 000a 8B69     		ldr	r3, [r1, #24]
  92 000c 0BB1     		cbz	r3, .L10
  93 000e 4FF08043 		mov	r3, #1073741824
  94              	.L10:
  95 0012 8360     		str	r3, [r0, #8]
  96 0014 4B69     		ldr	r3, [r1, #20]
  97 0016 0BB1     		cbz	r3, .L11
  98 0018 4FF00043 		mov	r3, #-2147483648
  99              	.L11:
 100 001c 4360     		str	r3, [r0, #4]
 101 001e 0020     		movs	r0, #0
 102 0020 7047     		bx	lr
 104              		.ident	"GCC: (Arm GNU Toolchain 14.2.Rel1 (Build arm-14.52)) 14.2.1 20241119"
ARM GAS  /var/folders/0f/x4_g94q9649fs6s33cksjfb00000gn/T//ccHArFA0.s 			page 3


DEFINED SYMBOLS
                            *ABS*:00000000 stm32f7xx_hal_ltdc_ex.c
/var/folders/0f/x4_g94q9649fs6s33cksjfb00000gn/T//ccHArFA0.s:17     .text.HAL_LTDCEx_StructInitFromVideoConfig:00000000 $t
/var/folders/0f/x4_g94q9649fs6s33cksjfb00000gn/T//ccHArFA0.s:23     .text.HAL_LTDCEx_StructInitFromVideoConfig:00000000 HAL_LTDCEx_StructInitFromVideoConfig
/var/folders/0f/x4_g94q9649fs6s33cksjfb00000gn/T//ccHArFA0.s:76     .text.HAL_LTDCEx_StructInitFromAdaptedCommandConfig:00000000 $t
/var/folders/0f/x4_g94q9649fs6s33cksjfb00000gn/T//ccHArFA0.s:82     .text.HAL_LTDCEx_StructInitFromAdaptedCommandConfig:00000000 HAL_LTDCEx_StructInitFromAdaptedCommandConfig

NO UNDEFINED SYMBOLS
