ARM GAS  /var/folders/0f/x4_g94q9649fs6s33cksjfb00000gn/T//cc34fyZm.s 			page 1


   1              		.cpu cortex-m7
   2              		.arch armv7e-m
   3              		.fpu fpv5-d16
   4              		.eabi_attribute 28, 1
   5              		.eabi_attribute 20, 1
   6              		.eabi_attribute 21, 1
   7              		.eabi_attribute 23, 3
   8              		.eabi_attribute 24, 1
   9              		.eabi_attribute 25, 1
  10              		.eabi_attribute 26, 1
  11              		.eabi_attribute 30, 1
  12              		.eabi_attribute 34, 1
  13              		.eabi_attribute 18, 4
  14              		.file	"stm32f7xx_hal_uart.c"
  15              		.text
  16              		.section	.text.UART_SetConfig,"ax",%progbits
  17              		.align	1
  18              		.syntax unified
  19              		.thumb
  20              		.thumb_func
  22              	UART_SetConfig:
  23              		@ args = 0, pretend = 0, frame = 0
  24              		@ frame_needed = 0, uses_anonymous_args = 0
  25 0000 10B5     		push	{r4, lr}
  26 0002 0446     		mov	r4, r0
  27 0004 0268     		ldr	r2, [r0]
  28 0006 1368     		ldr	r3, [r2]
  29 0008 23F40043 		bic	r3, r3, #32768
  30 000c 1360     		str	r3, [r2]
  31 000e 0268     		ldr	r2, [r0]
  32 0010 1368     		ldr	r3, [r2]
  33 0012 C169     		ldr	r1, [r0, #28]
  34 0014 0B43     		orrs	r3, r3, r1
  35 0016 1360     		str	r3, [r2]
  36 0018 8368     		ldr	r3, [r0, #8]
  37 001a 0269     		ldr	r2, [r0, #16]
  38 001c 1343     		orrs	r3, r3, r2
  39 001e 4269     		ldr	r2, [r0, #20]
  40 0020 1343     		orrs	r3, r3, r2
  41 0022 C269     		ldr	r2, [r0, #28]
  42 0024 1343     		orrs	r3, r3, r2
  43 0026 0168     		ldr	r1, [r0]
  44 0028 0868     		ldr	r0, [r1]
  45 002a 224A     		ldr	r2, .L8
  46 002c 0240     		ands	r2, r2, r0
  47 002e 0A60     		str	r2, [r1]
  48 0030 2168     		ldr	r1, [r4]
  49 0032 0A68     		ldr	r2, [r1]
  50 0034 1343     		orrs	r3, r3, r2
  51 0036 0B60     		str	r3, [r1]
  52 0038 2268     		ldr	r2, [r4]
  53 003a 5368     		ldr	r3, [r2, #4]
  54 003c 23F44053 		bic	r3, r3, #12288
  55 0040 5360     		str	r3, [r2, #4]
  56 0042 2268     		ldr	r2, [r4]
  57 0044 5368     		ldr	r3, [r2, #4]
  58 0046 E168     		ldr	r1, [r4, #12]
ARM GAS  /var/folders/0f/x4_g94q9649fs6s33cksjfb00000gn/T//cc34fyZm.s 			page 2


  59 0048 0B43     		orrs	r3, r3, r1
  60 004a 5360     		str	r3, [r2, #4]
  61 004c 2268     		ldr	r2, [r4]
  62 004e 9368     		ldr	r3, [r2, #8]
  63 0050 23F43063 		bic	r3, r3, #2816
  64 0054 9360     		str	r3, [r2, #8]
  65 0056 2168     		ldr	r1, [r4]
  66 0058 8B68     		ldr	r3, [r1, #8]
  67 005a A269     		ldr	r2, [r4, #24]
  68 005c 206A     		ldr	r0, [r4, #32]
  69 005e 0243     		orrs	r2, r2, r0
  70 0060 1343     		orrs	r3, r3, r2
  71 0062 8B60     		str	r3, [r1, #8]
  72 0064 2368     		ldr	r3, [r4]
  73 0066 1449     		ldr	r1, .L8+4
  74 0068 144A     		ldr	r2, .L8+8
  75 006a 9342     		cmp	r3, r2
  76 006c 18BF     		it	ne
  77 006e 8B42     		cmpne	r3, r1
  78 0070 0ED1     		bne	.L2
  79 0072 FFF7FEFF 		bl	HAL_RCC_GetPCLK2Freq
  80              	.L3:
  81 0076 E369     		ldr	r3, [r4, #28]
  82 0078 B3F5004F 		cmp	r3, #32768
  83 007c 0BD0     		beq	.L7
  84 007e 6368     		ldr	r3, [r4, #4]
  85 0080 00EB5300 		add	r0, r0, r3, lsr #1
  86 0084 B0FBF3F0 		udiv	r0, r0, r3
  87 0088 80B2     		uxth	r0, r0
  88 008a 2368     		ldr	r3, [r4]
  89 008c D860     		str	r0, [r3, #12]
  90              	.L1:
  91 008e 10BD     		pop	{r4, pc}
  92              	.L2:
  93 0090 FFF7FEFF 		bl	HAL_RCC_GetPCLK1Freq
  94 0094 EFE7     		b	.L3
  95              	.L7:
  96 0096 6268     		ldr	r2, [r4, #4]
  97 0098 5308     		lsrs	r3, r2, #1
  98 009a 03EB4003 		add	r3, r3, r0, lsl #1
  99 009e B3FBF2F3 		udiv	r3, r3, r2
 100 00a2 9BB2     		uxth	r3, r3
 101 00a4 23F00F02 		bic	r2, r3, #15
 102 00a8 C3F34203 		ubfx	r3, r3, #1, #3
 103 00ac 1343     		orrs	r3, r3, r2
 104 00ae 2268     		ldr	r2, [r4]
 105 00b0 D360     		str	r3, [r2, #12]
 106 00b2 ECE7     		b	.L1
 107              	.L9:
 108              		.align	2
 109              	.L8:
 110 00b4 F3E9FFEF 		.word	-268441101
 111 00b8 00100140 		.word	1073811456
 112 00bc 00140140 		.word	1073812480
 114              		.section	.text.UART_WaitOnFlagUntilTimeout,"ax",%progbits
 115              		.align	1
 116              		.syntax unified
ARM GAS  /var/folders/0f/x4_g94q9649fs6s33cksjfb00000gn/T//cc34fyZm.s 			page 3


 117              		.thumb
 118              		.thumb_func
 120              	UART_WaitOnFlagUntilTimeout:
 121              		@ args = 4, pretend = 0, frame = 0
 122              		@ frame_needed = 0, uses_anonymous_args = 0
 123 0000 2DE9F843 		push	{r3, r4, r5, r6, r7, r8, r9, lr}
 124 0004 0746     		mov	r7, r0
 125 0006 0E46     		mov	r6, r1
 126 0008 1546     		mov	r5, r2
 127 000a 9946     		mov	r9, r3
 128 000c DDF82080 		ldr	r8, [sp, #32]
 129              	.L12:
 130 0010 3B68     		ldr	r3, [r7]
 131 0012 DC69     		ldr	r4, [r3, #28]
 132 0014 36EA0404 		bics	r4, r6, r4
 133 0018 0CBF     		ite	eq
 134 001a 0124     		moveq	r4, #1
 135 001c 0024     		movne	r4, #0
 136 001e AC42     		cmp	r4, r5
 137 0020 0DD1     		bne	.L17
 138 0022 B8F1FF3F 		cmp	r8, #-1
 139 0026 F3D0     		beq	.L12
 140 0028 B8F1000F 		cmp	r8, #0
 141 002c 05D0     		beq	.L13
 142 002e FFF7FEFF 		bl	HAL_GetTick
 143 0032 A0EB0900 		sub	r0, r0, r9
 144 0036 4045     		cmp	r0, r8
 145 0038 EAD9     		bls	.L12
 146              	.L13:
 147 003a 0320     		movs	r0, #3
 148 003c 00E0     		b	.L14
 149              	.L17:
 150 003e 0020     		movs	r0, #0
 151              	.L14:
 152 0040 BDE8F883 		pop	{r3, r4, r5, r6, r7, r8, r9, pc}
 154              		.section	.text.HAL_UART_MspInit,"ax",%progbits
 155              		.align	1
 156              		.weak	HAL_UART_MspInit
 157              		.syntax unified
 158              		.thumb
 159              		.thumb_func
 161              	HAL_UART_MspInit:
 162              		@ args = 0, pretend = 0, frame = 0
 163              		@ frame_needed = 0, uses_anonymous_args = 0
 164              		@ link register save eliminated.
 165 0000 7047     		bx	lr
 167              		.section	.text.HAL_UART_Init,"ax",%progbits
 168              		.align	1
 169              		.global	HAL_UART_Init
 170              		.syntax unified
 171              		.thumb
 172              		.thumb_func
 174              	HAL_UART_Init:
 175              		@ args = 0, pretend = 0, frame = 0
 176              		@ frame_needed = 0, uses_anonymous_args = 0
 177 0000 58B3     		cbz	r0, .L22
 178 0002 10B5     		push	{r4, lr}
ARM GAS  /var/folders/0f/x4_g94q9649fs6s33cksjfb00000gn/T//cc34fyZm.s 			page 4


 179 0004 0446     		mov	r4, r0
 180 0006 90F86930 		ldrb	r3, [r0, #105]	@ zero_extendqisi2
 181 000a 0BB3     		cbz	r3, .L27
 182              	.L21:
 183 000c 2423     		movs	r3, #36
 184 000e 84F86930 		strb	r3, [r4, #105]
 185 0012 2268     		ldr	r2, [r4]
 186 0014 1368     		ldr	r3, [r2]
 187 0016 23F00103 		bic	r3, r3, #1
 188 001a 1360     		str	r3, [r2]
 189 001c 2046     		mov	r0, r4
 190 001e FFF7FEFF 		bl	UART_SetConfig
 191 0022 2268     		ldr	r2, [r4]
 192 0024 5368     		ldr	r3, [r2, #4]
 193 0026 23F49043 		bic	r3, r3, #18432
 194 002a 5360     		str	r3, [r2, #4]
 195 002c 2268     		ldr	r2, [r4]
 196 002e 9368     		ldr	r3, [r2, #8]
 197 0030 23F02A03 		bic	r3, r3, #42
 198 0034 9360     		str	r3, [r2, #8]
 199 0036 2268     		ldr	r2, [r4]
 200 0038 1368     		ldr	r3, [r2]
 201 003a 43F00103 		orr	r3, r3, #1
 202 003e 1360     		str	r3, [r2]
 203 0040 0020     		movs	r0, #0
 204 0042 E066     		str	r0, [r4, #108]
 205 0044 2023     		movs	r3, #32
 206 0046 84F86930 		strb	r3, [r4, #105]
 207 004a 84F86A30 		strb	r3, [r4, #106]
 208 004e 10BD     		pop	{r4, pc}
 209              	.L27:
 210 0050 80F86830 		strb	r3, [r0, #104]
 211 0054 FFF7FEFF 		bl	HAL_UART_MspInit
 212 0058 D8E7     		b	.L21
 213              	.L22:
 214 005a 0120     		movs	r0, #1
 215 005c 7047     		bx	lr
 217              		.section	.text.HAL_UART_MspDeInit,"ax",%progbits
 218              		.align	1
 219              		.weak	HAL_UART_MspDeInit
 220              		.syntax unified
 221              		.thumb
 222              		.thumb_func
 224              	HAL_UART_MspDeInit:
 225              		@ args = 0, pretend = 0, frame = 0
 226              		@ frame_needed = 0, uses_anonymous_args = 0
 227              		@ link register save eliminated.
 228 0000 7047     		bx	lr
 230              		.section	.text.HAL_UART_DeInit,"ax",%progbits
 231              		.align	1
 232              		.global	HAL_UART_DeInit
 233              		.syntax unified
 234              		.thumb
 235              		.thumb_func
 237              	HAL_UART_DeInit:
 238              		@ args = 0, pretend = 0, frame = 0
 239              		@ frame_needed = 0, uses_anonymous_args = 0
ARM GAS  /var/folders/0f/x4_g94q9649fs6s33cksjfb00000gn/T//cc34fyZm.s 			page 5


 240 0000 C8B1     		cbz	r0, .L31
 241 0002 38B5     		push	{r3, r4, r5, lr}
 242 0004 0546     		mov	r5, r0
 243 0006 2423     		movs	r3, #36
 244 0008 80F86930 		strb	r3, [r0, #105]
 245 000c 0268     		ldr	r2, [r0]
 246 000e 1368     		ldr	r3, [r2]
 247 0010 23F00103 		bic	r3, r3, #1
 248 0014 1360     		str	r3, [r2]
 249 0016 0368     		ldr	r3, [r0]
 250 0018 0024     		movs	r4, #0
 251 001a 1C60     		str	r4, [r3]
 252 001c 0368     		ldr	r3, [r0]
 253 001e 5C60     		str	r4, [r3, #4]
 254 0020 0368     		ldr	r3, [r0]
 255 0022 9C60     		str	r4, [r3, #8]
 256 0024 FFF7FEFF 		bl	HAL_UART_MspDeInit
 257 0028 EC66     		str	r4, [r5, #108]
 258 002a 85F86940 		strb	r4, [r5, #105]
 259 002e 85F86A40 		strb	r4, [r5, #106]
 260 0032 2046     		mov	r0, r4
 261 0034 38BD     		pop	{r3, r4, r5, pc}
 262              	.L31:
 263 0036 0120     		movs	r0, #1
 264 0038 7047     		bx	lr
 266              		.section	.text.HAL_UART_Transmit,"ax",%progbits
 267              		.align	1
 268              		.global	HAL_UART_Transmit
 269              		.syntax unified
 270              		.thumb
 271              		.thumb_func
 273              	HAL_UART_Transmit:
 274              		@ args = 0, pretend = 0, frame = 0
 275              		@ frame_needed = 0, uses_anonymous_args = 0
 276 0000 2DE9F041 		push	{r4, r5, r6, r7, r8, lr}
 277 0004 82B0     		sub	sp, sp, #8
 278 0006 0446     		mov	r4, r0
 279 0008 0F46     		mov	r7, r1
 280 000a 9046     		mov	r8, r2
 281 000c 1D46     		mov	r5, r3
 282 000e 90F86930 		ldrb	r3, [r0, #105]	@ zero_extendqisi2
 283 0012 202B     		cmp	r3, #32
 284 0014 03D0     		beq	.L37
 285 0016 90F86930 		ldrb	r3, [r0, #105]	@ zero_extendqisi2
 286 001a 222B     		cmp	r3, #34
 287 001c 3FD1     		bne	.L41
 288              	.L37:
 289 001e B8F1000F 		cmp	r8, #0
 290 0022 18BF     		it	ne
 291 0024 002F     		cmpne	r7, #0
 292 0026 3CD0     		beq	.L42
 293 0028 94F86830 		ldrb	r3, [r4, #104]	@ zero_extendqisi2
 294 002c 012B     		cmp	r3, #1
 295 002e 3CD0     		beq	.L43
 296 0030 0123     		movs	r3, #1
 297 0032 84F86830 		strb	r3, [r4, #104]
 298 0036 0023     		movs	r3, #0
ARM GAS  /var/folders/0f/x4_g94q9649fs6s33cksjfb00000gn/T//cc34fyZm.s 			page 6


 299 0038 E366     		str	r3, [r4, #108]
 300 003a 2123     		movs	r3, #33
 301 003c 84F86930 		strb	r3, [r4, #105]
 302 0040 FFF7FEFF 		bl	HAL_GetTick
 303 0044 0646     		mov	r6, r0
 304 0046 A4F85080 		strh	r8, [r4, #80]	@ movhi
 305 004a A4F85280 		strh	r8, [r4, #82]	@ movhi
 306              	.L39:
 307 004e B4F85220 		ldrh	r2, [r4, #82]
 308 0052 92B2     		uxth	r2, r2
 309 0054 AAB1     		cbz	r2, .L47
 310 0056 0095     		str	r5, [sp]
 311 0058 3346     		mov	r3, r6
 312 005a 0022     		movs	r2, #0
 313 005c 8021     		movs	r1, #128
 314 005e 2046     		mov	r0, r4
 315 0060 FFF7FEFF 		bl	UART_WaitOnFlagUntilTimeout
 316 0064 18BB     		cbnz	r0, .L44
 317 0066 3946     		mov	r1, r7
 318 0068 11F8012B 		ldrb	r2, [r1], #1	@ zero_extendqisi2
 319 006c 2368     		ldr	r3, [r4]
 320 006e 9A62     		str	r2, [r3, #40]
 321 0070 B4F85220 		ldrh	r2, [r4, #82]
 322 0074 92B2     		uxth	r2, r2
 323 0076 013A     		subs	r2, r2, #1
 324 0078 92B2     		uxth	r2, r2
 325 007a A4F85220 		strh	r2, [r4, #82]	@ movhi
 326 007e 0F46     		mov	r7, r1
 327 0080 E5E7     		b	.L39
 328              	.L47:
 329 0082 0095     		str	r5, [sp]
 330 0084 3346     		mov	r3, r6
 331 0086 4021     		movs	r1, #64
 332 0088 2046     		mov	r0, r4
 333 008a FFF7FEFF 		bl	UART_WaitOnFlagUntilTimeout
 334 008e 80B9     		cbnz	r0, .L45
 335 0090 2023     		movs	r3, #32
 336 0092 84F86930 		strb	r3, [r4, #105]
 337 0096 0023     		movs	r3, #0
 338 0098 84F86830 		strb	r3, [r4, #104]
 339 009c 02E0     		b	.L38
 340              	.L41:
 341 009e 0220     		movs	r0, #2
 342 00a0 00E0     		b	.L38
 343              	.L42:
 344 00a2 0120     		movs	r0, #1
 345              	.L38:
 346 00a4 02B0     		add	sp, sp, #8
 347              		@ sp needed
 348 00a6 BDE8F081 		pop	{r4, r5, r6, r7, r8, pc}
 349              	.L43:
 350 00aa 0220     		movs	r0, #2
 351 00ac FAE7     		b	.L38
 352              	.L44:
 353 00ae 0320     		movs	r0, #3
 354 00b0 F8E7     		b	.L38
 355              	.L45:
ARM GAS  /var/folders/0f/x4_g94q9649fs6s33cksjfb00000gn/T//cc34fyZm.s 			page 7


 356 00b2 0320     		movs	r0, #3
 357 00b4 F6E7     		b	.L38
 359              		.section	.text.HAL_UART_Receive,"ax",%progbits
 360              		.align	1
 361              		.global	HAL_UART_Receive
 362              		.syntax unified
 363              		.thumb
 364              		.thumb_func
 366              	HAL_UART_Receive:
 367              		@ args = 0, pretend = 0, frame = 0
 368              		@ frame_needed = 0, uses_anonymous_args = 0
 369 0000 2DE9F041 		push	{r4, r5, r6, r7, r8, lr}
 370 0004 82B0     		sub	sp, sp, #8
 371 0006 0446     		mov	r4, r0
 372 0008 0F46     		mov	r7, r1
 373 000a 9046     		mov	r8, r2
 374 000c 1D46     		mov	r5, r3
 375 000e 90F86A30 		ldrb	r3, [r0, #106]	@ zero_extendqisi2
 376 0012 202B     		cmp	r3, #32
 377 0014 03D0     		beq	.L49
 378 0016 90F86A30 		ldrb	r3, [r0, #106]	@ zero_extendqisi2
 379 001a 212B     		cmp	r3, #33
 380 001c 38D1     		bne	.L53
 381              	.L49:
 382 001e B8F1000F 		cmp	r8, #0
 383 0022 18BF     		it	ne
 384 0024 002F     		cmpne	r7, #0
 385 0026 35D0     		beq	.L54
 386 0028 94F86830 		ldrb	r3, [r4, #104]	@ zero_extendqisi2
 387 002c 012B     		cmp	r3, #1
 388 002e 35D0     		beq	.L55
 389 0030 0123     		movs	r3, #1
 390 0032 84F86830 		strb	r3, [r4, #104]
 391 0036 0023     		movs	r3, #0
 392 0038 E366     		str	r3, [r4, #108]
 393 003a 2223     		movs	r3, #34
 394 003c 84F86A30 		strb	r3, [r4, #106]
 395 0040 FFF7FEFF 		bl	HAL_GetTick
 396 0044 0646     		mov	r6, r0
 397 0046 A4F85880 		strh	r8, [r4, #88]	@ movhi
 398 004a A4F85A80 		strh	r8, [r4, #90]	@ movhi
 399              	.L51:
 400 004e B4F85A20 		ldrh	r2, [r4, #90]
 401 0052 92B2     		uxth	r2, r2
 402 0054 AAB1     		cbz	r2, .L58
 403 0056 0095     		str	r5, [sp]
 404 0058 3346     		mov	r3, r6
 405 005a 0022     		movs	r2, #0
 406 005c 2021     		movs	r1, #32
 407 005e 2046     		mov	r0, r4
 408 0060 FFF7FEFF 		bl	UART_WaitOnFlagUntilTimeout
 409 0064 E0B9     		cbnz	r0, .L56
 410 0066 2368     		ldr	r3, [r4]
 411 0068 5B6A     		ldr	r3, [r3, #36]
 412 006a 3946     		mov	r1, r7
 413 006c 01F8013B 		strb	r3, [r1], #1
 414 0070 B4F85A20 		ldrh	r2, [r4, #90]
ARM GAS  /var/folders/0f/x4_g94q9649fs6s33cksjfb00000gn/T//cc34fyZm.s 			page 8


 415 0074 92B2     		uxth	r2, r2
 416 0076 013A     		subs	r2, r2, #1
 417 0078 92B2     		uxth	r2, r2
 418 007a A4F85A20 		strh	r2, [r4, #90]	@ movhi
 419 007e 0F46     		mov	r7, r1
 420 0080 E5E7     		b	.L51
 421              	.L58:
 422 0082 2023     		movs	r3, #32
 423 0084 84F86A30 		strb	r3, [r4, #106]
 424 0088 0020     		movs	r0, #0
 425 008a 84F86800 		strb	r0, [r4, #104]
 426 008e 02E0     		b	.L50
 427              	.L53:
 428 0090 0220     		movs	r0, #2
 429 0092 00E0     		b	.L50
 430              	.L54:
 431 0094 0120     		movs	r0, #1
 432              	.L50:
 433 0096 02B0     		add	sp, sp, #8
 434              		@ sp needed
 435 0098 BDE8F081 		pop	{r4, r5, r6, r7, r8, pc}
 436              	.L55:
 437 009c 0220     		movs	r0, #2
 438 009e FAE7     		b	.L50
 439              	.L56:
 440 00a0 0320     		movs	r0, #3
 441 00a2 F8E7     		b	.L50
 443              		.ident	"GCC: (Arm GNU Toolchain 14.2.Rel1 (Build arm-14.52)) 14.2.1 20241119"
ARM GAS  /var/folders/0f/x4_g94q9649fs6s33cksjfb00000gn/T//cc34fyZm.s 			page 9


DEFINED SYMBOLS
                            *ABS*:00000000 stm32f7xx_hal_uart.c
/var/folders/0f/x4_g94q9649fs6s33cksjfb00000gn/T//cc34fyZm.s:17     .text.UART_SetConfig:00000000 $t
/var/folders/0f/x4_g94q9649fs6s33cksjfb00000gn/T//cc34fyZm.s:22     .text.UART_SetConfig:00000000 UART_SetConfig
/var/folders/0f/x4_g94q9649fs6s33cksjfb00000gn/T//cc34fyZm.s:110    .text.UART_SetConfig:000000b4 $d
/var/folders/0f/x4_g94q9649fs6s33cksjfb00000gn/T//cc34fyZm.s:115    .text.UART_WaitOnFlagUntilTimeout:00000000 $t
/var/folders/0f/x4_g94q9649fs6s33cksjfb00000gn/T//cc34fyZm.s:120    .text.UART_WaitOnFlagUntilTimeout:00000000 UART_WaitOnFlagUntilTimeout
/var/folders/0f/x4_g94q9649fs6s33cksjfb00000gn/T//cc34fyZm.s:155    .text.HAL_UART_MspInit:00000000 $t
/var/folders/0f/x4_g94q9649fs6s33cksjfb00000gn/T//cc34fyZm.s:161    .text.HAL_UART_MspInit:00000000 HAL_UART_MspInit
/var/folders/0f/x4_g94q9649fs6s33cksjfb00000gn/T//cc34fyZm.s:168    .text.HAL_UART_Init:00000000 $t
/var/folders/0f/x4_g94q9649fs6s33cksjfb00000gn/T//cc34fyZm.s:174    .text.HAL_UART_Init:00000000 HAL_UART_Init
/var/folders/0f/x4_g94q9649fs6s33cksjfb00000gn/T//cc34fyZm.s:218    .text.HAL_UART_MspDeInit:00000000 $t
/var/folders/0f/x4_g94q9649fs6s33cksjfb00000gn/T//cc34fyZm.s:224    .text.HAL_UART_MspDeInit:00000000 HAL_UART_MspDeInit
/var/folders/0f/x4_g94q9649fs6s33cksjfb00000gn/T//cc34fyZm.s:231    .text.HAL_UART_DeInit:00000000 $t
/var/folders/0f/x4_g94q9649fs6s33cksjfb00000gn/T//cc34fyZm.s:237    .text.HAL_UART_DeInit:00000000 HAL_UART_DeInit
/var/folders/0f/x4_g94q9649fs6s33cksjfb00000gn/T//cc34fyZm.s:267    .text.HAL_UART_Transmit:00000000 $t
/var/folders/0f/x4_g94q9649fs6s33cksjfb00000gn/T//cc34fyZm.s:273    .text.HAL_UART_Transmit:00000000 HAL_UART_Transmit
/var/folders/0f/x4_g94q9649fs6s33cksjfb00000gn/T//cc34fyZm.s:360    .text.HAL_UART_Receive:00000000 $t
/var/folders/0f/x4_g94q9649fs6s33cksjfb00000gn/T//cc34fyZm.s:366    .text.HAL_UART_Receive:00000000 HAL_UART_Receive

UNDEFINED SYMBOLS
HAL_RCC_GetPCLK2Freq
HAL_RCC_GetPCLK1Freq
HAL_GetTick
