ARM GAS  /var/folders/0f/x4_g94q9649fs6s33cksjfb00000gn/T//ccnOjxaA.s 			page 1


   1              		.cpu cortex-m7
   2              		.arch armv7e-m
   3              		.fpu fpv5-d16
   4              		.eabi_attribute 28, 1
   5              		.eabi_attribute 20, 1
   6              		.eabi_attribute 21, 1
   7              		.eabi_attribute 23, 3
   8              		.eabi_attribute 24, 1
   9              		.eabi_attribute 25, 1
  10              		.eabi_attribute 26, 1
  11              		.eabi_attribute 30, 1
  12              		.eabi_attribute 34, 1
  13              		.eabi_attribute 18, 4
  14              		.file	"stm32f7xx_hal_crc_ex.c"
  15              		.text
  16              		.section	.text.HAL_CRCEx_Polynomial_Set,"ax",%progbits
  17              		.align	1
  18              		.global	HAL_CRCEx_Polynomial_Set
  19              		.syntax unified
  20              		.thumb
  21              		.thumb_func
  23              	HAL_CRCEx_Polynomial_Set:
  24              		@ args = 0, pretend = 0, frame = 0
  25              		@ frame_needed = 0, uses_anonymous_args = 0
  26              		@ link register save eliminated.
  27 0000 11F0010F 		tst	r1, #1
  28 0004 30D0     		beq	.L10
  29 0006 10B4     		push	{r4}
  30 0008 1F23     		movs	r3, #31
  31              	.L4:
  32 000a 1C46     		mov	r4, r3
  33 000c 013B     		subs	r3, r3, #1
  34 000e 34B1     		cbz	r4, .L3
  35 0010 03F01F0C 		and	ip, r3, #31
  36 0014 21FA0CFC 		lsr	ip, r1, ip
  37 0018 1CF0010F 		tst	ip, #1
  38 001c F5D0     		beq	.L4
  39              	.L3:
  40 001e 182A     		cmp	r2, #24
  41 0020 24D8     		bhi	.L11
  42 0022 DFE802F0 		tbb	[pc, r2]
  43              	.L6:
  44 0026 0F       		.byte	(.L9-.L6)/2
  45 0027 23       		.byte	(.L11-.L6)/2
  46 0028 23       		.byte	(.L11-.L6)/2
  47 0029 23       		.byte	(.L11-.L6)/2
  48 002a 23       		.byte	(.L11-.L6)/2
  49 002b 23       		.byte	(.L11-.L6)/2
  50 002c 23       		.byte	(.L11-.L6)/2
  51 002d 23       		.byte	(.L11-.L6)/2
  52 002e 1D       		.byte	(.L8-.L6)/2
  53 002f 23       		.byte	(.L11-.L6)/2
  54 0030 23       		.byte	(.L11-.L6)/2
  55 0031 23       		.byte	(.L11-.L6)/2
  56 0032 23       		.byte	(.L11-.L6)/2
  57 0033 23       		.byte	(.L11-.L6)/2
  58 0034 23       		.byte	(.L11-.L6)/2
ARM GAS  /var/folders/0f/x4_g94q9649fs6s33cksjfb00000gn/T//ccnOjxaA.s 			page 2


  59 0035 23       		.byte	(.L11-.L6)/2
  60 0036 19       		.byte	(.L7-.L6)/2
  61 0037 23       		.byte	(.L11-.L6)/2
  62 0038 23       		.byte	(.L11-.L6)/2
  63 0039 23       		.byte	(.L11-.L6)/2
  64 003a 23       		.byte	(.L11-.L6)/2
  65 003b 23       		.byte	(.L11-.L6)/2
  66 003c 23       		.byte	(.L11-.L6)/2
  67 003d 23       		.byte	(.L11-.L6)/2
  68 003e 0D       		.byte	(.L5-.L6)/2
  69 003f 00       		.p2align 1
  70              	.L5:
  71 0040 062B     		cmp	r3, #6
  72 0042 17D8     		bhi	.L12
  73              	.L9:
  74 0044 0368     		ldr	r3, [r0]
  75 0046 5961     		str	r1, [r3, #20]
  76 0048 0168     		ldr	r1, [r0]
  77 004a 8B68     		ldr	r3, [r1, #8]
  78 004c 23F01803 		bic	r3, r3, #24
  79 0050 1343     		orrs	r3, r3, r2
  80 0052 8B60     		str	r3, [r1, #8]
  81 0054 0020     		movs	r0, #0
  82 0056 0AE0     		b	.L2
  83              	.L7:
  84 0058 072B     		cmp	r3, #7
  85 005a F3D9     		bls	.L9
  86 005c 0120     		movs	r0, #1
  87 005e 06E0     		b	.L2
  88              	.L8:
  89 0060 0F2B     		cmp	r3, #15
  90 0062 EFD9     		bls	.L9
  91 0064 0120     		movs	r0, #1
  92 0066 02E0     		b	.L2
  93              	.L10:
  94 0068 0120     		movs	r0, #1
  95 006a 7047     		bx	lr
  96              	.L11:
  97 006c 0120     		movs	r0, #1
  98              	.L2:
  99 006e 5DF8044B 		ldr	r4, [sp], #4
 100 0072 7047     		bx	lr
 101              	.L12:
 102 0074 0120     		movs	r0, #1
 103 0076 FAE7     		b	.L2
 105              		.section	.text.HAL_CRCEx_Input_Data_Reverse,"ax",%progbits
 106              		.align	1
 107              		.global	HAL_CRCEx_Input_Data_Reverse
 108              		.syntax unified
 109              		.thumb
 110              		.thumb_func
 112              	HAL_CRCEx_Input_Data_Reverse:
 113              		@ args = 0, pretend = 0, frame = 0
 114              		@ frame_needed = 0, uses_anonymous_args = 0
 115              		@ link register save eliminated.
 116 0000 0223     		movs	r3, #2
 117 0002 4377     		strb	r3, [r0, #29]
ARM GAS  /var/folders/0f/x4_g94q9649fs6s33cksjfb00000gn/T//ccnOjxaA.s 			page 3


 118 0004 0268     		ldr	r2, [r0]
 119 0006 9368     		ldr	r3, [r2, #8]
 120 0008 23F06003 		bic	r3, r3, #96
 121 000c 0B43     		orrs	r3, r3, r1
 122 000e 9360     		str	r3, [r2, #8]
 123 0010 0123     		movs	r3, #1
 124 0012 4377     		strb	r3, [r0, #29]
 125 0014 0020     		movs	r0, #0
 126 0016 7047     		bx	lr
 128              		.section	.text.HAL_CRCEx_Output_Data_Reverse,"ax",%progbits
 129              		.align	1
 130              		.global	HAL_CRCEx_Output_Data_Reverse
 131              		.syntax unified
 132              		.thumb
 133              		.thumb_func
 135              	HAL_CRCEx_Output_Data_Reverse:
 136              		@ args = 0, pretend = 0, frame = 0
 137              		@ frame_needed = 0, uses_anonymous_args = 0
 138              		@ link register save eliminated.
 139 0000 0223     		movs	r3, #2
 140 0002 4377     		strb	r3, [r0, #29]
 141 0004 0268     		ldr	r2, [r0]
 142 0006 9368     		ldr	r3, [r2, #8]
 143 0008 23F08003 		bic	r3, r3, #128
 144 000c 0B43     		orrs	r3, r3, r1
 145 000e 9360     		str	r3, [r2, #8]
 146 0010 0123     		movs	r3, #1
 147 0012 4377     		strb	r3, [r0, #29]
 148 0014 0020     		movs	r0, #0
 149 0016 7047     		bx	lr
 151              		.ident	"GCC: (Arm GNU Toolchain 14.2.Rel1 (Build arm-14.52)) 14.2.1 20241119"
ARM GAS  /var/folders/0f/x4_g94q9649fs6s33cksjfb00000gn/T//ccnOjxaA.s 			page 4


DEFINED SYMBOLS
                            *ABS*:00000000 stm32f7xx_hal_crc_ex.c
/var/folders/0f/x4_g94q9649fs6s33cksjfb00000gn/T//ccnOjxaA.s:17     .text.HAL_CRCEx_Polynomial_Set:00000000 $t
/var/folders/0f/x4_g94q9649fs6s33cksjfb00000gn/T//ccnOjxaA.s:23     .text.HAL_CRCEx_Polynomial_Set:00000000 HAL_CRCEx_Polynomial_Set
/var/folders/0f/x4_g94q9649fs6s33cksjfb00000gn/T//ccnOjxaA.s:44     .text.HAL_CRCEx_Polynomial_Set:00000026 $d
/var/folders/0f/x4_g94q9649fs6s33cksjfb00000gn/T//ccnOjxaA.s:106    .text.HAL_CRCEx_Input_Data_Reverse:00000000 $t
/var/folders/0f/x4_g94q9649fs6s33cksjfb00000gn/T//ccnOjxaA.s:112    .text.HAL_CRCEx_Input_Data_Reverse:00000000 HAL_CRCEx_Input_Data_Reverse
/var/folders/0f/x4_g94q9649fs6s33cksjfb00000gn/T//ccnOjxaA.s:129    .text.HAL_CRCEx_Output_Data_Reverse:00000000 $t
/var/folders/0f/x4_g94q9649fs6s33cksjfb00000gn/T//ccnOjxaA.s:135    .text.HAL_CRCEx_Output_Data_Reverse:00000000 HAL_CRCEx_Output_Data_Reverse
/var/folders/0f/x4_g94q9649fs6s33cksjfb00000gn/T//ccnOjxaA.s:69     .text.HAL_CRCEx_Polynomial_Set:0000003f $d
/var/folders/0f/x4_g94q9649fs6s33cksjfb00000gn/T//ccnOjxaA.s:69     .text.HAL_CRCEx_Polynomial_Set:00000040 $t

NO UNDEFINED SYMBOLS
