ARM GAS  /var/folders/0f/x4_g94q9649fs6s33cksjfb00000gn/T//ccDbHILz.s 			page 1


   1              		.cpu cortex-m7
   2              		.arch armv7e-m
   3              		.fpu fpv5-d16
   4              		.eabi_attribute 28, 1
   5              		.eabi_attribute 20, 1
   6              		.eabi_attribute 21, 1
   7              		.eabi_attribute 23, 3
   8              		.eabi_attribute 24, 1
   9              		.eabi_attribute 25, 1
  10              		.eabi_attribute 26, 1
  11              		.eabi_attribute 30, 1
  12              		.eabi_attribute 34, 1
  13              		.eabi_attribute 18, 4
  14              		.file	"stm32f769i_discovery_sdram.c"
  15              		.text
  16              		.section	.text.BSP_SDRAM_Initialization_sequence,"ax",%progbits
  17              		.align	1
  18              		.global	BSP_SDRAM_Initialization_sequence
  19              		.syntax unified
  20              		.thumb
  21              		.thumb_func
  23              	BSP_SDRAM_Initialization_sequence:
  24              		@ args = 0, pretend = 0, frame = 8
  25              		@ frame_needed = 0, uses_anonymous_args = 0
  26 0000 2DE9F043 		push	{r4, r5, r6, r7, r8, r9, lr}
  27 0004 83B0     		sub	sp, sp, #12
  28 0006 8146     		mov	r9, r0
  29 0008 4FF00008 		mov	r8, #0
  30 000c CDF80480 		str	r8, [sp, #4]
  31 0010 204C     		ldr	r4, .L3
  32 0012 0126     		movs	r6, #1
  33 0014 2660     		str	r6, [r4]
  34 0016 1027     		movs	r7, #16
  35 0018 6760     		str	r7, [r4, #4]
  36 001a A660     		str	r6, [r4, #8]
  37 001c C4F80C80 		str	r8, [r4, #12]
  38 0020 1D4D     		ldr	r5, .L3+4
  39 0022 4FF6FF72 		movw	r2, #65535
  40 0026 2146     		mov	r1, r4
  41 0028 2846     		mov	r0, r5
  42 002a FFF7FEFF 		bl	HAL_SDRAM_SendCommand
  43 002e 3046     		mov	r0, r6
  44 0030 FFF7FEFF 		bl	HAL_Delay
  45 0034 0223     		movs	r3, #2
  46 0036 2360     		str	r3, [r4]
  47 0038 6760     		str	r7, [r4, #4]
  48 003a A660     		str	r6, [r4, #8]
  49 003c C4F80C80 		str	r8, [r4, #12]
  50 0040 4FF6FF72 		movw	r2, #65535
  51 0044 2146     		mov	r1, r4
  52 0046 2846     		mov	r0, r5
  53 0048 FFF7FEFF 		bl	HAL_SDRAM_SendCommand
  54 004c 0323     		movs	r3, #3
  55 004e 2360     		str	r3, [r4]
  56 0050 6760     		str	r7, [r4, #4]
  57 0052 0823     		movs	r3, #8
  58 0054 A360     		str	r3, [r4, #8]
ARM GAS  /var/folders/0f/x4_g94q9649fs6s33cksjfb00000gn/T//ccDbHILz.s 			page 2


  59 0056 C4F80C80 		str	r8, [r4, #12]
  60 005a 4FF6FF72 		movw	r2, #65535
  61 005e 2146     		mov	r1, r4
  62 0060 2846     		mov	r0, r5
  63 0062 FFF7FEFF 		bl	HAL_SDRAM_SendCommand
  64 0066 4FF40C73 		mov	r3, #560
  65 006a 0193     		str	r3, [sp, #4]
  66 006c 0423     		movs	r3, #4
  67 006e 2360     		str	r3, [r4]
  68 0070 6760     		str	r7, [r4, #4]
  69 0072 A660     		str	r6, [r4, #8]
  70 0074 019B     		ldr	r3, [sp, #4]
  71 0076 E360     		str	r3, [r4, #12]
  72 0078 4FF6FF72 		movw	r2, #65535
  73 007c 2146     		mov	r1, r4
  74 007e 2846     		mov	r0, r5
  75 0080 FFF7FEFF 		bl	HAL_SDRAM_SendCommand
  76 0084 4946     		mov	r1, r9
  77 0086 2846     		mov	r0, r5
  78 0088 FFF7FEFF 		bl	HAL_SDRAM_ProgramRefreshRate
  79 008c 03B0     		add	sp, sp, #12
  80              		@ sp needed
  81 008e BDE8F083 		pop	{r4, r5, r6, r7, r8, r9, pc}
  82              	.L4:
  83 0092 00BF     		.align	2
  84              	.L3:
  85 0094 00000000 		.word	Command
  86 0098 00000000 		.word	sdramHandle
  88              		.section	.text.BSP_SDRAM_ReadData,"ax",%progbits
  89              		.align	1
  90              		.global	BSP_SDRAM_ReadData
  91              		.syntax unified
  92              		.thumb
  93              		.thumb_func
  95              	BSP_SDRAM_ReadData:
  96              		@ args = 0, pretend = 0, frame = 0
  97              		@ frame_needed = 0, uses_anonymous_args = 0
  98 0000 08B5     		push	{r3, lr}
  99 0002 1346     		mov	r3, r2
 100 0004 0A46     		mov	r2, r1
 101 0006 0146     		mov	r1, r0
 102 0008 0248     		ldr	r0, .L8
 103 000a FFF7FEFF 		bl	HAL_SDRAM_Read_32b
 104 000e 00B1     		cbz	r0, .L6
 105 0010 0120     		movs	r0, #1
 106              	.L6:
 107 0012 08BD     		pop	{r3, pc}
 108              	.L9:
 109              		.align	2
 110              	.L8:
 111 0014 00000000 		.word	sdramHandle
 113              		.section	.text.BSP_SDRAM_ReadData_DMA,"ax",%progbits
 114              		.align	1
 115              		.global	BSP_SDRAM_ReadData_DMA
 116              		.syntax unified
 117              		.thumb
 118              		.thumb_func
ARM GAS  /var/folders/0f/x4_g94q9649fs6s33cksjfb00000gn/T//ccDbHILz.s 			page 3


 120              	BSP_SDRAM_ReadData_DMA:
 121              		@ args = 0, pretend = 0, frame = 0
 122              		@ frame_needed = 0, uses_anonymous_args = 0
 123 0000 08B5     		push	{r3, lr}
 124 0002 1346     		mov	r3, r2
 125 0004 0A46     		mov	r2, r1
 126 0006 0146     		mov	r1, r0
 127 0008 0248     		ldr	r0, .L13
 128 000a FFF7FEFF 		bl	HAL_SDRAM_Read_DMA
 129 000e 00B1     		cbz	r0, .L11
 130 0010 0120     		movs	r0, #1
 131              	.L11:
 132 0012 08BD     		pop	{r3, pc}
 133              	.L14:
 134              		.align	2
 135              	.L13:
 136 0014 00000000 		.word	sdramHandle
 138              		.section	.text.BSP_SDRAM_WriteData,"ax",%progbits
 139              		.align	1
 140              		.global	BSP_SDRAM_WriteData
 141              		.syntax unified
 142              		.thumb
 143              		.thumb_func
 145              	BSP_SDRAM_WriteData:
 146              		@ args = 0, pretend = 0, frame = 0
 147              		@ frame_needed = 0, uses_anonymous_args = 0
 148 0000 08B5     		push	{r3, lr}
 149 0002 1346     		mov	r3, r2
 150 0004 0A46     		mov	r2, r1
 151 0006 0146     		mov	r1, r0
 152 0008 0248     		ldr	r0, .L18
 153 000a FFF7FEFF 		bl	HAL_SDRAM_Write_32b
 154 000e 00B1     		cbz	r0, .L16
 155 0010 0120     		movs	r0, #1
 156              	.L16:
 157 0012 08BD     		pop	{r3, pc}
 158              	.L19:
 159              		.align	2
 160              	.L18:
 161 0014 00000000 		.word	sdramHandle
 163              		.section	.text.BSP_SDRAM_WriteData_DMA,"ax",%progbits
 164              		.align	1
 165              		.global	BSP_SDRAM_WriteData_DMA
 166              		.syntax unified
 167              		.thumb
 168              		.thumb_func
 170              	BSP_SDRAM_WriteData_DMA:
 171              		@ args = 0, pretend = 0, frame = 0
 172              		@ frame_needed = 0, uses_anonymous_args = 0
 173 0000 08B5     		push	{r3, lr}
 174 0002 1346     		mov	r3, r2
 175 0004 0A46     		mov	r2, r1
 176 0006 0146     		mov	r1, r0
 177 0008 0248     		ldr	r0, .L23
 178 000a FFF7FEFF 		bl	HAL_SDRAM_Write_DMA
 179 000e 00B1     		cbz	r0, .L21
 180 0010 0120     		movs	r0, #1
ARM GAS  /var/folders/0f/x4_g94q9649fs6s33cksjfb00000gn/T//ccDbHILz.s 			page 4


 181              	.L21:
 182 0012 08BD     		pop	{r3, pc}
 183              	.L24:
 184              		.align	2
 185              	.L23:
 186 0014 00000000 		.word	sdramHandle
 188              		.section	.text.BSP_SDRAM_Sendcmd,"ax",%progbits
 189              		.align	1
 190              		.global	BSP_SDRAM_Sendcmd
 191              		.syntax unified
 192              		.thumb
 193              		.thumb_func
 195              	BSP_SDRAM_Sendcmd:
 196              		@ args = 0, pretend = 0, frame = 0
 197              		@ frame_needed = 0, uses_anonymous_args = 0
 198 0000 08B5     		push	{r3, lr}
 199 0002 0146     		mov	r1, r0
 200 0004 4FF6FF72 		movw	r2, #65535
 201 0008 0248     		ldr	r0, .L28
 202 000a FFF7FEFF 		bl	HAL_SDRAM_SendCommand
 203 000e 00B1     		cbz	r0, .L26
 204 0010 0120     		movs	r0, #1
 205              	.L26:
 206 0012 08BD     		pop	{r3, pc}
 207              	.L29:
 208              		.align	2
 209              	.L28:
 210 0014 00000000 		.word	sdramHandle
 212              		.section	.text.BSP_SDRAM_MspInit,"ax",%progbits
 213              		.align	1
 214              		.weak	BSP_SDRAM_MspInit
 215              		.syntax unified
 216              		.thumb
 217              		.thumb_func
 219              	BSP_SDRAM_MspInit:
 220              		@ args = 0, pretend = 0, frame = 56
 221              		@ frame_needed = 0, uses_anonymous_args = 0
 222 0000 F0B5     		push	{r4, r5, r6, r7, lr}
 223 0002 8FB0     		sub	sp, sp, #60
 224 0004 0646     		mov	r6, r0
 225 0006 544B     		ldr	r3, .L32
 226 0008 9A6B     		ldr	r2, [r3, #56]
 227 000a 42F00102 		orr	r2, r2, #1
 228 000e 9A63     		str	r2, [r3, #56]
 229 0010 9A6B     		ldr	r2, [r3, #56]
 230 0012 02F00102 		and	r2, r2, #1
 231 0016 0192     		str	r2, [sp, #4]
 232 0018 019A     		ldr	r2, [sp, #4]
 233 001a 1A6B     		ldr	r2, [r3, #48]
 234 001c 42F48002 		orr	r2, r2, #4194304
 235 0020 1A63     		str	r2, [r3, #48]
 236 0022 1A6B     		ldr	r2, [r3, #48]
 237 0024 02F48002 		and	r2, r2, #4194304
 238 0028 0292     		str	r2, [sp, #8]
 239 002a 029A     		ldr	r2, [sp, #8]
 240 002c 1A6B     		ldr	r2, [r3, #48]
 241 002e 42F00802 		orr	r2, r2, #8
ARM GAS  /var/folders/0f/x4_g94q9649fs6s33cksjfb00000gn/T//ccDbHILz.s 			page 5


 242 0032 1A63     		str	r2, [r3, #48]
 243 0034 1A6B     		ldr	r2, [r3, #48]
 244 0036 02F00802 		and	r2, r2, #8
 245 003a 0392     		str	r2, [sp, #12]
 246 003c 039A     		ldr	r2, [sp, #12]
 247 003e 1A6B     		ldr	r2, [r3, #48]
 248 0040 42F01002 		orr	r2, r2, #16
 249 0044 1A63     		str	r2, [r3, #48]
 250 0046 1A6B     		ldr	r2, [r3, #48]
 251 0048 02F01002 		and	r2, r2, #16
 252 004c 0492     		str	r2, [sp, #16]
 253 004e 049A     		ldr	r2, [sp, #16]
 254 0050 1A6B     		ldr	r2, [r3, #48]
 255 0052 42F02002 		orr	r2, r2, #32
 256 0056 1A63     		str	r2, [r3, #48]
 257 0058 1A6B     		ldr	r2, [r3, #48]
 258 005a 02F02002 		and	r2, r2, #32
 259 005e 0592     		str	r2, [sp, #20]
 260 0060 059A     		ldr	r2, [sp, #20]
 261 0062 1A6B     		ldr	r2, [r3, #48]
 262 0064 42F04002 		orr	r2, r2, #64
 263 0068 1A63     		str	r2, [r3, #48]
 264 006a 1A6B     		ldr	r2, [r3, #48]
 265 006c 02F04002 		and	r2, r2, #64
 266 0070 0692     		str	r2, [sp, #24]
 267 0072 069A     		ldr	r2, [sp, #24]
 268 0074 1A6B     		ldr	r2, [r3, #48]
 269 0076 42F08002 		orr	r2, r2, #128
 270 007a 1A63     		str	r2, [r3, #48]
 271 007c 1A6B     		ldr	r2, [r3, #48]
 272 007e 02F08002 		and	r2, r2, #128
 273 0082 0792     		str	r2, [sp, #28]
 274 0084 079A     		ldr	r2, [sp, #28]
 275 0086 1A6B     		ldr	r2, [r3, #48]
 276 0088 42F48072 		orr	r2, r2, #256
 277 008c 1A63     		str	r2, [r3, #48]
 278 008e 1B6B     		ldr	r3, [r3, #48]
 279 0090 03F48073 		and	r3, r3, #256
 280 0094 0893     		str	r3, [sp, #32]
 281 0096 089B     		ldr	r3, [sp, #32]
 282 0098 0223     		movs	r3, #2
 283 009a 0A93     		str	r3, [sp, #40]
 284 009c 0123     		movs	r3, #1
 285 009e 0B93     		str	r3, [sp, #44]
 286 00a0 0327     		movs	r7, #3
 287 00a2 0C97     		str	r7, [sp, #48]
 288 00a4 0C23     		movs	r3, #12
 289 00a6 0D93     		str	r3, [sp, #52]
 290 00a8 4CF20373 		movw	r3, #50947
 291 00ac 0993     		str	r3, [sp, #36]
 292 00ae 09AC     		add	r4, sp, #36
 293 00b0 2146     		mov	r1, r4
 294 00b2 2A48     		ldr	r0, .L32+4
 295 00b4 FFF7FEFF 		bl	HAL_GPIO_Init
 296 00b8 4FF68373 		movw	r3, #65411
 297 00bc 0993     		str	r3, [sp, #36]
 298 00be 2146     		mov	r1, r4
ARM GAS  /var/folders/0f/x4_g94q9649fs6s33cksjfb00000gn/T//ccDbHILz.s 			page 6


 299 00c0 2748     		ldr	r0, .L32+8
 300 00c2 FFF7FEFF 		bl	HAL_GPIO_Init
 301 00c6 4FF63F03 		movw	r3, #63551
 302 00ca 0993     		str	r3, [sp, #36]
 303 00cc 2146     		mov	r1, r4
 304 00ce 2548     		ldr	r0, .L32+12
 305 00d0 FFF7FEFF 		bl	HAL_GPIO_Init
 306 00d4 48F23713 		movw	r3, #33079
 307 00d8 0993     		str	r3, [sp, #36]
 308 00da 2146     		mov	r1, r4
 309 00dc 2248     		ldr	r0, .L32+16
 310 00de FFF7FEFF 		bl	HAL_GPIO_Init
 311 00e2 4FF62C73 		movw	r3, #65324
 312 00e6 0993     		str	r3, [sp, #36]
 313 00e8 2146     		mov	r1, r4
 314 00ea 2048     		ldr	r0, .L32+20
 315 00ec FFF7FEFF 		bl	HAL_GPIO_Init
 316 00f0 40F2FF63 		movw	r3, #1791
 317 00f4 0993     		str	r3, [sp, #36]
 318 00f6 2146     		mov	r1, r4
 319 00f8 1D48     		ldr	r0, .L32+24
 320 00fa FFF7FEFF 		bl	HAL_GPIO_Init
 321 00fe 1D4C     		ldr	r4, .L32+28
 322 0100 0025     		movs	r5, #0
 323 0102 6560     		str	r5, [r4, #4]
 324 0104 8023     		movs	r3, #128
 325 0106 A360     		str	r3, [r4, #8]
 326 0108 4FF40073 		mov	r3, #512
 327 010c E360     		str	r3, [r4, #12]
 328 010e 4FF48063 		mov	r3, #1024
 329 0112 2361     		str	r3, [r4, #16]
 330 0114 4FF48053 		mov	r3, #4096
 331 0118 6361     		str	r3, [r4, #20]
 332 011a 4FF48043 		mov	r3, #16384
 333 011e A361     		str	r3, [r4, #24]
 334 0120 E561     		str	r5, [r4, #28]
 335 0122 4FF40033 		mov	r3, #131072
 336 0126 2362     		str	r3, [r4, #32]
 337 0128 6562     		str	r5, [r4, #36]
 338 012a A762     		str	r7, [r4, #40]
 339 012c E562     		str	r5, [r4, #44]
 340 012e 2563     		str	r5, [r4, #48]
 341 0130 114B     		ldr	r3, .L32+32
 342 0132 2360     		str	r3, [r4]
 343 0134 3463     		str	r4, [r6, #48]
 344 0136 A663     		str	r6, [r4, #56]
 345 0138 2046     		mov	r0, r4
 346 013a FFF7FEFF 		bl	HAL_DMA_DeInit
 347 013e 2046     		mov	r0, r4
 348 0140 FFF7FEFF 		bl	HAL_DMA_Init
 349 0144 2A46     		mov	r2, r5
 350 0146 0F21     		movs	r1, #15
 351 0148 3820     		movs	r0, #56
 352 014a FFF7FEFF 		bl	HAL_NVIC_SetPriority
 353 014e 3820     		movs	r0, #56
 354 0150 FFF7FEFF 		bl	HAL_NVIC_EnableIRQ
 355 0154 0FB0     		add	sp, sp, #60
ARM GAS  /var/folders/0f/x4_g94q9649fs6s33cksjfb00000gn/T//ccDbHILz.s 			page 7


 356              		@ sp needed
 357 0156 F0BD     		pop	{r4, r5, r6, r7, pc}
 358              	.L33:
 359              		.align	2
 360              	.L32:
 361 0158 00380240 		.word	1073887232
 362 015c 000C0240 		.word	1073875968
 363 0160 00100240 		.word	1073876992
 364 0164 00140240 		.word	1073878016
 365 0168 00180240 		.word	1073879040
 366 016c 001C0240 		.word	1073880064
 367 0170 00200240 		.word	1073881088
 368 0174 00000000 		.word	dma_handle.1
 369 0178 10640240 		.word	1073898512
 371              		.section	.text.BSP_SDRAM_Init,"ax",%progbits
 372              		.align	1
 373              		.global	BSP_SDRAM_Init
 374              		.syntax unified
 375              		.thumb
 376              		.thumb_func
 378              	BSP_SDRAM_Init:
 379              		@ args = 0, pretend = 0, frame = 0
 380              		@ frame_needed = 0, uses_anonymous_args = 0
 381 0000 38B5     		push	{r3, r4, r5, lr}
 382 0002 1B4C     		ldr	r4, .L38
 383 0004 1B4B     		ldr	r3, .L38+4
 384 0006 2360     		str	r3, [r4]
 385 0008 1B4D     		ldr	r5, .L38+8
 386 000a 0223     		movs	r3, #2
 387 000c 2B60     		str	r3, [r5]
 388 000e 0721     		movs	r1, #7
 389 0010 6960     		str	r1, [r5, #4]
 390 0012 0422     		movs	r2, #4
 391 0014 AA60     		str	r2, [r5, #8]
 392 0016 E960     		str	r1, [r5, #12]
 393 0018 2B61     		str	r3, [r5, #16]
 394 001a 6B61     		str	r3, [r5, #20]
 395 001c AB61     		str	r3, [r5, #24]
 396 001e 0021     		movs	r1, #0
 397 0020 6160     		str	r1, [r4, #4]
 398 0022 A160     		str	r1, [r4, #8]
 399 0024 E260     		str	r2, [r4, #12]
 400 0026 2023     		movs	r3, #32
 401 0028 2361     		str	r3, [r4, #16]
 402 002a 4023     		movs	r3, #64
 403 002c 6361     		str	r3, [r4, #20]
 404 002e 4FF4C073 		mov	r3, #384
 405 0032 A361     		str	r3, [r4, #24]
 406 0034 E161     		str	r1, [r4, #28]
 407 0036 4FF40063 		mov	r3, #2048
 408 003a 2362     		str	r3, [r4, #32]
 409 003c 4FF48053 		mov	r3, #4096
 410 0040 6362     		str	r3, [r4, #36]
 411 0042 A162     		str	r1, [r4, #40]
 412 0044 2046     		mov	r0, r4
 413 0046 FFF7FEFF 		bl	BSP_SDRAM_MspInit
 414 004a 2946     		mov	r1, r5
ARM GAS  /var/folders/0f/x4_g94q9649fs6s33cksjfb00000gn/T//ccDbHILz.s 			page 8


 415 004c 2046     		mov	r0, r4
 416 004e FFF7FEFF 		bl	HAL_SDRAM_Init
 417 0052 48B1     		cbz	r0, .L35
 418 0054 094B     		ldr	r3, .L38+12
 419 0056 0122     		movs	r2, #1
 420 0058 1A70     		strb	r2, [r3]
 421              	.L36:
 422 005a 40F20360 		movw	r0, #1539
 423 005e FFF7FEFF 		bl	BSP_SDRAM_Initialization_sequence
 424 0062 064B     		ldr	r3, .L38+12
 425 0064 1878     		ldrb	r0, [r3]	@ zero_extendqisi2
 426 0066 38BD     		pop	{r3, r4, r5, pc}
 427              	.L35:
 428 0068 044B     		ldr	r3, .L38+12
 429 006a 0022     		movs	r2, #0
 430 006c 1A70     		strb	r2, [r3]
 431 006e F4E7     		b	.L36
 432              	.L39:
 433              		.align	2
 434              	.L38:
 435 0070 00000000 		.word	sdramHandle
 436 0074 400100A0 		.word	-1610612416
 437 0078 00000000 		.word	Timing
 438 007c 00000000 		.word	sdramstatus.3
 440              		.section	.text.BSP_SDRAM_MspDeInit,"ax",%progbits
 441              		.align	1
 442              		.weak	BSP_SDRAM_MspDeInit
 443              		.syntax unified
 444              		.thumb
 445              		.thumb_func
 447              	BSP_SDRAM_MspDeInit:
 448              		@ args = 0, pretend = 0, frame = 0
 449              		@ frame_needed = 0, uses_anonymous_args = 0
 450 0000 08B5     		push	{r3, lr}
 451 0002 3820     		movs	r0, #56
 452 0004 FFF7FEFF 		bl	HAL_NVIC_DisableIRQ
 453 0008 0248     		ldr	r0, .L42
 454 000a 034B     		ldr	r3, .L42+4
 455 000c 0360     		str	r3, [r0]
 456 000e FFF7FEFF 		bl	HAL_DMA_DeInit
 457 0012 08BD     		pop	{r3, pc}
 458              	.L43:
 459              		.align	2
 460              	.L42:
 461 0014 00000000 		.word	dma_handle.0
 462 0018 10640240 		.word	1073898512
 464              		.section	.text.BSP_SDRAM_DeInit,"ax",%progbits
 465              		.align	1
 466              		.global	BSP_SDRAM_DeInit
 467              		.syntax unified
 468              		.thumb
 469              		.thumb_func
 471              	BSP_SDRAM_DeInit:
 472              		@ args = 0, pretend = 0, frame = 0
 473              		@ frame_needed = 0, uses_anonymous_args = 0
 474 0000 08B5     		push	{r3, lr}
 475 0002 0A48     		ldr	r0, .L48
ARM GAS  /var/folders/0f/x4_g94q9649fs6s33cksjfb00000gn/T//ccDbHILz.s 			page 9


 476 0004 0A4B     		ldr	r3, .L48+4
 477 0006 0360     		str	r3, [r0]
 478 0008 FFF7FEFF 		bl	HAL_SDRAM_DeInit
 479 000c 48B1     		cbz	r0, .L45
 480 000e 094B     		ldr	r3, .L48+8
 481 0010 0122     		movs	r2, #1
 482 0012 1A70     		strb	r2, [r3]
 483              	.L46:
 484 0014 0021     		movs	r1, #0
 485 0016 0548     		ldr	r0, .L48
 486 0018 FFF7FEFF 		bl	BSP_SDRAM_MspDeInit
 487 001c 054B     		ldr	r3, .L48+8
 488 001e 1878     		ldrb	r0, [r3]	@ zero_extendqisi2
 489 0020 08BD     		pop	{r3, pc}
 490              	.L45:
 491 0022 044B     		ldr	r3, .L48+8
 492 0024 0022     		movs	r2, #0
 493 0026 1A70     		strb	r2, [r3]
 494 0028 F4E7     		b	.L46
 495              	.L49:
 496 002a 00BF     		.align	2
 497              	.L48:
 498 002c 00000000 		.word	sdramHandle
 499 0030 400100A0 		.word	-1610612416
 500 0034 00000000 		.word	sdramstatus.2
 502              		.section	.bss.dma_handle.0,"aw",%nobits
 503              		.align	2
 506              	dma_handle.0:
 507 0000 00000000 		.space	96
 507      00000000 
 507      00000000 
 507      00000000 
 507      00000000 
 508              		.section	.bss.dma_handle.1,"aw",%nobits
 509              		.align	2
 512              	dma_handle.1:
 513 0000 00000000 		.space	96
 513      00000000 
 513      00000000 
 513      00000000 
 513      00000000 
 514              		.section	.data.sdramstatus.2,"aw"
 517              	sdramstatus.2:
 518 0000 01       		.byte	1
 519              		.section	.data.sdramstatus.3,"aw"
 522              	sdramstatus.3:
 523 0000 01       		.byte	1
 524              		.section	.bss.Command,"aw",%nobits
 525              		.align	2
 528              	Command:
 529 0000 00000000 		.space	16
 529      00000000 
 529      00000000 
 529      00000000 
 530              		.section	.bss.Timing,"aw",%nobits
 531              		.align	2
 534              	Timing:
ARM GAS  /var/folders/0f/x4_g94q9649fs6s33cksjfb00000gn/T//ccDbHILz.s 			page 10


 535 0000 00000000 		.space	28
 535      00000000 
 535      00000000 
 535      00000000 
 535      00000000 
 536              		.global	sdramHandle
 537              		.section	.bss.sdramHandle,"aw",%nobits
 538              		.align	2
 541              	sdramHandle:
 542 0000 00000000 		.space	52
 542      00000000 
 542      00000000 
 542      00000000 
 542      00000000 
 543              		.ident	"GCC: (Arm GNU Toolchain 14.2.Rel1 (Build arm-14.52)) 14.2.1 20241119"
ARM GAS  /var/folders/0f/x4_g94q9649fs6s33cksjfb00000gn/T//ccDbHILz.s 			page 11


DEFINED SYMBOLS
                            *ABS*:00000000 stm32f769i_discovery_sdram.c
/var/folders/0f/x4_g94q9649fs6s33cksjfb00000gn/T//ccDbHILz.s:17     .text.BSP_SDRAM_Initialization_sequence:00000000 $t
/var/folders/0f/x4_g94q9649fs6s33cksjfb00000gn/T//ccDbHILz.s:23     .text.BSP_SDRAM_Initialization_sequence:00000000 BSP_SDRAM_Initialization_sequence
/var/folders/0f/x4_g94q9649fs6s33cksjfb00000gn/T//ccDbHILz.s:85     .text.BSP_SDRAM_Initialization_sequence:00000094 $d
/var/folders/0f/x4_g94q9649fs6s33cksjfb00000gn/T//ccDbHILz.s:528    .bss.Command:00000000 Command
/var/folders/0f/x4_g94q9649fs6s33cksjfb00000gn/T//ccDbHILz.s:541    .bss.sdramHandle:00000000 sdramHandle
/var/folders/0f/x4_g94q9649fs6s33cksjfb00000gn/T//ccDbHILz.s:89     .text.BSP_SDRAM_ReadData:00000000 $t
/var/folders/0f/x4_g94q9649fs6s33cksjfb00000gn/T//ccDbHILz.s:95     .text.BSP_SDRAM_ReadData:00000000 BSP_SDRAM_ReadData
/var/folders/0f/x4_g94q9649fs6s33cksjfb00000gn/T//ccDbHILz.s:111    .text.BSP_SDRAM_ReadData:00000014 $d
/var/folders/0f/x4_g94q9649fs6s33cksjfb00000gn/T//ccDbHILz.s:114    .text.BSP_SDRAM_ReadData_DMA:00000000 $t
/var/folders/0f/x4_g94q9649fs6s33cksjfb00000gn/T//ccDbHILz.s:120    .text.BSP_SDRAM_ReadData_DMA:00000000 BSP_SDRAM_ReadData_DMA
/var/folders/0f/x4_g94q9649fs6s33cksjfb00000gn/T//ccDbHILz.s:136    .text.BSP_SDRAM_ReadData_DMA:00000014 $d
/var/folders/0f/x4_g94q9649fs6s33cksjfb00000gn/T//ccDbHILz.s:139    .text.BSP_SDRAM_WriteData:00000000 $t
/var/folders/0f/x4_g94q9649fs6s33cksjfb00000gn/T//ccDbHILz.s:145    .text.BSP_SDRAM_WriteData:00000000 BSP_SDRAM_WriteData
/var/folders/0f/x4_g94q9649fs6s33cksjfb00000gn/T//ccDbHILz.s:161    .text.BSP_SDRAM_WriteData:00000014 $d
/var/folders/0f/x4_g94q9649fs6s33cksjfb00000gn/T//ccDbHILz.s:164    .text.BSP_SDRAM_WriteData_DMA:00000000 $t
/var/folders/0f/x4_g94q9649fs6s33cksjfb00000gn/T//ccDbHILz.s:170    .text.BSP_SDRAM_WriteData_DMA:00000000 BSP_SDRAM_WriteData_DMA
/var/folders/0f/x4_g94q9649fs6s33cksjfb00000gn/T//ccDbHILz.s:186    .text.BSP_SDRAM_WriteData_DMA:00000014 $d
/var/folders/0f/x4_g94q9649fs6s33cksjfb00000gn/T//ccDbHILz.s:189    .text.BSP_SDRAM_Sendcmd:00000000 $t
/var/folders/0f/x4_g94q9649fs6s33cksjfb00000gn/T//ccDbHILz.s:195    .text.BSP_SDRAM_Sendcmd:00000000 BSP_SDRAM_Sendcmd
/var/folders/0f/x4_g94q9649fs6s33cksjfb00000gn/T//ccDbHILz.s:210    .text.BSP_SDRAM_Sendcmd:00000014 $d
/var/folders/0f/x4_g94q9649fs6s33cksjfb00000gn/T//ccDbHILz.s:213    .text.BSP_SDRAM_MspInit:00000000 $t
/var/folders/0f/x4_g94q9649fs6s33cksjfb00000gn/T//ccDbHILz.s:219    .text.BSP_SDRAM_MspInit:00000000 BSP_SDRAM_MspInit
/var/folders/0f/x4_g94q9649fs6s33cksjfb00000gn/T//ccDbHILz.s:361    .text.BSP_SDRAM_MspInit:00000158 $d
/var/folders/0f/x4_g94q9649fs6s33cksjfb00000gn/T//ccDbHILz.s:512    .bss.dma_handle.1:00000000 dma_handle.1
/var/folders/0f/x4_g94q9649fs6s33cksjfb00000gn/T//ccDbHILz.s:372    .text.BSP_SDRAM_Init:00000000 $t
/var/folders/0f/x4_g94q9649fs6s33cksjfb00000gn/T//ccDbHILz.s:378    .text.BSP_SDRAM_Init:00000000 BSP_SDRAM_Init
/var/folders/0f/x4_g94q9649fs6s33cksjfb00000gn/T//ccDbHILz.s:435    .text.BSP_SDRAM_Init:00000070 $d
/var/folders/0f/x4_g94q9649fs6s33cksjfb00000gn/T//ccDbHILz.s:534    .bss.Timing:00000000 Timing
/var/folders/0f/x4_g94q9649fs6s33cksjfb00000gn/T//ccDbHILz.s:522    .data.sdramstatus.3:00000000 sdramstatus.3
/var/folders/0f/x4_g94q9649fs6s33cksjfb00000gn/T//ccDbHILz.s:441    .text.BSP_SDRAM_MspDeInit:00000000 $t
/var/folders/0f/x4_g94q9649fs6s33cksjfb00000gn/T//ccDbHILz.s:447    .text.BSP_SDRAM_MspDeInit:00000000 BSP_SDRAM_MspDeInit
/var/folders/0f/x4_g94q9649fs6s33cksjfb00000gn/T//ccDbHILz.s:461    .text.BSP_SDRAM_MspDeInit:00000014 $d
/var/folders/0f/x4_g94q9649fs6s33cksjfb00000gn/T//ccDbHILz.s:506    .bss.dma_handle.0:00000000 dma_handle.0
/var/folders/0f/x4_g94q9649fs6s33cksjfb00000gn/T//ccDbHILz.s:465    .text.BSP_SDRAM_DeInit:00000000 $t
/var/folders/0f/x4_g94q9649fs6s33cksjfb00000gn/T//ccDbHILz.s:471    .text.BSP_SDRAM_DeInit:00000000 BSP_SDRAM_DeInit
/var/folders/0f/x4_g94q9649fs6s33cksjfb00000gn/T//ccDbHILz.s:498    .text.BSP_SDRAM_DeInit:0000002c $d
/var/folders/0f/x4_g94q9649fs6s33cksjfb00000gn/T//ccDbHILz.s:517    .data.sdramstatus.2:00000000 sdramstatus.2
/var/folders/0f/x4_g94q9649fs6s33cksjfb00000gn/T//ccDbHILz.s:503    .bss.dma_handle.0:00000000 $d
/var/folders/0f/x4_g94q9649fs6s33cksjfb00000gn/T//ccDbHILz.s:509    .bss.dma_handle.1:00000000 $d
/var/folders/0f/x4_g94q9649fs6s33cksjfb00000gn/T//ccDbHILz.s:525    .bss.Command:00000000 $d
/var/folders/0f/x4_g94q9649fs6s33cksjfb00000gn/T//ccDbHILz.s:531    .bss.Timing:00000000 $d
/var/folders/0f/x4_g94q9649fs6s33cksjfb00000gn/T//ccDbHILz.s:538    .bss.sdramHandle:00000000 $d

UNDEFINED SYMBOLS
HAL_SDRAM_SendCommand
HAL_Delay
HAL_SDRAM_ProgramRefreshRate
HAL_SDRAM_Read_32b
HAL_SDRAM_Read_DMA
HAL_SDRAM_Write_32b
HAL_SDRAM_Write_DMA
HAL_GPIO_Init
HAL_DMA_DeInit
HAL_DMA_Init
HAL_NVIC_SetPriority
ARM GAS  /var/folders/0f/x4_g94q9649fs6s33cksjfb00000gn/T//ccDbHILz.s 			page 12


HAL_NVIC_EnableIRQ
HAL_SDRAM_Init
HAL_NVIC_DisableIRQ
HAL_SDRAM_DeInit
