ARM GAS  /var/folders/0f/x4_g94q9649fs6s33cksjfb00000gn/T//cch6a99s.s 			page 1


   1              		.cpu cortex-m7
   2              		.arch armv7e-m
   3              		.fpu fpv5-d16
   4              		.eabi_attribute 28, 1
   5              		.eabi_attribute 20, 1
   6              		.eabi_attribute 21, 1
   7              		.eabi_attribute 23, 3
   8              		.eabi_attribute 24, 1
   9              		.eabi_attribute 25, 1
  10              		.eabi_attribute 26, 1
  11              		.eabi_attribute 30, 1
  12              		.eabi_attribute 34, 1
  13              		.eabi_attribute 18, 4
  14              		.file	"stm32f7xx_hal_pcd_ex.c"
  15              		.text
  16              		.section	.text.HAL_PCDEx_SetTxFiFo,"ax",%progbits
  17              		.align	1
  18              		.global	HAL_PCDEx_SetTxFiFo
  19              		.syntax unified
  20              		.thumb
  21              		.thumb_func
  23              	HAL_PCDEx_SetTxFiFo:
  24              		@ args = 0, pretend = 0, frame = 0
  25              		@ frame_needed = 0, uses_anonymous_args = 0
  26              		@ link register save eliminated.
  27 0000 10B4     		push	{r4}
  28 0002 0468     		ldr	r4, [r0]
  29 0004 606A     		ldr	r0, [r4, #36]
  30 0006 31B9     		cbnz	r1, .L2
  31 0008 40EA0240 		orr	r0, r0, r2, lsl #16
  32 000c A062     		str	r0, [r4, #40]
  33              	.L3:
  34 000e 0020     		movs	r0, #0
  35 0010 5DF8044B 		ldr	r4, [sp], #4
  36 0014 7047     		bx	lr
  37              	.L2:
  38 0016 8C46     		mov	ip, r1
  39 0018 A36A     		ldr	r3, [r4, #40]
  40 001a 00EB1340 		add	r0, r0, r3, lsr #16
  41 001e 0023     		movs	r3, #0
  42 0020 08E0     		b	.L4
  43              	.L5:
  44 0022 03F14001 		add	r1, r3, #64
  45 0026 04EB8101 		add	r1, r4, r1, lsl #2
  46 002a 4968     		ldr	r1, [r1, #4]
  47 002c 00EB1140 		add	r0, r0, r1, lsr #16
  48 0030 0133     		adds	r3, r3, #1
  49 0032 DBB2     		uxtb	r3, r3
  50              	.L4:
  51 0034 0CF1FF31 		add	r1, ip, #-1
  52 0038 8B42     		cmp	r3, r1
  53 003a F2D3     		bcc	.L5
  54 003c 40EA0240 		orr	r0, r0, r2, lsl #16
  55 0040 0CF13F01 		add	r1, ip, #63
  56 0044 04EB8104 		add	r4, r4, r1, lsl #2
  57 0048 6060     		str	r0, [r4, #4]
  58 004a E0E7     		b	.L3
ARM GAS  /var/folders/0f/x4_g94q9649fs6s33cksjfb00000gn/T//cch6a99s.s 			page 2


  60              		.section	.text.HAL_PCDEx_SetRxFiFo,"ax",%progbits
  61              		.align	1
  62              		.global	HAL_PCDEx_SetRxFiFo
  63              		.syntax unified
  64              		.thumb
  65              		.thumb_func
  67              	HAL_PCDEx_SetRxFiFo:
  68              		@ args = 0, pretend = 0, frame = 0
  69              		@ frame_needed = 0, uses_anonymous_args = 0
  70              		@ link register save eliminated.
  71 0000 0368     		ldr	r3, [r0]
  72 0002 5962     		str	r1, [r3, #36]
  73 0004 0020     		movs	r0, #0
  74 0006 7047     		bx	lr
  76              		.section	.text.HAL_PCDEx_ActivateLPM,"ax",%progbits
  77              		.align	1
  78              		.global	HAL_PCDEx_ActivateLPM
  79              		.syntax unified
  80              		.thumb
  81              		.thumb_func
  83              	HAL_PCDEx_ActivateLPM:
  84              		@ args = 0, pretend = 0, frame = 0
  85              		@ frame_needed = 0, uses_anonymous_args = 0
  86              		@ link register save eliminated.
  87 0000 0346     		mov	r3, r0
  88 0002 0268     		ldr	r2, [r0]
  89 0004 0121     		movs	r1, #1
  90 0006 C0F8D814 		str	r1, [r0, #1240]
  91 000a 0020     		movs	r0, #0
  92 000c 83F8CC04 		strb	r0, [r3, #1228]
  93 0010 9369     		ldr	r3, [r2, #24]
  94 0012 43F00063 		orr	r3, r3, #134217728
  95 0016 9361     		str	r3, [r2, #24]
  96 0018 516D     		ldr	r1, [r2, #84]
  97 001a 024B     		ldr	r3, .L9
  98 001c 0B43     		orrs	r3, r3, r1
  99 001e 5365     		str	r3, [r2, #84]
 100 0020 7047     		bx	lr
 101              	.L10:
 102 0022 00BF     		.align	2
 103              	.L9:
 104 0024 03000010 		.word	268435459
 106              		.section	.text.HAL_PCDEx_DeActivateLPM,"ax",%progbits
 107              		.align	1
 108              		.global	HAL_PCDEx_DeActivateLPM
 109              		.syntax unified
 110              		.thumb
 111              		.thumb_func
 113              	HAL_PCDEx_DeActivateLPM:
 114              		@ args = 0, pretend = 0, frame = 0
 115              		@ frame_needed = 0, uses_anonymous_args = 0
 116              		@ link register save eliminated.
 117 0000 0246     		mov	r2, r0
 118 0002 0368     		ldr	r3, [r0]
 119 0004 0020     		movs	r0, #0
 120 0006 C2F8D804 		str	r0, [r2, #1240]
 121 000a 9A69     		ldr	r2, [r3, #24]
ARM GAS  /var/folders/0f/x4_g94q9649fs6s33cksjfb00000gn/T//cch6a99s.s 			page 3


 122 000c 22F00062 		bic	r2, r2, #134217728
 123 0010 9A61     		str	r2, [r3, #24]
 124 0012 596D     		ldr	r1, [r3, #84]
 125 0014 014A     		ldr	r2, .L12
 126 0016 0A40     		ands	r2, r2, r1
 127 0018 5A65     		str	r2, [r3, #84]
 128 001a 7047     		bx	lr
 129              	.L13:
 130              		.align	2
 131              	.L12:
 132 001c FCFFFFEF 		.word	-268435460
 134              		.section	.text.HAL_PCDEx_LPM_Callback,"ax",%progbits
 135              		.align	1
 136              		.weak	HAL_PCDEx_LPM_Callback
 137              		.syntax unified
 138              		.thumb
 139              		.thumb_func
 141              	HAL_PCDEx_LPM_Callback:
 142              		@ args = 0, pretend = 0, frame = 0
 143              		@ frame_needed = 0, uses_anonymous_args = 0
 144              		@ link register save eliminated.
 145 0000 7047     		bx	lr
 147              		.section	.text.HAL_PCDEx_BCD_Callback,"ax",%progbits
 148              		.align	1
 149              		.weak	HAL_PCDEx_BCD_Callback
 150              		.syntax unified
 151              		.thumb
 152              		.thumb_func
 154              	HAL_PCDEx_BCD_Callback:
 155              		@ args = 0, pretend = 0, frame = 0
 156              		@ frame_needed = 0, uses_anonymous_args = 0
 157              		@ link register save eliminated.
 158 0000 7047     		bx	lr
 160              		.ident	"GCC: (Arm GNU Toolchain 14.2.Rel1 (Build arm-14.52)) 14.2.1 20241119"
ARM GAS  /var/folders/0f/x4_g94q9649fs6s33cksjfb00000gn/T//cch6a99s.s 			page 4


DEFINED SYMBOLS
                            *ABS*:00000000 stm32f7xx_hal_pcd_ex.c
/var/folders/0f/x4_g94q9649fs6s33cksjfb00000gn/T//cch6a99s.s:17     .text.HAL_PCDEx_SetTxFiFo:00000000 $t
/var/folders/0f/x4_g94q9649fs6s33cksjfb00000gn/T//cch6a99s.s:23     .text.HAL_PCDEx_SetTxFiFo:00000000 HAL_PCDEx_SetTxFiFo
/var/folders/0f/x4_g94q9649fs6s33cksjfb00000gn/T//cch6a99s.s:61     .text.HAL_PCDEx_SetRxFiFo:00000000 $t
/var/folders/0f/x4_g94q9649fs6s33cksjfb00000gn/T//cch6a99s.s:67     .text.HAL_PCDEx_SetRxFiFo:00000000 HAL_PCDEx_SetRxFiFo
/var/folders/0f/x4_g94q9649fs6s33cksjfb00000gn/T//cch6a99s.s:77     .text.HAL_PCDEx_ActivateLPM:00000000 $t
/var/folders/0f/x4_g94q9649fs6s33cksjfb00000gn/T//cch6a99s.s:83     .text.HAL_PCDEx_ActivateLPM:00000000 HAL_PCDEx_ActivateLPM
/var/folders/0f/x4_g94q9649fs6s33cksjfb00000gn/T//cch6a99s.s:104    .text.HAL_PCDEx_ActivateLPM:00000024 $d
/var/folders/0f/x4_g94q9649fs6s33cksjfb00000gn/T//cch6a99s.s:107    .text.HAL_PCDEx_DeActivateLPM:00000000 $t
/var/folders/0f/x4_g94q9649fs6s33cksjfb00000gn/T//cch6a99s.s:113    .text.HAL_PCDEx_DeActivateLPM:00000000 HAL_PCDEx_DeActivateLPM
/var/folders/0f/x4_g94q9649fs6s33cksjfb00000gn/T//cch6a99s.s:132    .text.HAL_PCDEx_DeActivateLPM:0000001c $d
/var/folders/0f/x4_g94q9649fs6s33cksjfb00000gn/T//cch6a99s.s:135    .text.HAL_PCDEx_LPM_Callback:00000000 $t
/var/folders/0f/x4_g94q9649fs6s33cksjfb00000gn/T//cch6a99s.s:141    .text.HAL_PCDEx_LPM_Callback:00000000 HAL_PCDEx_LPM_Callback
/var/folders/0f/x4_g94q9649fs6s33cksjfb00000gn/T//cch6a99s.s:148    .text.HAL_PCDEx_BCD_Callback:00000000 $t
/var/folders/0f/x4_g94q9649fs6s33cksjfb00000gn/T//cch6a99s.s:154    .text.HAL_PCDEx_BCD_Callback:00000000 HAL_PCDEx_BCD_Callback

NO UNDEFINED SYMBOLS
