ARM GAS  /var/folders/0f/x4_g94q9649fs6s33cksjfb00000gn/T//cc3jon6f.s 			page 1


   1              		.cpu cortex-m7
   2              		.arch armv7e-m
   3              		.fpu fpv5-d16
   4              		.eabi_attribute 28, 1
   5              		.eabi_attribute 20, 1
   6              		.eabi_attribute 21, 1
   7              		.eabi_attribute 23, 3
   8              		.eabi_attribute 24, 1
   9              		.eabi_attribute 25, 1
  10              		.eabi_attribute 26, 1
  11              		.eabi_attribute 30, 1
  12              		.eabi_attribute 34, 1
  13              		.eabi_attribute 18, 4
  14              		.file	"stm32f7xx_hal_dma.c"
  15              		.text
  16              		.section	.text.DMA_SetConfig,"ax",%progbits
  17              		.align	1
  18              		.syntax unified
  19              		.thumb
  20              		.thumb_func
  22              	DMA_SetConfig:
  23              		@ args = 0, pretend = 0, frame = 0
  24              		@ frame_needed = 0, uses_anonymous_args = 0
  25              		@ link register save eliminated.
  26 0000 30B4     		push	{r4, r5}
  27 0002 0568     		ldr	r5, [r0]
  28 0004 2C68     		ldr	r4, [r5]
  29 0006 24F48024 		bic	r4, r4, #262144
  30 000a 2C60     		str	r4, [r5]
  31 000c 0468     		ldr	r4, [r0]
  32 000e 6360     		str	r3, [r4, #4]
  33 0010 8368     		ldr	r3, [r0, #8]
  34 0012 402B     		cmp	r3, #64
  35 0014 05D0     		beq	.L5
  36 0016 0368     		ldr	r3, [r0]
  37 0018 9960     		str	r1, [r3, #8]
  38 001a 0368     		ldr	r3, [r0]
  39 001c DA60     		str	r2, [r3, #12]
  40              	.L1:
  41 001e 30BC     		pop	{r4, r5}
  42 0020 7047     		bx	lr
  43              	.L5:
  44 0022 0368     		ldr	r3, [r0]
  45 0024 9A60     		str	r2, [r3, #8]
  46 0026 0368     		ldr	r3, [r0]
  47 0028 D960     		str	r1, [r3, #12]
  48 002a F8E7     		b	.L1
  50              		.section	.text.DMA_CalcBaseAndBitshift,"ax",%progbits
  51              		.align	1
  52              		.syntax unified
  53              		.thumb
  54              		.thumb_func
  56              	DMA_CalcBaseAndBitshift:
  57              		@ args = 0, pretend = 0, frame = 0
  58              		@ frame_needed = 0, uses_anonymous_args = 0
  59              		@ link register save eliminated.
  60 0000 10B4     		push	{r4}
ARM GAS  /var/folders/0f/x4_g94q9649fs6s33cksjfb00000gn/T//cc3jon6f.s 			page 2


  61 0002 0368     		ldr	r3, [r0]
  62 0004 D9B2     		uxtb	r1, r3
  63 0006 1039     		subs	r1, r1, #16
  64 0008 0A4A     		ldr	r2, .L10
  65 000a A2FB0142 		umull	r4, r2, r2, r1
  66 000e 1209     		lsrs	r2, r2, #4
  67 0010 094C     		ldr	r4, .L10+4
  68 0012 A25C     		ldrb	r2, [r4, r2]	@ zero_extendqisi2
  69 0014 C265     		str	r2, [r0, #92]
  70 0016 5F29     		cmp	r1, #95
  71 0018 07D9     		bls	.L7
  72 001a 6FF30903 		bfc	r3, #0, #10
  73 001e 0433     		adds	r3, r3, #4
  74 0020 8365     		str	r3, [r0, #88]
  75              	.L8:
  76 0022 806D     		ldr	r0, [r0, #88]
  77 0024 5DF8044B 		ldr	r4, [sp], #4
  78 0028 7047     		bx	lr
  79              	.L7:
  80 002a 6FF30903 		bfc	r3, #0, #10
  81 002e 8365     		str	r3, [r0, #88]
  82 0030 F7E7     		b	.L8
  83              	.L11:
  84 0032 00BF     		.align	2
  85              	.L10:
  86 0034 ABAAAAAA 		.word	-1431655765
  87 0038 00000000 		.word	flagBitshiftOffset.0
  89              		.section	.text.DMA_CheckFifoParam,"ax",%progbits
  90              		.align	1
  91              		.syntax unified
  92              		.thumb
  93              		.thumb_func
  95              	DMA_CheckFifoParam:
  96              		@ args = 0, pretend = 0, frame = 0
  97              		@ frame_needed = 0, uses_anonymous_args = 0
  98              		@ link register save eliminated.
  99 0000 836A     		ldr	r3, [r0, #40]
 100 0002 8269     		ldr	r2, [r0, #24]
 101 0004 92B9     		cbnz	r2, .L13
 102 0006 012B     		cmp	r3, #1
 103 0008 0AD0     		beq	.L14
 104 000a 022B     		cmp	r3, #2
 105 000c 02D0     		beq	.L15
 106 000e 0BB1     		cbz	r3, .L15
 107 0010 0020     		movs	r0, #0
 108 0012 7047     		bx	lr
 109              	.L15:
 110 0014 C36A     		ldr	r3, [r0, #44]
 111 0016 13F0807F 		tst	r3, #16777216
 112 001a 28D1     		bne	.L23
 113 001c 0020     		movs	r0, #0
 114 001e 7047     		bx	lr
 115              	.L14:
 116 0020 C36A     		ldr	r3, [r0, #44]
 117 0022 B3F1C07F 		cmp	r3, #25165824
 118 0026 24D0     		beq	.L24
 119 0028 0020     		movs	r0, #0
ARM GAS  /var/folders/0f/x4_g94q9649fs6s33cksjfb00000gn/T//cc3jon6f.s 			page 3


 120 002a 7047     		bx	lr
 121              	.L13:
 122 002c B2F5005F 		cmp	r2, #8192
 123 0030 09D0     		beq	.L31
 124 0032 022B     		cmp	r3, #2
 125 0034 25D9     		bls	.L28
 126 0036 032B     		cmp	r3, #3
 127 0038 25D1     		bne	.L29
 128 003a C36A     		ldr	r3, [r0, #44]
 129 003c 13F0807F 		tst	r3, #16777216
 130 0040 23D1     		bne	.L30
 131 0042 0020     		movs	r0, #0
 132 0044 7047     		bx	lr
 133              	.L31:
 134 0046 032B     		cmp	r3, #3
 135 0048 03D8     		bhi	.L18
 136 004a DFE803F0 		tbb	[pc, r3]
 137              	.L20:
 138 004e 14       		.byte	(.L25-.L20)/2
 139 004f 04       		.byte	(.L21-.L20)/2
 140 0050 14       		.byte	(.L25-.L20)/2
 141 0051 0A       		.byte	(.L19-.L20)/2
 142              		.p2align 1
 143              	.L18:
 144 0052 0020     		movs	r0, #0
 145 0054 7047     		bx	lr
 146              	.L21:
 147 0056 C36A     		ldr	r3, [r0, #44]
 148 0058 13F0807F 		tst	r3, #16777216
 149 005c 0DD1     		bne	.L26
 150 005e 0020     		movs	r0, #0
 151 0060 7047     		bx	lr
 152              	.L19:
 153 0062 C36A     		ldr	r3, [r0, #44]
 154 0064 B3F1C07F 		cmp	r3, #25165824
 155 0068 09D0     		beq	.L27
 156 006a 0020     		movs	r0, #0
 157 006c 7047     		bx	lr
 158              	.L23:
 159 006e 0120     		movs	r0, #1
 160 0070 7047     		bx	lr
 161              	.L24:
 162 0072 0120     		movs	r0, #1
 163 0074 7047     		bx	lr
 164              	.L25:
 165 0076 0120     		movs	r0, #1
 166 0078 7047     		bx	lr
 167              	.L26:
 168 007a 0120     		movs	r0, #1
 169 007c 7047     		bx	lr
 170              	.L27:
 171 007e 0120     		movs	r0, #1
 172 0080 7047     		bx	lr
 173              	.L28:
 174 0082 0120     		movs	r0, #1
 175 0084 7047     		bx	lr
 176              	.L29:
ARM GAS  /var/folders/0f/x4_g94q9649fs6s33cksjfb00000gn/T//cc3jon6f.s 			page 4


 177 0086 0020     		movs	r0, #0
 178 0088 7047     		bx	lr
 179              	.L30:
 180 008a 0120     		movs	r0, #1
 181 008c 7047     		bx	lr
 183              		.section	.text.HAL_DMA_Init,"ax",%progbits
 184              		.align	1
 185              		.global	HAL_DMA_Init
 186              		.syntax unified
 187              		.thumb
 188              		.thumb_func
 190              	HAL_DMA_Init:
 191              		@ args = 0, pretend = 0, frame = 0
 192              		@ frame_needed = 0, uses_anonymous_args = 0
 193 0000 70B5     		push	{r4, r5, r6, lr}
 194 0002 0446     		mov	r4, r0
 195 0004 FFF7FEFF 		bl	HAL_GetTick
 196 0008 002C     		cmp	r4, #0
 197 000a 5CD0     		beq	.L38
 198 000c 0546     		mov	r5, r0
 199 000e 0223     		movs	r3, #2
 200 0010 84F83530 		strb	r3, [r4, #53]
 201 0014 0023     		movs	r3, #0
 202 0016 84F83430 		strb	r3, [r4, #52]
 203 001a 2268     		ldr	r2, [r4]
 204 001c 1368     		ldr	r3, [r2]
 205 001e 23F00103 		bic	r3, r3, #1
 206 0022 1360     		str	r3, [r2]
 207              	.L34:
 208 0024 2368     		ldr	r3, [r4]
 209 0026 1A68     		ldr	r2, [r3]
 210 0028 12F0010F 		tst	r2, #1
 211 002c 0AD0     		beq	.L40
 212 002e FFF7FEFF 		bl	HAL_GetTick
 213 0032 431B     		subs	r3, r0, r5
 214 0034 052B     		cmp	r3, #5
 215 0036 F5D9     		bls	.L34
 216 0038 2023     		movs	r3, #32
 217 003a 6365     		str	r3, [r4, #84]
 218 003c 0320     		movs	r0, #3
 219 003e 84F83500 		strb	r0, [r4, #53]
 220              	.L33:
 221 0042 70BD     		pop	{r4, r5, r6, pc}
 222              	.L40:
 223 0044 1A68     		ldr	r2, [r3]
 224 0046 2149     		ldr	r1, .L43
 225 0048 1140     		ands	r1, r1, r2
 226 004a 6268     		ldr	r2, [r4, #4]
 227 004c A068     		ldr	r0, [r4, #8]
 228 004e 0243     		orrs	r2, r2, r0
 229 0050 E068     		ldr	r0, [r4, #12]
 230 0052 0243     		orrs	r2, r2, r0
 231 0054 2069     		ldr	r0, [r4, #16]
 232 0056 0243     		orrs	r2, r2, r0
 233 0058 6069     		ldr	r0, [r4, #20]
 234 005a 0243     		orrs	r2, r2, r0
 235 005c A069     		ldr	r0, [r4, #24]
ARM GAS  /var/folders/0f/x4_g94q9649fs6s33cksjfb00000gn/T//cc3jon6f.s 			page 5


 236 005e 0243     		orrs	r2, r2, r0
 237 0060 E069     		ldr	r0, [r4, #28]
 238 0062 0243     		orrs	r2, r2, r0
 239 0064 206A     		ldr	r0, [r4, #32]
 240 0066 0243     		orrs	r2, r2, r0
 241 0068 0A43     		orrs	r2, r2, r1
 242 006a 616A     		ldr	r1, [r4, #36]
 243 006c 0429     		cmp	r1, #4
 244 006e 1ED0     		beq	.L41
 245              	.L36:
 246 0070 1A60     		str	r2, [r3]
 247 0072 2668     		ldr	r6, [r4]
 248 0074 7569     		ldr	r5, [r6, #20]
 249 0076 25F00705 		bic	r5, r5, #7
 250 007a 636A     		ldr	r3, [r4, #36]
 251 007c 1D43     		orrs	r5, r5, r3
 252 007e 042B     		cmp	r3, #4
 253 0080 07D1     		bne	.L37
 254 0082 A36A     		ldr	r3, [r4, #40]
 255 0084 1D43     		orrs	r5, r5, r3
 256 0086 E36A     		ldr	r3, [r4, #44]
 257 0088 1BB1     		cbz	r3, .L37
 258 008a 2046     		mov	r0, r4
 259 008c FFF7FEFF 		bl	DMA_CheckFifoParam
 260 0090 90B9     		cbnz	r0, .L42
 261              	.L37:
 262 0092 7561     		str	r5, [r6, #20]
 263 0094 2046     		mov	r0, r4
 264 0096 FFF7FEFF 		bl	DMA_CalcBaseAndBitshift
 265 009a E26D     		ldr	r2, [r4, #92]
 266 009c 3F23     		movs	r3, #63
 267 009e 9340     		lsls	r3, r3, r2
 268 00a0 8360     		str	r3, [r0, #8]
 269 00a2 0020     		movs	r0, #0
 270 00a4 6065     		str	r0, [r4, #84]
 271 00a6 0123     		movs	r3, #1
 272 00a8 84F83530 		strb	r3, [r4, #53]
 273 00ac C9E7     		b	.L33
 274              	.L41:
 275 00ae E16A     		ldr	r1, [r4, #44]
 276 00b0 206B     		ldr	r0, [r4, #48]
 277 00b2 0143     		orrs	r1, r1, r0
 278 00b4 0A43     		orrs	r2, r2, r1
 279 00b6 DBE7     		b	.L36
 280              	.L42:
 281 00b8 4023     		movs	r3, #64
 282 00ba 6365     		str	r3, [r4, #84]
 283 00bc 0023     		movs	r3, #0
 284 00be 84F83530 		strb	r3, [r4, #53]
 285 00c2 0120     		movs	r0, #1
 286 00c4 BDE7     		b	.L33
 287              	.L38:
 288 00c6 0120     		movs	r0, #1
 289 00c8 BBE7     		b	.L33
 290              	.L44:
 291 00ca 00BF     		.align	2
 292              	.L43:
ARM GAS  /var/folders/0f/x4_g94q9649fs6s33cksjfb00000gn/T//cc3jon6f.s 			page 6


 293 00cc 3F8010E0 		.word	-535789505
 295              		.section	.text.HAL_DMA_DeInit,"ax",%progbits
 296              		.align	1
 297              		.global	HAL_DMA_DeInit
 298              		.syntax unified
 299              		.thumb
 300              		.thumb_func
 302              	HAL_DMA_DeInit:
 303              		@ args = 0, pretend = 0, frame = 0
 304              		@ frame_needed = 0, uses_anonymous_args = 0
 305 0000 0028     		cmp	r0, #0
 306 0002 2DD0     		beq	.L47
 307 0004 38B5     		push	{r3, r4, r5, lr}
 308 0006 0446     		mov	r4, r0
 309 0008 90F83530 		ldrb	r3, [r0, #53]	@ zero_extendqisi2
 310 000c D8B2     		uxtb	r0, r3
 311 000e 022B     		cmp	r3, #2
 312 0010 25D0     		beq	.L46
 313 0012 2268     		ldr	r2, [r4]
 314 0014 1368     		ldr	r3, [r2]
 315 0016 23F00103 		bic	r3, r3, #1
 316 001a 1360     		str	r3, [r2]
 317 001c 2368     		ldr	r3, [r4]
 318 001e 0025     		movs	r5, #0
 319 0020 1D60     		str	r5, [r3]
 320 0022 2368     		ldr	r3, [r4]
 321 0024 5D60     		str	r5, [r3, #4]
 322 0026 2368     		ldr	r3, [r4]
 323 0028 9D60     		str	r5, [r3, #8]
 324 002a 2368     		ldr	r3, [r4]
 325 002c DD60     		str	r5, [r3, #12]
 326 002e 2368     		ldr	r3, [r4]
 327 0030 1D61     		str	r5, [r3, #16]
 328 0032 2368     		ldr	r3, [r4]
 329 0034 2122     		movs	r2, #33
 330 0036 5A61     		str	r2, [r3, #20]
 331 0038 2046     		mov	r0, r4
 332 003a FFF7FEFF 		bl	DMA_CalcBaseAndBitshift
 333 003e E26D     		ldr	r2, [r4, #92]
 334 0040 3F23     		movs	r3, #63
 335 0042 9340     		lsls	r3, r3, r2
 336 0044 8360     		str	r3, [r0, #8]
 337 0046 E563     		str	r5, [r4, #60]
 338 0048 2564     		str	r5, [r4, #64]
 339 004a 6564     		str	r5, [r4, #68]
 340 004c A564     		str	r5, [r4, #72]
 341 004e E564     		str	r5, [r4, #76]
 342 0050 2565     		str	r5, [r4, #80]
 343 0052 6565     		str	r5, [r4, #84]
 344 0054 84F83550 		strb	r5, [r4, #53]
 345 0058 84F83450 		strb	r5, [r4, #52]
 346 005c 2846     		mov	r0, r5
 347              	.L46:
 348 005e 38BD     		pop	{r3, r4, r5, pc}
 349              	.L47:
 350 0060 0120     		movs	r0, #1
 351 0062 7047     		bx	lr
ARM GAS  /var/folders/0f/x4_g94q9649fs6s33cksjfb00000gn/T//cc3jon6f.s 			page 7


 353              		.section	.text.HAL_DMA_Start,"ax",%progbits
 354              		.align	1
 355              		.global	HAL_DMA_Start
 356              		.syntax unified
 357              		.thumb
 358              		.thumb_func
 360              	HAL_DMA_Start:
 361              		@ args = 0, pretend = 0, frame = 0
 362              		@ frame_needed = 0, uses_anonymous_args = 0
 363 0000 38B5     		push	{r3, r4, r5, lr}
 364 0002 0446     		mov	r4, r0
 365 0004 90F83400 		ldrb	r0, [r0, #52]	@ zero_extendqisi2
 366 0008 0128     		cmp	r0, #1
 367 000a 1AD0     		beq	.L55
 368 000c 0120     		movs	r0, #1
 369 000e 84F83400 		strb	r0, [r4, #52]
 370 0012 94F83500 		ldrb	r0, [r4, #53]	@ zero_extendqisi2
 371 0016 0128     		cmp	r0, #1
 372 0018 04D0     		beq	.L57
 373 001a 0023     		movs	r3, #0
 374 001c 84F83430 		strb	r3, [r4, #52]
 375 0020 0220     		movs	r0, #2
 376              	.L53:
 377 0022 38BD     		pop	{r3, r4, r5, pc}
 378              	.L57:
 379 0024 0220     		movs	r0, #2
 380 0026 84F83500 		strb	r0, [r4, #53]
 381 002a 0025     		movs	r5, #0
 382 002c 6565     		str	r5, [r4, #84]
 383 002e 2046     		mov	r0, r4
 384 0030 FFF7FEFF 		bl	DMA_SetConfig
 385 0034 2268     		ldr	r2, [r4]
 386 0036 1368     		ldr	r3, [r2]
 387 0038 43F00103 		orr	r3, r3, #1
 388 003c 1360     		str	r3, [r2]
 389 003e 2846     		mov	r0, r5
 390 0040 EFE7     		b	.L53
 391              	.L55:
 392 0042 0220     		movs	r0, #2
 393 0044 EDE7     		b	.L53
 395              		.section	.text.HAL_DMA_Start_IT,"ax",%progbits
 396              		.align	1
 397              		.global	HAL_DMA_Start_IT
 398              		.syntax unified
 399              		.thumb
 400              		.thumb_func
 402              	HAL_DMA_Start_IT:
 403              		@ args = 0, pretend = 0, frame = 0
 404              		@ frame_needed = 0, uses_anonymous_args = 0
 405 0000 38B5     		push	{r3, r4, r5, lr}
 406 0002 0446     		mov	r4, r0
 407 0004 856D     		ldr	r5, [r0, #88]
 408 0006 90F83400 		ldrb	r0, [r0, #52]	@ zero_extendqisi2
 409 000a 0128     		cmp	r0, #1
 410 000c 2FD0     		beq	.L62
 411 000e 0120     		movs	r0, #1
 412 0010 84F83400 		strb	r0, [r4, #52]
ARM GAS  /var/folders/0f/x4_g94q9649fs6s33cksjfb00000gn/T//cc3jon6f.s 			page 8


 413 0014 94F83500 		ldrb	r0, [r4, #53]	@ zero_extendqisi2
 414 0018 0128     		cmp	r0, #1
 415 001a 04D0     		beq	.L64
 416 001c 0023     		movs	r3, #0
 417 001e 84F83430 		strb	r3, [r4, #52]
 418 0022 0220     		movs	r0, #2
 419              	.L59:
 420 0024 38BD     		pop	{r3, r4, r5, pc}
 421              	.L64:
 422 0026 0220     		movs	r0, #2
 423 0028 84F83500 		strb	r0, [r4, #53]
 424 002c 0020     		movs	r0, #0
 425 002e 6065     		str	r0, [r4, #84]
 426 0030 2046     		mov	r0, r4
 427 0032 FFF7FEFF 		bl	DMA_SetConfig
 428 0036 E26D     		ldr	r2, [r4, #92]
 429 0038 3F23     		movs	r3, #63
 430 003a 9340     		lsls	r3, r3, r2
 431 003c AB60     		str	r3, [r5, #8]
 432 003e 2268     		ldr	r2, [r4]
 433 0040 1368     		ldr	r3, [r2]
 434 0042 43F01603 		orr	r3, r3, #22
 435 0046 1360     		str	r3, [r2]
 436 0048 2268     		ldr	r2, [r4]
 437 004a 5369     		ldr	r3, [r2, #20]
 438 004c 43F08003 		orr	r3, r3, #128
 439 0050 5361     		str	r3, [r2, #20]
 440 0052 236C     		ldr	r3, [r4, #64]
 441 0054 23B1     		cbz	r3, .L61
 442 0056 2268     		ldr	r2, [r4]
 443 0058 1368     		ldr	r3, [r2]
 444 005a 43F00803 		orr	r3, r3, #8
 445 005e 1360     		str	r3, [r2]
 446              	.L61:
 447 0060 2268     		ldr	r2, [r4]
 448 0062 1368     		ldr	r3, [r2]
 449 0064 43F00103 		orr	r3, r3, #1
 450 0068 1360     		str	r3, [r2]
 451 006a 0020     		movs	r0, #0
 452 006c DAE7     		b	.L59
 453              	.L62:
 454 006e 0220     		movs	r0, #2
 455 0070 D8E7     		b	.L59
 457              		.section	.text.HAL_DMA_Abort,"ax",%progbits
 458              		.align	1
 459              		.global	HAL_DMA_Abort
 460              		.syntax unified
 461              		.thumb
 462              		.thumb_func
 464              	HAL_DMA_Abort:
 465              		@ args = 0, pretend = 0, frame = 0
 466              		@ frame_needed = 0, uses_anonymous_args = 0
 467 0000 70B5     		push	{r4, r5, r6, lr}
 468 0002 0446     		mov	r4, r0
 469 0004 866D     		ldr	r6, [r0, #88]
 470 0006 FFF7FEFF 		bl	HAL_GetTick
 471 000a 94F83530 		ldrb	r3, [r4, #53]	@ zero_extendqisi2
ARM GAS  /var/folders/0f/x4_g94q9649fs6s33cksjfb00000gn/T//cc3jon6f.s 			page 9


 472 000e 022B     		cmp	r3, #2
 473 0010 06D0     		beq	.L66
 474 0012 8023     		movs	r3, #128
 475 0014 6365     		str	r3, [r4, #84]
 476 0016 0023     		movs	r3, #0
 477 0018 84F83430 		strb	r3, [r4, #52]
 478 001c 0120     		movs	r0, #1
 479              	.L67:
 480 001e 70BD     		pop	{r4, r5, r6, pc}
 481              	.L66:
 482 0020 0546     		mov	r5, r0
 483 0022 2268     		ldr	r2, [r4]
 484 0024 1368     		ldr	r3, [r2]
 485 0026 23F01603 		bic	r3, r3, #22
 486 002a 1360     		str	r3, [r2]
 487 002c 2268     		ldr	r2, [r4]
 488 002e 5369     		ldr	r3, [r2, #20]
 489 0030 23F08003 		bic	r3, r3, #128
 490 0034 5361     		str	r3, [r2, #20]
 491 0036 236C     		ldr	r3, [r4, #64]
 492 0038 E3B1     		cbz	r3, .L73
 493              	.L68:
 494 003a 2268     		ldr	r2, [r4]
 495 003c 1368     		ldr	r3, [r2]
 496 003e 23F00803 		bic	r3, r3, #8
 497 0042 1360     		str	r3, [r2]
 498              	.L69:
 499 0044 2268     		ldr	r2, [r4]
 500 0046 1368     		ldr	r3, [r2]
 501 0048 23F00103 		bic	r3, r3, #1
 502 004c 1360     		str	r3, [r2]
 503              	.L70:
 504 004e 2368     		ldr	r3, [r4]
 505 0050 1B68     		ldr	r3, [r3]
 506 0052 13F0010F 		tst	r3, #1
 507 0056 11D0     		beq	.L74
 508 0058 FFF7FEFF 		bl	HAL_GetTick
 509 005c 431B     		subs	r3, r0, r5
 510 005e 052B     		cmp	r3, #5
 511 0060 F5D9     		bls	.L70
 512 0062 2023     		movs	r3, #32
 513 0064 6365     		str	r3, [r4, #84]
 514 0066 0320     		movs	r0, #3
 515 0068 84F83500 		strb	r0, [r4, #53]
 516 006c 0023     		movs	r3, #0
 517 006e 84F83430 		strb	r3, [r4, #52]
 518 0072 D4E7     		b	.L67
 519              	.L73:
 520 0074 A36C     		ldr	r3, [r4, #72]
 521 0076 002B     		cmp	r3, #0
 522 0078 DFD1     		bne	.L68
 523 007a E3E7     		b	.L69
 524              	.L74:
 525 007c E26D     		ldr	r2, [r4, #92]
 526 007e 3F23     		movs	r3, #63
 527 0080 9340     		lsls	r3, r3, r2
 528 0082 B360     		str	r3, [r6, #8]
ARM GAS  /var/folders/0f/x4_g94q9649fs6s33cksjfb00000gn/T//cc3jon6f.s 			page 10


 529 0084 0123     		movs	r3, #1
 530 0086 84F83530 		strb	r3, [r4, #53]
 531 008a 0020     		movs	r0, #0
 532 008c 84F83400 		strb	r0, [r4, #52]
 533 0090 C5E7     		b	.L67
 535              		.section	.text.HAL_DMA_Abort_IT,"ax",%progbits
 536              		.align	1
 537              		.global	HAL_DMA_Abort_IT
 538              		.syntax unified
 539              		.thumb
 540              		.thumb_func
 542              	HAL_DMA_Abort_IT:
 543              		@ args = 0, pretend = 0, frame = 0
 544              		@ frame_needed = 0, uses_anonymous_args = 0
 545              		@ link register save eliminated.
 546 0000 90F83530 		ldrb	r3, [r0, #53]	@ zero_extendqisi2
 547 0004 022B     		cmp	r3, #2
 548 0006 03D0     		beq	.L76
 549 0008 8023     		movs	r3, #128
 550 000a 4365     		str	r3, [r0, #84]
 551 000c 0120     		movs	r0, #1
 552 000e 7047     		bx	lr
 553              	.L76:
 554 0010 0523     		movs	r3, #5
 555 0012 80F83530 		strb	r3, [r0, #53]
 556 0016 0268     		ldr	r2, [r0]
 557 0018 1368     		ldr	r3, [r2]
 558 001a 23F00103 		bic	r3, r3, #1
 559 001e 1360     		str	r3, [r2]
 560 0020 0020     		movs	r0, #0
 561 0022 7047     		bx	lr
 563              		.section	.text.HAL_DMA_PollForTransfer,"ax",%progbits
 564              		.align	1
 565              		.global	HAL_DMA_PollForTransfer
 566              		.syntax unified
 567              		.thumb
 568              		.thumb_func
 570              	HAL_DMA_PollForTransfer:
 571              		@ args = 0, pretend = 0, frame = 0
 572              		@ frame_needed = 0, uses_anonymous_args = 0
 573 0000 2DE9F047 		push	{r4, r5, r6, r7, r8, r9, r10, lr}
 574 0004 0446     		mov	r4, r0
 575 0006 8846     		mov	r8, r1
 576 0008 1646     		mov	r6, r2
 577 000a FFF7FEFF 		bl	HAL_GetTick
 578 000e 94F83530 		ldrb	r3, [r4, #53]	@ zero_extendqisi2
 579 0012 022B     		cmp	r3, #2
 580 0014 07D0     		beq	.L79
 581 0016 8023     		movs	r3, #128
 582 0018 6365     		str	r3, [r4, #84]
 583 001a 0023     		movs	r3, #0
 584 001c 84F83430 		strb	r3, [r4, #52]
 585 0020 0120     		movs	r0, #1
 586              	.L80:
 587 0022 BDE8F087 		pop	{r4, r5, r6, r7, r8, r9, r10, pc}
 588              	.L79:
 589 0026 8146     		mov	r9, r0
ARM GAS  /var/folders/0f/x4_g94q9649fs6s33cksjfb00000gn/T//cc3jon6f.s 			page 11


 590 0028 2368     		ldr	r3, [r4]
 591 002a 1B68     		ldr	r3, [r3]
 592 002c 13F4807F 		tst	r3, #256
 593 0030 3BD1     		bne	.L95
 594 0032 B8F1000F 		cmp	r8, #0
 595 0036 3DD1     		bne	.L82
 596 0038 E36D     		ldr	r3, [r4, #92]
 597 003a 4FF0200A 		mov	r10, #32
 598 003e 0AFA03FA 		lsl	r10, r10, r3
 599              	.L83:
 600 0042 A76D     		ldr	r7, [r4, #88]
 601 0044 3B68     		ldr	r3, [r7]
 602              	.L84:
 603 0046 1AEA030F 		tst	r10, r3
 604 004a 43D1     		bne	.L90
 605 004c 636D     		ldr	r3, [r4, #84]
 606 004e 13F0010F 		tst	r3, #1
 607 0052 3FD1     		bne	.L90
 608 0054 B6F1FF3F 		cmp	r6, #-1
 609 0058 07D0     		beq	.L85
 610 005a 002E     		cmp	r6, #0
 611 005c 30D0     		beq	.L86
 612 005e FFF7FEFF 		bl	HAL_GetTick
 613 0062 A0EB0900 		sub	r0, r0, r9
 614 0066 B042     		cmp	r0, r6
 615 0068 2AD8     		bhi	.L86
 616              	.L85:
 617 006a 3B68     		ldr	r3, [r7]
 618 006c E16D     		ldr	r1, [r4, #92]
 619 006e 0822     		movs	r2, #8
 620 0070 8A40     		lsls	r2, r2, r1
 621 0072 1A42     		tst	r2, r3
 622 0074 04D0     		beq	.L87
 623 0076 616D     		ldr	r1, [r4, #84]
 624 0078 41F00101 		orr	r1, r1, #1
 625 007c 6165     		str	r1, [r4, #84]
 626 007e BA60     		str	r2, [r7, #8]
 627              	.L87:
 628 0080 E16D     		ldr	r1, [r4, #92]
 629 0082 0122     		movs	r2, #1
 630 0084 8A40     		lsls	r2, r2, r1
 631 0086 1A42     		tst	r2, r3
 632 0088 04D0     		beq	.L88
 633 008a 616D     		ldr	r1, [r4, #84]
 634 008c 41F00201 		orr	r1, r1, #2
 635 0090 6165     		str	r1, [r4, #84]
 636 0092 BA60     		str	r2, [r7, #8]
 637              	.L88:
 638 0094 E26D     		ldr	r2, [r4, #92]
 639 0096 0425     		movs	r5, #4
 640 0098 9540     		lsls	r5, r5, r2
 641 009a 1D42     		tst	r5, r3
 642 009c D3D0     		beq	.L84
 643 009e 626D     		ldr	r2, [r4, #84]
 644 00a0 42F00402 		orr	r2, r2, #4
 645 00a4 6265     		str	r2, [r4, #84]
 646 00a6 BD60     		str	r5, [r7, #8]
ARM GAS  /var/folders/0f/x4_g94q9649fs6s33cksjfb00000gn/T//cc3jon6f.s 			page 12


 647 00a8 CDE7     		b	.L84
 648              	.L95:
 649 00aa 4FF48073 		mov	r3, #256
 650 00ae 6365     		str	r3, [r4, #84]
 651 00b0 0120     		movs	r0, #1
 652 00b2 B6E7     		b	.L80
 653              	.L82:
 654 00b4 E36D     		ldr	r3, [r4, #92]
 655 00b6 4FF0100A 		mov	r10, #16
 656 00ba 0AFA03FA 		lsl	r10, r10, r3
 657 00be C0E7     		b	.L83
 658              	.L86:
 659 00c0 2023     		movs	r3, #32
 660 00c2 6365     		str	r3, [r4, #84]
 661 00c4 0123     		movs	r3, #1
 662 00c6 84F83530 		strb	r3, [r4, #53]
 663 00ca 0023     		movs	r3, #0
 664 00cc 84F83430 		strb	r3, [r4, #52]
 665 00d0 0320     		movs	r0, #3
 666 00d2 A6E7     		b	.L80
 667              	.L90:
 668 00d4 636D     		ldr	r3, [r4, #84]
 669 00d6 1BB1     		cbz	r3, .L92
 670 00d8 636D     		ldr	r3, [r4, #84]
 671 00da 13F0010F 		tst	r3, #1
 672 00de 0ED1     		bne	.L96
 673              	.L92:
 674 00e0 B8F1000F 		cmp	r8, #0
 675 00e4 19D1     		bne	.L93
 676 00e6 E26D     		ldr	r2, [r4, #92]
 677 00e8 3023     		movs	r3, #48
 678 00ea 9340     		lsls	r3, r3, r2
 679 00ec BB60     		str	r3, [r7, #8]
 680 00ee 0123     		movs	r3, #1
 681 00f0 84F83530 		strb	r3, [r4, #53]
 682 00f4 0023     		movs	r3, #0
 683 00f6 84F83430 		strb	r3, [r4, #52]
 684 00fa 4046     		mov	r0, r8
 685 00fc 91E7     		b	.L80
 686              	.L96:
 687 00fe 2046     		mov	r0, r4
 688 0100 FFF7FEFF 		bl	HAL_DMA_Abort
 689 0104 E26D     		ldr	r2, [r4, #92]
 690 0106 3023     		movs	r3, #48
 691 0108 9340     		lsls	r3, r3, r2
 692 010a BB60     		str	r3, [r7, #8]
 693 010c 0120     		movs	r0, #1
 694 010e 84F83500 		strb	r0, [r4, #53]
 695 0112 0023     		movs	r3, #0
 696 0114 84F83430 		strb	r3, [r4, #52]
 697 0118 83E7     		b	.L80
 698              	.L93:
 699 011a E26D     		ldr	r2, [r4, #92]
 700 011c 1023     		movs	r3, #16
 701 011e 9340     		lsls	r3, r3, r2
 702 0120 BB60     		str	r3, [r7, #8]
 703 0122 0020     		movs	r0, #0
ARM GAS  /var/folders/0f/x4_g94q9649fs6s33cksjfb00000gn/T//cc3jon6f.s 			page 13


 704 0124 7DE7     		b	.L80
 706              		.section	.text.HAL_DMA_IRQHandler,"ax",%progbits
 707              		.align	1
 708              		.global	HAL_DMA_IRQHandler
 709              		.syntax unified
 710              		.thumb
 711              		.thumb_func
 713              	HAL_DMA_IRQHandler:
 714              		@ args = 0, pretend = 0, frame = 8
 715              		@ frame_needed = 0, uses_anonymous_args = 0
 716 0000 F0B5     		push	{r4, r5, r6, r7, lr}
 717 0002 83B0     		sub	sp, sp, #12
 718 0004 0446     		mov	r4, r0
 719 0006 0023     		movs	r3, #0
 720 0008 0193     		str	r3, [sp, #4]
 721 000a 724B     		ldr	r3, .L120
 722 000c 1D68     		ldr	r5, [r3]
 723 000e 724B     		ldr	r3, .L120+4
 724 0010 A3FB0535 		umull	r3, r5, r3, r5
 725 0014 AD0A     		lsrs	r5, r5, #10
 726 0016 876D     		ldr	r7, [r0, #88]
 727 0018 3E68     		ldr	r6, [r7]
 728 001a C26D     		ldr	r2, [r0, #92]
 729 001c 0823     		movs	r3, #8
 730 001e 9340     		lsls	r3, r3, r2
 731 0020 3342     		tst	r3, r6
 732 0022 10D0     		beq	.L98
 733 0024 0368     		ldr	r3, [r0]
 734 0026 1A68     		ldr	r2, [r3]
 735 0028 12F0040F 		tst	r2, #4
 736 002c 0BD0     		beq	.L98
 737 002e 1A68     		ldr	r2, [r3]
 738 0030 22F00402 		bic	r2, r2, #4
 739 0034 1A60     		str	r2, [r3]
 740 0036 C26D     		ldr	r2, [r0, #92]
 741 0038 0823     		movs	r3, #8
 742 003a 9340     		lsls	r3, r3, r2
 743 003c BB60     		str	r3, [r7, #8]
 744 003e 436D     		ldr	r3, [r0, #84]
 745 0040 43F00103 		orr	r3, r3, #1
 746 0044 4365     		str	r3, [r0, #84]
 747              	.L98:
 748 0046 E26D     		ldr	r2, [r4, #92]
 749 0048 0123     		movs	r3, #1
 750 004a 9340     		lsls	r3, r3, r2
 751 004c 3342     		tst	r3, r6
 752 004e 09D0     		beq	.L99
 753 0050 2268     		ldr	r2, [r4]
 754 0052 5269     		ldr	r2, [r2, #20]
 755 0054 12F0800F 		tst	r2, #128
 756 0058 04D0     		beq	.L99
 757 005a BB60     		str	r3, [r7, #8]
 758 005c 636D     		ldr	r3, [r4, #84]
 759 005e 43F00203 		orr	r3, r3, #2
 760 0062 6365     		str	r3, [r4, #84]
 761              	.L99:
 762 0064 E26D     		ldr	r2, [r4, #92]
ARM GAS  /var/folders/0f/x4_g94q9649fs6s33cksjfb00000gn/T//cc3jon6f.s 			page 14


 763 0066 0423     		movs	r3, #4
 764 0068 9340     		lsls	r3, r3, r2
 765 006a 3342     		tst	r3, r6
 766 006c 09D0     		beq	.L100
 767 006e 2268     		ldr	r2, [r4]
 768 0070 1268     		ldr	r2, [r2]
 769 0072 12F0020F 		tst	r2, #2
 770 0076 04D0     		beq	.L100
 771 0078 BB60     		str	r3, [r7, #8]
 772 007a 636D     		ldr	r3, [r4, #84]
 773 007c 43F00403 		orr	r3, r3, #4
 774 0080 6365     		str	r3, [r4, #84]
 775              	.L100:
 776 0082 E26D     		ldr	r2, [r4, #92]
 777 0084 1023     		movs	r3, #16
 778 0086 9340     		lsls	r3, r3, r2
 779 0088 3342     		tst	r3, r6
 780 008a 24D0     		beq	.L101
 781 008c 2268     		ldr	r2, [r4]
 782 008e 1268     		ldr	r2, [r2]
 783 0090 12F0080F 		tst	r2, #8
 784 0094 1FD0     		beq	.L101
 785 0096 BB60     		str	r3, [r7, #8]
 786 0098 2368     		ldr	r3, [r4]
 787 009a 1A68     		ldr	r2, [r3]
 788 009c 12F4802F 		tst	r2, #262144
 789 00a0 0DD0     		beq	.L102
 790 00a2 1B68     		ldr	r3, [r3]
 791 00a4 13F4002F 		tst	r3, #524288
 792 00a8 04D1     		bne	.L103
 793 00aa 236C     		ldr	r3, [r4, #64]
 794 00ac 9BB1     		cbz	r3, .L101
 795 00ae 2046     		mov	r0, r4
 796 00b0 9847     		blx	r3
 797 00b2 10E0     		b	.L101
 798              	.L103:
 799 00b4 A36C     		ldr	r3, [r4, #72]
 800 00b6 73B1     		cbz	r3, .L101
 801 00b8 2046     		mov	r0, r4
 802 00ba 9847     		blx	r3
 803 00bc 0BE0     		b	.L101
 804              	.L102:
 805 00be 1A68     		ldr	r2, [r3]
 806 00c0 12F4807F 		tst	r2, #256
 807 00c4 03D1     		bne	.L104
 808 00c6 1A68     		ldr	r2, [r3]
 809 00c8 22F00802 		bic	r2, r2, #8
 810 00cc 1A60     		str	r2, [r3]
 811              	.L104:
 812 00ce 236C     		ldr	r3, [r4, #64]
 813 00d0 0BB1     		cbz	r3, .L101
 814 00d2 2046     		mov	r0, r4
 815 00d4 9847     		blx	r3
 816              	.L101:
 817 00d6 E26D     		ldr	r2, [r4, #92]
 818 00d8 2023     		movs	r3, #32
 819 00da 9340     		lsls	r3, r3, r2
ARM GAS  /var/folders/0f/x4_g94q9649fs6s33cksjfb00000gn/T//cc3jon6f.s 			page 15


 820 00dc 3342     		tst	r3, r6
 821 00de 54D0     		beq	.L105
 822 00e0 2268     		ldr	r2, [r4]
 823 00e2 1268     		ldr	r2, [r2]
 824 00e4 12F0100F 		tst	r2, #16
 825 00e8 4FD0     		beq	.L105
 826 00ea BB60     		str	r3, [r7, #8]
 827 00ec 94F83530 		ldrb	r3, [r4, #53]	@ zero_extendqisi2
 828 00f0 052B     		cmp	r3, #5
 829 00f2 0ED0     		beq	.L118
 830 00f4 2368     		ldr	r3, [r4]
 831 00f6 1A68     		ldr	r2, [r3]
 832 00f8 12F4802F 		tst	r2, #262144
 833 00fc 33D0     		beq	.L111
 834 00fe 1B68     		ldr	r3, [r3]
 835 0100 13F4002F 		tst	r3, #524288
 836 0104 2AD1     		bne	.L112
 837 0106 636C     		ldr	r3, [r4, #68]
 838 0108 002B     		cmp	r3, #0
 839 010a 3ED0     		beq	.L105
 840 010c 2046     		mov	r0, r4
 841 010e 9847     		blx	r3
 842 0110 3BE0     		b	.L105
 843              	.L118:
 844 0112 2268     		ldr	r2, [r4]
 845 0114 1368     		ldr	r3, [r2]
 846 0116 23F01603 		bic	r3, r3, #22
 847 011a 1360     		str	r3, [r2]
 848 011c 2268     		ldr	r2, [r4]
 849 011e 5369     		ldr	r3, [r2, #20]
 850 0120 23F08003 		bic	r3, r3, #128
 851 0124 5361     		str	r3, [r2, #20]
 852 0126 236C     		ldr	r3, [r4, #64]
 853 0128 A3B1     		cbz	r3, .L119
 854              	.L107:
 855 012a 2268     		ldr	r2, [r4]
 856 012c 1368     		ldr	r3, [r2]
 857 012e 23F00803 		bic	r3, r3, #8
 858 0132 1360     		str	r3, [r2]
 859              	.L108:
 860 0134 E26D     		ldr	r2, [r4, #92]
 861 0136 3F23     		movs	r3, #63
 862 0138 9340     		lsls	r3, r3, r2
 863 013a BB60     		str	r3, [r7, #8]
 864 013c 0123     		movs	r3, #1
 865 013e 84F83530 		strb	r3, [r4, #53]
 866 0142 0023     		movs	r3, #0
 867 0144 84F83430 		strb	r3, [r4, #52]
 868 0148 236D     		ldr	r3, [r4, #80]
 869 014a 002B     		cmp	r3, #0
 870 014c 3FD0     		beq	.L97
 871 014e 2046     		mov	r0, r4
 872 0150 9847     		blx	r3
 873 0152 3CE0     		b	.L97
 874              	.L119:
 875 0154 A36C     		ldr	r3, [r4, #72]
 876 0156 002B     		cmp	r3, #0
ARM GAS  /var/folders/0f/x4_g94q9649fs6s33cksjfb00000gn/T//cc3jon6f.s 			page 16


 877 0158 E7D1     		bne	.L107
 878 015a EBE7     		b	.L108
 879              	.L112:
 880 015c E36B     		ldr	r3, [r4, #60]
 881 015e A3B1     		cbz	r3, .L105
 882 0160 2046     		mov	r0, r4
 883 0162 9847     		blx	r3
 884 0164 11E0     		b	.L105
 885              	.L111:
 886 0166 1A68     		ldr	r2, [r3]
 887 0168 12F4807F 		tst	r2, #256
 888 016c 09D1     		bne	.L113
 889 016e 1A68     		ldr	r2, [r3]
 890 0170 22F01002 		bic	r2, r2, #16
 891 0174 1A60     		str	r2, [r3]
 892 0176 0123     		movs	r3, #1
 893 0178 84F83530 		strb	r3, [r4, #53]
 894 017c 0023     		movs	r3, #0
 895 017e 84F83430 		strb	r3, [r4, #52]
 896              	.L113:
 897 0182 E36B     		ldr	r3, [r4, #60]
 898 0184 0BB1     		cbz	r3, .L105
 899 0186 2046     		mov	r0, r4
 900 0188 9847     		blx	r3
 901              	.L105:
 902 018a 636D     		ldr	r3, [r4, #84]
 903 018c FBB1     		cbz	r3, .L97
 904 018e 636D     		ldr	r3, [r4, #84]
 905 0190 13F0010F 		tst	r3, #1
 906 0194 17D0     		beq	.L114
 907 0196 0523     		movs	r3, #5
 908 0198 84F83530 		strb	r3, [r4, #53]
 909 019c 2268     		ldr	r2, [r4]
 910 019e 1368     		ldr	r3, [r2]
 911 01a0 23F00103 		bic	r3, r3, #1
 912 01a4 1360     		str	r3, [r2]
 913              	.L116:
 914 01a6 019B     		ldr	r3, [sp, #4]
 915 01a8 0133     		adds	r3, r3, #1
 916 01aa 0193     		str	r3, [sp, #4]
 917 01ac AB42     		cmp	r3, r5
 918 01ae 04D8     		bhi	.L115
 919 01b0 2368     		ldr	r3, [r4]
 920 01b2 1B68     		ldr	r3, [r3]
 921 01b4 13F0010F 		tst	r3, #1
 922 01b8 F5D1     		bne	.L116
 923              	.L115:
 924 01ba 0123     		movs	r3, #1
 925 01bc 84F83530 		strb	r3, [r4, #53]
 926 01c0 0023     		movs	r3, #0
 927 01c2 84F83430 		strb	r3, [r4, #52]
 928              	.L114:
 929 01c6 E36C     		ldr	r3, [r4, #76]
 930 01c8 0BB1     		cbz	r3, .L97
 931 01ca 2046     		mov	r0, r4
 932 01cc 9847     		blx	r3
 933              	.L97:
ARM GAS  /var/folders/0f/x4_g94q9649fs6s33cksjfb00000gn/T//cc3jon6f.s 			page 17


 934 01ce 03B0     		add	sp, sp, #12
 935              		@ sp needed
 936 01d0 F0BD     		pop	{r4, r5, r6, r7, pc}
 937              	.L121:
 938 01d2 00BF     		.align	2
 939              	.L120:
 940 01d4 00000000 		.word	SystemCoreClock
 941 01d8 B5814E1B 		.word	458129845
 943              		.section	.text.HAL_DMA_RegisterCallback,"ax",%progbits
 944              		.align	1
 945              		.global	HAL_DMA_RegisterCallback
 946              		.syntax unified
 947              		.thumb
 948              		.thumb_func
 950              	HAL_DMA_RegisterCallback:
 951              		@ args = 0, pretend = 0, frame = 0
 952              		@ frame_needed = 0, uses_anonymous_args = 0
 953              		@ link register save eliminated.
 954 0000 0346     		mov	r3, r0
 955 0002 90F83400 		ldrb	r0, [r0, #52]	@ zero_extendqisi2
 956 0006 0128     		cmp	r0, #1
 957 0008 27D0     		beq	.L132
 958 000a 0120     		movs	r0, #1
 959 000c 83F83400 		strb	r0, [r3, #52]
 960 0010 93F835C0 		ldrb	ip, [r3, #53]	@ zero_extendqisi2
 961 0014 5FFA8CF0 		uxtb	r0, ip
 962 0018 BCF1010F 		cmp	ip, #1
 963 001c 04D0     		beq	.L135
 964 001e 0120     		movs	r0, #1
 965              	.L124:
 966 0020 0022     		movs	r2, #0
 967 0022 83F83420 		strb	r2, [r3, #52]
 968 0026 7047     		bx	lr
 969              	.L135:
 970 0028 0529     		cmp	r1, #5
 971 002a F9D8     		bhi	.L124
 972 002c DFE801F0 		tbb	[pc, r1]
 973              	.L126:
 974 0030 03       		.byte	(.L131-.L126)/2
 975 0031 06       		.byte	(.L130-.L126)/2
 976 0032 09       		.byte	(.L129-.L126)/2
 977 0033 0C       		.byte	(.L128-.L126)/2
 978 0034 0F       		.byte	(.L127-.L126)/2
 979 0035 12       		.byte	(.L125-.L126)/2
 980              		.p2align 1
 981              	.L131:
 982 0036 DA63     		str	r2, [r3, #60]
 983 0038 0846     		mov	r0, r1
 984 003a F1E7     		b	.L124
 985              	.L130:
 986 003c 1A64     		str	r2, [r3, #64]
 987 003e 0020     		movs	r0, #0
 988 0040 EEE7     		b	.L124
 989              	.L129:
 990 0042 5A64     		str	r2, [r3, #68]
 991 0044 0020     		movs	r0, #0
 992 0046 EBE7     		b	.L124
ARM GAS  /var/folders/0f/x4_g94q9649fs6s33cksjfb00000gn/T//cc3jon6f.s 			page 18


 993              	.L128:
 994 0048 9A64     		str	r2, [r3, #72]
 995 004a 0020     		movs	r0, #0
 996 004c E8E7     		b	.L124
 997              	.L127:
 998 004e DA64     		str	r2, [r3, #76]
 999 0050 0020     		movs	r0, #0
 1000 0052 E5E7     		b	.L124
 1001              	.L125:
 1002 0054 1A65     		str	r2, [r3, #80]
 1003 0056 0020     		movs	r0, #0
 1004 0058 E2E7     		b	.L124
 1005              	.L132:
 1006 005a 0220     		movs	r0, #2
 1007 005c 7047     		bx	lr
 1009              		.section	.text.HAL_DMA_UnRegisterCallback,"ax",%progbits
 1010              		.align	1
 1011              		.global	HAL_DMA_UnRegisterCallback
 1012              		.syntax unified
 1013              		.thumb
 1014              		.thumb_func
 1016              	HAL_DMA_UnRegisterCallback:
 1017              		@ args = 0, pretend = 0, frame = 0
 1018              		@ frame_needed = 0, uses_anonymous_args = 0
 1019              		@ link register save eliminated.
 1020 0000 0346     		mov	r3, r0
 1021 0002 90F83420 		ldrb	r2, [r0, #52]	@ zero_extendqisi2
 1022 0006 012A     		cmp	r2, #1
 1023 0008 2FD0     		beq	.L147
 1024 000a 0122     		movs	r2, #1
 1025 000c 80F83420 		strb	r2, [r0, #52]
 1026 0010 90F83520 		ldrb	r2, [r0, #53]	@ zero_extendqisi2
 1027 0014 D0B2     		uxtb	r0, r2
 1028 0016 012A     		cmp	r2, #1
 1029 0018 04D0     		beq	.L150
 1030 001a 0120     		movs	r0, #1
 1031              	.L138:
 1032 001c 0022     		movs	r2, #0
 1033 001e 83F83420 		strb	r2, [r3, #52]
 1034 0022 7047     		bx	lr
 1035              	.L150:
 1036 0024 0629     		cmp	r1, #6
 1037 0026 F9D8     		bhi	.L138
 1038 0028 DFE801F0 		tbb	[pc, r1]
 1039              	.L140:
 1040 002c 04       		.byte	(.L146-.L140)/2
 1041 002d 08       		.byte	(.L145-.L140)/2
 1042 002e 0B       		.byte	(.L144-.L140)/2
 1043 002f 0E       		.byte	(.L143-.L140)/2
 1044 0030 11       		.byte	(.L142-.L140)/2
 1045 0031 14       		.byte	(.L141-.L140)/2
 1046 0032 17       		.byte	(.L139-.L140)/2
 1047 0033 00       		.p2align 1
 1048              	.L146:
 1049 0034 0022     		movs	r2, #0
 1050 0036 DA63     		str	r2, [r3, #60]
 1051 0038 0846     		mov	r0, r1
ARM GAS  /var/folders/0f/x4_g94q9649fs6s33cksjfb00000gn/T//cc3jon6f.s 			page 19


 1052 003a EFE7     		b	.L138
 1053              	.L145:
 1054 003c 0020     		movs	r0, #0
 1055 003e 1864     		str	r0, [r3, #64]
 1056 0040 ECE7     		b	.L138
 1057              	.L144:
 1058 0042 0020     		movs	r0, #0
 1059 0044 5864     		str	r0, [r3, #68]
 1060 0046 E9E7     		b	.L138
 1061              	.L143:
 1062 0048 0020     		movs	r0, #0
 1063 004a 9864     		str	r0, [r3, #72]
 1064 004c E6E7     		b	.L138
 1065              	.L142:
 1066 004e 0020     		movs	r0, #0
 1067 0050 D864     		str	r0, [r3, #76]
 1068 0052 E3E7     		b	.L138
 1069              	.L141:
 1070 0054 0020     		movs	r0, #0
 1071 0056 1865     		str	r0, [r3, #80]
 1072 0058 E0E7     		b	.L138
 1073              	.L139:
 1074 005a 0020     		movs	r0, #0
 1075 005c D863     		str	r0, [r3, #60]
 1076 005e 1864     		str	r0, [r3, #64]
 1077 0060 5864     		str	r0, [r3, #68]
 1078 0062 9864     		str	r0, [r3, #72]
 1079 0064 D864     		str	r0, [r3, #76]
 1080 0066 1865     		str	r0, [r3, #80]
 1081 0068 D8E7     		b	.L138
 1082              	.L147:
 1083 006a 0220     		movs	r0, #2
 1084 006c 7047     		bx	lr
 1086              		.section	.text.HAL_DMA_GetState,"ax",%progbits
 1087              		.align	1
 1088              		.global	HAL_DMA_GetState
 1089              		.syntax unified
 1090              		.thumb
 1091              		.thumb_func
 1093              	HAL_DMA_GetState:
 1094              		@ args = 0, pretend = 0, frame = 0
 1095              		@ frame_needed = 0, uses_anonymous_args = 0
 1096              		@ link register save eliminated.
 1097 0000 90F83500 		ldrb	r0, [r0, #53]	@ zero_extendqisi2
 1098 0004 7047     		bx	lr
 1100              		.section	.text.HAL_DMA_GetError,"ax",%progbits
 1101              		.align	1
 1102              		.global	HAL_DMA_GetError
 1103              		.syntax unified
 1104              		.thumb
 1105              		.thumb_func
 1107              	HAL_DMA_GetError:
 1108              		@ args = 0, pretend = 0, frame = 0
 1109              		@ frame_needed = 0, uses_anonymous_args = 0
 1110              		@ link register save eliminated.
 1111 0000 406D     		ldr	r0, [r0, #84]
 1112 0002 7047     		bx	lr
ARM GAS  /var/folders/0f/x4_g94q9649fs6s33cksjfb00000gn/T//cc3jon6f.s 			page 20


 1114              		.section	.rodata.flagBitshiftOffset.0,"a"
 1115              		.align	2
 1118              	flagBitshiftOffset.0:
 1119 0000 00061016 		.ascii	"\000\006\020\026\000\006\020\026"
 1119      00061016 
 1120              		.ident	"GCC: (Arm GNU Toolchain 14.2.Rel1 (Build arm-14.52)) 14.2.1 20241119"
ARM GAS  /var/folders/0f/x4_g94q9649fs6s33cksjfb00000gn/T//cc3jon6f.s 			page 21


DEFINED SYMBOLS
                            *ABS*:00000000 stm32f7xx_hal_dma.c
/var/folders/0f/x4_g94q9649fs6s33cksjfb00000gn/T//cc3jon6f.s:17     .text.DMA_SetConfig:00000000 $t
/var/folders/0f/x4_g94q9649fs6s33cksjfb00000gn/T//cc3jon6f.s:22     .text.DMA_SetConfig:00000000 DMA_SetConfig
/var/folders/0f/x4_g94q9649fs6s33cksjfb00000gn/T//cc3jon6f.s:51     .text.DMA_CalcBaseAndBitshift:00000000 $t
/var/folders/0f/x4_g94q9649fs6s33cksjfb00000gn/T//cc3jon6f.s:56     .text.DMA_CalcBaseAndBitshift:00000000 DMA_CalcBaseAndBitshift
/var/folders/0f/x4_g94q9649fs6s33cksjfb00000gn/T//cc3jon6f.s:86     .text.DMA_CalcBaseAndBitshift:00000034 $d
/var/folders/0f/x4_g94q9649fs6s33cksjfb00000gn/T//cc3jon6f.s:1118   .rodata.flagBitshiftOffset.0:00000000 flagBitshiftOffset.0
/var/folders/0f/x4_g94q9649fs6s33cksjfb00000gn/T//cc3jon6f.s:90     .text.DMA_CheckFifoParam:00000000 $t
/var/folders/0f/x4_g94q9649fs6s33cksjfb00000gn/T//cc3jon6f.s:95     .text.DMA_CheckFifoParam:00000000 DMA_CheckFifoParam
/var/folders/0f/x4_g94q9649fs6s33cksjfb00000gn/T//cc3jon6f.s:138    .text.DMA_CheckFifoParam:0000004e $d
/var/folders/0f/x4_g94q9649fs6s33cksjfb00000gn/T//cc3jon6f.s:142    .text.DMA_CheckFifoParam:00000052 $t
/var/folders/0f/x4_g94q9649fs6s33cksjfb00000gn/T//cc3jon6f.s:184    .text.HAL_DMA_Init:00000000 $t
/var/folders/0f/x4_g94q9649fs6s33cksjfb00000gn/T//cc3jon6f.s:190    .text.HAL_DMA_Init:00000000 HAL_DMA_Init
/var/folders/0f/x4_g94q9649fs6s33cksjfb00000gn/T//cc3jon6f.s:293    .text.HAL_DMA_Init:000000cc $d
/var/folders/0f/x4_g94q9649fs6s33cksjfb00000gn/T//cc3jon6f.s:296    .text.HAL_DMA_DeInit:00000000 $t
/var/folders/0f/x4_g94q9649fs6s33cksjfb00000gn/T//cc3jon6f.s:302    .text.HAL_DMA_DeInit:00000000 HAL_DMA_DeInit
/var/folders/0f/x4_g94q9649fs6s33cksjfb00000gn/T//cc3jon6f.s:354    .text.HAL_DMA_Start:00000000 $t
/var/folders/0f/x4_g94q9649fs6s33cksjfb00000gn/T//cc3jon6f.s:360    .text.HAL_DMA_Start:00000000 HAL_DMA_Start
/var/folders/0f/x4_g94q9649fs6s33cksjfb00000gn/T//cc3jon6f.s:396    .text.HAL_DMA_Start_IT:00000000 $t
/var/folders/0f/x4_g94q9649fs6s33cksjfb00000gn/T//cc3jon6f.s:402    .text.HAL_DMA_Start_IT:00000000 HAL_DMA_Start_IT
/var/folders/0f/x4_g94q9649fs6s33cksjfb00000gn/T//cc3jon6f.s:458    .text.HAL_DMA_Abort:00000000 $t
/var/folders/0f/x4_g94q9649fs6s33cksjfb00000gn/T//cc3jon6f.s:464    .text.HAL_DMA_Abort:00000000 HAL_DMA_Abort
/var/folders/0f/x4_g94q9649fs6s33cksjfb00000gn/T//cc3jon6f.s:536    .text.HAL_DMA_Abort_IT:00000000 $t
/var/folders/0f/x4_g94q9649fs6s33cksjfb00000gn/T//cc3jon6f.s:542    .text.HAL_DMA_Abort_IT:00000000 HAL_DMA_Abort_IT
/var/folders/0f/x4_g94q9649fs6s33cksjfb00000gn/T//cc3jon6f.s:564    .text.HAL_DMA_PollForTransfer:00000000 $t
/var/folders/0f/x4_g94q9649fs6s33cksjfb00000gn/T//cc3jon6f.s:570    .text.HAL_DMA_PollForTransfer:00000000 HAL_DMA_PollForTransfer
/var/folders/0f/x4_g94q9649fs6s33cksjfb00000gn/T//cc3jon6f.s:707    .text.HAL_DMA_IRQHandler:00000000 $t
/var/folders/0f/x4_g94q9649fs6s33cksjfb00000gn/T//cc3jon6f.s:713    .text.HAL_DMA_IRQHandler:00000000 HAL_DMA_IRQHandler
/var/folders/0f/x4_g94q9649fs6s33cksjfb00000gn/T//cc3jon6f.s:940    .text.HAL_DMA_IRQHandler:000001d4 $d
/var/folders/0f/x4_g94q9649fs6s33cksjfb00000gn/T//cc3jon6f.s:944    .text.HAL_DMA_RegisterCallback:00000000 $t
/var/folders/0f/x4_g94q9649fs6s33cksjfb00000gn/T//cc3jon6f.s:950    .text.HAL_DMA_RegisterCallback:00000000 HAL_DMA_RegisterCallback
/var/folders/0f/x4_g94q9649fs6s33cksjfb00000gn/T//cc3jon6f.s:974    .text.HAL_DMA_RegisterCallback:00000030 $d
/var/folders/0f/x4_g94q9649fs6s33cksjfb00000gn/T//cc3jon6f.s:980    .text.HAL_DMA_RegisterCallback:00000036 $t
/var/folders/0f/x4_g94q9649fs6s33cksjfb00000gn/T//cc3jon6f.s:1010   .text.HAL_DMA_UnRegisterCallback:00000000 $t
/var/folders/0f/x4_g94q9649fs6s33cksjfb00000gn/T//cc3jon6f.s:1016   .text.HAL_DMA_UnRegisterCallback:00000000 HAL_DMA_UnRegisterCallback
/var/folders/0f/x4_g94q9649fs6s33cksjfb00000gn/T//cc3jon6f.s:1040   .text.HAL_DMA_UnRegisterCallback:0000002c $d
/var/folders/0f/x4_g94q9649fs6s33cksjfb00000gn/T//cc3jon6f.s:1087   .text.HAL_DMA_GetState:00000000 $t
/var/folders/0f/x4_g94q9649fs6s33cksjfb00000gn/T//cc3jon6f.s:1093   .text.HAL_DMA_GetState:00000000 HAL_DMA_GetState
/var/folders/0f/x4_g94q9649fs6s33cksjfb00000gn/T//cc3jon6f.s:1101   .text.HAL_DMA_GetError:00000000 $t
/var/folders/0f/x4_g94q9649fs6s33cksjfb00000gn/T//cc3jon6f.s:1107   .text.HAL_DMA_GetError:00000000 HAL_DMA_GetError
/var/folders/0f/x4_g94q9649fs6s33cksjfb00000gn/T//cc3jon6f.s:1115   .rodata.flagBitshiftOffset.0:00000000 $d
/var/folders/0f/x4_g94q9649fs6s33cksjfb00000gn/T//cc3jon6f.s:1047   .text.HAL_DMA_UnRegisterCallback:00000033 $d
/var/folders/0f/x4_g94q9649fs6s33cksjfb00000gn/T//cc3jon6f.s:1047   .text.HAL_DMA_UnRegisterCallback:00000034 $t

UNDEFINED SYMBOLS
HAL_GetTick
SystemCoreClock
