ARM GAS  /var/folders/0f/x4_g94q9649fs6s33cksjfb00000gn/T//ccejLw87.s 			page 1


   1              		.cpu cortex-m7
   2              		.arch armv7e-m
   3              		.fpu fpv5-d16
   4              		.eabi_attribute 28, 1
   5              		.eabi_attribute 20, 1
   6              		.eabi_attribute 21, 1
   7              		.eabi_attribute 23, 3
   8              		.eabi_attribute 24, 1
   9              		.eabi_attribute 25, 1
  10              		.eabi_attribute 26, 1
  11              		.eabi_attribute 30, 1
  12              		.eabi_attribute 34, 1
  13              		.eabi_attribute 18, 4
  14              		.file	"stm32f7xx_hal_crc.c"
  15              		.text
  16              		.section	.text.CRC_Handle_8,"ax",%progbits
  17              		.align	1
  18              		.syntax unified
  19              		.thumb
  20              		.thumb_func
  22              	CRC_Handle_8:
  23              		@ args = 0, pretend = 0, frame = 0
  24              		@ frame_needed = 0, uses_anonymous_args = 0
  25 0000 10B5     		push	{r4, lr}
  26 0002 4FF0000C 		mov	ip, #0
  27 0006 14E0     		b	.L2
  28              	.L3:
  29 0008 11F82C40 		ldrb	r4, [r1, ip, lsl #2]	@ zero_extendqisi2
  30 000c 01EB8C0E 		add	lr, r1, ip, lsl #2
  31 0010 9EF80130 		ldrb	r3, [lr, #1]	@ zero_extendqisi2
  32 0014 1B04     		lsls	r3, r3, #16
  33 0016 43EA0463 		orr	r3, r3, r4, lsl #24
  34 001a 9EF80240 		ldrb	r4, [lr, #2]	@ zero_extendqisi2
  35 001e 43EA0423 		orr	r3, r3, r4, lsl #8
  36 0022 9EF803E0 		ldrb	lr, [lr, #3]	@ zero_extendqisi2
  37 0026 43EA0E03 		orr	r3, r3, lr
  38 002a 0468     		ldr	r4, [r0]
  39 002c 2360     		str	r3, [r4]
  40 002e 0CF1010C 		add	ip, ip, #1
  41              	.L2:
  42 0032 BCEB920F 		cmp	ip, r2, lsr #2
  43 0036 E7D3     		bcc	.L3
  44 0038 12F00302 		ands	r2, r2, #3
  45 003c 16D0     		beq	.L4
  46 003e 012A     		cmp	r2, #1
  47 0040 10D0     		beq	.L8
  48 0042 022A     		cmp	r2, #2
  49 0044 15D0     		beq	.L9
  50 0046 032A     		cmp	r2, #3
  51 0048 10D1     		bne	.L4
  52 004a 11F82C20 		ldrb	r2, [r1, ip, lsl #2]	@ zero_extendqisi2
  53 004e 01EB8C01 		add	r1, r1, ip, lsl #2
  54 0052 4B78     		ldrb	r3, [r1, #1]	@ zero_extendqisi2
  55 0054 43EA0223 		orr	r3, r3, r2, lsl #8
  56 0058 0268     		ldr	r2, [r0]
  57 005a 1380     		strh	r3, [r2]	@ movhi
  58 005c 0368     		ldr	r3, [r0]
ARM GAS  /var/folders/0f/x4_g94q9649fs6s33cksjfb00000gn/T//ccejLw87.s 			page 2


  59 005e 8A78     		ldrb	r2, [r1, #2]	@ zero_extendqisi2
  60 0060 1A70     		strb	r2, [r3]
  61 0062 03E0     		b	.L4
  62              	.L8:
  63 0064 0368     		ldr	r3, [r0]
  64 0066 11F82C20 		ldrb	r2, [r1, ip, lsl #2]	@ zero_extendqisi2
  65 006a 1A70     		strb	r2, [r3]
  66              	.L4:
  67 006c 0368     		ldr	r3, [r0]
  68 006e 1868     		ldr	r0, [r3]
  69 0070 10BD     		pop	{r4, pc}
  70              	.L9:
  71 0072 11F82C20 		ldrb	r2, [r1, ip, lsl #2]	@ zero_extendqisi2
  72 0076 01EB8C0C 		add	ip, r1, ip, lsl #2
  73 007a 9CF80130 		ldrb	r3, [ip, #1]	@ zero_extendqisi2
  74 007e 43EA0223 		orr	r3, r3, r2, lsl #8
  75 0082 0268     		ldr	r2, [r0]
  76 0084 1380     		strh	r3, [r2]	@ movhi
  77 0086 F1E7     		b	.L4
  79              		.section	.text.CRC_Handle_16,"ax",%progbits
  80              		.align	1
  81              		.syntax unified
  82              		.thumb
  83              		.thumb_func
  85              	CRC_Handle_16:
  86              		@ args = 0, pretend = 0, frame = 0
  87              		@ frame_needed = 0, uses_anonymous_args = 0
  88              		@ link register save eliminated.
  89 0000 0023     		movs	r3, #0
  90 0002 B3EB520F 		cmp	r3, r2, lsr #1
  91 0006 18D2     		bcs	.L20
  92 0008 30B4     		push	{r4, r5}
  93              	.L12:
  94 000a 31F823C0 		ldrh	ip, [r1, r3, lsl #2]
  95 000e 01EB8304 		add	r4, r1, r3, lsl #2
  96 0012 6488     		ldrh	r4, [r4, #2]
  97 0014 44EA0C44 		orr	r4, r4, ip, lsl #16
  98 0018 0568     		ldr	r5, [r0]
  99 001a 2C60     		str	r4, [r5]
 100 001c 0133     		adds	r3, r3, #1
 101 001e B3EB520F 		cmp	r3, r2, lsr #1
 102 0022 F2D3     		bcc	.L12
 103 0024 12F0010F 		tst	r2, #1
 104 0028 03D0     		beq	.L13
 105 002a 0268     		ldr	r2, [r0]
 106 002c 31F82330 		ldrh	r3, [r1, r3, lsl #2]
 107 0030 1380     		strh	r3, [r2]	@ movhi
 108              	.L13:
 109 0032 0368     		ldr	r3, [r0]
 110 0034 1868     		ldr	r0, [r3]
 111 0036 30BC     		pop	{r4, r5}
 112 0038 7047     		bx	lr
 113              	.L20:
 114 003a 12F0010F 		tst	r2, #1
 115 003e 03D0     		beq	.L18
 116 0040 0268     		ldr	r2, [r0]
 117 0042 31F82330 		ldrh	r3, [r1, r3, lsl #2]
ARM GAS  /var/folders/0f/x4_g94q9649fs6s33cksjfb00000gn/T//ccejLw87.s 			page 3


 118 0046 1380     		strh	r3, [r2]	@ movhi
 119              	.L18:
 120 0048 0368     		ldr	r3, [r0]
 121 004a 1868     		ldr	r0, [r3]
 122 004c 7047     		bx	lr
 124              		.section	.text.HAL_CRC_MspInit,"ax",%progbits
 125              		.align	1
 126              		.weak	HAL_CRC_MspInit
 127              		.syntax unified
 128              		.thumb
 129              		.thumb_func
 131              	HAL_CRC_MspInit:
 132              		@ args = 0, pretend = 0, frame = 0
 133              		@ frame_needed = 0, uses_anonymous_args = 0
 134              		@ link register save eliminated.
 135 0000 7047     		bx	lr
 137              		.section	.text.HAL_CRC_Init,"ax",%progbits
 138              		.align	1
 139              		.global	HAL_CRC_Init
 140              		.syntax unified
 141              		.thumb
 142              		.thumb_func
 144              	HAL_CRC_Init:
 145              		@ args = 0, pretend = 0, frame = 0
 146              		@ frame_needed = 0, uses_anonymous_args = 0
 147 0000 0028     		cmp	r0, #0
 148 0002 38D0     		beq	.L29
 149 0004 10B5     		push	{r4, lr}
 150 0006 0446     		mov	r4, r0
 151 0008 437F     		ldrb	r3, [r0, #29]	@ zero_extendqisi2
 152 000a 1BB3     		cbz	r3, .L35
 153              	.L24:
 154 000c 0223     		movs	r3, #2
 155 000e 6377     		strb	r3, [r4, #29]
 156 0010 2379     		ldrb	r3, [r4, #4]	@ zero_extendqisi2
 157 0012 1BBB     		cbnz	r3, .L25
 158 0014 2368     		ldr	r3, [r4]
 159 0016 194A     		ldr	r2, .L36
 160 0018 5A61     		str	r2, [r3, #20]
 161 001a 2268     		ldr	r2, [r4]
 162 001c 9368     		ldr	r3, [r2, #8]
 163 001e 23F01803 		bic	r3, r3, #24
 164 0022 9360     		str	r3, [r2, #8]
 165              	.L26:
 166 0024 6379     		ldrb	r3, [r4, #5]	@ zero_extendqisi2
 167 0026 13BB     		cbnz	r3, .L27
 168 0028 2368     		ldr	r3, [r4]
 169 002a 4FF0FF32 		mov	r2, #-1
 170 002e 1A61     		str	r2, [r3, #16]
 171              	.L28:
 172 0030 2268     		ldr	r2, [r4]
 173 0032 9368     		ldr	r3, [r2, #8]
 174 0034 23F06003 		bic	r3, r3, #96
 175 0038 6169     		ldr	r1, [r4, #20]
 176 003a 0B43     		orrs	r3, r3, r1
 177 003c 9360     		str	r3, [r2, #8]
 178 003e 2268     		ldr	r2, [r4]
ARM GAS  /var/folders/0f/x4_g94q9649fs6s33cksjfb00000gn/T//ccejLw87.s 			page 4


 179 0040 9368     		ldr	r3, [r2, #8]
 180 0042 23F08003 		bic	r3, r3, #128
 181 0046 A169     		ldr	r1, [r4, #24]
 182 0048 0B43     		orrs	r3, r3, r1
 183 004a 9360     		str	r3, [r2, #8]
 184 004c 0123     		movs	r3, #1
 185 004e 6377     		strb	r3, [r4, #29]
 186 0050 0020     		movs	r0, #0
 187              	.L23:
 188 0052 10BD     		pop	{r4, pc}
 189              	.L35:
 190 0054 0377     		strb	r3, [r0, #28]
 191 0056 FFF7FEFF 		bl	HAL_CRC_MspInit
 192 005a D7E7     		b	.L24
 193              	.L25:
 194 005c E268     		ldr	r2, [r4, #12]
 195 005e A168     		ldr	r1, [r4, #8]
 196 0060 2046     		mov	r0, r4
 197 0062 FFF7FEFF 		bl	HAL_CRCEx_Polynomial_Set
 198 0066 0028     		cmp	r0, #0
 199 0068 DCD0     		beq	.L26
 200 006a 0120     		movs	r0, #1
 201 006c F1E7     		b	.L23
 202              	.L27:
 203 006e 2368     		ldr	r3, [r4]
 204 0070 2269     		ldr	r2, [r4, #16]
 205 0072 1A61     		str	r2, [r3, #16]
 206 0074 DCE7     		b	.L28
 207              	.L29:
 208 0076 0120     		movs	r0, #1
 209 0078 7047     		bx	lr
 210              	.L37:
 211 007a 00BF     		.align	2
 212              	.L36:
 213 007c B71DC104 		.word	79764919
 215              		.section	.text.HAL_CRC_MspDeInit,"ax",%progbits
 216              		.align	1
 217              		.weak	HAL_CRC_MspDeInit
 218              		.syntax unified
 219              		.thumb
 220              		.thumb_func
 222              	HAL_CRC_MspDeInit:
 223              		@ args = 0, pretend = 0, frame = 0
 224              		@ frame_needed = 0, uses_anonymous_args = 0
 225              		@ link register save eliminated.
 226 0000 7047     		bx	lr
 228              		.section	.text.HAL_CRC_DeInit,"ax",%progbits
 229              		.align	1
 230              		.global	HAL_CRC_DeInit
 231              		.syntax unified
 232              		.thumb
 233              		.thumb_func
 235              	HAL_CRC_DeInit:
 236              		@ args = 0, pretend = 0, frame = 0
 237              		@ frame_needed = 0, uses_anonymous_args = 0
 238 0000 B0B1     		cbz	r0, .L41
 239 0002 38B5     		push	{r3, r4, r5, lr}
ARM GAS  /var/folders/0f/x4_g94q9649fs6s33cksjfb00000gn/T//ccejLw87.s 			page 5


 240 0004 0546     		mov	r5, r0
 241 0006 437F     		ldrb	r3, [r0, #29]	@ zero_extendqisi2
 242 0008 D8B2     		uxtb	r0, r3
 243 000a 022B     		cmp	r3, #2
 244 000c 0FD0     		beq	.L40
 245 000e 0223     		movs	r3, #2
 246 0010 6B77     		strb	r3, [r5, #29]
 247 0012 2A68     		ldr	r2, [r5]
 248 0014 9368     		ldr	r3, [r2, #8]
 249 0016 43F00103 		orr	r3, r3, #1
 250 001a 9360     		str	r3, [r2, #8]
 251 001c 2B68     		ldr	r3, [r5]
 252 001e 0024     		movs	r4, #0
 253 0020 1C71     		strb	r4, [r3, #4]
 254 0022 2846     		mov	r0, r5
 255 0024 FFF7FEFF 		bl	HAL_CRC_MspDeInit
 256 0028 6C77     		strb	r4, [r5, #29]
 257 002a 2C77     		strb	r4, [r5, #28]
 258 002c 2046     		mov	r0, r4
 259              	.L40:
 260 002e 38BD     		pop	{r3, r4, r5, pc}
 261              	.L41:
 262 0030 0120     		movs	r0, #1
 263 0032 7047     		bx	lr
 265              		.section	.text.HAL_CRC_Accumulate,"ax",%progbits
 266              		.align	1
 267              		.global	HAL_CRC_Accumulate
 268              		.syntax unified
 269              		.thumb
 270              		.thumb_func
 272              	HAL_CRC_Accumulate:
 273              		@ args = 0, pretend = 0, frame = 0
 274              		@ frame_needed = 0, uses_anonymous_args = 0
 275 0000 38B5     		push	{r3, r4, r5, lr}
 276 0002 0446     		mov	r4, r0
 277 0004 0223     		movs	r3, #2
 278 0006 4377     		strb	r3, [r0, #29]
 279 0008 036A     		ldr	r3, [r0, #32]
 280 000a 022B     		cmp	r3, #2
 281 000c 16D0     		beq	.L47
 282 000e 032B     		cmp	r3, #3
 283 0010 0FD0     		beq	.L52
 284 0012 012B     		cmp	r3, #1
 285 0014 0FD0     		beq	.L49
 286 0016 0020     		movs	r0, #0
 287              	.L50:
 288 0018 0123     		movs	r3, #1
 289 001a 6377     		strb	r3, [r4, #29]
 290 001c 38BD     		pop	{r3, r4, r5, pc}
 291              	.L51:
 292 001e 2068     		ldr	r0, [r4]
 293 0020 51F82350 		ldr	r5, [r1, r3, lsl #2]
 294 0024 0560     		str	r5, [r0]
 295 0026 0133     		adds	r3, r3, #1
 296              	.L48:
 297 0028 9342     		cmp	r3, r2
 298 002a F8D3     		bcc	.L51
ARM GAS  /var/folders/0f/x4_g94q9649fs6s33cksjfb00000gn/T//ccejLw87.s 			page 6


 299 002c 2368     		ldr	r3, [r4]
 300 002e 1868     		ldr	r0, [r3]
 301 0030 F2E7     		b	.L50
 302              	.L52:
 303 0032 0023     		movs	r3, #0
 304 0034 F8E7     		b	.L48
 305              	.L49:
 306 0036 FFF7FEFF 		bl	CRC_Handle_8
 307 003a EDE7     		b	.L50
 308              	.L47:
 309 003c FFF7FEFF 		bl	CRC_Handle_16
 310 0040 EAE7     		b	.L50
 312              		.section	.text.HAL_CRC_Calculate,"ax",%progbits
 313              		.align	1
 314              		.global	HAL_CRC_Calculate
 315              		.syntax unified
 316              		.thumb
 317              		.thumb_func
 319              	HAL_CRC_Calculate:
 320              		@ args = 0, pretend = 0, frame = 0
 321              		@ frame_needed = 0, uses_anonymous_args = 0
 322 0000 38B5     		push	{r3, r4, r5, lr}
 323 0002 0446     		mov	r4, r0
 324 0004 0223     		movs	r3, #2
 325 0006 4377     		strb	r3, [r0, #29]
 326 0008 0068     		ldr	r0, [r0]
 327 000a 8368     		ldr	r3, [r0, #8]
 328 000c 43F00103 		orr	r3, r3, #1
 329 0010 8360     		str	r3, [r0, #8]
 330 0012 236A     		ldr	r3, [r4, #32]
 331 0014 022B     		cmp	r3, #2
 332 0016 17D0     		beq	.L55
 333 0018 032B     		cmp	r3, #3
 334 001a 0FD0     		beq	.L60
 335 001c 012B     		cmp	r3, #1
 336 001e 0FD0     		beq	.L57
 337 0020 0020     		movs	r0, #0
 338              	.L58:
 339 0022 0123     		movs	r3, #1
 340 0024 6377     		strb	r3, [r4, #29]
 341 0026 38BD     		pop	{r3, r4, r5, pc}
 342              	.L59:
 343 0028 2068     		ldr	r0, [r4]
 344 002a 51F82350 		ldr	r5, [r1, r3, lsl #2]
 345 002e 0560     		str	r5, [r0]
 346 0030 0133     		adds	r3, r3, #1
 347              	.L56:
 348 0032 9342     		cmp	r3, r2
 349 0034 F8D3     		bcc	.L59
 350 0036 2368     		ldr	r3, [r4]
 351 0038 1868     		ldr	r0, [r3]
 352 003a F2E7     		b	.L58
 353              	.L60:
 354 003c 0023     		movs	r3, #0
 355 003e F8E7     		b	.L56
 356              	.L57:
 357 0040 2046     		mov	r0, r4
ARM GAS  /var/folders/0f/x4_g94q9649fs6s33cksjfb00000gn/T//ccejLw87.s 			page 7


 358 0042 FFF7FEFF 		bl	CRC_Handle_8
 359 0046 ECE7     		b	.L58
 360              	.L55:
 361 0048 2046     		mov	r0, r4
 362 004a FFF7FEFF 		bl	CRC_Handle_16
 363 004e E8E7     		b	.L58
 365              		.section	.text.HAL_CRC_GetState,"ax",%progbits
 366              		.align	1
 367              		.global	HAL_CRC_GetState
 368              		.syntax unified
 369              		.thumb
 370              		.thumb_func
 372              	HAL_CRC_GetState:
 373              		@ args = 0, pretend = 0, frame = 0
 374              		@ frame_needed = 0, uses_anonymous_args = 0
 375              		@ link register save eliminated.
 376 0000 407F     		ldrb	r0, [r0, #29]	@ zero_extendqisi2
 377 0002 7047     		bx	lr
 379              		.ident	"GCC: (Arm GNU Toolchain 14.2.Rel1 (Build arm-14.52)) 14.2.1 20241119"
ARM GAS  /var/folders/0f/x4_g94q9649fs6s33cksjfb00000gn/T//ccejLw87.s 			page 8


DEFINED SYMBOLS
                            *ABS*:00000000 stm32f7xx_hal_crc.c
/var/folders/0f/x4_g94q9649fs6s33cksjfb00000gn/T//ccejLw87.s:17     .text.CRC_Handle_8:00000000 $t
/var/folders/0f/x4_g94q9649fs6s33cksjfb00000gn/T//ccejLw87.s:22     .text.CRC_Handle_8:00000000 CRC_Handle_8
/var/folders/0f/x4_g94q9649fs6s33cksjfb00000gn/T//ccejLw87.s:80     .text.CRC_Handle_16:00000000 $t
/var/folders/0f/x4_g94q9649fs6s33cksjfb00000gn/T//ccejLw87.s:85     .text.CRC_Handle_16:00000000 CRC_Handle_16
/var/folders/0f/x4_g94q9649fs6s33cksjfb00000gn/T//ccejLw87.s:125    .text.HAL_CRC_MspInit:00000000 $t
/var/folders/0f/x4_g94q9649fs6s33cksjfb00000gn/T//ccejLw87.s:131    .text.HAL_CRC_MspInit:00000000 HAL_CRC_MspInit
/var/folders/0f/x4_g94q9649fs6s33cksjfb00000gn/T//ccejLw87.s:138    .text.HAL_CRC_Init:00000000 $t
/var/folders/0f/x4_g94q9649fs6s33cksjfb00000gn/T//ccejLw87.s:144    .text.HAL_CRC_Init:00000000 HAL_CRC_Init
/var/folders/0f/x4_g94q9649fs6s33cksjfb00000gn/T//ccejLw87.s:213    .text.HAL_CRC_Init:0000007c $d
/var/folders/0f/x4_g94q9649fs6s33cksjfb00000gn/T//ccejLw87.s:216    .text.HAL_CRC_MspDeInit:00000000 $t
/var/folders/0f/x4_g94q9649fs6s33cksjfb00000gn/T//ccejLw87.s:222    .text.HAL_CRC_MspDeInit:00000000 HAL_CRC_MspDeInit
/var/folders/0f/x4_g94q9649fs6s33cksjfb00000gn/T//ccejLw87.s:229    .text.HAL_CRC_DeInit:00000000 $t
/var/folders/0f/x4_g94q9649fs6s33cksjfb00000gn/T//ccejLw87.s:235    .text.HAL_CRC_DeInit:00000000 HAL_CRC_DeInit
/var/folders/0f/x4_g94q9649fs6s33cksjfb00000gn/T//ccejLw87.s:266    .text.HAL_CRC_Accumulate:00000000 $t
/var/folders/0f/x4_g94q9649fs6s33cksjfb00000gn/T//ccejLw87.s:272    .text.HAL_CRC_Accumulate:00000000 HAL_CRC_Accumulate
/var/folders/0f/x4_g94q9649fs6s33cksjfb00000gn/T//ccejLw87.s:313    .text.HAL_CRC_Calculate:00000000 $t
/var/folders/0f/x4_g94q9649fs6s33cksjfb00000gn/T//ccejLw87.s:319    .text.HAL_CRC_Calculate:00000000 HAL_CRC_Calculate
/var/folders/0f/x4_g94q9649fs6s33cksjfb00000gn/T//ccejLw87.s:366    .text.HAL_CRC_GetState:00000000 $t
/var/folders/0f/x4_g94q9649fs6s33cksjfb00000gn/T//ccejLw87.s:372    .text.HAL_CRC_GetState:00000000 HAL_CRC_GetState

UNDEFINED SYMBOLS
HAL_CRCEx_Polynomial_Set
