ARM GAS  /var/folders/0f/x4_g94q9649fs6s33cksjfb00000gn/T//ccDhpb9p.s 			page 1


   1              		.cpu cortex-m7
   2              		.arch armv7e-m
   3              		.fpu fpv5-d16
   4              		.eabi_attribute 28, 1
   5              		.eabi_attribute 20, 1
   6              		.eabi_attribute 21, 1
   7              		.eabi_attribute 23, 3
   8              		.eabi_attribute 24, 1
   9              		.eabi_attribute 25, 1
  10              		.eabi_attribute 26, 1
  11              		.eabi_attribute 30, 1
  12              		.eabi_attribute 34, 1
  13              		.eabi_attribute 18, 4
  14              		.file	"stream_buffer.c"
  15              		.text
  16              		.section	.text.prvBytesInBuffer,"ax",%progbits
  17              		.align	1
  18              		.syntax unified
  19              		.thumb
  20              		.thumb_func
  22              	prvBytesInBuffer:
  23              		@ args = 0, pretend = 0, frame = 0
  24              		@ frame_needed = 0, uses_anonymous_args = 0
  25              		@ link register save eliminated.
  26 0000 8268     		ldr	r2, [r0, #8]
  27 0002 4368     		ldr	r3, [r0, #4]
  28 0004 1344     		add	r3, r3, r2
  29 0006 0068     		ldr	r0, [r0]
  30 0008 181A     		subs	r0, r3, r0
  31 000a 8242     		cmp	r2, r0
  32 000c 00D8     		bhi	.L1
  33 000e 801A     		subs	r0, r0, r2
  34              	.L1:
  35 0010 7047     		bx	lr
  37              		.section	.text.prvInitialiseNewStreamBuffer,"ax",%progbits
  38              		.align	1
  39              		.syntax unified
  40              		.thumb
  41              		.thumb_func
  43              	prvInitialiseNewStreamBuffer:
  44              		@ args = 4, pretend = 0, frame = 0
  45              		@ frame_needed = 0, uses_anonymous_args = 0
  46 0000 F8B5     		push	{r3, r4, r5, r6, r7, lr}
  47 0002 0746     		mov	r7, r0
  48 0004 0C46     		mov	r4, r1
  49 0006 1646     		mov	r6, r2
  50 0008 1D46     		mov	r5, r3
  51 000a 5521     		movs	r1, #85
  52 000c 2046     		mov	r0, r4
  53 000e FFF7FEFF 		bl	memset
  54 0012 8442     		cmp	r4, r0
  55 0014 0AD0     		beq	.L4
  56              		.syntax unified
  57              	@ 195 "Middlewares/Third_Party/FreeRTOS/Source/portable/GCC/ARM_CM7/r0p1/portmacro.h" 1
  58 0016 4FF05003 			mov r3, #80												
  59 001a 72B6     		cpsid i													
  60 001c 83F31188 		msr basepri, r3											
ARM GAS  /var/folders/0f/x4_g94q9649fs6s33cksjfb00000gn/T//ccDhpb9p.s 			page 2


  61 0020 BFF36F8F 		isb														
  62 0024 BFF34F8F 		dsb														
  63 0028 62B6     		cpsie i													
  64              	
  65              	@ 0 "" 2
  66              		.thumb
  67              		.syntax unified
  68              	.L5:
  69 002a FEE7     		b	.L5
  70              	.L4:
  71 002c 2422     		movs	r2, #36
  72 002e 0021     		movs	r1, #0
  73 0030 3846     		mov	r0, r7
  74 0032 FFF7FEFF 		bl	memset
  75 0036 BC61     		str	r4, [r7, #24]
  76 0038 BE60     		str	r6, [r7, #8]
  77 003a FD60     		str	r5, [r7, #12]
  78 003c 9DF81830 		ldrb	r3, [sp, #24]	@ zero_extendqisi2
  79 0040 3B77     		strb	r3, [r7, #28]
  80 0042 F8BD     		pop	{r3, r4, r5, r6, r7, pc}
  82              		.section	.text.prvWriteBytesToBuffer,"ax",%progbits
  83              		.align	1
  84              		.syntax unified
  85              		.thumb
  86              		.thumb_func
  88              	prvWriteBytesToBuffer:
  89              		@ args = 0, pretend = 0, frame = 0
  90              		@ frame_needed = 0, uses_anonymous_args = 0
  91 0000 2DE9F843 		push	{r3, r4, r5, r6, r7, r8, r9, lr}
  92 0004 52B9     		cbnz	r2, .L8
  93              		.syntax unified
  94              	@ 195 "Middlewares/Third_Party/FreeRTOS/Source/portable/GCC/ARM_CM7/r0p1/portmacro.h" 1
  95 0006 4FF05003 			mov r3, #80												
  96 000a 72B6     		cpsid i													
  97 000c 83F31188 		msr basepri, r3											
  98 0010 BFF36F8F 		isb														
  99 0014 BFF34F8F 		dsb														
 100 0018 62B6     		cpsie i													
 101              	
 102              	@ 0 "" 2
 103              		.thumb
 104              		.syntax unified
 105              	.L9:
 106 001a FEE7     		b	.L9
 107              	.L8:
 108 001c 0446     		mov	r4, r0
 109 001e 0E46     		mov	r6, r1
 110 0020 1746     		mov	r7, r2
 111 0022 4568     		ldr	r5, [r0, #4]
 112 0024 8368     		ldr	r3, [r0, #8]
 113 0026 A3EB0509 		sub	r9, r3, r5
 114 002a C846     		mov	r8, r9
 115 002c 9145     		cmp	r9, r2
 116 002e 28BF     		it	cs
 117 0030 9046     		movcs	r8, r2
 118 0032 05EB0802 		add	r2, r5, r8
 119 0036 9342     		cmp	r3, r2
ARM GAS  /var/folders/0f/x4_g94q9649fs6s33cksjfb00000gn/T//ccDhpb9p.s 			page 3


 120 0038 0AD2     		bcs	.L10
 121              		.syntax unified
 122              	@ 195 "Middlewares/Third_Party/FreeRTOS/Source/portable/GCC/ARM_CM7/r0p1/portmacro.h" 1
 123 003a 4FF05003 			mov r3, #80												
 124 003e 72B6     		cpsid i													
 125 0040 83F31188 		msr basepri, r3											
 126 0044 BFF36F8F 		isb														
 127 0048 BFF34F8F 		dsb														
 128 004c 62B6     		cpsie i													
 129              	
 130              	@ 0 "" 2
 131              		.thumb
 132              		.syntax unified
 133              	.L11:
 134 004e FEE7     		b	.L11
 135              	.L10:
 136 0050 8069     		ldr	r0, [r0, #24]
 137 0052 4246     		mov	r2, r8
 138 0054 2844     		add	r0, r0, r5
 139 0056 FFF7FEFF 		bl	memcpy
 140 005a B945     		cmp	r9, r7
 141 005c 14D2     		bcs	.L12
 142 005e A7EB0802 		sub	r2, r7, r8
 143 0062 A368     		ldr	r3, [r4, #8]
 144 0064 9A42     		cmp	r2, r3
 145 0066 0AD9     		bls	.L13
 146              		.syntax unified
 147              	@ 195 "Middlewares/Third_Party/FreeRTOS/Source/portable/GCC/ARM_CM7/r0p1/portmacro.h" 1
 148 0068 4FF05003 			mov r3, #80												
 149 006c 72B6     		cpsid i													
 150 006e 83F31188 		msr basepri, r3											
 151 0072 BFF36F8F 		isb														
 152 0076 BFF34F8F 		dsb														
 153 007a 62B6     		cpsie i													
 154              	
 155              	@ 0 "" 2
 156              		.thumb
 157              		.syntax unified
 158              	.L14:
 159 007c FEE7     		b	.L14
 160              	.L13:
 161 007e 06EB0801 		add	r1, r6, r8
 162 0082 A069     		ldr	r0, [r4, #24]
 163 0084 FFF7FEFF 		bl	memcpy
 164              	.L12:
 165 0088 3D44     		add	r5, r5, r7
 166 008a A368     		ldr	r3, [r4, #8]
 167 008c AB42     		cmp	r3, r5
 168 008e 00D8     		bhi	.L15
 169 0090 ED1A     		subs	r5, r5, r3
 170              	.L15:
 171 0092 6560     		str	r5, [r4, #4]
 172 0094 3846     		mov	r0, r7
 173 0096 BDE8F883 		pop	{r3, r4, r5, r6, r7, r8, r9, pc}
 175              		.section	.text.prvWriteMessageToBuffer,"ax",%progbits
 176              		.align	1
 177              		.syntax unified
ARM GAS  /var/folders/0f/x4_g94q9649fs6s33cksjfb00000gn/T//ccDhpb9p.s 			page 4


 178              		.thumb
 179              		.thumb_func
 181              	prvWriteMessageToBuffer:
 182              		@ args = 4, pretend = 0, frame = 8
 183              		@ frame_needed = 0, uses_anonymous_args = 0
 184 0000 30B5     		push	{r4, r5, lr}
 185 0002 83B0     		sub	sp, sp, #12
 186 0004 0546     		mov	r5, r0
 187 0006 0192     		str	r2, [sp, #4]
 188 0008 1846     		mov	r0, r3
 189 000a 6BB1     		cbz	r3, .L18
 190 000c 0C46     		mov	r4, r1
 191 000e 2B7F     		ldrb	r3, [r5, #28]	@ zero_extendqisi2
 192 0010 13F0010F 		tst	r3, #1
 193 0014 0AD1     		bne	.L19
 194 0016 9042     		cmp	r0, r2
 195 0018 28BF     		it	cs
 196 001a 1046     		movcs	r0, r2
 197 001c 0190     		str	r0, [sp, #4]
 198              	.L20:
 199 001e 019A     		ldr	r2, [sp, #4]
 200 0020 2146     		mov	r1, r4
 201 0022 2846     		mov	r0, r5
 202 0024 FFF7FEFF 		bl	prvWriteBytesToBuffer
 203              	.L18:
 204 0028 03B0     		add	sp, sp, #12
 205              		@ sp needed
 206 002a 30BD     		pop	{r4, r5, pc}
 207              	.L19:
 208 002c 069B     		ldr	r3, [sp, #24]
 209 002e 9842     		cmp	r0, r3
 210 0030 01D2     		bcs	.L23
 211 0032 0020     		movs	r0, #0
 212 0034 F8E7     		b	.L18
 213              	.L23:
 214 0036 0422     		movs	r2, #4
 215 0038 0DEB0201 		add	r1, sp, r2
 216 003c 2846     		mov	r0, r5
 217 003e FFF7FEFF 		bl	prvWriteBytesToBuffer
 218 0042 ECE7     		b	.L20
 220              		.section	.text.prvReadBytesFromBuffer,"ax",%progbits
 221              		.align	1
 222              		.syntax unified
 223              		.thumb
 224              		.thumb_func
 226              	prvReadBytesFromBuffer:
 227              		@ args = 0, pretend = 0, frame = 0
 228              		@ frame_needed = 0, uses_anonymous_args = 0
 229 0000 2DE9F843 		push	{r3, r4, r5, r6, r7, r8, r9, lr}
 230 0004 9342     		cmp	r3, r2
 231 0006 28BF     		it	cs
 232 0008 1346     		movcs	r3, r2
 233 000a 1C46     		mov	r4, r3
 234 000c 002B     		cmp	r3, #0
 235 000e 33D0     		beq	.L24
 236 0010 0546     		mov	r5, r0
 237 0012 0E46     		mov	r6, r1
ARM GAS  /var/folders/0f/x4_g94q9649fs6s33cksjfb00000gn/T//ccDhpb9p.s 			page 5


 238 0014 0768     		ldr	r7, [r0]
 239 0016 8368     		ldr	r3, [r0, #8]
 240 0018 A3EB0709 		sub	r9, r3, r7
 241 001c C846     		mov	r8, r9
 242 001e A145     		cmp	r9, r4
 243 0020 28BF     		it	cs
 244 0022 A046     		movcs	r8, r4
 245 0024 4245     		cmp	r2, r8
 246 0026 0AD2     		bcs	.L26
 247              		.syntax unified
 248              	@ 195 "Middlewares/Third_Party/FreeRTOS/Source/portable/GCC/ARM_CM7/r0p1/portmacro.h" 1
 249 0028 4FF05003 			mov r3, #80												
 250 002c 72B6     		cpsid i													
 251 002e 83F31188 		msr basepri, r3											
 252 0032 BFF36F8F 		isb														
 253 0036 BFF34F8F 		dsb														
 254 003a 62B6     		cpsie i													
 255              	
 256              	@ 0 "" 2
 257              		.thumb
 258              		.syntax unified
 259              	.L27:
 260 003c FEE7     		b	.L27
 261              	.L26:
 262 003e 07EB0802 		add	r2, r7, r8
 263 0042 9342     		cmp	r3, r2
 264 0044 0AD2     		bcs	.L28
 265              		.syntax unified
 266              	@ 195 "Middlewares/Third_Party/FreeRTOS/Source/portable/GCC/ARM_CM7/r0p1/portmacro.h" 1
 267 0046 4FF05003 			mov r3, #80												
 268 004a 72B6     		cpsid i													
 269 004c 83F31188 		msr basepri, r3											
 270 0050 BFF36F8F 		isb														
 271 0054 BFF34F8F 		dsb														
 272 0058 62B6     		cpsie i													
 273              	
 274              	@ 0 "" 2
 275              		.thumb
 276              		.syntax unified
 277              	.L29:
 278 005a FEE7     		b	.L29
 279              	.L28:
 280 005c 8169     		ldr	r1, [r0, #24]
 281 005e 4246     		mov	r2, r8
 282 0060 3944     		add	r1, r1, r7
 283 0062 3046     		mov	r0, r6
 284 0064 FFF7FEFF 		bl	memcpy
 285 0068 A145     		cmp	r9, r4
 286 006a 08D3     		bcc	.L33
 287              	.L30:
 288 006c 2744     		add	r7, r7, r4
 289 006e AB68     		ldr	r3, [r5, #8]
 290 0070 BB42     		cmp	r3, r7
 291 0072 00D8     		bhi	.L31
 292 0074 FF1A     		subs	r7, r7, r3
 293              	.L31:
 294 0076 2F60     		str	r7, [r5]
ARM GAS  /var/folders/0f/x4_g94q9649fs6s33cksjfb00000gn/T//ccDhpb9p.s 			page 6


 295              	.L24:
 296 0078 2046     		mov	r0, r4
 297 007a BDE8F883 		pop	{r3, r4, r5, r6, r7, r8, r9, pc}
 298              	.L33:
 299 007e A4EB0802 		sub	r2, r4, r8
 300 0082 A969     		ldr	r1, [r5, #24]
 301 0084 06EB0800 		add	r0, r6, r8
 302 0088 FFF7FEFF 		bl	memcpy
 303 008c EEE7     		b	.L30
 305              		.section	.text.prvReadMessageFromBuffer,"ax",%progbits
 306              		.align	1
 307              		.syntax unified
 308              		.thumb
 309              		.thumb_func
 311              	prvReadMessageFromBuffer:
 312              		@ args = 4, pretend = 0, frame = 8
 313              		@ frame_needed = 0, uses_anonymous_args = 0
 314 0000 2DE9F043 		push	{r4, r5, r6, r7, r8, r9, lr}
 315 0004 83B0     		sub	sp, sp, #12
 316 0006 0546     		mov	r5, r0
 317 0008 0F46     		mov	r7, r1
 318 000a 1646     		mov	r6, r2
 319 000c 1C46     		mov	r4, r3
 320 000e DDF82880 		ldr	r8, [sp, #40]
 321 0012 B8F1000F 		cmp	r8, #0
 322 0016 08D1     		bne	.L38
 323              	.L35:
 324 0018 2346     		mov	r3, r4
 325 001a 3246     		mov	r2, r6
 326 001c 3946     		mov	r1, r7
 327 001e 2846     		mov	r0, r5
 328 0020 FFF7FEFF 		bl	prvReadBytesFromBuffer
 329 0024 03B0     		add	sp, sp, #12
 330              		@ sp needed
 331 0026 BDE8F083 		pop	{r4, r5, r6, r7, r8, r9, pc}
 332              	.L38:
 333 002a D0F80090 		ldr	r9, [r0]
 334 002e 4246     		mov	r2, r8
 335 0030 01A9     		add	r1, sp, #4
 336 0032 FFF7FEFF 		bl	prvReadBytesFromBuffer
 337 0036 019B     		ldr	r3, [sp, #4]
 338 0038 A4EB0804 		sub	r4, r4, r8
 339 003c 9E42     		cmp	r6, r3
 340 003e 03D2     		bcs	.L36
 341 0040 C5F80090 		str	r9, [r5]
 342 0044 0026     		movs	r6, #0
 343 0046 E7E7     		b	.L35
 344              	.L36:
 345 0048 1E46     		mov	r6, r3
 346 004a E5E7     		b	.L35
 348              		.section	.text.xStreamBufferGenericCreate,"ax",%progbits
 349              		.align	1
 350              		.global	xStreamBufferGenericCreate
 351              		.syntax unified
 352              		.thumb
 353              		.thumb_func
 355              	xStreamBufferGenericCreate:
ARM GAS  /var/folders/0f/x4_g94q9649fs6s33cksjfb00000gn/T//ccDhpb9p.s 			page 7


 356              		@ args = 0, pretend = 0, frame = 0
 357              		@ frame_needed = 0, uses_anonymous_args = 0
 358 0000 F0B5     		push	{r4, r5, r6, r7, lr}
 359 0002 83B0     		sub	sp, sp, #12
 360 0004 0C46     		mov	r4, r1
 361 0006 012A     		cmp	r2, #1
 362 0008 0BD0     		beq	.L52
 363 000a C8B9     		cbnz	r0, .L49
 364              		.syntax unified
 365              	@ 195 "Middlewares/Third_Party/FreeRTOS/Source/portable/GCC/ARM_CM7/r0p1/portmacro.h" 1
 366 000c 4FF05003 			mov r3, #80												
 367 0010 72B6     		cpsid i													
 368 0012 83F31188 		msr basepri, r3											
 369 0016 BFF36F8F 		isb														
 370 001a BFF34F8F 		dsb														
 371 001e 62B6     		cpsie i													
 372              	
 373              	@ 0 "" 2
 374              		.thumb
 375              		.syntax unified
 376              	.L43:
 377 0020 FEE7     		b	.L43
 378              	.L52:
 379 0022 0428     		cmp	r0, #4
 380 0024 0AD8     		bhi	.L48
 381              		.syntax unified
 382              	@ 195 "Middlewares/Third_Party/FreeRTOS/Source/portable/GCC/ARM_CM7/r0p1/portmacro.h" 1
 383 0026 4FF05003 			mov r3, #80												
 384 002a 72B6     		cpsid i													
 385 002c 83F31188 		msr basepri, r3											
 386 0030 BFF36F8F 		isb														
 387 0034 BFF34F8F 		dsb														
 388 0038 62B6     		cpsie i													
 389              	
 390              	@ 0 "" 2
 391              		.thumb
 392              		.syntax unified
 393              	.L42:
 394 003a FEE7     		b	.L42
 395              	.L48:
 396 003c 0126     		movs	r6, #1
 397 003e 00E0     		b	.L41
 398              	.L49:
 399 0040 0026     		movs	r6, #0
 400              	.L41:
 401 0042 A042     		cmp	r0, r4
 402 0044 0AD2     		bcs	.L44
 403              		.syntax unified
 404              	@ 195 "Middlewares/Third_Party/FreeRTOS/Source/portable/GCC/ARM_CM7/r0p1/portmacro.h" 1
 405 0046 4FF05003 			mov r3, #80												
 406 004a 72B6     		cpsid i													
 407 004c 83F31188 		msr basepri, r3											
 408 0050 BFF36F8F 		isb														
 409 0054 BFF34F8F 		dsb														
 410 0058 62B6     		cpsie i													
 411              	
 412              	@ 0 "" 2
ARM GAS  /var/folders/0f/x4_g94q9649fs6s33cksjfb00000gn/T//ccDhpb9p.s 			page 8


 413              		.thumb
 414              		.syntax unified
 415              	.L45:
 416 005a FEE7     		b	.L45
 417              	.L44:
 418 005c 04B9     		cbnz	r4, .L46
 419 005e 0124     		movs	r4, #1
 420              	.L46:
 421 0060 471C     		adds	r7, r0, #1
 422 0062 2530     		adds	r0, r0, #37
 423 0064 FFF7FEFF 		bl	pvPortMalloc
 424 0068 0546     		mov	r5, r0
 425 006a 30B1     		cbz	r0, .L39
 426 006c 0096     		str	r6, [sp]
 427 006e 2346     		mov	r3, r4
 428 0070 3A46     		mov	r2, r7
 429 0072 00F12401 		add	r1, r0, #36
 430 0076 FFF7FEFF 		bl	prvInitialiseNewStreamBuffer
 431              	.L39:
 432 007a 2846     		mov	r0, r5
 433 007c 03B0     		add	sp, sp, #12
 434              		@ sp needed
 435 007e F0BD     		pop	{r4, r5, r6, r7, pc}
 437              		.section	.text.xStreamBufferGenericCreateStatic,"ax",%progbits
 438              		.align	1
 439              		.global	xStreamBufferGenericCreateStatic
 440              		.syntax unified
 441              		.thumb
 442              		.thumb_func
 444              	xStreamBufferGenericCreateStatic:
 445              		@ args = 4, pretend = 0, frame = 8
 446              		@ frame_needed = 0, uses_anonymous_args = 0
 447 0000 8BB1     		cbz	r3, .L70
 448 0002 00B5     		push	{lr}
 449 0004 85B0     		sub	sp, sp, #20
 450 0006 9C46     		mov	ip, r3
 451 0008 069B     		ldr	r3, [sp, #24]
 452 000a BBB1     		cbz	r3, .L71
 453 000c 8142     		cmp	r1, r0
 454 000e 20D9     		bls	.L58
 455              		.syntax unified
 456              	@ 195 "Middlewares/Third_Party/FreeRTOS/Source/portable/GCC/ARM_CM7/r0p1/portmacro.h" 1
 457 0010 4FF05003 			mov r3, #80												
 458 0014 72B6     		cpsid i													
 459 0016 83F31188 		msr basepri, r3											
 460 001a BFF36F8F 		isb														
 461 001e BFF34F8F 		dsb														
 462 0022 62B6     		cpsie i													
 463              	
 464              	@ 0 "" 2
 465              		.thumb
 466              		.syntax unified
 467              	.L59:
 468 0024 FEE7     		b	.L59
 469              	.L70:
 470              		.syntax unified
 471              	@ 195 "Middlewares/Third_Party/FreeRTOS/Source/portable/GCC/ARM_CM7/r0p1/portmacro.h" 1
ARM GAS  /var/folders/0f/x4_g94q9649fs6s33cksjfb00000gn/T//ccDhpb9p.s 			page 9


 472 0026 4FF05003 			mov r3, #80												
 473 002a 72B6     		cpsid i													
 474 002c 83F31188 		msr basepri, r3											
 475 0030 BFF36F8F 		isb														
 476 0034 BFF34F8F 		dsb														
 477 0038 62B6     		cpsie i													
 478              	
 479              	@ 0 "" 2
 480              		.thumb
 481              		.syntax unified
 482              	.L55:
 483 003a FEE7     		b	.L55
 484              	.L71:
 485              		.syntax unified
 486              	@ 195 "Middlewares/Third_Party/FreeRTOS/Source/portable/GCC/ARM_CM7/r0p1/portmacro.h" 1
 487 003c 4FF05003 			mov r3, #80												
 488 0040 72B6     		cpsid i													
 489 0042 83F31188 		msr basepri, r3											
 490 0046 BFF36F8F 		isb														
 491 004a BFF34F8F 		dsb														
 492 004e 62B6     		cpsie i													
 493              	
 494              	@ 0 "" 2
 495              		.thumb
 496              		.syntax unified
 497              	.L57:
 498 0050 FEE7     		b	.L57
 499              	.L58:
 500 0052 01B9     		cbnz	r1, .L60
 501 0054 0121     		movs	r1, #1
 502              	.L60:
 503 0056 6AB1     		cbz	r2, .L67
 504 0058 0323     		movs	r3, #3
 505              	.L61:
 506 005a 0428     		cmp	r0, #4
 507 005c 0CD8     		bhi	.L62
 508              		.syntax unified
 509              	@ 195 "Middlewares/Third_Party/FreeRTOS/Source/portable/GCC/ARM_CM7/r0p1/portmacro.h" 1
 510 005e 4FF05003 			mov r3, #80												
 511 0062 72B6     		cpsid i													
 512 0064 83F31188 		msr basepri, r3											
 513 0068 BFF36F8F 		isb														
 514 006c BFF34F8F 		dsb														
 515 0070 62B6     		cpsie i													
 516              	
 517              	@ 0 "" 2
 518              		.thumb
 519              		.syntax unified
 520              	.L63:
 521 0072 FEE7     		b	.L63
 522              	.L67:
 523 0074 0223     		movs	r3, #2
 524 0076 F0E7     		b	.L61
 525              	.L62:
 526 0078 2422     		movs	r2, #36
 527 007a 0392     		str	r2, [sp, #12]
 528 007c 039A     		ldr	r2, [sp, #12]
ARM GAS  /var/folders/0f/x4_g94q9649fs6s33cksjfb00000gn/T//ccDhpb9p.s 			page 10


 529 007e 242A     		cmp	r2, #36
 530 0080 0AD0     		beq	.L64
 531              		.syntax unified
 532              	@ 195 "Middlewares/Third_Party/FreeRTOS/Source/portable/GCC/ARM_CM7/r0p1/portmacro.h" 1
 533 0082 4FF05003 			mov r3, #80												
 534 0086 72B6     		cpsid i													
 535 0088 83F31188 		msr basepri, r3											
 536 008c BFF36F8F 		isb														
 537 0090 BFF34F8F 		dsb														
 538 0094 62B6     		cpsie i													
 539              	
 540              	@ 0 "" 2
 541              		.thumb
 542              		.syntax unified
 543              	.L65:
 544 0096 FEE7     		b	.L65
 545              	.L64:
 546 0098 0093     		str	r3, [sp]
 547 009a 0B46     		mov	r3, r1
 548 009c 0246     		mov	r2, r0
 549 009e 6146     		mov	r1, ip
 550 00a0 0698     		ldr	r0, [sp, #24]
 551 00a2 FFF7FEFF 		bl	prvInitialiseNewStreamBuffer
 552 00a6 069B     		ldr	r3, [sp, #24]
 553 00a8 1B7F     		ldrb	r3, [r3, #28]	@ zero_extendqisi2
 554 00aa 43F00203 		orr	r3, r3, #2
 555 00ae 069A     		ldr	r2, [sp, #24]
 556 00b0 1377     		strb	r3, [r2, #28]
 557 00b2 1046     		mov	r0, r2
 558 00b4 05B0     		add	sp, sp, #20
 559              		@ sp needed
 560 00b6 5DF804FB 		ldr	pc, [sp], #4
 562              		.section	.text.vStreamBufferDelete,"ax",%progbits
 563              		.align	1
 564              		.global	vStreamBufferDelete
 565              		.syntax unified
 566              		.thumb
 567              		.thumb_func
 569              	vStreamBufferDelete:
 570              		@ args = 0, pretend = 0, frame = 0
 571              		@ frame_needed = 0, uses_anonymous_args = 0
 572 0000 08B5     		push	{r3, lr}
 573 0002 30B1     		cbz	r0, .L78
 574 0004 027F     		ldrb	r2, [r0, #28]	@ zero_extendqisi2
 575 0006 12F0020F 		tst	r2, #2
 576 000a 0DD1     		bne	.L75
 577 000c FFF7FEFF 		bl	vPortFree
 578              	.L72:
 579 0010 08BD     		pop	{r3, pc}
 580              	.L78:
 581              		.syntax unified
 582              	@ 195 "Middlewares/Third_Party/FreeRTOS/Source/portable/GCC/ARM_CM7/r0p1/portmacro.h" 1
 583 0012 4FF05003 			mov r3, #80												
 584 0016 72B6     		cpsid i													
 585 0018 83F31188 		msr basepri, r3											
 586 001c BFF36F8F 		isb														
 587 0020 BFF34F8F 		dsb														
ARM GAS  /var/folders/0f/x4_g94q9649fs6s33cksjfb00000gn/T//ccDhpb9p.s 			page 11


 588 0024 62B6     		cpsie i													
 589              	
 590              	@ 0 "" 2
 591              		.thumb
 592              		.syntax unified
 593              	.L74:
 594 0026 FEE7     		b	.L74
 595              	.L75:
 596 0028 2422     		movs	r2, #36
 597 002a 0021     		movs	r1, #0
 598 002c FFF7FEFF 		bl	memset
 599 0030 EEE7     		b	.L72
 601              		.section	.text.xStreamBufferReset,"ax",%progbits
 602              		.align	1
 603              		.global	xStreamBufferReset
 604              		.syntax unified
 605              		.thumb
 606              		.thumb_func
 608              	xStreamBufferReset:
 609              		@ args = 0, pretend = 0, frame = 0
 610              		@ frame_needed = 0, uses_anonymous_args = 0
 611 0000 68B1     		cbz	r0, .L87
 612 0002 30B5     		push	{r4, r5, lr}
 613 0004 83B0     		sub	sp, sp, #12
 614 0006 0446     		mov	r4, r0
 615 0008 056A     		ldr	r5, [r0, #32]
 616 000a FFF7FEFF 		bl	vPortEnterCritical
 617 000e 2369     		ldr	r3, [r4, #16]
 618 0010 83B1     		cbz	r3, .L88
 619 0012 0024     		movs	r4, #0
 620              	.L82:
 621 0014 FFF7FEFF 		bl	vPortExitCritical
 622 0018 2046     		mov	r0, r4
 623 001a 03B0     		add	sp, sp, #12
 624              		@ sp needed
 625 001c 30BD     		pop	{r4, r5, pc}
 626              	.L87:
 627              		.syntax unified
 628              	@ 195 "Middlewares/Third_Party/FreeRTOS/Source/portable/GCC/ARM_CM7/r0p1/portmacro.h" 1
 629 001e 4FF05003 			mov r3, #80												
 630 0022 72B6     		cpsid i													
 631 0024 83F31188 		msr basepri, r3											
 632 0028 BFF36F8F 		isb														
 633 002c BFF34F8F 		dsb														
 634 0030 62B6     		cpsie i													
 635              	
 636              	@ 0 "" 2
 637              		.thumb
 638              		.syntax unified
 639              	.L81:
 640 0032 FEE7     		b	.L81
 641              	.L88:
 642 0034 6369     		ldr	r3, [r4, #20]
 643 0036 0BB1     		cbz	r3, .L89
 644 0038 0024     		movs	r4, #0
 645 003a EBE7     		b	.L82
 646              	.L89:
ARM GAS  /var/folders/0f/x4_g94q9649fs6s33cksjfb00000gn/T//ccDhpb9p.s 			page 12


 647 003c 237F     		ldrb	r3, [r4, #28]	@ zero_extendqisi2
 648 003e 0093     		str	r3, [sp]
 649 0040 E368     		ldr	r3, [r4, #12]
 650 0042 A268     		ldr	r2, [r4, #8]
 651 0044 A169     		ldr	r1, [r4, #24]
 652 0046 2046     		mov	r0, r4
 653 0048 FFF7FEFF 		bl	prvInitialiseNewStreamBuffer
 654 004c 2562     		str	r5, [r4, #32]
 655 004e 0124     		movs	r4, #1
 656 0050 E0E7     		b	.L82
 658              		.section	.text.xStreamBufferSetTriggerLevel,"ax",%progbits
 659              		.align	1
 660              		.global	xStreamBufferSetTriggerLevel
 661              		.syntax unified
 662              		.thumb
 663              		.thumb_func
 665              	xStreamBufferSetTriggerLevel:
 666              		@ args = 0, pretend = 0, frame = 0
 667              		@ frame_needed = 0, uses_anonymous_args = 0
 668              		@ link register save eliminated.
 669 0000 0346     		mov	r3, r0
 670 0002 38B1     		cbz	r0, .L97
 671 0004 01B9     		cbnz	r1, .L93
 672 0006 0121     		movs	r1, #1
 673              	.L93:
 674 0008 9A68     		ldr	r2, [r3, #8]
 675 000a 8A42     		cmp	r2, r1
 676 000c 0DD3     		bcc	.L96
 677 000e D960     		str	r1, [r3, #12]
 678 0010 0120     		movs	r0, #1
 679 0012 7047     		bx	lr
 680              	.L97:
 681              		.syntax unified
 682              	@ 195 "Middlewares/Third_Party/FreeRTOS/Source/portable/GCC/ARM_CM7/r0p1/portmacro.h" 1
 683 0014 4FF05003 			mov r3, #80												
 684 0018 72B6     		cpsid i													
 685 001a 83F31188 		msr basepri, r3											
 686 001e BFF36F8F 		isb														
 687 0022 BFF34F8F 		dsb														
 688 0026 62B6     		cpsie i													
 689              	
 690              	@ 0 "" 2
 691              		.thumb
 692              		.syntax unified
 693              	.L92:
 694 0028 FEE7     		b	.L92
 695              	.L96:
 696 002a 0020     		movs	r0, #0
 697 002c 7047     		bx	lr
 699              		.section	.text.xStreamBufferSpacesAvailable,"ax",%progbits
 700              		.align	1
 701              		.global	xStreamBufferSpacesAvailable
 702              		.syntax unified
 703              		.thumb
 704              		.thumb_func
 706              	xStreamBufferSpacesAvailable:
 707              		@ args = 0, pretend = 0, frame = 0
ARM GAS  /var/folders/0f/x4_g94q9649fs6s33cksjfb00000gn/T//ccDhpb9p.s 			page 13


 708              		@ frame_needed = 0, uses_anonymous_args = 0
 709              		@ link register save eliminated.
 710 0000 0346     		mov	r3, r0
 711 0002 48B1     		cbz	r0, .L102
 712 0004 8268     		ldr	r2, [r0, #8]
 713 0006 0068     		ldr	r0, [r0]
 714 0008 1044     		add	r0, r0, r2
 715 000a 5B68     		ldr	r3, [r3, #4]
 716 000c C01A     		subs	r0, r0, r3
 717 000e 0138     		subs	r0, r0, #1
 718 0010 8242     		cmp	r2, r0
 719 0012 00D8     		bhi	.L98
 720 0014 801A     		subs	r0, r0, r2
 721              	.L98:
 722 0016 7047     		bx	lr
 723              	.L102:
 724              		.syntax unified
 725              	@ 195 "Middlewares/Third_Party/FreeRTOS/Source/portable/GCC/ARM_CM7/r0p1/portmacro.h" 1
 726 0018 4FF05003 			mov r3, #80												
 727 001c 72B6     		cpsid i													
 728 001e 83F31188 		msr basepri, r3											
 729 0022 BFF36F8F 		isb														
 730 0026 BFF34F8F 		dsb														
 731 002a 62B6     		cpsie i													
 732              	
 733              	@ 0 "" 2
 734              		.thumb
 735              		.syntax unified
 736              	.L100:
 737 002c FEE7     		b	.L100
 739              		.section	.text.xStreamBufferBytesAvailable,"ax",%progbits
 740              		.align	1
 741              		.global	xStreamBufferBytesAvailable
 742              		.syntax unified
 743              		.thumb
 744              		.thumb_func
 746              	xStreamBufferBytesAvailable:
 747              		@ args = 0, pretend = 0, frame = 0
 748              		@ frame_needed = 0, uses_anonymous_args = 0
 749 0000 08B5     		push	{r3, lr}
 750 0002 10B1     		cbz	r0, .L107
 751 0004 FFF7FEFF 		bl	prvBytesInBuffer
 752 0008 08BD     		pop	{r3, pc}
 753              	.L107:
 754              		.syntax unified
 755              	@ 195 "Middlewares/Third_Party/FreeRTOS/Source/portable/GCC/ARM_CM7/r0p1/portmacro.h" 1
 756 000a 4FF05003 			mov r3, #80												
 757 000e 72B6     		cpsid i													
 758 0010 83F31188 		msr basepri, r3											
 759 0014 BFF36F8F 		isb														
 760 0018 BFF34F8F 		dsb														
 761 001c 62B6     		cpsie i													
 762              	
 763              	@ 0 "" 2
 764              		.thumb
 765              		.syntax unified
 766              	.L105:
ARM GAS  /var/folders/0f/x4_g94q9649fs6s33cksjfb00000gn/T//ccDhpb9p.s 			page 14


 767 001e FEE7     		b	.L105
 769              		.section	.text.xStreamBufferSend,"ax",%progbits
 770              		.align	1
 771              		.global	xStreamBufferSend
 772              		.syntax unified
 773              		.thumb
 774              		.thumb_func
 776              	xStreamBufferSend:
 777              		@ args = 0, pretend = 0, frame = 16
 778              		@ frame_needed = 0, uses_anonymous_args = 0
 779 0000 2DE9F041 		push	{r4, r5, r6, r7, r8, lr}
 780 0004 86B0     		sub	sp, sp, #24
 781 0006 0393     		str	r3, [sp, #12]
 782 0008 A9B1     		cbz	r1, .L126
 783 000a 0446     		mov	r4, r0
 784 000c 1646     		mov	r6, r2
 785 000e 8846     		mov	r8, r1
 786 0010 E0B1     		cbz	r0, .L127
 787 0012 037F     		ldrb	r3, [r0, #28]	@ zero_extendqisi2
 788 0014 13F0010F 		tst	r3, #1
 789 0018 23D0     		beq	.L124
 790 001a 171D     		adds	r7, r2, #4
 791 001c BA42     		cmp	r2, r7
 792 001e 21D3     		bcc	.L113
 793              		.syntax unified
 794              	@ 195 "Middlewares/Third_Party/FreeRTOS/Source/portable/GCC/ARM_CM7/r0p1/portmacro.h" 1
 795 0020 4FF05003 			mov r3, #80												
 796 0024 72B6     		cpsid i													
 797 0026 83F31188 		msr basepri, r3											
 798 002a BFF36F8F 		isb														
 799 002e BFF34F8F 		dsb														
 800 0032 62B6     		cpsie i													
 801              	
 802              	@ 0 "" 2
 803              		.thumb
 804              		.syntax unified
 805              	.L114:
 806 0034 FEE7     		b	.L114
 807              	.L126:
 808              		.syntax unified
 809              	@ 195 "Middlewares/Third_Party/FreeRTOS/Source/portable/GCC/ARM_CM7/r0p1/portmacro.h" 1
 810 0036 4FF05003 			mov r3, #80												
 811 003a 72B6     		cpsid i													
 812 003c 83F31188 		msr basepri, r3											
 813 0040 BFF36F8F 		isb														
 814 0044 BFF34F8F 		dsb														
 815 0048 62B6     		cpsie i													
 816              	
 817              	@ 0 "" 2
 818              		.thumb
 819              		.syntax unified
 820              	.L110:
 821 004a FEE7     		b	.L110
 822              	.L127:
 823              		.syntax unified
 824              	@ 195 "Middlewares/Third_Party/FreeRTOS/Source/portable/GCC/ARM_CM7/r0p1/portmacro.h" 1
 825 004c 4FF05003 			mov r3, #80												
ARM GAS  /var/folders/0f/x4_g94q9649fs6s33cksjfb00000gn/T//ccDhpb9p.s 			page 15


 826 0050 72B6     		cpsid i													
 827 0052 83F31188 		msr basepri, r3											
 828 0056 BFF36F8F 		isb														
 829 005a BFF34F8F 		dsb														
 830 005e 62B6     		cpsie i													
 831              	
 832              	@ 0 "" 2
 833              		.thumb
 834              		.syntax unified
 835              	.L112:
 836 0060 FEE7     		b	.L112
 837              	.L124:
 838 0062 1746     		mov	r7, r2
 839              	.L113:
 840 0064 039B     		ldr	r3, [sp, #12]
 841 0066 8BB3     		cbz	r3, .L115
 842 0068 04A8     		add	r0, sp, #16
 843 006a FFF7FEFF 		bl	vTaskSetTimeOutState
 844              	.L119:
 845 006e FFF7FEFF 		bl	vPortEnterCritical
 846 0072 2046     		mov	r0, r4
 847 0074 FFF7FEFF 		bl	xStreamBufferSpacesAvailable
 848 0078 0546     		mov	r5, r0
 849 007a 8742     		cmp	r7, r0
 850 007c 23D9     		bls	.L116
 851 007e 0020     		movs	r0, #0
 852 0080 FFF7FEFF 		bl	xTaskNotifyStateClear
 853 0084 6369     		ldr	r3, [r4, #20]
 854 0086 9BB9     		cbnz	r3, .L128
 855 0088 FFF7FEFF 		bl	xTaskGetCurrentTaskHandle
 856 008c 6061     		str	r0, [r4, #20]
 857 008e FFF7FEFF 		bl	vPortExitCritical
 858 0092 039B     		ldr	r3, [sp, #12]
 859 0094 0022     		movs	r2, #0
 860 0096 1146     		mov	r1, r2
 861 0098 1046     		mov	r0, r2
 862 009a FFF7FEFF 		bl	xTaskNotifyWait
 863 009e 0023     		movs	r3, #0
 864 00a0 6361     		str	r3, [r4, #20]
 865 00a2 03A9     		add	r1, sp, #12
 866 00a4 04A8     		add	r0, sp, #16
 867 00a6 FFF7FEFF 		bl	xTaskCheckForTimeOut
 868 00aa 0028     		cmp	r0, #0
 869 00ac DFD0     		beq	.L119
 870 00ae 0CE0     		b	.L120
 871              	.L128:
 872              		.syntax unified
 873              	@ 195 "Middlewares/Third_Party/FreeRTOS/Source/portable/GCC/ARM_CM7/r0p1/portmacro.h" 1
 874 00b0 4FF05003 			mov r3, #80												
 875 00b4 72B6     		cpsid i													
 876 00b6 83F31188 		msr basepri, r3											
 877 00ba BFF36F8F 		isb														
 878 00be BFF34F8F 		dsb														
 879 00c2 62B6     		cpsie i													
 880              	
 881              	@ 0 "" 2
 882              		.thumb
ARM GAS  /var/folders/0f/x4_g94q9649fs6s33cksjfb00000gn/T//ccDhpb9p.s 			page 16


 883              		.syntax unified
 884              	.L118:
 885 00c4 FEE7     		b	.L118
 886              	.L116:
 887 00c6 FFF7FEFF 		bl	vPortExitCritical
 888              	.L120:
 889 00ca 1DB9     		cbnz	r5, .L121
 890              	.L115:
 891 00cc 2046     		mov	r0, r4
 892 00ce FFF7FEFF 		bl	xStreamBufferSpacesAvailable
 893 00d2 0546     		mov	r5, r0
 894              	.L121:
 895 00d4 0097     		str	r7, [sp]
 896 00d6 2B46     		mov	r3, r5
 897 00d8 3246     		mov	r2, r6
 898 00da 4146     		mov	r1, r8
 899 00dc 2046     		mov	r0, r4
 900 00de FFF7FEFF 		bl	prvWriteMessageToBuffer
 901 00e2 0546     		mov	r5, r0
 902 00e4 18B9     		cbnz	r0, .L129
 903              	.L108:
 904 00e6 2846     		mov	r0, r5
 905 00e8 06B0     		add	sp, sp, #24
 906              		@ sp needed
 907 00ea BDE8F081 		pop	{r4, r5, r6, r7, r8, pc}
 908              	.L129:
 909 00ee 2046     		mov	r0, r4
 910 00f0 FFF7FEFF 		bl	prvBytesInBuffer
 911 00f4 E368     		ldr	r3, [r4, #12]
 912 00f6 9842     		cmp	r0, r3
 913 00f8 F5D3     		bcc	.L108
 914 00fa FFF7FEFF 		bl	vTaskSuspendAll
 915 00fe 2369     		ldr	r3, [r4, #16]
 916 0100 3BB1     		cbz	r3, .L123
 917 0102 2069     		ldr	r0, [r4, #16]
 918 0104 0023     		movs	r3, #0
 919 0106 1A46     		mov	r2, r3
 920 0108 1946     		mov	r1, r3
 921 010a FFF7FEFF 		bl	xTaskGenericNotify
 922 010e 0023     		movs	r3, #0
 923 0110 2361     		str	r3, [r4, #16]
 924              	.L123:
 925 0112 FFF7FEFF 		bl	xTaskResumeAll
 926 0116 E6E7     		b	.L108
 928              		.section	.text.xStreamBufferSendFromISR,"ax",%progbits
 929              		.align	1
 930              		.global	xStreamBufferSendFromISR
 931              		.syntax unified
 932              		.thumb
 933              		.thumb_func
 935              	xStreamBufferSendFromISR:
 936              		@ args = 0, pretend = 0, frame = 0
 937              		@ frame_needed = 0, uses_anonymous_args = 0
 938 0000 F1B1     		cbz	r1, .L141
 939 0002 2DE9F041 		push	{r4, r5, r6, r7, r8, lr}
 940 0006 82B0     		sub	sp, sp, #8
 941 0008 0446     		mov	r4, r0
ARM GAS  /var/folders/0f/x4_g94q9649fs6s33cksjfb00000gn/T//ccDhpb9p.s 			page 17


 942 000a 1546     		mov	r5, r2
 943 000c 1E46     		mov	r6, r3
 944 000e 0F46     		mov	r7, r1
 945 0010 08B3     		cbz	r0, .L142
 946 0012 037F     		ldrb	r3, [r0, #28]	@ zero_extendqisi2
 947 0014 13F0010F 		tst	r3, #1
 948 0018 28D0     		beq	.L138
 949 001a 02F10408 		add	r8, r2, #4
 950              	.L135:
 951 001e 2046     		mov	r0, r4
 952 0020 FFF7FEFF 		bl	xStreamBufferSpacesAvailable
 953 0024 0346     		mov	r3, r0
 954 0026 CDF80080 		str	r8, [sp]
 955 002a 2A46     		mov	r2, r5
 956 002c 3946     		mov	r1, r7
 957 002e 2046     		mov	r0, r4
 958 0030 FFF7FEFF 		bl	prvWriteMessageToBuffer
 959 0034 0546     		mov	r5, r0
 960 0036 D8B9     		cbnz	r0, .L143
 961              	.L130:
 962 0038 2846     		mov	r0, r5
 963 003a 02B0     		add	sp, sp, #8
 964              		@ sp needed
 965 003c BDE8F081 		pop	{r4, r5, r6, r7, r8, pc}
 966              	.L141:
 967              		.syntax unified
 968              	@ 195 "Middlewares/Third_Party/FreeRTOS/Source/portable/GCC/ARM_CM7/r0p1/portmacro.h" 1
 969 0040 4FF05003 			mov r3, #80												
 970 0044 72B6     		cpsid i													
 971 0046 83F31188 		msr basepri, r3											
 972 004a BFF36F8F 		isb														
 973 004e BFF34F8F 		dsb														
 974 0052 62B6     		cpsie i													
 975              	
 976              	@ 0 "" 2
 977              		.thumb
 978              		.syntax unified
 979              	.L132:
 980 0054 FEE7     		b	.L132
 981              	.L142:
 982              		.syntax unified
 983              	@ 195 "Middlewares/Third_Party/FreeRTOS/Source/portable/GCC/ARM_CM7/r0p1/portmacro.h" 1
 984 0056 4FF05003 			mov r3, #80												
 985 005a 72B6     		cpsid i													
 986 005c 83F31188 		msr basepri, r3											
 987 0060 BFF36F8F 		isb														
 988 0064 BFF34F8F 		dsb														
 989 0068 62B6     		cpsie i													
 990              	
 991              	@ 0 "" 2
 992              		.thumb
 993              		.syntax unified
 994              	.L134:
 995 006a FEE7     		b	.L134
 996              	.L138:
 997 006c 9046     		mov	r8, r2
 998 006e D6E7     		b	.L135
ARM GAS  /var/folders/0f/x4_g94q9649fs6s33cksjfb00000gn/T//ccDhpb9p.s 			page 18


 999              	.L143:
 1000 0070 2046     		mov	r0, r4
 1001 0072 FFF7FEFF 		bl	prvBytesInBuffer
 1002 0076 E368     		ldr	r3, [r4, #12]
 1003 0078 9842     		cmp	r0, r3
 1004 007a DDD3     		bcc	.L130
 1005              		.syntax unified
 1006              	@ 213 "Middlewares/Third_Party/FreeRTOS/Source/portable/GCC/ARM_CM7/r0p1/portmacro.h" 1
 1007 007c EFF31187 			mrs r7, basepri											
 1008 0080 4FF05003 		mov r3, #80												
 1009 0084 72B6     		cpsid i													
 1010 0086 83F31188 		msr basepri, r3											
 1011 008a BFF36F8F 		isb														
 1012 008e BFF34F8F 		dsb														
 1013 0092 62B6     		cpsie i													
 1014              	
 1015              	@ 0 "" 2
 1016              		.thumb
 1017              		.syntax unified
 1018 0094 2369     		ldr	r3, [r4, #16]
 1019 0096 43B1     		cbz	r3, .L137
 1020 0098 2069     		ldr	r0, [r4, #16]
 1021 009a 0096     		str	r6, [sp]
 1022 009c 0023     		movs	r3, #0
 1023 009e 1A46     		mov	r2, r3
 1024 00a0 1946     		mov	r1, r3
 1025 00a2 FFF7FEFF 		bl	xTaskGenericNotifyFromISR
 1026 00a6 0023     		movs	r3, #0
 1027 00a8 2361     		str	r3, [r4, #16]
 1028              	.L137:
 1029              		.syntax unified
 1030              	@ 233 "Middlewares/Third_Party/FreeRTOS/Source/portable/GCC/ARM_CM7/r0p1/portmacro.h" 1
 1031 00aa 87F31188 			msr basepri, r7	
 1032              	@ 0 "" 2
 1033              		.thumb
 1034              		.syntax unified
 1035 00ae C3E7     		b	.L130
 1037              		.section	.text.xStreamBufferReceive,"ax",%progbits
 1038              		.align	1
 1039              		.global	xStreamBufferReceive
 1040              		.syntax unified
 1041              		.thumb
 1042              		.thumb_func
 1044              	xStreamBufferReceive:
 1045              		@ args = 0, pretend = 0, frame = 0
 1046              		@ frame_needed = 0, uses_anonymous_args = 0
 1047 0000 39B3     		cbz	r1, .L161
 1048 0002 2DE9F043 		push	{r4, r5, r6, r7, r8, r9, lr}
 1049 0006 83B0     		sub	sp, sp, #12
 1050 0008 0446     		mov	r4, r0
 1051 000a 1746     		mov	r7, r2
 1052 000c 1E46     		mov	r6, r3
 1053 000e 8846     		mov	r8, r1
 1054 0010 50B3     		cbz	r0, .L162
 1055 0012 037F     		ldrb	r3, [r0, #28]	@ zero_extendqisi2
 1056 0014 13F0010F 		tst	r3, #1
 1057 0018 31D0     		beq	.L157
ARM GAS  /var/folders/0f/x4_g94q9649fs6s33cksjfb00000gn/T//ccDhpb9p.s 			page 19


 1058 001a 4FF00409 		mov	r9, #4
 1059              	.L149:
 1060 001e 002E     		cmp	r6, #0
 1061 0020 44D0     		beq	.L150
 1062 0022 FFF7FEFF 		bl	vPortEnterCritical
 1063 0026 2046     		mov	r0, r4
 1064 0028 FFF7FEFF 		bl	prvBytesInBuffer
 1065 002c 0546     		mov	r5, r0
 1066 002e 8145     		cmp	r9, r0
 1067 0030 2BD3     		bcc	.L151
 1068 0032 0020     		movs	r0, #0
 1069 0034 FFF7FEFF 		bl	xTaskNotifyStateClear
 1070 0038 2369     		ldr	r3, [r4, #16]
 1071 003a 1BB3     		cbz	r3, .L152
 1072              		.syntax unified
 1073              	@ 195 "Middlewares/Third_Party/FreeRTOS/Source/portable/GCC/ARM_CM7/r0p1/portmacro.h" 1
 1074 003c 4FF05003 			mov r3, #80												
 1075 0040 72B6     		cpsid i													
 1076 0042 83F31188 		msr basepri, r3											
 1077 0046 BFF36F8F 		isb														
 1078 004a BFF34F8F 		dsb														
 1079 004e 62B6     		cpsie i													
 1080              	
 1081              	@ 0 "" 2
 1082              		.thumb
 1083              		.syntax unified
 1084              	.L153:
 1085 0050 FEE7     		b	.L153
 1086              	.L161:
 1087              		.syntax unified
 1088              	@ 195 "Middlewares/Third_Party/FreeRTOS/Source/portable/GCC/ARM_CM7/r0p1/portmacro.h" 1
 1089 0052 4FF05003 			mov r3, #80												
 1090 0056 72B6     		cpsid i													
 1091 0058 83F31188 		msr basepri, r3											
 1092 005c BFF36F8F 		isb														
 1093 0060 BFF34F8F 		dsb														
 1094 0064 62B6     		cpsie i													
 1095              	
 1096              	@ 0 "" 2
 1097              		.thumb
 1098              		.syntax unified
 1099              	.L146:
 1100 0066 FEE7     		b	.L146
 1101              	.L162:
 1102              		.syntax unified
 1103              	@ 195 "Middlewares/Third_Party/FreeRTOS/Source/portable/GCC/ARM_CM7/r0p1/portmacro.h" 1
 1104 0068 4FF05003 			mov r3, #80												
 1105 006c 72B6     		cpsid i													
 1106 006e 83F31188 		msr basepri, r3											
 1107 0072 BFF36F8F 		isb														
 1108 0076 BFF34F8F 		dsb														
 1109 007a 62B6     		cpsie i													
 1110              	
 1111              	@ 0 "" 2
 1112              		.thumb
 1113              		.syntax unified
 1114              	.L148:
ARM GAS  /var/folders/0f/x4_g94q9649fs6s33cksjfb00000gn/T//ccDhpb9p.s 			page 20


 1115 007c FEE7     		b	.L148
 1116              	.L157:
 1117 007e 4FF00009 		mov	r9, #0
 1118 0082 CCE7     		b	.L149
 1119              	.L152:
 1120 0084 FFF7FEFF 		bl	xTaskGetCurrentTaskHandle
 1121 0088 2061     		str	r0, [r4, #16]
 1122              	.L151:
 1123 008a FFF7FEFF 		bl	vPortExitCritical
 1124 008e A945     		cmp	r9, r5
 1125 0090 10D3     		bcc	.L154
 1126 0092 3346     		mov	r3, r6
 1127 0094 0022     		movs	r2, #0
 1128 0096 1146     		mov	r1, r2
 1129 0098 1046     		mov	r0, r2
 1130 009a FFF7FEFF 		bl	xTaskNotifyWait
 1131 009e 0023     		movs	r3, #0
 1132 00a0 2361     		str	r3, [r4, #16]
 1133 00a2 2046     		mov	r0, r4
 1134 00a4 FFF7FEFF 		bl	prvBytesInBuffer
 1135 00a8 0546     		mov	r5, r0
 1136 00aa 03E0     		b	.L154
 1137              	.L150:
 1138 00ac 2046     		mov	r0, r4
 1139 00ae FFF7FEFF 		bl	prvBytesInBuffer
 1140 00b2 0546     		mov	r5, r0
 1141              	.L154:
 1142 00b4 4D45     		cmp	r5, r9
 1143 00b6 04D8     		bhi	.L163
 1144 00b8 0025     		movs	r5, #0
 1145              	.L144:
 1146 00ba 2846     		mov	r0, r5
 1147 00bc 03B0     		add	sp, sp, #12
 1148              		@ sp needed
 1149 00be BDE8F083 		pop	{r4, r5, r6, r7, r8, r9, pc}
 1150              	.L163:
 1151 00c2 CDF80090 		str	r9, [sp]
 1152 00c6 2B46     		mov	r3, r5
 1153 00c8 3A46     		mov	r2, r7
 1154 00ca 4146     		mov	r1, r8
 1155 00cc 2046     		mov	r0, r4
 1156 00ce FFF7FEFF 		bl	prvReadMessageFromBuffer
 1157 00d2 0546     		mov	r5, r0
 1158 00d4 0028     		cmp	r0, #0
 1159 00d6 F0D0     		beq	.L144
 1160 00d8 FFF7FEFF 		bl	vTaskSuspendAll
 1161 00dc 6369     		ldr	r3, [r4, #20]
 1162 00de 3BB1     		cbz	r3, .L156
 1163 00e0 6069     		ldr	r0, [r4, #20]
 1164 00e2 0023     		movs	r3, #0
 1165 00e4 1A46     		mov	r2, r3
 1166 00e6 1946     		mov	r1, r3
 1167 00e8 FFF7FEFF 		bl	xTaskGenericNotify
 1168 00ec 0023     		movs	r3, #0
 1169 00ee 6361     		str	r3, [r4, #20]
 1170              	.L156:
 1171 00f0 FFF7FEFF 		bl	xTaskResumeAll
ARM GAS  /var/folders/0f/x4_g94q9649fs6s33cksjfb00000gn/T//ccDhpb9p.s 			page 21


 1172 00f4 E1E7     		b	.L144
 1174              		.section	.text.xStreamBufferNextMessageLengthBytes,"ax",%progbits
 1175              		.align	1
 1176              		.global	xStreamBufferNextMessageLengthBytes
 1177              		.syntax unified
 1178              		.thumb
 1179              		.thumb_func
 1181              	xStreamBufferNextMessageLengthBytes:
 1182              		@ args = 0, pretend = 0, frame = 8
 1183              		@ frame_needed = 0, uses_anonymous_args = 0
 1184 0000 48B1     		cbz	r0, .L173
 1185 0002 30B5     		push	{r4, r5, lr}
 1186 0004 83B0     		sub	sp, sp, #12
 1187 0006 0446     		mov	r4, r0
 1188 0008 037F     		ldrb	r3, [r0, #28]	@ zero_extendqisi2
 1189 000a 13F0010F 		tst	r3, #1
 1190 000e 0DD1     		bne	.L174
 1191 0010 0020     		movs	r0, #0
 1192              	.L164:
 1193 0012 03B0     		add	sp, sp, #12
 1194              		@ sp needed
 1195 0014 30BD     		pop	{r4, r5, pc}
 1196              	.L173:
 1197              		.syntax unified
 1198              	@ 195 "Middlewares/Third_Party/FreeRTOS/Source/portable/GCC/ARM_CM7/r0p1/portmacro.h" 1
 1199 0016 4FF05003 			mov r3, #80												
 1200 001a 72B6     		cpsid i													
 1201 001c 83F31188 		msr basepri, r3											
 1202 0020 BFF36F8F 		isb														
 1203 0024 BFF34F8F 		dsb														
 1204 0028 62B6     		cpsie i													
 1205              	
 1206              	@ 0 "" 2
 1207              		.thumb
 1208              		.syntax unified
 1209              	.L166:
 1210 002a FEE7     		b	.L166
 1211              	.L174:
 1212 002c FFF7FEFF 		bl	prvBytesInBuffer
 1213 0030 0428     		cmp	r0, #4
 1214 0032 0CD8     		bhi	.L175
 1215 0034 0028     		cmp	r0, #0
 1216 0036 ECD0     		beq	.L164
 1217              		.syntax unified
 1218              	@ 195 "Middlewares/Third_Party/FreeRTOS/Source/portable/GCC/ARM_CM7/r0p1/portmacro.h" 1
 1219 0038 4FF05003 			mov r3, #80												
 1220 003c 72B6     		cpsid i													
 1221 003e 83F31188 		msr basepri, r3											
 1222 0042 BFF36F8F 		isb														
 1223 0046 BFF34F8F 		dsb														
 1224 004a 62B6     		cpsie i													
 1225              	
 1226              	@ 0 "" 2
 1227              		.thumb
 1228              		.syntax unified
 1229              	.L169:
 1230 004c FEE7     		b	.L169
ARM GAS  /var/folders/0f/x4_g94q9649fs6s33cksjfb00000gn/T//ccDhpb9p.s 			page 22


 1231              	.L175:
 1232 004e 2568     		ldr	r5, [r4]
 1233 0050 0346     		mov	r3, r0
 1234 0052 0422     		movs	r2, #4
 1235 0054 0DEB0201 		add	r1, sp, r2
 1236 0058 2046     		mov	r0, r4
 1237 005a FFF7FEFF 		bl	prvReadBytesFromBuffer
 1238 005e 0198     		ldr	r0, [sp, #4]
 1239 0060 2560     		str	r5, [r4]
 1240 0062 D6E7     		b	.L164
 1242              		.section	.text.xStreamBufferReceiveFromISR,"ax",%progbits
 1243              		.align	1
 1244              		.global	xStreamBufferReceiveFromISR
 1245              		.syntax unified
 1246              		.thumb
 1247              		.thumb_func
 1249              	xStreamBufferReceiveFromISR:
 1250              		@ args = 0, pretend = 0, frame = 0
 1251              		@ frame_needed = 0, uses_anonymous_args = 0
 1252 0000 B9B1     		cbz	r1, .L188
 1253 0002 2DE9F041 		push	{r4, r5, r6, r7, r8, lr}
 1254 0006 82B0     		sub	sp, sp, #8
 1255 0008 0446     		mov	r4, r0
 1256 000a 1646     		mov	r6, r2
 1257 000c 1D46     		mov	r5, r3
 1258 000e 0F46     		mov	r7, r1
 1259 0010 D0B1     		cbz	r0, .L189
 1260 0012 037F     		ldrb	r3, [r0, #28]	@ zero_extendqisi2
 1261 0014 13F0010F 		tst	r3, #1
 1262 0018 21D0     		beq	.L184
 1263 001a 4FF00408 		mov	r8, #4
 1264              	.L181:
 1265 001e 2046     		mov	r0, r4
 1266 0020 FFF7FEFF 		bl	prvBytesInBuffer
 1267 0024 8045     		cmp	r8, r0
 1268 0026 1DD3     		bcc	.L190
 1269 0028 0026     		movs	r6, #0
 1270              	.L176:
 1271 002a 3046     		mov	r0, r6
 1272 002c 02B0     		add	sp, sp, #8
 1273              		@ sp needed
 1274 002e BDE8F081 		pop	{r4, r5, r6, r7, r8, pc}
 1275              	.L188:
 1276              		.syntax unified
 1277              	@ 195 "Middlewares/Third_Party/FreeRTOS/Source/portable/GCC/ARM_CM7/r0p1/portmacro.h" 1
 1278 0032 4FF05003 			mov r3, #80												
 1279 0036 72B6     		cpsid i													
 1280 0038 83F31188 		msr basepri, r3											
 1281 003c BFF36F8F 		isb														
 1282 0040 BFF34F8F 		dsb														
 1283 0044 62B6     		cpsie i													
 1284              	
 1285              	@ 0 "" 2
 1286              		.thumb
 1287              		.syntax unified
 1288              	.L178:
 1289 0046 FEE7     		b	.L178
ARM GAS  /var/folders/0f/x4_g94q9649fs6s33cksjfb00000gn/T//ccDhpb9p.s 			page 23


 1290              	.L189:
 1291              		.syntax unified
 1292              	@ 195 "Middlewares/Third_Party/FreeRTOS/Source/portable/GCC/ARM_CM7/r0p1/portmacro.h" 1
 1293 0048 4FF05003 			mov r3, #80												
 1294 004c 72B6     		cpsid i													
 1295 004e 83F31188 		msr basepri, r3											
 1296 0052 BFF36F8F 		isb														
 1297 0056 BFF34F8F 		dsb														
 1298 005a 62B6     		cpsie i													
 1299              	
 1300              	@ 0 "" 2
 1301              		.thumb
 1302              		.syntax unified
 1303              	.L180:
 1304 005c FEE7     		b	.L180
 1305              	.L184:
 1306 005e 4FF00008 		mov	r8, #0
 1307 0062 DCE7     		b	.L181
 1308              	.L190:
 1309 0064 CDF80080 		str	r8, [sp]
 1310 0068 0346     		mov	r3, r0
 1311 006a 3246     		mov	r2, r6
 1312 006c 3946     		mov	r1, r7
 1313 006e 2046     		mov	r0, r4
 1314 0070 FFF7FEFF 		bl	prvReadMessageFromBuffer
 1315 0074 0646     		mov	r6, r0
 1316 0076 0028     		cmp	r0, #0
 1317 0078 D7D0     		beq	.L176
 1318              		.syntax unified
 1319              	@ 213 "Middlewares/Third_Party/FreeRTOS/Source/portable/GCC/ARM_CM7/r0p1/portmacro.h" 1
 1320 007a EFF31187 			mrs r7, basepri											
 1321 007e 4FF05003 		mov r3, #80												
 1322 0082 72B6     		cpsid i													
 1323 0084 83F31188 		msr basepri, r3											
 1324 0088 BFF36F8F 		isb														
 1325 008c BFF34F8F 		dsb														
 1326 0090 62B6     		cpsie i													
 1327              	
 1328              	@ 0 "" 2
 1329              		.thumb
 1330              		.syntax unified
 1331 0092 6369     		ldr	r3, [r4, #20]
 1332 0094 43B1     		cbz	r3, .L183
 1333 0096 6069     		ldr	r0, [r4, #20]
 1334 0098 0095     		str	r5, [sp]
 1335 009a 0023     		movs	r3, #0
 1336 009c 1A46     		mov	r2, r3
 1337 009e 1946     		mov	r1, r3
 1338 00a0 FFF7FEFF 		bl	xTaskGenericNotifyFromISR
 1339 00a4 0023     		movs	r3, #0
 1340 00a6 6361     		str	r3, [r4, #20]
 1341              	.L183:
 1342              		.syntax unified
 1343              	@ 233 "Middlewares/Third_Party/FreeRTOS/Source/portable/GCC/ARM_CM7/r0p1/portmacro.h" 1
 1344 00a8 87F31188 			msr basepri, r7	
 1345              	@ 0 "" 2
 1346              		.thumb
ARM GAS  /var/folders/0f/x4_g94q9649fs6s33cksjfb00000gn/T//ccDhpb9p.s 			page 24


 1347              		.syntax unified
 1348 00ac BDE7     		b	.L176
 1350              		.section	.text.xStreamBufferIsEmpty,"ax",%progbits
 1351              		.align	1
 1352              		.global	xStreamBufferIsEmpty
 1353              		.syntax unified
 1354              		.thumb
 1355              		.thumb_func
 1357              	xStreamBufferIsEmpty:
 1358              		@ args = 0, pretend = 0, frame = 0
 1359              		@ frame_needed = 0, uses_anonymous_args = 0
 1360              		@ link register save eliminated.
 1361 0000 28B1     		cbz	r0, .L196
 1362 0002 0268     		ldr	r2, [r0]
 1363 0004 4368     		ldr	r3, [r0, #4]
 1364 0006 9342     		cmp	r3, r2
 1365 0008 0CD0     		beq	.L197
 1366 000a 0020     		movs	r0, #0
 1367 000c 7047     		bx	lr
 1368              	.L196:
 1369              		.syntax unified
 1370              	@ 195 "Middlewares/Third_Party/FreeRTOS/Source/portable/GCC/ARM_CM7/r0p1/portmacro.h" 1
 1371 000e 4FF05003 			mov r3, #80												
 1372 0012 72B6     		cpsid i													
 1373 0014 83F31188 		msr basepri, r3											
 1374 0018 BFF36F8F 		isb														
 1375 001c BFF34F8F 		dsb														
 1376 0020 62B6     		cpsie i													
 1377              	
 1378              	@ 0 "" 2
 1379              		.thumb
 1380              		.syntax unified
 1381              	.L193:
 1382 0022 FEE7     		b	.L193
 1383              	.L197:
 1384 0024 0120     		movs	r0, #1
 1385 0026 7047     		bx	lr
 1387              		.section	.text.xStreamBufferIsFull,"ax",%progbits
 1388              		.align	1
 1389              		.global	xStreamBufferIsFull
 1390              		.syntax unified
 1391              		.thumb
 1392              		.thumb_func
 1394              	xStreamBufferIsFull:
 1395              		@ args = 0, pretend = 0, frame = 0
 1396              		@ frame_needed = 0, uses_anonymous_args = 0
 1397 0000 68B1     		cbz	r0, .L207
 1398 0002 10B5     		push	{r4, lr}
 1399 0004 0346     		mov	r3, r0
 1400 0006 027F     		ldrb	r2, [r0, #28]	@ zero_extendqisi2
 1401 0008 12F0010F 		tst	r2, #1
 1402 000c 12D0     		beq	.L203
 1403 000e 0424     		movs	r4, #4
 1404              	.L201:
 1405 0010 1846     		mov	r0, r3
 1406 0012 FFF7FEFF 		bl	xStreamBufferSpacesAvailable
 1407 0016 A042     		cmp	r0, r4
ARM GAS  /var/folders/0f/x4_g94q9649fs6s33cksjfb00000gn/T//ccDhpb9p.s 			page 25


 1408 0018 0ED8     		bhi	.L204
 1409 001a 0120     		movs	r0, #1
 1410              	.L198:
 1411 001c 10BD     		pop	{r4, pc}
 1412              	.L207:
 1413              		.syntax unified
 1414              	@ 195 "Middlewares/Third_Party/FreeRTOS/Source/portable/GCC/ARM_CM7/r0p1/portmacro.h" 1
 1415 001e 4FF05003 			mov r3, #80												
 1416 0022 72B6     		cpsid i													
 1417 0024 83F31188 		msr basepri, r3											
 1418 0028 BFF36F8F 		isb														
 1419 002c BFF34F8F 		dsb														
 1420 0030 62B6     		cpsie i													
 1421              	
 1422              	@ 0 "" 2
 1423              		.thumb
 1424              		.syntax unified
 1425              	.L200:
 1426 0032 FEE7     		b	.L200
 1427              	.L203:
 1428 0034 0024     		movs	r4, #0
 1429 0036 EBE7     		b	.L201
 1430              	.L204:
 1431 0038 0020     		movs	r0, #0
 1432 003a EFE7     		b	.L198
 1434              		.section	.text.xStreamBufferSendCompletedFromISR,"ax",%progbits
 1435              		.align	1
 1436              		.global	xStreamBufferSendCompletedFromISR
 1437              		.syntax unified
 1438              		.thumb
 1439              		.thumb_func
 1441              	xStreamBufferSendCompletedFromISR:
 1442              		@ args = 0, pretend = 0, frame = 0
 1443              		@ frame_needed = 0, uses_anonymous_args = 0
 1444 0000 F0B1     		cbz	r0, .L215
 1445 0002 30B5     		push	{r4, r5, lr}
 1446 0004 83B0     		sub	sp, sp, #12
 1447 0006 0546     		mov	r5, r0
 1448              		.syntax unified
 1449              	@ 213 "Middlewares/Third_Party/FreeRTOS/Source/portable/GCC/ARM_CM7/r0p1/portmacro.h" 1
 1450 0008 EFF31184 			mrs r4, basepri											
 1451 000c 4FF05003 		mov r3, #80												
 1452 0010 72B6     		cpsid i													
 1453 0012 83F31188 		msr basepri, r3											
 1454 0016 BFF36F8F 		isb														
 1455 001a BFF34F8F 		dsb														
 1456 001e 62B6     		cpsie i													
 1457              	
 1458              	@ 0 "" 2
 1459              		.thumb
 1460              		.syntax unified
 1461 0020 0369     		ldr	r3, [r0, #16]
 1462 0022 C3B1     		cbz	r3, .L212
 1463 0024 0069     		ldr	r0, [r0, #16]
 1464 0026 0091     		str	r1, [sp]
 1465 0028 0023     		movs	r3, #0
 1466 002a 1A46     		mov	r2, r3
ARM GAS  /var/folders/0f/x4_g94q9649fs6s33cksjfb00000gn/T//ccDhpb9p.s 			page 26


 1467 002c 1946     		mov	r1, r3
 1468 002e FFF7FEFF 		bl	xTaskGenericNotifyFromISR
 1469 0032 0023     		movs	r3, #0
 1470 0034 2B61     		str	r3, [r5, #16]
 1471 0036 0120     		movs	r0, #1
 1472              	.L211:
 1473              		.syntax unified
 1474              	@ 233 "Middlewares/Third_Party/FreeRTOS/Source/portable/GCC/ARM_CM7/r0p1/portmacro.h" 1
 1475 0038 84F31188 			msr basepri, r4	
 1476              	@ 0 "" 2
 1477              		.thumb
 1478              		.syntax unified
 1479 003c 03B0     		add	sp, sp, #12
 1480              		@ sp needed
 1481 003e 30BD     		pop	{r4, r5, pc}
 1482              	.L215:
 1483              		.syntax unified
 1484              	@ 195 "Middlewares/Third_Party/FreeRTOS/Source/portable/GCC/ARM_CM7/r0p1/portmacro.h" 1
 1485 0040 4FF05003 			mov r3, #80												
 1486 0044 72B6     		cpsid i													
 1487 0046 83F31188 		msr basepri, r3											
 1488 004a BFF36F8F 		isb														
 1489 004e BFF34F8F 		dsb														
 1490 0052 62B6     		cpsie i													
 1491              	
 1492              	@ 0 "" 2
 1493              		.thumb
 1494              		.syntax unified
 1495              	.L210:
 1496 0054 FEE7     		b	.L210
 1497              	.L212:
 1498 0056 0020     		movs	r0, #0
 1499 0058 EEE7     		b	.L211
 1501              		.section	.text.xStreamBufferReceiveCompletedFromISR,"ax",%progbits
 1502              		.align	1
 1503              		.global	xStreamBufferReceiveCompletedFromISR
 1504              		.syntax unified
 1505              		.thumb
 1506              		.thumb_func
 1508              	xStreamBufferReceiveCompletedFromISR:
 1509              		@ args = 0, pretend = 0, frame = 0
 1510              		@ frame_needed = 0, uses_anonymous_args = 0
 1511 0000 F0B1     		cbz	r0, .L223
 1512 0002 30B5     		push	{r4, r5, lr}
 1513 0004 83B0     		sub	sp, sp, #12
 1514 0006 0546     		mov	r5, r0
 1515              		.syntax unified
 1516              	@ 213 "Middlewares/Third_Party/FreeRTOS/Source/portable/GCC/ARM_CM7/r0p1/portmacro.h" 1
 1517 0008 EFF31184 			mrs r4, basepri											
 1518 000c 4FF05003 		mov r3, #80												
 1519 0010 72B6     		cpsid i													
 1520 0012 83F31188 		msr basepri, r3											
 1521 0016 BFF36F8F 		isb														
 1522 001a BFF34F8F 		dsb														
 1523 001e 62B6     		cpsie i													
 1524              	
 1525              	@ 0 "" 2
ARM GAS  /var/folders/0f/x4_g94q9649fs6s33cksjfb00000gn/T//ccDhpb9p.s 			page 27


 1526              		.thumb
 1527              		.syntax unified
 1528 0020 4369     		ldr	r3, [r0, #20]
 1529 0022 C3B1     		cbz	r3, .L220
 1530 0024 4069     		ldr	r0, [r0, #20]
 1531 0026 0091     		str	r1, [sp]
 1532 0028 0023     		movs	r3, #0
 1533 002a 1A46     		mov	r2, r3
 1534 002c 1946     		mov	r1, r3
 1535 002e FFF7FEFF 		bl	xTaskGenericNotifyFromISR
 1536 0032 0023     		movs	r3, #0
 1537 0034 6B61     		str	r3, [r5, #20]
 1538 0036 0120     		movs	r0, #1
 1539              	.L219:
 1540              		.syntax unified
 1541              	@ 233 "Middlewares/Third_Party/FreeRTOS/Source/portable/GCC/ARM_CM7/r0p1/portmacro.h" 1
 1542 0038 84F31188 			msr basepri, r4	
 1543              	@ 0 "" 2
 1544              		.thumb
 1545              		.syntax unified
 1546 003c 03B0     		add	sp, sp, #12
 1547              		@ sp needed
 1548 003e 30BD     		pop	{r4, r5, pc}
 1549              	.L223:
 1550              		.syntax unified
 1551              	@ 195 "Middlewares/Third_Party/FreeRTOS/Source/portable/GCC/ARM_CM7/r0p1/portmacro.h" 1
 1552 0040 4FF05003 			mov r3, #80												
 1553 0044 72B6     		cpsid i													
 1554 0046 83F31188 		msr basepri, r3											
 1555 004a BFF36F8F 		isb														
 1556 004e BFF34F8F 		dsb														
 1557 0052 62B6     		cpsie i													
 1558              	
 1559              	@ 0 "" 2
 1560              		.thumb
 1561              		.syntax unified
 1562              	.L218:
 1563 0054 FEE7     		b	.L218
 1564              	.L220:
 1565 0056 0020     		movs	r0, #0
 1566 0058 EEE7     		b	.L219
 1568              		.section	.text.uxStreamBufferGetStreamBufferNumber,"ax",%progbits
 1569              		.align	1
 1570              		.global	uxStreamBufferGetStreamBufferNumber
 1571              		.syntax unified
 1572              		.thumb
 1573              		.thumb_func
 1575              	uxStreamBufferGetStreamBufferNumber:
 1576              		@ args = 0, pretend = 0, frame = 0
 1577              		@ frame_needed = 0, uses_anonymous_args = 0
 1578              		@ link register save eliminated.
 1579 0000 006A     		ldr	r0, [r0, #32]
 1580 0002 7047     		bx	lr
 1582              		.section	.text.vStreamBufferSetStreamBufferNumber,"ax",%progbits
 1583              		.align	1
 1584              		.global	vStreamBufferSetStreamBufferNumber
 1585              		.syntax unified
ARM GAS  /var/folders/0f/x4_g94q9649fs6s33cksjfb00000gn/T//ccDhpb9p.s 			page 28


 1586              		.thumb
 1587              		.thumb_func
 1589              	vStreamBufferSetStreamBufferNumber:
 1590              		@ args = 0, pretend = 0, frame = 0
 1591              		@ frame_needed = 0, uses_anonymous_args = 0
 1592              		@ link register save eliminated.
 1593 0000 0162     		str	r1, [r0, #32]
 1594 0002 7047     		bx	lr
 1596              		.section	.text.ucStreamBufferGetStreamBufferType,"ax",%progbits
 1597              		.align	1
 1598              		.global	ucStreamBufferGetStreamBufferType
 1599              		.syntax unified
 1600              		.thumb
 1601              		.thumb_func
 1603              	ucStreamBufferGetStreamBufferType:
 1604              		@ args = 0, pretend = 0, frame = 0
 1605              		@ frame_needed = 0, uses_anonymous_args = 0
 1606              		@ link register save eliminated.
 1607 0000 007F     		ldrb	r0, [r0, #28]	@ zero_extendqisi2
 1608 0002 00F00100 		and	r0, r0, #1
 1609 0006 7047     		bx	lr
 1611              		.ident	"GCC: (Arm GNU Toolchain 14.2.Rel1 (Build arm-14.52)) 14.2.1 20241119"
ARM GAS  /var/folders/0f/x4_g94q9649fs6s33cksjfb00000gn/T//ccDhpb9p.s 			page 29


DEFINED SYMBOLS
                            *ABS*:00000000 stream_buffer.c
/var/folders/0f/x4_g94q9649fs6s33cksjfb00000gn/T//ccDhpb9p.s:17     .text.prvBytesInBuffer:00000000 $t
/var/folders/0f/x4_g94q9649fs6s33cksjfb00000gn/T//ccDhpb9p.s:22     .text.prvBytesInBuffer:00000000 prvBytesInBuffer
/var/folders/0f/x4_g94q9649fs6s33cksjfb00000gn/T//ccDhpb9p.s:38     .text.prvInitialiseNewStreamBuffer:00000000 $t
/var/folders/0f/x4_g94q9649fs6s33cksjfb00000gn/T//ccDhpb9p.s:43     .text.prvInitialiseNewStreamBuffer:00000000 prvInitialiseNewStreamBuffer
/var/folders/0f/x4_g94q9649fs6s33cksjfb00000gn/T//ccDhpb9p.s:83     .text.prvWriteBytesToBuffer:00000000 $t
/var/folders/0f/x4_g94q9649fs6s33cksjfb00000gn/T//ccDhpb9p.s:88     .text.prvWriteBytesToBuffer:00000000 prvWriteBytesToBuffer
/var/folders/0f/x4_g94q9649fs6s33cksjfb00000gn/T//ccDhpb9p.s:176    .text.prvWriteMessageToBuffer:00000000 $t
/var/folders/0f/x4_g94q9649fs6s33cksjfb00000gn/T//ccDhpb9p.s:181    .text.prvWriteMessageToBuffer:00000000 prvWriteMessageToBuffer
/var/folders/0f/x4_g94q9649fs6s33cksjfb00000gn/T//ccDhpb9p.s:221    .text.prvReadBytesFromBuffer:00000000 $t
/var/folders/0f/x4_g94q9649fs6s33cksjfb00000gn/T//ccDhpb9p.s:226    .text.prvReadBytesFromBuffer:00000000 prvReadBytesFromBuffer
/var/folders/0f/x4_g94q9649fs6s33cksjfb00000gn/T//ccDhpb9p.s:306    .text.prvReadMessageFromBuffer:00000000 $t
/var/folders/0f/x4_g94q9649fs6s33cksjfb00000gn/T//ccDhpb9p.s:311    .text.prvReadMessageFromBuffer:00000000 prvReadMessageFromBuffer
/var/folders/0f/x4_g94q9649fs6s33cksjfb00000gn/T//ccDhpb9p.s:349    .text.xStreamBufferGenericCreate:00000000 $t
/var/folders/0f/x4_g94q9649fs6s33cksjfb00000gn/T//ccDhpb9p.s:355    .text.xStreamBufferGenericCreate:00000000 xStreamBufferGenericCreate
/var/folders/0f/x4_g94q9649fs6s33cksjfb00000gn/T//ccDhpb9p.s:438    .text.xStreamBufferGenericCreateStatic:00000000 $t
/var/folders/0f/x4_g94q9649fs6s33cksjfb00000gn/T//ccDhpb9p.s:444    .text.xStreamBufferGenericCreateStatic:00000000 xStreamBufferGenericCreateStatic
/var/folders/0f/x4_g94q9649fs6s33cksjfb00000gn/T//ccDhpb9p.s:563    .text.vStreamBufferDelete:00000000 $t
/var/folders/0f/x4_g94q9649fs6s33cksjfb00000gn/T//ccDhpb9p.s:569    .text.vStreamBufferDelete:00000000 vStreamBufferDelete
/var/folders/0f/x4_g94q9649fs6s33cksjfb00000gn/T//ccDhpb9p.s:602    .text.xStreamBufferReset:00000000 $t
/var/folders/0f/x4_g94q9649fs6s33cksjfb00000gn/T//ccDhpb9p.s:608    .text.xStreamBufferReset:00000000 xStreamBufferReset
/var/folders/0f/x4_g94q9649fs6s33cksjfb00000gn/T//ccDhpb9p.s:659    .text.xStreamBufferSetTriggerLevel:00000000 $t
/var/folders/0f/x4_g94q9649fs6s33cksjfb00000gn/T//ccDhpb9p.s:665    .text.xStreamBufferSetTriggerLevel:00000000 xStreamBufferSetTriggerLevel
/var/folders/0f/x4_g94q9649fs6s33cksjfb00000gn/T//ccDhpb9p.s:700    .text.xStreamBufferSpacesAvailable:00000000 $t
/var/folders/0f/x4_g94q9649fs6s33cksjfb00000gn/T//ccDhpb9p.s:706    .text.xStreamBufferSpacesAvailable:00000000 xStreamBufferSpacesAvailable
/var/folders/0f/x4_g94q9649fs6s33cksjfb00000gn/T//ccDhpb9p.s:740    .text.xStreamBufferBytesAvailable:00000000 $t
/var/folders/0f/x4_g94q9649fs6s33cksjfb00000gn/T//ccDhpb9p.s:746    .text.xStreamBufferBytesAvailable:00000000 xStreamBufferBytesAvailable
/var/folders/0f/x4_g94q9649fs6s33cksjfb00000gn/T//ccDhpb9p.s:770    .text.xStreamBufferSend:00000000 $t
/var/folders/0f/x4_g94q9649fs6s33cksjfb00000gn/T//ccDhpb9p.s:776    .text.xStreamBufferSend:00000000 xStreamBufferSend
/var/folders/0f/x4_g94q9649fs6s33cksjfb00000gn/T//ccDhpb9p.s:929    .text.xStreamBufferSendFromISR:00000000 $t
/var/folders/0f/x4_g94q9649fs6s33cksjfb00000gn/T//ccDhpb9p.s:935    .text.xStreamBufferSendFromISR:00000000 xStreamBufferSendFromISR
/var/folders/0f/x4_g94q9649fs6s33cksjfb00000gn/T//ccDhpb9p.s:1038   .text.xStreamBufferReceive:00000000 $t
/var/folders/0f/x4_g94q9649fs6s33cksjfb00000gn/T//ccDhpb9p.s:1044   .text.xStreamBufferReceive:00000000 xStreamBufferReceive
/var/folders/0f/x4_g94q9649fs6s33cksjfb00000gn/T//ccDhpb9p.s:1175   .text.xStreamBufferNextMessageLengthBytes:00000000 $t
/var/folders/0f/x4_g94q9649fs6s33cksjfb00000gn/T//ccDhpb9p.s:1181   .text.xStreamBufferNextMessageLengthBytes:00000000 xStreamBufferNextMessageLengthBytes
/var/folders/0f/x4_g94q9649fs6s33cksjfb00000gn/T//ccDhpb9p.s:1243   .text.xStreamBufferReceiveFromISR:00000000 $t
/var/folders/0f/x4_g94q9649fs6s33cksjfb00000gn/T//ccDhpb9p.s:1249   .text.xStreamBufferReceiveFromISR:00000000 xStreamBufferReceiveFromISR
/var/folders/0f/x4_g94q9649fs6s33cksjfb00000gn/T//ccDhpb9p.s:1351   .text.xStreamBufferIsEmpty:00000000 $t
/var/folders/0f/x4_g94q9649fs6s33cksjfb00000gn/T//ccDhpb9p.s:1357   .text.xStreamBufferIsEmpty:00000000 xStreamBufferIsEmpty
/var/folders/0f/x4_g94q9649fs6s33cksjfb00000gn/T//ccDhpb9p.s:1388   .text.xStreamBufferIsFull:00000000 $t
/var/folders/0f/x4_g94q9649fs6s33cksjfb00000gn/T//ccDhpb9p.s:1394   .text.xStreamBufferIsFull:00000000 xStreamBufferIsFull
/var/folders/0f/x4_g94q9649fs6s33cksjfb00000gn/T//ccDhpb9p.s:1435   .text.xStreamBufferSendCompletedFromISR:00000000 $t
/var/folders/0f/x4_g94q9649fs6s33cksjfb00000gn/T//ccDhpb9p.s:1441   .text.xStreamBufferSendCompletedFromISR:00000000 xStreamBufferSendCompletedFromISR
/var/folders/0f/x4_g94q9649fs6s33cksjfb00000gn/T//ccDhpb9p.s:1502   .text.xStreamBufferReceiveCompletedFromISR:00000000 $t
/var/folders/0f/x4_g94q9649fs6s33cksjfb00000gn/T//ccDhpb9p.s:1508   .text.xStreamBufferReceiveCompletedFromISR:00000000 xStreamBufferReceiveCompletedFromISR
/var/folders/0f/x4_g94q9649fs6s33cksjfb00000gn/T//ccDhpb9p.s:1569   .text.uxStreamBufferGetStreamBufferNumber:00000000 $t
/var/folders/0f/x4_g94q9649fs6s33cksjfb00000gn/T//ccDhpb9p.s:1575   .text.uxStreamBufferGetStreamBufferNumber:00000000 uxStreamBufferGetStreamBufferNumber
/var/folders/0f/x4_g94q9649fs6s33cksjfb00000gn/T//ccDhpb9p.s:1583   .text.vStreamBufferSetStreamBufferNumber:00000000 $t
/var/folders/0f/x4_g94q9649fs6s33cksjfb00000gn/T//ccDhpb9p.s:1589   .text.vStreamBufferSetStreamBufferNumber:00000000 vStreamBufferSetStreamBufferNumber
/var/folders/0f/x4_g94q9649fs6s33cksjfb00000gn/T//ccDhpb9p.s:1597   .text.ucStreamBufferGetStreamBufferType:00000000 $t
/var/folders/0f/x4_g94q9649fs6s33cksjfb00000gn/T//ccDhpb9p.s:1603   .text.ucStreamBufferGetStreamBufferType:00000000 ucStreamBufferGetStreamBufferType

UNDEFINED SYMBOLS
memset
memcpy
pvPortMalloc
ARM GAS  /var/folders/0f/x4_g94q9649fs6s33cksjfb00000gn/T//ccDhpb9p.s 			page 30


vPortFree
vPortEnterCritical
vPortExitCritical
vTaskSetTimeOutState
xTaskNotifyStateClear
xTaskGetCurrentTaskHandle
xTaskNotifyWait
xTaskCheckForTimeOut
vTaskSuspendAll
xTaskGenericNotify
xTaskResumeAll
xTaskGenericNotifyFromISR
