ARM GAS  /var/folders/0f/x4_g94q9649fs6s33cksjfb00000gn/T//cc8mrtDg.s 			page 1


   1              		.cpu cortex-m7
   2              		.arch armv7e-m
   3              		.fpu fpv5-d16
   4              		.eabi_attribute 28, 1
   5              		.eabi_attribute 20, 1
   6              		.eabi_attribute 21, 1
   7              		.eabi_attribute 23, 3
   8              		.eabi_attribute 24, 1
   9              		.eabi_attribute 25, 1
  10              		.eabi_attribute 26, 1
  11              		.eabi_attribute 30, 1
  12              		.eabi_attribute 34, 1
  13              		.eabi_attribute 18, 4
  14              		.file	"usb_device.c"
  15              		.text
  16              		.section	.text.MX_USB_DEVICE_Init,"ax",%progbits
  17              		.align	1
  18              		.global	MX_USB_DEVICE_Init
  19              		.syntax unified
  20              		.thumb
  21              		.thumb_func
  23              	MX_USB_DEVICE_Init:
  24              		@ args = 0, pretend = 0, frame = 0
  25              		@ frame_needed = 0, uses_anonymous_args = 0
  26 0000 08B5     		push	{r3, lr}
  27 0002 0122     		movs	r2, #1
  28 0004 0F49     		ldr	r1, .L11
  29 0006 1048     		ldr	r0, .L11+4
  30 0008 FFF7FEFF 		bl	USBD_Init
  31 000c 70B9     		cbnz	r0, .L7
  32              	.L2:
  33 000e 0F49     		ldr	r1, .L11+8
  34 0010 0D48     		ldr	r0, .L11+4
  35 0012 FFF7FEFF 		bl	USBD_RegisterClass
  36 0016 60B9     		cbnz	r0, .L8
  37              	.L3:
  38 0018 0D49     		ldr	r1, .L11+12
  39 001a 0B48     		ldr	r0, .L11+4
  40 001c FFF7FEFF 		bl	USBD_CDC_RegisterInterface
  41 0020 50B9     		cbnz	r0, .L9
  42              	.L4:
  43 0022 0948     		ldr	r0, .L11+4
  44 0024 FFF7FEFF 		bl	USBD_Start
  45 0028 48B9     		cbnz	r0, .L10
  46              	.L1:
  47 002a 08BD     		pop	{r3, pc}
  48              	.L7:
  49 002c FFF7FEFF 		bl	Error_Handler
  50 0030 EDE7     		b	.L2
  51              	.L8:
  52 0032 FFF7FEFF 		bl	Error_Handler
  53 0036 EFE7     		b	.L3
  54              	.L9:
  55 0038 FFF7FEFF 		bl	Error_Handler
  56 003c F1E7     		b	.L4
  57              	.L10:
  58 003e FFF7FEFF 		bl	Error_Handler
ARM GAS  /var/folders/0f/x4_g94q9649fs6s33cksjfb00000gn/T//cc8mrtDg.s 			page 2


  59 0042 F2E7     		b	.L1
  60              	.L12:
  61              		.align	2
  62              	.L11:
  63 0044 00000000 		.word	HS_Desc
  64 0048 00000000 		.word	hUsbDeviceHS
  65 004c 00000000 		.word	USBD_CDC
  66 0050 00000000 		.word	USBD_Interface_fops_HS
  68              		.global	hUsbDeviceHS
  69              		.section	.bss.hUsbDeviceHS,"aw",%nobits
  70              		.align	2
  73              	hUsbDeviceHS:
  74 0000 00000000 		.space	732
  74      00000000 
  74      00000000 
  74      00000000 
  74      00000000 
  75              		.ident	"GCC: (Arm GNU Toolchain 14.2.Rel1 (Build arm-14.52)) 14.2.1 20241119"
ARM GAS  /var/folders/0f/x4_g94q9649fs6s33cksjfb00000gn/T//cc8mrtDg.s 			page 3


DEFINED SYMBOLS
                            *ABS*:00000000 usb_device.c
/var/folders/0f/x4_g94q9649fs6s33cksjfb00000gn/T//cc8mrtDg.s:17     .text.MX_USB_DEVICE_Init:00000000 $t
/var/folders/0f/x4_g94q9649fs6s33cksjfb00000gn/T//cc8mrtDg.s:23     .text.MX_USB_DEVICE_Init:00000000 MX_USB_DEVICE_Init
/var/folders/0f/x4_g94q9649fs6s33cksjfb00000gn/T//cc8mrtDg.s:63     .text.MX_USB_DEVICE_Init:00000044 $d
/var/folders/0f/x4_g94q9649fs6s33cksjfb00000gn/T//cc8mrtDg.s:73     .bss.hUsbDeviceHS:00000000 hUsbDeviceHS
/var/folders/0f/x4_g94q9649fs6s33cksjfb00000gn/T//cc8mrtDg.s:70     .bss.hUsbDeviceHS:00000000 $d

UNDEFINED SYMBOLS
USBD_Init
USBD_RegisterClass
USBD_CDC_RegisterInterface
USBD_Start
Error_Handler
HS_Desc
USBD_CDC
USBD_Interface_fops_HS
