ARM GAS  /var/folders/0f/x4_g94q9649fs6s33cksjfb00000gn/T//ccYLHfI5.s 			page 1


   1              		.cpu cortex-m7
   2              		.arch armv7e-m
   3              		.fpu fpv5-d16
   4              		.eabi_attribute 28, 1
   5              		.eabi_attribute 20, 1
   6              		.eabi_attribute 21, 1
   7              		.eabi_attribute 23, 3
   8              		.eabi_attribute 24, 1
   9              		.eabi_attribute 25, 1
  10              		.eabi_attribute 26, 1
  11              		.eabi_attribute 30, 1
  12              		.eabi_attribute 34, 1
  13              		.eabi_attribute 18, 4
  14              		.file	"usbd_conf.c"
  15              		.text
  16              		.section	.text.SystemClockConfig_Resume,"ax",%progbits
  17              		.align	1
  18              		.syntax unified
  19              		.thumb
  20              		.thumb_func
  22              	SystemClockConfig_Resume:
  23              		@ args = 0, pretend = 0, frame = 0
  24              		@ frame_needed = 0, uses_anonymous_args = 0
  25 0000 08B5     		push	{r3, lr}
  26 0002 FFF7FEFF 		bl	SystemClock_Config
  27 0006 08BD     		pop	{r3, pc}
  29              		.section	.text.HAL_PCD_MspInit,"ax",%progbits
  30              		.align	1
  31              		.global	HAL_PCD_MspInit
  32              		.syntax unified
  33              		.thumb
  34              		.thumb_func
  36              	HAL_PCD_MspInit:
  37              		@ args = 0, pretend = 0, frame = 48
  38              		@ frame_needed = 0, uses_anonymous_args = 0
  39 0000 2DE9F043 		push	{r4, r5, r6, r7, r8, r9, lr}
  40 0004 8DB0     		sub	sp, sp, #52
  41 0006 0023     		movs	r3, #0
  42 0008 0793     		str	r3, [sp, #28]
  43 000a 0893     		str	r3, [sp, #32]
  44 000c 0993     		str	r3, [sp, #36]
  45 000e 0A93     		str	r3, [sp, #40]
  46 0010 0B93     		str	r3, [sp, #44]
  47 0012 0268     		ldr	r2, [r0]
  48 0014 494B     		ldr	r3, .L7
  49 0016 9A42     		cmp	r2, r3
  50 0018 02D0     		beq	.L6
  51              	.L3:
  52 001a 0DB0     		add	sp, sp, #52
  53              		@ sp needed
  54 001c BDE8F083 		pop	{r4, r5, r6, r7, r8, r9, pc}
  55              	.L6:
  56 0020 474C     		ldr	r4, .L7+4
  57 0022 236B     		ldr	r3, [r4, #48]
  58 0024 43F00203 		orr	r3, r3, #2
  59 0028 2363     		str	r3, [r4, #48]
  60 002a 236B     		ldr	r3, [r4, #48]
ARM GAS  /var/folders/0f/x4_g94q9649fs6s33cksjfb00000gn/T//ccYLHfI5.s 			page 2


  61 002c 03F00203 		and	r3, r3, #2
  62 0030 0093     		str	r3, [sp]
  63 0032 009B     		ldr	r3, [sp]
  64 0034 236B     		ldr	r3, [r4, #48]
  65 0036 43F48073 		orr	r3, r3, #256
  66 003a 2363     		str	r3, [r4, #48]
  67 003c 236B     		ldr	r3, [r4, #48]
  68 003e 03F48073 		and	r3, r3, #256
  69 0042 0193     		str	r3, [sp, #4]
  70 0044 019B     		ldr	r3, [sp, #4]
  71 0046 236B     		ldr	r3, [r4, #48]
  72 0048 43F08003 		orr	r3, r3, #128
  73 004c 2363     		str	r3, [r4, #48]
  74 004e 236B     		ldr	r3, [r4, #48]
  75 0050 03F08003 		and	r3, r3, #128
  76 0054 0293     		str	r3, [sp, #8]
  77 0056 029B     		ldr	r3, [sp, #8]
  78 0058 236B     		ldr	r3, [r4, #48]
  79 005a 43F00403 		orr	r3, r3, #4
  80 005e 2363     		str	r3, [r4, #48]
  81 0060 236B     		ldr	r3, [r4, #48]
  82 0062 03F00403 		and	r3, r3, #4
  83 0066 0393     		str	r3, [sp, #12]
  84 0068 039B     		ldr	r3, [sp, #12]
  85 006a 236B     		ldr	r3, [r4, #48]
  86 006c 43F00103 		orr	r3, r3, #1
  87 0070 2363     		str	r3, [r4, #48]
  88 0072 236B     		ldr	r3, [r4, #48]
  89 0074 03F00103 		and	r3, r3, #1
  90 0078 0493     		str	r3, [sp, #16]
  91 007a 049B     		ldr	r3, [sp, #16]
  92 007c 43F62343 		movw	r3, #15395
  93 0080 0793     		str	r3, [sp, #28]
  94 0082 4FF00209 		mov	r9, #2
  95 0086 CDF82090 		str	r9, [sp, #32]
  96 008a 4FF00308 		mov	r8, #3
  97 008e CDF82880 		str	r8, [sp, #40]
  98 0092 0A27     		movs	r7, #10
  99 0094 0B97     		str	r7, [sp, #44]
 100 0096 07AE     		add	r6, sp, #28
 101 0098 3146     		mov	r1, r6
 102 009a 2A48     		ldr	r0, .L7+8
 103 009c FFF7FEFF 		bl	HAL_GPIO_Init
 104 00a0 4FF40063 		mov	r3, #2048
 105 00a4 0793     		str	r3, [sp, #28]
 106 00a6 CDF82090 		str	r9, [sp, #32]
 107 00aa 0025     		movs	r5, #0
 108 00ac 0995     		str	r5, [sp, #36]
 109 00ae CDF82880 		str	r8, [sp, #40]
 110 00b2 0B97     		str	r7, [sp, #44]
 111 00b4 3146     		mov	r1, r6
 112 00b6 2448     		ldr	r0, .L7+12
 113 00b8 FFF7FEFF 		bl	HAL_GPIO_Init
 114 00bc 1023     		movs	r3, #16
 115 00be 0793     		str	r3, [sp, #28]
 116 00c0 CDF82090 		str	r9, [sp, #32]
 117 00c4 0995     		str	r5, [sp, #36]
ARM GAS  /var/folders/0f/x4_g94q9649fs6s33cksjfb00000gn/T//ccYLHfI5.s 			page 3


 118 00c6 CDF82880 		str	r8, [sp, #40]
 119 00ca 0B97     		str	r7, [sp, #44]
 120 00cc 3146     		mov	r1, r6
 121 00ce 1F48     		ldr	r0, .L7+16
 122 00d0 FFF7FEFF 		bl	HAL_GPIO_Init
 123 00d4 0123     		movs	r3, #1
 124 00d6 0793     		str	r3, [sp, #28]
 125 00d8 CDF82090 		str	r9, [sp, #32]
 126 00dc 0995     		str	r5, [sp, #36]
 127 00de CDF82880 		str	r8, [sp, #40]
 128 00e2 0B97     		str	r7, [sp, #44]
 129 00e4 3146     		mov	r1, r6
 130 00e6 1A48     		ldr	r0, .L7+20
 131 00e8 FFF7FEFF 		bl	HAL_GPIO_Init
 132 00ec 2823     		movs	r3, #40
 133 00ee 0793     		str	r3, [sp, #28]
 134 00f0 CDF82090 		str	r9, [sp, #32]
 135 00f4 0995     		str	r5, [sp, #36]
 136 00f6 CDF82880 		str	r8, [sp, #40]
 137 00fa 0B97     		str	r7, [sp, #44]
 138 00fc 3146     		mov	r1, r6
 139 00fe 1548     		ldr	r0, .L7+24
 140 0100 FFF7FEFF 		bl	HAL_GPIO_Init
 141 0104 236B     		ldr	r3, [r4, #48]
 142 0106 43F00053 		orr	r3, r3, #536870912
 143 010a 2363     		str	r3, [r4, #48]
 144 010c 236B     		ldr	r3, [r4, #48]
 145 010e 03F00053 		and	r3, r3, #536870912
 146 0112 0593     		str	r3, [sp, #20]
 147 0114 059B     		ldr	r3, [sp, #20]
 148 0116 236B     		ldr	r3, [r4, #48]
 149 0118 43F08043 		orr	r3, r3, #1073741824
 150 011c 2363     		str	r3, [r4, #48]
 151 011e 236B     		ldr	r3, [r4, #48]
 152 0120 03F08043 		and	r3, r3, #1073741824
 153 0124 0693     		str	r3, [sp, #24]
 154 0126 069B     		ldr	r3, [sp, #24]
 155 0128 2A46     		mov	r2, r5
 156 012a 0521     		movs	r1, #5
 157 012c 4D20     		movs	r0, #77
 158 012e FFF7FEFF 		bl	HAL_NVIC_SetPriority
 159 0132 4D20     		movs	r0, #77
 160 0134 FFF7FEFF 		bl	HAL_NVIC_EnableIRQ
 161 0138 6FE7     		b	.L3
 162              	.L8:
 163 013a 00BF     		.align	2
 164              	.L7:
 165 013c 00000440 		.word	1074003968
 166 0140 00380240 		.word	1073887232
 167 0144 00040240 		.word	1073873920
 168 0148 00200240 		.word	1073881088
 169 014c 001C0240 		.word	1073880064
 170 0150 00080240 		.word	1073874944
 171 0154 00000240 		.word	1073872896
 173              		.section	.text.HAL_PCD_MspDeInit,"ax",%progbits
 174              		.align	1
 175              		.global	HAL_PCD_MspDeInit
ARM GAS  /var/folders/0f/x4_g94q9649fs6s33cksjfb00000gn/T//ccYLHfI5.s 			page 4


 176              		.syntax unified
 177              		.thumb
 178              		.thumb_func
 180              	HAL_PCD_MspDeInit:
 181              		@ args = 0, pretend = 0, frame = 0
 182              		@ frame_needed = 0, uses_anonymous_args = 0
 183 0000 08B5     		push	{r3, lr}
 184 0002 0268     		ldr	r2, [r0]
 185 0004 134B     		ldr	r3, .L13
 186 0006 9A42     		cmp	r2, r3
 187 0008 00D0     		beq	.L12
 188              	.L9:
 189 000a 08BD     		pop	{r3, pc}
 190              	.L12:
 191 000c A3F5E433 		sub	r3, r3, #116736
 192 0010 1A6B     		ldr	r2, [r3, #48]
 193 0012 22F00052 		bic	r2, r2, #536870912
 194 0016 1A63     		str	r2, [r3, #48]
 195 0018 1A6B     		ldr	r2, [r3, #48]
 196 001a 22F08042 		bic	r2, r2, #1073741824
 197 001e 1A63     		str	r2, [r3, #48]
 198 0020 43F62341 		movw	r1, #15395
 199 0024 0C48     		ldr	r0, .L13+4
 200 0026 FFF7FEFF 		bl	HAL_GPIO_DeInit
 201 002a 4FF40061 		mov	r1, #2048
 202 002e 0B48     		ldr	r0, .L13+8
 203 0030 FFF7FEFF 		bl	HAL_GPIO_DeInit
 204 0034 1021     		movs	r1, #16
 205 0036 0A48     		ldr	r0, .L13+12
 206 0038 FFF7FEFF 		bl	HAL_GPIO_DeInit
 207 003c 0121     		movs	r1, #1
 208 003e 0948     		ldr	r0, .L13+16
 209 0040 FFF7FEFF 		bl	HAL_GPIO_DeInit
 210 0044 2821     		movs	r1, #40
 211 0046 0848     		ldr	r0, .L13+20
 212 0048 FFF7FEFF 		bl	HAL_GPIO_DeInit
 213 004c 4D20     		movs	r0, #77
 214 004e FFF7FEFF 		bl	HAL_NVIC_DisableIRQ
 215 0052 DAE7     		b	.L9
 216              	.L14:
 217              		.align	2
 218              	.L13:
 219 0054 00000440 		.word	1074003968
 220 0058 00040240 		.word	1073873920
 221 005c 00200240 		.word	1073881088
 222 0060 001C0240 		.word	1073880064
 223 0064 00080240 		.word	1073874944
 224 0068 00000240 		.word	1073872896
 226              		.section	.text.HAL_PCD_SetupStageCallback,"ax",%progbits
 227              		.align	1
 228              		.global	HAL_PCD_SetupStageCallback
 229              		.syntax unified
 230              		.thumb
 231              		.thumb_func
 233              	HAL_PCD_SetupStageCallback:
 234              		@ args = 0, pretend = 0, frame = 0
 235              		@ frame_needed = 0, uses_anonymous_args = 0
ARM GAS  /var/folders/0f/x4_g94q9649fs6s33cksjfb00000gn/T//ccYLHfI5.s 			page 5


 236 0000 08B5     		push	{r3, lr}
 237 0002 00F29C41 		addw	r1, r0, #1180
 238 0006 D0F8DC04 		ldr	r0, [r0, #1244]
 239 000a FFF7FEFF 		bl	USBD_LL_SetupStage
 240 000e 08BD     		pop	{r3, pc}
 242              		.section	.text.HAL_PCD_DataOutStageCallback,"ax",%progbits
 243              		.align	1
 244              		.global	HAL_PCD_DataOutStageCallback
 245              		.syntax unified
 246              		.thumb
 247              		.thumb_func
 249              	HAL_PCD_DataOutStageCallback:
 250              		@ args = 0, pretend = 0, frame = 0
 251              		@ frame_needed = 0, uses_anonymous_args = 0
 252 0000 08B5     		push	{r3, lr}
 253 0002 01EBC103 		add	r3, r1, r1, lsl #3
 254 0006 00EB8303 		add	r3, r0, r3, lsl #2
 255 000a D3F86022 		ldr	r2, [r3, #608]
 256 000e D0F8DC04 		ldr	r0, [r0, #1244]
 257 0012 FFF7FEFF 		bl	USBD_LL_DataOutStage
 258 0016 08BD     		pop	{r3, pc}
 260              		.section	.text.HAL_PCD_DataInStageCallback,"ax",%progbits
 261              		.align	1
 262              		.global	HAL_PCD_DataInStageCallback
 263              		.syntax unified
 264              		.thumb
 265              		.thumb_func
 267              	HAL_PCD_DataInStageCallback:
 268              		@ args = 0, pretend = 0, frame = 0
 269              		@ frame_needed = 0, uses_anonymous_args = 0
 270 0000 08B5     		push	{r3, lr}
 271 0002 01EBC103 		add	r3, r1, r1, lsl #3
 272 0006 00EB8303 		add	r3, r0, r3, lsl #2
 273 000a 1A6A     		ldr	r2, [r3, #32]
 274 000c D0F8DC04 		ldr	r0, [r0, #1244]
 275 0010 FFF7FEFF 		bl	USBD_LL_DataInStage
 276 0014 08BD     		pop	{r3, pc}
 278              		.section	.text.HAL_PCD_SOFCallback,"ax",%progbits
 279              		.align	1
 280              		.global	HAL_PCD_SOFCallback
 281              		.syntax unified
 282              		.thumb
 283              		.thumb_func
 285              	HAL_PCD_SOFCallback:
 286              		@ args = 0, pretend = 0, frame = 0
 287              		@ frame_needed = 0, uses_anonymous_args = 0
 288 0000 08B5     		push	{r3, lr}
 289 0002 D0F8DC04 		ldr	r0, [r0, #1244]
 290 0006 FFF7FEFF 		bl	USBD_LL_SOF
 291 000a 08BD     		pop	{r3, pc}
 293              		.section	.text.HAL_PCD_ResetCallback,"ax",%progbits
 294              		.align	1
 295              		.global	HAL_PCD_ResetCallback
 296              		.syntax unified
 297              		.thumb
 298              		.thumb_func
 300              	HAL_PCD_ResetCallback:
ARM GAS  /var/folders/0f/x4_g94q9649fs6s33cksjfb00000gn/T//ccYLHfI5.s 			page 6


 301              		@ args = 0, pretend = 0, frame = 0
 302              		@ frame_needed = 0, uses_anonymous_args = 0
 303 0000 10B5     		push	{r4, lr}
 304 0002 0446     		mov	r4, r0
 305 0004 C179     		ldrb	r1, [r0, #7]	@ zero_extendqisi2
 306 0006 11B1     		cbz	r1, .L24
 307 0008 0229     		cmp	r1, #2
 308 000a 09D1     		bne	.L27
 309 000c 0121     		movs	r1, #1
 310              	.L24:
 311 000e D4F8DC04 		ldr	r0, [r4, #1244]
 312 0012 FFF7FEFF 		bl	USBD_LL_SetSpeed
 313 0016 D4F8DC04 		ldr	r0, [r4, #1244]
 314 001a FFF7FEFF 		bl	USBD_LL_Reset
 315 001e 10BD     		pop	{r4, pc}
 316              	.L27:
 317 0020 FFF7FEFF 		bl	Error_Handler
 318 0024 0121     		movs	r1, #1
 319 0026 F2E7     		b	.L24
 321              		.section	.text.HAL_PCD_SuspendCallback,"ax",%progbits
 322              		.align	1
 323              		.global	HAL_PCD_SuspendCallback
 324              		.syntax unified
 325              		.thumb
 326              		.thumb_func
 328              	HAL_PCD_SuspendCallback:
 329              		@ args = 0, pretend = 0, frame = 0
 330              		@ frame_needed = 0, uses_anonymous_args = 0
 331 0000 10B5     		push	{r4, lr}
 332 0002 0446     		mov	r4, r0
 333 0004 D0F8DC04 		ldr	r0, [r0, #1244]
 334 0008 FFF7FEFF 		bl	USBD_LL_Suspend
 335 000c 2268     		ldr	r2, [r4]
 336 000e D2F8003E 		ldr	r3, [r2, #3584]
 337 0012 43F00103 		orr	r3, r3, #1
 338 0016 C2F8003E 		str	r3, [r2, #3584]
 339 001a E37A     		ldrb	r3, [r4, #11]	@ zero_extendqisi2
 340 001c 23B1     		cbz	r3, .L28
 341 001e 034A     		ldr	r2, .L31
 342 0020 1369     		ldr	r3, [r2, #16]
 343 0022 43F00603 		orr	r3, r3, #6
 344 0026 1361     		str	r3, [r2, #16]
 345              	.L28:
 346 0028 10BD     		pop	{r4, pc}
 347              	.L32:
 348 002a 00BF     		.align	2
 349              	.L31:
 350 002c 00ED00E0 		.word	-536810240
 352              		.section	.text.HAL_PCD_ResumeCallback,"ax",%progbits
 353              		.align	1
 354              		.global	HAL_PCD_ResumeCallback
 355              		.syntax unified
 356              		.thumb
 357              		.thumb_func
 359              	HAL_PCD_ResumeCallback:
 360              		@ args = 0, pretend = 0, frame = 0
 361              		@ frame_needed = 0, uses_anonymous_args = 0
ARM GAS  /var/folders/0f/x4_g94q9649fs6s33cksjfb00000gn/T//ccYLHfI5.s 			page 7


 362 0000 08B5     		push	{r3, lr}
 363 0002 D0F8DC04 		ldr	r0, [r0, #1244]
 364 0006 FFF7FEFF 		bl	USBD_LL_Resume
 365 000a 08BD     		pop	{r3, pc}
 367              		.section	.text.HAL_PCD_ISOOUTIncompleteCallback,"ax",%progbits
 368              		.align	1
 369              		.global	HAL_PCD_ISOOUTIncompleteCallback
 370              		.syntax unified
 371              		.thumb
 372              		.thumb_func
 374              	HAL_PCD_ISOOUTIncompleteCallback:
 375              		@ args = 0, pretend = 0, frame = 0
 376              		@ frame_needed = 0, uses_anonymous_args = 0
 377 0000 08B5     		push	{r3, lr}
 378 0002 D0F8DC04 		ldr	r0, [r0, #1244]
 379 0006 FFF7FEFF 		bl	USBD_LL_IsoOUTIncomplete
 380 000a 08BD     		pop	{r3, pc}
 382              		.section	.text.HAL_PCD_ISOINIncompleteCallback,"ax",%progbits
 383              		.align	1
 384              		.global	HAL_PCD_ISOINIncompleteCallback
 385              		.syntax unified
 386              		.thumb
 387              		.thumb_func
 389              	HAL_PCD_ISOINIncompleteCallback:
 390              		@ args = 0, pretend = 0, frame = 0
 391              		@ frame_needed = 0, uses_anonymous_args = 0
 392 0000 08B5     		push	{r3, lr}
 393 0002 D0F8DC04 		ldr	r0, [r0, #1244]
 394 0006 FFF7FEFF 		bl	USBD_LL_IsoINIncomplete
 395 000a 08BD     		pop	{r3, pc}
 397              		.section	.text.HAL_PCD_ConnectCallback,"ax",%progbits
 398              		.align	1
 399              		.global	HAL_PCD_ConnectCallback
 400              		.syntax unified
 401              		.thumb
 402              		.thumb_func
 404              	HAL_PCD_ConnectCallback:
 405              		@ args = 0, pretend = 0, frame = 0
 406              		@ frame_needed = 0, uses_anonymous_args = 0
 407 0000 08B5     		push	{r3, lr}
 408 0002 D0F8DC04 		ldr	r0, [r0, #1244]
 409 0006 FFF7FEFF 		bl	USBD_LL_DevConnected
 410 000a 08BD     		pop	{r3, pc}
 412              		.section	.text.HAL_PCD_DisconnectCallback,"ax",%progbits
 413              		.align	1
 414              		.global	HAL_PCD_DisconnectCallback
 415              		.syntax unified
 416              		.thumb
 417              		.thumb_func
 419              	HAL_PCD_DisconnectCallback:
 420              		@ args = 0, pretend = 0, frame = 0
 421              		@ frame_needed = 0, uses_anonymous_args = 0
 422 0000 08B5     		push	{r3, lr}
 423 0002 D0F8DC04 		ldr	r0, [r0, #1244]
 424 0006 FFF7FEFF 		bl	USBD_LL_DevDisconnected
 425 000a 08BD     		pop	{r3, pc}
 427              		.section	.text.USBD_LL_Init,"ax",%progbits
ARM GAS  /var/folders/0f/x4_g94q9649fs6s33cksjfb00000gn/T//ccYLHfI5.s 			page 8


 428              		.align	1
 429              		.global	USBD_LL_Init
 430              		.syntax unified
 431              		.thumb
 432              		.thumb_func
 434              	USBD_LL_Init:
 435              		@ args = 0, pretend = 0, frame = 0
 436              		@ frame_needed = 0, uses_anonymous_args = 0
 437 0000 0378     		ldrb	r3, [r0]	@ zero_extendqisi2
 438 0002 012B     		cmp	r3, #1
 439 0004 01D0     		beq	.L50
 440 0006 0020     		movs	r0, #0
 441 0008 7047     		bx	lr
 442              	.L50:
 443 000a 10B5     		push	{r4, lr}
 444 000c 174B     		ldr	r3, .L52
 445 000e C3F8DC04 		str	r0, [r3, #1244]
 446 0012 C0F8C832 		str	r3, [r0, #712]
 447 0016 164A     		ldr	r2, .L52+4
 448 0018 1A60     		str	r2, [r3]
 449 001a 0922     		movs	r2, #9
 450 001c 1A71     		strb	r2, [r3, #4]
 451 001e 0222     		movs	r2, #2
 452 0020 DA71     		strb	r2, [r3, #7]
 453 0022 0022     		movs	r2, #0
 454 0024 9A71     		strb	r2, [r3, #6]
 455 0026 0121     		movs	r1, #1
 456 0028 5972     		strb	r1, [r3, #9]
 457 002a 9A72     		strb	r2, [r3, #10]
 458 002c DA72     		strb	r2, [r3, #11]
 459 002e 1A73     		strb	r2, [r3, #12]
 460 0030 9A73     		strb	r2, [r3, #14]
 461 0032 DA73     		strb	r2, [r3, #15]
 462 0034 1A74     		strb	r2, [r3, #16]
 463 0036 1846     		mov	r0, r3
 464 0038 FFF7FEFF 		bl	HAL_PCD_Init
 465 003c 90B9     		cbnz	r0, .L51
 466              	.L45:
 467 003e 0B4C     		ldr	r4, .L52
 468 0040 4FF40071 		mov	r1, #512
 469 0044 2046     		mov	r0, r4
 470 0046 FFF7FEFF 		bl	HAL_PCDEx_SetRxFiFo
 471 004a 8022     		movs	r2, #128
 472 004c 0021     		movs	r1, #0
 473 004e 2046     		mov	r0, r4
 474 0050 FFF7FEFF 		bl	HAL_PCDEx_SetTxFiFo
 475 0054 4FF4BA72 		mov	r2, #372
 476 0058 0121     		movs	r1, #1
 477 005a 2046     		mov	r0, r4
 478 005c FFF7FEFF 		bl	HAL_PCDEx_SetTxFiFo
 479 0060 0020     		movs	r0, #0
 480 0062 10BD     		pop	{r4, pc}
 481              	.L51:
 482 0064 FFF7FEFF 		bl	Error_Handler
 483 0068 E9E7     		b	.L45
 484              	.L53:
 485 006a 00BF     		.align	2
ARM GAS  /var/folders/0f/x4_g94q9649fs6s33cksjfb00000gn/T//ccYLHfI5.s 			page 9


 486              	.L52:
 487 006c 00000000 		.word	hpcd_USB_OTG_HS
 488 0070 00000440 		.word	1074003968
 490              		.section	.text.USBD_LL_IsStallEP,"ax",%progbits
 491              		.align	1
 492              		.global	USBD_LL_IsStallEP
 493              		.syntax unified
 494              		.thumb
 495              		.thumb_func
 497              	USBD_LL_IsStallEP:
 498              		@ args = 0, pretend = 0, frame = 0
 499              		@ frame_needed = 0, uses_anonymous_args = 0
 500              		@ link register save eliminated.
 501 0000 D0F8C832 		ldr	r3, [r0, #712]
 502 0004 11F0800F 		tst	r1, #128
 503 0008 08D1     		bne	.L57
 504 000a 01F07F01 		and	r1, r1, #127
 505 000e 01EBC101 		add	r1, r1, r1, lsl #3
 506 0012 03EB8103 		add	r3, r3, r1, lsl #2
 507 0016 93F85602 		ldrb	r0, [r3, #598]	@ zero_extendqisi2
 508 001a 7047     		bx	lr
 509              	.L57:
 510 001c 01F07F01 		and	r1, r1, #127
 511 0020 01EBC101 		add	r1, r1, r1, lsl #3
 512 0024 03EB8103 		add	r3, r3, r1, lsl #2
 513 0028 987D     		ldrb	r0, [r3, #22]	@ zero_extendqisi2
 514 002a 7047     		bx	lr
 516              		.section	.text.USBD_LL_GetRxDataSize,"ax",%progbits
 517              		.align	1
 518              		.global	USBD_LL_GetRxDataSize
 519              		.syntax unified
 520              		.thumb
 521              		.thumb_func
 523              	USBD_LL_GetRxDataSize:
 524              		@ args = 0, pretend = 0, frame = 0
 525              		@ frame_needed = 0, uses_anonymous_args = 0
 526 0000 08B5     		push	{r3, lr}
 527 0002 D0F8C802 		ldr	r0, [r0, #712]
 528 0006 FFF7FEFF 		bl	HAL_PCD_EP_GetRxCount
 529 000a 08BD     		pop	{r3, pc}
 531              		.section	.text.HAL_PCDEx_LPM_Callback,"ax",%progbits
 532              		.align	1
 533              		.global	HAL_PCDEx_LPM_Callback
 534              		.syntax unified
 535              		.thumb
 536              		.thumb_func
 538              	HAL_PCDEx_LPM_Callback:
 539              		@ args = 0, pretend = 0, frame = 0
 540              		@ frame_needed = 0, uses_anonymous_args = 0
 541 0000 10B5     		push	{r4, lr}
 542 0002 0446     		mov	r4, r0
 543 0004 A1B1     		cbz	r1, .L61
 544 0006 0129     		cmp	r1, #1
 545 0008 1FD1     		bne	.L60
 546 000a 0268     		ldr	r2, [r0]
 547 000c D2F8003E 		ldr	r3, [r2, #3584]
 548 0010 43F00103 		orr	r3, r3, #1
ARM GAS  /var/folders/0f/x4_g94q9649fs6s33cksjfb00000gn/T//ccYLHfI5.s 			page 10


 549 0014 C2F8003E 		str	r3, [r2, #3584]
 550 0018 D0F8DC04 		ldr	r0, [r0, #1244]
 551 001c FFF7FEFF 		bl	USBD_LL_Suspend
 552 0020 E37A     		ldrb	r3, [r4, #11]	@ zero_extendqisi2
 553 0022 93B1     		cbz	r3, .L60
 554 0024 0D4A     		ldr	r2, .L67
 555 0026 1369     		ldr	r3, [r2, #16]
 556 0028 43F00603 		orr	r3, r3, #6
 557 002c 1361     		str	r3, [r2, #16]
 558 002e 0CE0     		b	.L60
 559              	.L61:
 560 0030 C37A     		ldrb	r3, [r0, #11]	@ zero_extendqisi2
 561 0032 5BB9     		cbnz	r3, .L66
 562              	.L64:
 563 0034 2268     		ldr	r2, [r4]
 564 0036 D2F8003E 		ldr	r3, [r2, #3584]
 565 003a 23F00103 		bic	r3, r3, #1
 566 003e C2F8003E 		str	r3, [r2, #3584]
 567 0042 D4F8DC04 		ldr	r0, [r4, #1244]
 568 0046 FFF7FEFF 		bl	USBD_LL_Resume
 569              	.L60:
 570 004a 10BD     		pop	{r4, pc}
 571              	.L66:
 572 004c FFF7FEFF 		bl	SystemClockConfig_Resume
 573 0050 024A     		ldr	r2, .L67
 574 0052 1369     		ldr	r3, [r2, #16]
 575 0054 23F00603 		bic	r3, r3, #6
 576 0058 1361     		str	r3, [r2, #16]
 577 005a EBE7     		b	.L64
 578              	.L68:
 579              		.align	2
 580              	.L67:
 581 005c 00ED00E0 		.word	-536810240
 583              		.section	.text.USBD_LL_Delay,"ax",%progbits
 584              		.align	1
 585              		.global	USBD_LL_Delay
 586              		.syntax unified
 587              		.thumb
 588              		.thumb_func
 590              	USBD_LL_Delay:
 591              		@ args = 0, pretend = 0, frame = 0
 592              		@ frame_needed = 0, uses_anonymous_args = 0
 593 0000 08B5     		push	{r3, lr}
 594 0002 FFF7FEFF 		bl	HAL_Delay
 595 0006 08BD     		pop	{r3, pc}
 597              		.section	.text.USBD_Get_USB_Status,"ax",%progbits
 598              		.align	1
 599              		.global	USBD_Get_USB_Status
 600              		.syntax unified
 601              		.thumb
 602              		.thumb_func
 604              	USBD_Get_USB_Status:
 605              		@ args = 0, pretend = 0, frame = 0
 606              		@ frame_needed = 0, uses_anonymous_args = 0
 607              		@ link register save eliminated.
 608 0000 0328     		cmp	r0, #3
 609 0002 05D8     		bhi	.L77
ARM GAS  /var/folders/0f/x4_g94q9649fs6s33cksjfb00000gn/T//ccYLHfI5.s 			page 11


 610 0004 DFE800F0 		tbb	[pc, r0]
 611              	.L74:
 612 0008 05       		.byte	(.L72-.L74)/2
 613 0009 04       		.byte	(.L77-.L74)/2
 614 000a 02       		.byte	(.L75-.L74)/2
 615 000b 05       		.byte	(.L72-.L74)/2
 616              		.p2align 1
 617              	.L75:
 618 000c 0120     		movs	r0, #1
 619 000e 7047     		bx	lr
 620              	.L77:
 621 0010 0320     		movs	r0, #3
 622              	.L72:
 623 0012 7047     		bx	lr
 625              		.section	.text.USBD_LL_DeInit,"ax",%progbits
 626              		.align	1
 627              		.global	USBD_LL_DeInit
 628              		.syntax unified
 629              		.thumb
 630              		.thumb_func
 632              	USBD_LL_DeInit:
 633              		@ args = 0, pretend = 0, frame = 0
 634              		@ frame_needed = 0, uses_anonymous_args = 0
 635 0000 08B5     		push	{r3, lr}
 636 0002 D0F8C802 		ldr	r0, [r0, #712]
 637 0006 FFF7FEFF 		bl	HAL_PCD_DeInit
 638 000a FFF7FEFF 		bl	USBD_Get_USB_Status
 639 000e 08BD     		pop	{r3, pc}
 641              		.section	.text.USBD_LL_Start,"ax",%progbits
 642              		.align	1
 643              		.global	USBD_LL_Start
 644              		.syntax unified
 645              		.thumb
 646              		.thumb_func
 648              	USBD_LL_Start:
 649              		@ args = 0, pretend = 0, frame = 0
 650              		@ frame_needed = 0, uses_anonymous_args = 0
 651 0000 08B5     		push	{r3, lr}
 652 0002 D0F8C802 		ldr	r0, [r0, #712]
 653 0006 FFF7FEFF 		bl	HAL_PCD_Start
 654 000a FFF7FEFF 		bl	USBD_Get_USB_Status
 655 000e 08BD     		pop	{r3, pc}
 657              		.section	.text.USBD_LL_Stop,"ax",%progbits
 658              		.align	1
 659              		.global	USBD_LL_Stop
 660              		.syntax unified
 661              		.thumb
 662              		.thumb_func
 664              	USBD_LL_Stop:
 665              		@ args = 0, pretend = 0, frame = 0
 666              		@ frame_needed = 0, uses_anonymous_args = 0
 667 0000 08B5     		push	{r3, lr}
 668 0002 D0F8C802 		ldr	r0, [r0, #712]
 669 0006 FFF7FEFF 		bl	HAL_PCD_Stop
 670 000a FFF7FEFF 		bl	USBD_Get_USB_Status
 671 000e 08BD     		pop	{r3, pc}
 673              		.section	.text.USBD_LL_OpenEP,"ax",%progbits
ARM GAS  /var/folders/0f/x4_g94q9649fs6s33cksjfb00000gn/T//ccYLHfI5.s 			page 12


 674              		.align	1
 675              		.global	USBD_LL_OpenEP
 676              		.syntax unified
 677              		.thumb
 678              		.thumb_func
 680              	USBD_LL_OpenEP:
 681              		@ args = 0, pretend = 0, frame = 0
 682              		@ frame_needed = 0, uses_anonymous_args = 0
 683 0000 08B5     		push	{r3, lr}
 684 0002 9446     		mov	ip, r2
 685 0004 1A46     		mov	r2, r3
 686 0006 6346     		mov	r3, ip
 687 0008 D0F8C802 		ldr	r0, [r0, #712]
 688 000c FFF7FEFF 		bl	HAL_PCD_EP_Open
 689 0010 FFF7FEFF 		bl	USBD_Get_USB_Status
 690 0014 08BD     		pop	{r3, pc}
 692              		.section	.text.USBD_LL_CloseEP,"ax",%progbits
 693              		.align	1
 694              		.global	USBD_LL_CloseEP
 695              		.syntax unified
 696              		.thumb
 697              		.thumb_func
 699              	USBD_LL_CloseEP:
 700              		@ args = 0, pretend = 0, frame = 0
 701              		@ frame_needed = 0, uses_anonymous_args = 0
 702 0000 08B5     		push	{r3, lr}
 703 0002 D0F8C802 		ldr	r0, [r0, #712]
 704 0006 FFF7FEFF 		bl	HAL_PCD_EP_Close
 705 000a FFF7FEFF 		bl	USBD_Get_USB_Status
 706 000e 08BD     		pop	{r3, pc}
 708              		.section	.text.USBD_LL_FlushEP,"ax",%progbits
 709              		.align	1
 710              		.global	USBD_LL_FlushEP
 711              		.syntax unified
 712              		.thumb
 713              		.thumb_func
 715              	USBD_LL_FlushEP:
 716              		@ args = 0, pretend = 0, frame = 0
 717              		@ frame_needed = 0, uses_anonymous_args = 0
 718 0000 08B5     		push	{r3, lr}
 719 0002 D0F8C802 		ldr	r0, [r0, #712]
 720 0006 FFF7FEFF 		bl	HAL_PCD_EP_Flush
 721 000a FFF7FEFF 		bl	USBD_Get_USB_Status
 722 000e 08BD     		pop	{r3, pc}
 724              		.section	.text.USBD_LL_StallEP,"ax",%progbits
 725              		.align	1
 726              		.global	USBD_LL_StallEP
 727              		.syntax unified
 728              		.thumb
 729              		.thumb_func
 731              	USBD_LL_StallEP:
 732              		@ args = 0, pretend = 0, frame = 0
 733              		@ frame_needed = 0, uses_anonymous_args = 0
 734 0000 08B5     		push	{r3, lr}
 735 0002 D0F8C802 		ldr	r0, [r0, #712]
 736 0006 FFF7FEFF 		bl	HAL_PCD_EP_SetStall
 737 000a FFF7FEFF 		bl	USBD_Get_USB_Status
ARM GAS  /var/folders/0f/x4_g94q9649fs6s33cksjfb00000gn/T//ccYLHfI5.s 			page 13


 738 000e 08BD     		pop	{r3, pc}
 740              		.section	.text.USBD_LL_ClearStallEP,"ax",%progbits
 741              		.align	1
 742              		.global	USBD_LL_ClearStallEP
 743              		.syntax unified
 744              		.thumb
 745              		.thumb_func
 747              	USBD_LL_ClearStallEP:
 748              		@ args = 0, pretend = 0, frame = 0
 749              		@ frame_needed = 0, uses_anonymous_args = 0
 750 0000 08B5     		push	{r3, lr}
 751 0002 D0F8C802 		ldr	r0, [r0, #712]
 752 0006 FFF7FEFF 		bl	HAL_PCD_EP_ClrStall
 753 000a FFF7FEFF 		bl	USBD_Get_USB_Status
 754 000e 08BD     		pop	{r3, pc}
 756              		.section	.text.USBD_LL_SetUSBAddress,"ax",%progbits
 757              		.align	1
 758              		.global	USBD_LL_SetUSBAddress
 759              		.syntax unified
 760              		.thumb
 761              		.thumb_func
 763              	USBD_LL_SetUSBAddress:
 764              		@ args = 0, pretend = 0, frame = 0
 765              		@ frame_needed = 0, uses_anonymous_args = 0
 766 0000 08B5     		push	{r3, lr}
 767 0002 D0F8C802 		ldr	r0, [r0, #712]
 768 0006 FFF7FEFF 		bl	HAL_PCD_SetAddress
 769 000a FFF7FEFF 		bl	USBD_Get_USB_Status
 770 000e 08BD     		pop	{r3, pc}
 772              		.section	.text.USBD_LL_Transmit,"ax",%progbits
 773              		.align	1
 774              		.global	USBD_LL_Transmit
 775              		.syntax unified
 776              		.thumb
 777              		.thumb_func
 779              	USBD_LL_Transmit:
 780              		@ args = 0, pretend = 0, frame = 0
 781              		@ frame_needed = 0, uses_anonymous_args = 0
 782 0000 08B5     		push	{r3, lr}
 783 0002 D0F8C802 		ldr	r0, [r0, #712]
 784 0006 FFF7FEFF 		bl	HAL_PCD_EP_Transmit
 785 000a FFF7FEFF 		bl	USBD_Get_USB_Status
 786 000e 08BD     		pop	{r3, pc}
 788              		.section	.text.USBD_LL_PrepareReceive,"ax",%progbits
 789              		.align	1
 790              		.global	USBD_LL_PrepareReceive
 791              		.syntax unified
 792              		.thumb
 793              		.thumb_func
 795              	USBD_LL_PrepareReceive:
 796              		@ args = 0, pretend = 0, frame = 0
 797              		@ frame_needed = 0, uses_anonymous_args = 0
 798 0000 08B5     		push	{r3, lr}
 799 0002 D0F8C802 		ldr	r0, [r0, #712]
 800 0006 FFF7FEFF 		bl	HAL_PCD_EP_Receive
 801 000a FFF7FEFF 		bl	USBD_Get_USB_Status
 802 000e 08BD     		pop	{r3, pc}
ARM GAS  /var/folders/0f/x4_g94q9649fs6s33cksjfb00000gn/T//ccYLHfI5.s 			page 14


 804              		.global	hpcd_USB_OTG_HS
 805              		.section	.bss.hpcd_USB_OTG_HS,"aw",%nobits
 806              		.align	2
 809              	hpcd_USB_OTG_HS:
 810 0000 00000000 		.space	1248
 810      00000000 
 810      00000000 
 810      00000000 
 810      00000000 
 811              		.ident	"GCC: (Arm GNU Toolchain 14.2.Rel1 (Build arm-14.52)) 14.2.1 20241119"
ARM GAS  /var/folders/0f/x4_g94q9649fs6s33cksjfb00000gn/T//ccYLHfI5.s 			page 15


DEFINED SYMBOLS
                            *ABS*:00000000 usbd_conf.c
/var/folders/0f/x4_g94q9649fs6s33cksjfb00000gn/T//ccYLHfI5.s:17     .text.SystemClockConfig_Resume:00000000 $t
/var/folders/0f/x4_g94q9649fs6s33cksjfb00000gn/T//ccYLHfI5.s:22     .text.SystemClockConfig_Resume:00000000 SystemClockConfig_Resume
/var/folders/0f/x4_g94q9649fs6s33cksjfb00000gn/T//ccYLHfI5.s:30     .text.HAL_PCD_MspInit:00000000 $t
/var/folders/0f/x4_g94q9649fs6s33cksjfb00000gn/T//ccYLHfI5.s:36     .text.HAL_PCD_MspInit:00000000 HAL_PCD_MspInit
/var/folders/0f/x4_g94q9649fs6s33cksjfb00000gn/T//ccYLHfI5.s:165    .text.HAL_PCD_MspInit:0000013c $d
/var/folders/0f/x4_g94q9649fs6s33cksjfb00000gn/T//ccYLHfI5.s:174    .text.HAL_PCD_MspDeInit:00000000 $t
/var/folders/0f/x4_g94q9649fs6s33cksjfb00000gn/T//ccYLHfI5.s:180    .text.HAL_PCD_MspDeInit:00000000 HAL_PCD_MspDeInit
/var/folders/0f/x4_g94q9649fs6s33cksjfb00000gn/T//ccYLHfI5.s:219    .text.HAL_PCD_MspDeInit:00000054 $d
/var/folders/0f/x4_g94q9649fs6s33cksjfb00000gn/T//ccYLHfI5.s:227    .text.HAL_PCD_SetupStageCallback:00000000 $t
/var/folders/0f/x4_g94q9649fs6s33cksjfb00000gn/T//ccYLHfI5.s:233    .text.HAL_PCD_SetupStageCallback:00000000 HAL_PCD_SetupStageCallback
/var/folders/0f/x4_g94q9649fs6s33cksjfb00000gn/T//ccYLHfI5.s:243    .text.HAL_PCD_DataOutStageCallback:00000000 $t
/var/folders/0f/x4_g94q9649fs6s33cksjfb00000gn/T//ccYLHfI5.s:249    .text.HAL_PCD_DataOutStageCallback:00000000 HAL_PCD_DataOutStageCallback
/var/folders/0f/x4_g94q9649fs6s33cksjfb00000gn/T//ccYLHfI5.s:261    .text.HAL_PCD_DataInStageCallback:00000000 $t
/var/folders/0f/x4_g94q9649fs6s33cksjfb00000gn/T//ccYLHfI5.s:267    .text.HAL_PCD_DataInStageCallback:00000000 HAL_PCD_DataInStageCallback
/var/folders/0f/x4_g94q9649fs6s33cksjfb00000gn/T//ccYLHfI5.s:279    .text.HAL_PCD_SOFCallback:00000000 $t
/var/folders/0f/x4_g94q9649fs6s33cksjfb00000gn/T//ccYLHfI5.s:285    .text.HAL_PCD_SOFCallback:00000000 HAL_PCD_SOFCallback
/var/folders/0f/x4_g94q9649fs6s33cksjfb00000gn/T//ccYLHfI5.s:294    .text.HAL_PCD_ResetCallback:00000000 $t
/var/folders/0f/x4_g94q9649fs6s33cksjfb00000gn/T//ccYLHfI5.s:300    .text.HAL_PCD_ResetCallback:00000000 HAL_PCD_ResetCallback
/var/folders/0f/x4_g94q9649fs6s33cksjfb00000gn/T//ccYLHfI5.s:322    .text.HAL_PCD_SuspendCallback:00000000 $t
/var/folders/0f/x4_g94q9649fs6s33cksjfb00000gn/T//ccYLHfI5.s:328    .text.HAL_PCD_SuspendCallback:00000000 HAL_PCD_SuspendCallback
/var/folders/0f/x4_g94q9649fs6s33cksjfb00000gn/T//ccYLHfI5.s:350    .text.HAL_PCD_SuspendCallback:0000002c $d
/var/folders/0f/x4_g94q9649fs6s33cksjfb00000gn/T//ccYLHfI5.s:353    .text.HAL_PCD_ResumeCallback:00000000 $t
/var/folders/0f/x4_g94q9649fs6s33cksjfb00000gn/T//ccYLHfI5.s:359    .text.HAL_PCD_ResumeCallback:00000000 HAL_PCD_ResumeCallback
/var/folders/0f/x4_g94q9649fs6s33cksjfb00000gn/T//ccYLHfI5.s:368    .text.HAL_PCD_ISOOUTIncompleteCallback:00000000 $t
/var/folders/0f/x4_g94q9649fs6s33cksjfb00000gn/T//ccYLHfI5.s:374    .text.HAL_PCD_ISOOUTIncompleteCallback:00000000 HAL_PCD_ISOOUTIncompleteCallback
/var/folders/0f/x4_g94q9649fs6s33cksjfb00000gn/T//ccYLHfI5.s:383    .text.HAL_PCD_ISOINIncompleteCallback:00000000 $t
/var/folders/0f/x4_g94q9649fs6s33cksjfb00000gn/T//ccYLHfI5.s:389    .text.HAL_PCD_ISOINIncompleteCallback:00000000 HAL_PCD_ISOINIncompleteCallback
/var/folders/0f/x4_g94q9649fs6s33cksjfb00000gn/T//ccYLHfI5.s:398    .text.HAL_PCD_ConnectCallback:00000000 $t
/var/folders/0f/x4_g94q9649fs6s33cksjfb00000gn/T//ccYLHfI5.s:404    .text.HAL_PCD_ConnectCallback:00000000 HAL_PCD_ConnectCallback
/var/folders/0f/x4_g94q9649fs6s33cksjfb00000gn/T//ccYLHfI5.s:413    .text.HAL_PCD_DisconnectCallback:00000000 $t
/var/folders/0f/x4_g94q9649fs6s33cksjfb00000gn/T//ccYLHfI5.s:419    .text.HAL_PCD_DisconnectCallback:00000000 HAL_PCD_DisconnectCallback
/var/folders/0f/x4_g94q9649fs6s33cksjfb00000gn/T//ccYLHfI5.s:428    .text.USBD_LL_Init:00000000 $t
/var/folders/0f/x4_g94q9649fs6s33cksjfb00000gn/T//ccYLHfI5.s:434    .text.USBD_LL_Init:00000000 USBD_LL_Init
/var/folders/0f/x4_g94q9649fs6s33cksjfb00000gn/T//ccYLHfI5.s:487    .text.USBD_LL_Init:0000006c $d
/var/folders/0f/x4_g94q9649fs6s33cksjfb00000gn/T//ccYLHfI5.s:809    .bss.hpcd_USB_OTG_HS:00000000 hpcd_USB_OTG_HS
/var/folders/0f/x4_g94q9649fs6s33cksjfb00000gn/T//ccYLHfI5.s:491    .text.USBD_LL_IsStallEP:00000000 $t
/var/folders/0f/x4_g94q9649fs6s33cksjfb00000gn/T//ccYLHfI5.s:497    .text.USBD_LL_IsStallEP:00000000 USBD_LL_IsStallEP
/var/folders/0f/x4_g94q9649fs6s33cksjfb00000gn/T//ccYLHfI5.s:517    .text.USBD_LL_GetRxDataSize:00000000 $t
/var/folders/0f/x4_g94q9649fs6s33cksjfb00000gn/T//ccYLHfI5.s:523    .text.USBD_LL_GetRxDataSize:00000000 USBD_LL_GetRxDataSize
/var/folders/0f/x4_g94q9649fs6s33cksjfb00000gn/T//ccYLHfI5.s:532    .text.HAL_PCDEx_LPM_Callback:00000000 $t
/var/folders/0f/x4_g94q9649fs6s33cksjfb00000gn/T//ccYLHfI5.s:538    .text.HAL_PCDEx_LPM_Callback:00000000 HAL_PCDEx_LPM_Callback
/var/folders/0f/x4_g94q9649fs6s33cksjfb00000gn/T//ccYLHfI5.s:581    .text.HAL_PCDEx_LPM_Callback:0000005c $d
/var/folders/0f/x4_g94q9649fs6s33cksjfb00000gn/T//ccYLHfI5.s:584    .text.USBD_LL_Delay:00000000 $t
/var/folders/0f/x4_g94q9649fs6s33cksjfb00000gn/T//ccYLHfI5.s:590    .text.USBD_LL_Delay:00000000 USBD_LL_Delay
/var/folders/0f/x4_g94q9649fs6s33cksjfb00000gn/T//ccYLHfI5.s:598    .text.USBD_Get_USB_Status:00000000 $t
/var/folders/0f/x4_g94q9649fs6s33cksjfb00000gn/T//ccYLHfI5.s:604    .text.USBD_Get_USB_Status:00000000 USBD_Get_USB_Status
/var/folders/0f/x4_g94q9649fs6s33cksjfb00000gn/T//ccYLHfI5.s:612    .text.USBD_Get_USB_Status:00000008 $d
/var/folders/0f/x4_g94q9649fs6s33cksjfb00000gn/T//ccYLHfI5.s:616    .text.USBD_Get_USB_Status:0000000c $t
/var/folders/0f/x4_g94q9649fs6s33cksjfb00000gn/T//ccYLHfI5.s:626    .text.USBD_LL_DeInit:00000000 $t
/var/folders/0f/x4_g94q9649fs6s33cksjfb00000gn/T//ccYLHfI5.s:632    .text.USBD_LL_DeInit:00000000 USBD_LL_DeInit
/var/folders/0f/x4_g94q9649fs6s33cksjfb00000gn/T//ccYLHfI5.s:642    .text.USBD_LL_Start:00000000 $t
/var/folders/0f/x4_g94q9649fs6s33cksjfb00000gn/T//ccYLHfI5.s:648    .text.USBD_LL_Start:00000000 USBD_LL_Start
/var/folders/0f/x4_g94q9649fs6s33cksjfb00000gn/T//ccYLHfI5.s:658    .text.USBD_LL_Stop:00000000 $t
/var/folders/0f/x4_g94q9649fs6s33cksjfb00000gn/T//ccYLHfI5.s:664    .text.USBD_LL_Stop:00000000 USBD_LL_Stop
/var/folders/0f/x4_g94q9649fs6s33cksjfb00000gn/T//ccYLHfI5.s:674    .text.USBD_LL_OpenEP:00000000 $t
ARM GAS  /var/folders/0f/x4_g94q9649fs6s33cksjfb00000gn/T//ccYLHfI5.s 			page 16


/var/folders/0f/x4_g94q9649fs6s33cksjfb00000gn/T//ccYLHfI5.s:680    .text.USBD_LL_OpenEP:00000000 USBD_LL_OpenEP
/var/folders/0f/x4_g94q9649fs6s33cksjfb00000gn/T//ccYLHfI5.s:693    .text.USBD_LL_CloseEP:00000000 $t
/var/folders/0f/x4_g94q9649fs6s33cksjfb00000gn/T//ccYLHfI5.s:699    .text.USBD_LL_CloseEP:00000000 USBD_LL_CloseEP
/var/folders/0f/x4_g94q9649fs6s33cksjfb00000gn/T//ccYLHfI5.s:709    .text.USBD_LL_FlushEP:00000000 $t
/var/folders/0f/x4_g94q9649fs6s33cksjfb00000gn/T//ccYLHfI5.s:715    .text.USBD_LL_FlushEP:00000000 USBD_LL_FlushEP
/var/folders/0f/x4_g94q9649fs6s33cksjfb00000gn/T//ccYLHfI5.s:725    .text.USBD_LL_StallEP:00000000 $t
/var/folders/0f/x4_g94q9649fs6s33cksjfb00000gn/T//ccYLHfI5.s:731    .text.USBD_LL_StallEP:00000000 USBD_LL_StallEP
/var/folders/0f/x4_g94q9649fs6s33cksjfb00000gn/T//ccYLHfI5.s:741    .text.USBD_LL_ClearStallEP:00000000 $t
/var/folders/0f/x4_g94q9649fs6s33cksjfb00000gn/T//ccYLHfI5.s:747    .text.USBD_LL_ClearStallEP:00000000 USBD_LL_ClearStallEP
/var/folders/0f/x4_g94q9649fs6s33cksjfb00000gn/T//ccYLHfI5.s:757    .text.USBD_LL_SetUSBAddress:00000000 $t
/var/folders/0f/x4_g94q9649fs6s33cksjfb00000gn/T//ccYLHfI5.s:763    .text.USBD_LL_SetUSBAddress:00000000 USBD_LL_SetUSBAddress
/var/folders/0f/x4_g94q9649fs6s33cksjfb00000gn/T//ccYLHfI5.s:773    .text.USBD_LL_Transmit:00000000 $t
/var/folders/0f/x4_g94q9649fs6s33cksjfb00000gn/T//ccYLHfI5.s:779    .text.USBD_LL_Transmit:00000000 USBD_LL_Transmit
/var/folders/0f/x4_g94q9649fs6s33cksjfb00000gn/T//ccYLHfI5.s:789    .text.USBD_LL_PrepareReceive:00000000 $t
/var/folders/0f/x4_g94q9649fs6s33cksjfb00000gn/T//ccYLHfI5.s:795    .text.USBD_LL_PrepareReceive:00000000 USBD_LL_PrepareReceive
/var/folders/0f/x4_g94q9649fs6s33cksjfb00000gn/T//ccYLHfI5.s:806    .bss.hpcd_USB_OTG_HS:00000000 $d

UNDEFINED SYMBOLS
SystemClock_Config
HAL_GPIO_Init
HAL_NVIC_SetPriority
HAL_NVIC_EnableIRQ
HAL_GPIO_DeInit
HAL_NVIC_DisableIRQ
USBD_LL_SetupStage
USBD_LL_DataOutStage
USBD_LL_DataInStage
USBD_LL_SOF
USBD_LL_SetSpeed
USBD_LL_Reset
Error_Handler
USBD_LL_Suspend
USBD_LL_Resume
USBD_LL_IsoOUTIncomplete
USBD_LL_IsoINIncomplete
USBD_LL_DevConnected
USBD_LL_DevDisconnected
HAL_PCD_Init
HAL_PCDEx_SetRxFiFo
HAL_PCDEx_SetTxFiFo
HAL_PCD_EP_GetRxCount
HAL_Delay
HAL_PCD_DeInit
HAL_PCD_Start
HAL_PCD_Stop
HAL_PCD_EP_Open
HAL_PCD_EP_Close
HAL_PCD_EP_Flush
HAL_PCD_EP_SetStall
HAL_PCD_EP_ClrStall
HAL_PCD_SetAddress
HAL_PCD_EP_Transmit
HAL_PCD_EP_Receive
