ARM GAS  /var/folders/0f/x4_g94q9649fs6s33cksjfb00000gn/T//ccumXpSS.s 			page 1


   1              		.cpu cortex-m7
   2              		.arch armv7e-m
   3              		.fpu fpv5-d16
   4              		.eabi_attribute 28, 1
   5              		.eabi_attribute 20, 1
   6              		.eabi_attribute 21, 1
   7              		.eabi_attribute 23, 3
   8              		.eabi_attribute 24, 1
   9              		.eabi_attribute 25, 1
  10              		.eabi_attribute 26, 1
  11              		.eabi_attribute 30, 1
  12              		.eabi_attribute 34, 1
  13              		.eabi_attribute 18, 4
  14              		.file	"usbd_cdc_if.c"
  15              		.text
  16              		.section	.text.CDC_DeInit_HS,"ax",%progbits
  17              		.align	1
  18              		.syntax unified
  19              		.thumb
  20              		.thumb_func
  22              	CDC_DeInit_HS:
  23              		@ args = 0, pretend = 0, frame = 0
  24              		@ frame_needed = 0, uses_anonymous_args = 0
  25              		@ link register save eliminated.
  26 0000 0020     		movs	r0, #0
  27 0002 7047     		bx	lr
  29              		.section	.text.CDC_Control_HS,"ax",%progbits
  30              		.align	1
  31              		.syntax unified
  32              		.thumb
  33              		.thumb_func
  35              	CDC_Control_HS:
  36              		@ args = 0, pretend = 0, frame = 0
  37              		@ frame_needed = 0, uses_anonymous_args = 0
  38              		@ link register save eliminated.
  39 0000 0020     		movs	r0, #0
  40 0002 7047     		bx	lr
  42              		.section	.text.CDC_TransmitCplt_HS,"ax",%progbits
  43              		.align	1
  44              		.syntax unified
  45              		.thumb
  46              		.thumb_func
  48              	CDC_TransmitCplt_HS:
  49              		@ args = 0, pretend = 0, frame = 0
  50              		@ frame_needed = 0, uses_anonymous_args = 0
  51              		@ link register save eliminated.
  52 0000 0020     		movs	r0, #0
  53 0002 7047     		bx	lr
  55              		.section	.text.CDC_Receive_HS,"ax",%progbits
  56              		.align	1
  57              		.syntax unified
  58              		.thumb
  59              		.thumb_func
  61              	CDC_Receive_HS:
  62              		@ args = 0, pretend = 0, frame = 0
  63              		@ frame_needed = 0, uses_anonymous_args = 0
  64 0000 70B5     		push	{r4, r5, r6, lr}
ARM GAS  /var/folders/0f/x4_g94q9649fs6s33cksjfb00000gn/T//ccumXpSS.s 			page 2


  65 0002 0022     		movs	r2, #0
  66 0004 00E0     		b	.L5
  67              	.L6:
  68 0006 0132     		adds	r2, r2, #1
  69              	.L5:
  70 0008 0B68     		ldr	r3, [r1]
  71 000a 9342     		cmp	r3, r2
  72 000c 11D9     		bls	.L9
  73 000e 0E4B     		ldr	r3, .L10
  74 0010 1B68     		ldr	r3, [r3]
  75 0012 0133     		adds	r3, r3, #1
  76 0014 C3F30A03 		ubfx	r3, r3, #0, #11
  77 0018 0C4C     		ldr	r4, .L10+4
  78 001a 2468     		ldr	r4, [r4]
  79 001c 9C42     		cmp	r4, r3
  80 001e F2D0     		beq	.L6
  81 0020 094C     		ldr	r4, .L10
  82 0022 2568     		ldr	r5, [r4]
  83 0024 10F802C0 		ldrb	ip, [r0, r2]	@ zero_extendqisi2
  84 0028 094E     		ldr	r6, .L10+8
  85 002a 06F805C0 		strb	ip, [r6, r5]
  86 002e 2360     		str	r3, [r4]
  87 0030 E9E7     		b	.L6
  88              	.L9:
  89 0032 084C     		ldr	r4, .L10+12
  90 0034 0146     		mov	r1, r0
  91 0036 2046     		mov	r0, r4
  92 0038 FFF7FEFF 		bl	USBD_CDC_SetRxBuffer
  93 003c 2046     		mov	r0, r4
  94 003e FFF7FEFF 		bl	USBD_CDC_ReceivePacket
  95 0042 0020     		movs	r0, #0
  96 0044 70BD     		pop	{r4, r5, r6, pc}
  97              	.L11:
  98 0046 00BF     		.align	2
  99              	.L10:
 100 0048 00000000 		.word	UserRxRingHead
 101 004c 00000000 		.word	UserRxRingTail
 102 0050 00000000 		.word	UserRxRingBuffer
 103 0054 00000000 		.word	hUsbDeviceHS
 105              		.section	.text.CDC_Init_HS,"ax",%progbits
 106              		.align	1
 107              		.syntax unified
 108              		.thumb
 109              		.thumb_func
 111              	CDC_Init_HS:
 112              		@ args = 0, pretend = 0, frame = 0
 113              		@ frame_needed = 0, uses_anonymous_args = 0
 114 0000 10B5     		push	{r4, lr}
 115 0002 064C     		ldr	r4, .L14
 116 0004 0022     		movs	r2, #0
 117 0006 0649     		ldr	r1, .L14+4
 118 0008 2046     		mov	r0, r4
 119 000a FFF7FEFF 		bl	USBD_CDC_SetTxBuffer
 120 000e 0549     		ldr	r1, .L14+8
 121 0010 2046     		mov	r0, r4
 122 0012 FFF7FEFF 		bl	USBD_CDC_SetRxBuffer
 123 0016 0020     		movs	r0, #0
ARM GAS  /var/folders/0f/x4_g94q9649fs6s33cksjfb00000gn/T//ccumXpSS.s 			page 3


 124 0018 10BD     		pop	{r4, pc}
 125              	.L15:
 126 001a 00BF     		.align	2
 127              	.L14:
 128 001c 00000000 		.word	hUsbDeviceHS
 129 0020 00000000 		.word	UserTxBufferHS
 130 0024 00000000 		.word	UserRxBufferHS
 132              		.section	.text.CDC_Transmit_HS,"ax",%progbits
 133              		.align	1
 134              		.global	CDC_Transmit_HS
 135              		.syntax unified
 136              		.thumb
 137              		.thumb_func
 139              	CDC_Transmit_HS:
 140              		@ args = 0, pretend = 0, frame = 0
 141              		@ frame_needed = 0, uses_anonymous_args = 0
 142 0000 094B     		ldr	r3, .L24
 143 0002 D3F8BC32 		ldr	r3, [r3, #700]
 144 0006 D3F81432 		ldr	r3, [r3, #532]
 145 000a 0BB1     		cbz	r3, .L23
 146 000c 0120     		movs	r0, #1
 147 000e 7047     		bx	lr
 148              	.L23:
 149 0010 10B5     		push	{r4, lr}
 150 0012 054C     		ldr	r4, .L24
 151 0014 0A46     		mov	r2, r1
 152 0016 0146     		mov	r1, r0
 153 0018 2046     		mov	r0, r4
 154 001a FFF7FEFF 		bl	USBD_CDC_SetTxBuffer
 155 001e 2046     		mov	r0, r4
 156 0020 FFF7FEFF 		bl	USBD_CDC_TransmitPacket
 157 0024 10BD     		pop	{r4, pc}
 158              	.L25:
 159 0026 00BF     		.align	2
 160              	.L24:
 161 0028 00000000 		.word	hUsbDeviceHS
 163              		.section	.text.VCP_Read,"ax",%progbits
 164              		.align	1
 165              		.global	VCP_Read
 166              		.syntax unified
 167              		.thumb
 168              		.thumb_func
 170              	VCP_Read:
 171              		@ args = 0, pretend = 0, frame = 0
 172              		@ frame_needed = 0, uses_anonymous_args = 0
 173              		@ link register save eliminated.
 174 0000 8446     		mov	ip, r0
 175 0002 0020     		movs	r0, #0
 176 0004 8842     		cmp	r0, r1
 177 0006 17D2     		bcs	.L35
 178 0008 10B4     		push	{r4}
 179              	.L32:
 180 000a 0C4B     		ldr	r3, .L36
 181 000c 1A68     		ldr	r2, [r3]
 182 000e 0C4B     		ldr	r3, .L36+4
 183 0010 1B68     		ldr	r3, [r3]
 184 0012 9A42     		cmp	r2, r3
ARM GAS  /var/folders/0f/x4_g94q9649fs6s33cksjfb00000gn/T//ccumXpSS.s 			page 4


 185 0014 0DD0     		beq	.L26
 186 0016 094A     		ldr	r2, .L36
 187 0018 1368     		ldr	r3, [r2]
 188 001a 0A4C     		ldr	r4, .L36+8
 189 001c E35C     		ldrb	r3, [r4, r3]	@ zero_extendqisi2
 190 001e 0CF80030 		strb	r3, [ip, r0]
 191 0022 1368     		ldr	r3, [r2]
 192 0024 0133     		adds	r3, r3, #1
 193 0026 C3F30A03 		ubfx	r3, r3, #0, #11
 194 002a 1360     		str	r3, [r2]
 195 002c 0130     		adds	r0, r0, #1
 196 002e 8842     		cmp	r0, r1
 197 0030 EBD3     		bcc	.L32
 198              	.L26:
 199 0032 5DF8044B 		ldr	r4, [sp], #4
 200 0036 7047     		bx	lr
 201              	.L35:
 202 0038 7047     		bx	lr
 203              	.L37:
 204 003a 00BF     		.align	2
 205              	.L36:
 206 003c 00000000 		.word	UserRxRingTail
 207 0040 00000000 		.word	UserRxRingHead
 208 0044 00000000 		.word	UserRxRingBuffer
 210              		.global	USBD_Interface_fops_HS
 211              		.section	.data.USBD_Interface_fops_HS,"aw"
 212              		.align	2
 215              	USBD_Interface_fops_HS:
 216 0000 00000000 		.word	CDC_Init_HS
 217 0004 00000000 		.word	CDC_DeInit_HS
 218 0008 00000000 		.word	CDC_Control_HS
 219 000c 00000000 		.word	CDC_Receive_HS
 220 0010 00000000 		.word	CDC_TransmitCplt_HS
 221              		.global	UserTxBufferHS
 222              		.section	.bss.UserTxBufferHS,"aw",%nobits
 223              		.align	2
 226              	UserTxBufferHS:
 227 0000 00000000 		.space	2048
 227      00000000 
 227      00000000 
 227      00000000 
 227      00000000 
 228              		.global	UserRxBufferHS
 229              		.section	.bss.UserRxBufferHS,"aw",%nobits
 230              		.align	2
 233              	UserRxBufferHS:
 234 0000 00000000 		.space	2048
 234      00000000 
 234      00000000 
 234      00000000 
 234      00000000 
 235              		.global	UserRxRingTail
 236              		.section	.bss.UserRxRingTail,"aw",%nobits
 237              		.align	2
 240              	UserRxRingTail:
 241 0000 00000000 		.space	4
 242              		.global	UserRxRingHead
ARM GAS  /var/folders/0f/x4_g94q9649fs6s33cksjfb00000gn/T//ccumXpSS.s 			page 5


 243              		.section	.bss.UserRxRingHead,"aw",%nobits
 244              		.align	2
 247              	UserRxRingHead:
 248 0000 00000000 		.space	4
 249              		.global	UserRxRingBuffer
 250              		.section	.bss.UserRxRingBuffer,"aw",%nobits
 251              		.align	2
 254              	UserRxRingBuffer:
 255 0000 00000000 		.space	2048
 255      00000000 
 255      00000000 
 255      00000000 
 255      00000000 
 256              		.ident	"GCC: (Arm GNU Toolchain 14.2.Rel1 (Build arm-14.52)) 14.2.1 20241119"
ARM GAS  /var/folders/0f/x4_g94q9649fs6s33cksjfb00000gn/T//ccumXpSS.s 			page 6


DEFINED SYMBOLS
                            *ABS*:00000000 usbd_cdc_if.c
/var/folders/0f/x4_g94q9649fs6s33cksjfb00000gn/T//ccumXpSS.s:17     .text.CDC_DeInit_HS:00000000 $t
/var/folders/0f/x4_g94q9649fs6s33cksjfb00000gn/T//ccumXpSS.s:22     .text.CDC_DeInit_HS:00000000 CDC_DeInit_HS
/var/folders/0f/x4_g94q9649fs6s33cksjfb00000gn/T//ccumXpSS.s:30     .text.CDC_Control_HS:00000000 $t
/var/folders/0f/x4_g94q9649fs6s33cksjfb00000gn/T//ccumXpSS.s:35     .text.CDC_Control_HS:00000000 CDC_Control_HS
/var/folders/0f/x4_g94q9649fs6s33cksjfb00000gn/T//ccumXpSS.s:43     .text.CDC_TransmitCplt_HS:00000000 $t
/var/folders/0f/x4_g94q9649fs6s33cksjfb00000gn/T//ccumXpSS.s:48     .text.CDC_TransmitCplt_HS:00000000 CDC_TransmitCplt_HS
/var/folders/0f/x4_g94q9649fs6s33cksjfb00000gn/T//ccumXpSS.s:56     .text.CDC_Receive_HS:00000000 $t
/var/folders/0f/x4_g94q9649fs6s33cksjfb00000gn/T//ccumXpSS.s:61     .text.CDC_Receive_HS:00000000 CDC_Receive_HS
/var/folders/0f/x4_g94q9649fs6s33cksjfb00000gn/T//ccumXpSS.s:100    .text.CDC_Receive_HS:00000048 $d
/var/folders/0f/x4_g94q9649fs6s33cksjfb00000gn/T//ccumXpSS.s:247    .bss.UserRxRingHead:00000000 UserRxRingHead
/var/folders/0f/x4_g94q9649fs6s33cksjfb00000gn/T//ccumXpSS.s:240    .bss.UserRxRingTail:00000000 UserRxRingTail
/var/folders/0f/x4_g94q9649fs6s33cksjfb00000gn/T//ccumXpSS.s:254    .bss.UserRxRingBuffer:00000000 UserRxRingBuffer
/var/folders/0f/x4_g94q9649fs6s33cksjfb00000gn/T//ccumXpSS.s:106    .text.CDC_Init_HS:00000000 $t
/var/folders/0f/x4_g94q9649fs6s33cksjfb00000gn/T//ccumXpSS.s:111    .text.CDC_Init_HS:00000000 CDC_Init_HS
/var/folders/0f/x4_g94q9649fs6s33cksjfb00000gn/T//ccumXpSS.s:128    .text.CDC_Init_HS:0000001c $d
/var/folders/0f/x4_g94q9649fs6s33cksjfb00000gn/T//ccumXpSS.s:226    .bss.UserTxBufferHS:00000000 UserTxBufferHS
/var/folders/0f/x4_g94q9649fs6s33cksjfb00000gn/T//ccumXpSS.s:233    .bss.UserRxBufferHS:00000000 UserRxBufferHS
/var/folders/0f/x4_g94q9649fs6s33cksjfb00000gn/T//ccumXpSS.s:133    .text.CDC_Transmit_HS:00000000 $t
/var/folders/0f/x4_g94q9649fs6s33cksjfb00000gn/T//ccumXpSS.s:139    .text.CDC_Transmit_HS:00000000 CDC_Transmit_HS
/var/folders/0f/x4_g94q9649fs6s33cksjfb00000gn/T//ccumXpSS.s:161    .text.CDC_Transmit_HS:00000028 $d
/var/folders/0f/x4_g94q9649fs6s33cksjfb00000gn/T//ccumXpSS.s:164    .text.VCP_Read:00000000 $t
/var/folders/0f/x4_g94q9649fs6s33cksjfb00000gn/T//ccumXpSS.s:170    .text.VCP_Read:00000000 VCP_Read
/var/folders/0f/x4_g94q9649fs6s33cksjfb00000gn/T//ccumXpSS.s:206    .text.VCP_Read:0000003c $d
/var/folders/0f/x4_g94q9649fs6s33cksjfb00000gn/T//ccumXpSS.s:215    .data.USBD_Interface_fops_HS:00000000 USBD_Interface_fops_HS
/var/folders/0f/x4_g94q9649fs6s33cksjfb00000gn/T//ccumXpSS.s:212    .data.USBD_Interface_fops_HS:00000000 $d
/var/folders/0f/x4_g94q9649fs6s33cksjfb00000gn/T//ccumXpSS.s:223    .bss.UserTxBufferHS:00000000 $d
/var/folders/0f/x4_g94q9649fs6s33cksjfb00000gn/T//ccumXpSS.s:230    .bss.UserRxBufferHS:00000000 $d
/var/folders/0f/x4_g94q9649fs6s33cksjfb00000gn/T//ccumXpSS.s:237    .bss.UserRxRingTail:00000000 $d
/var/folders/0f/x4_g94q9649fs6s33cksjfb00000gn/T//ccumXpSS.s:244    .bss.UserRxRingHead:00000000 $d
/var/folders/0f/x4_g94q9649fs6s33cksjfb00000gn/T//ccumXpSS.s:251    .bss.UserRxRingBuffer:00000000 $d

UNDEFINED SYMBOLS
USBD_CDC_SetRxBuffer
USBD_CDC_ReceivePacket
hUsbDeviceHS
USBD_CDC_SetTxBuffer
USBD_CDC_TransmitPacket
