ARM GAS  /var/folders/0f/x4_g94q9649fs6s33cksjfb00000gn/T//ccMRAoQ3.s 			page 1


   1              		.cpu cortex-m7
   2              		.arch armv7e-m
   3              		.fpu fpv5-d16
   4              		.eabi_attribute 28, 1
   5              		.eabi_attribute 20, 1
   6              		.eabi_attribute 21, 1
   7              		.eabi_attribute 23, 3
   8              		.eabi_attribute 24, 1
   9              		.eabi_attribute 25, 1
  10              		.eabi_attribute 26, 1
  11              		.eabi_attribute 30, 1
  12              		.eabi_attribute 34, 1
  13              		.eabi_attribute 18, 4
  14              		.file	"usbd_ioreq.c"
  15              		.text
  16              		.section	.text.USBD_CtlSendData,"ax",%progbits
  17              		.align	1
  18              		.global	USBD_CtlSendData
  19              		.syntax unified
  20              		.thumb
  21              		.thumb_func
  23              	USBD_CtlSendData:
  24              		@ args = 0, pretend = 0, frame = 0
  25              		@ frame_needed = 0, uses_anonymous_args = 0
  26 0000 08B5     		push	{r3, lr}
  27 0002 1346     		mov	r3, r2
  28 0004 0222     		movs	r2, #2
  29 0006 C0F89422 		str	r2, [r0, #660]
  30 000a 4361     		str	r3, [r0, #20]
  31 000c 4162     		str	r1, [r0, #36]
  32 000e 8361     		str	r3, [r0, #24]
  33 0010 0A46     		mov	r2, r1
  34 0012 0021     		movs	r1, #0
  35 0014 FFF7FEFF 		bl	USBD_LL_Transmit
  36 0018 0020     		movs	r0, #0
  37 001a 08BD     		pop	{r3, pc}
  39              		.section	.text.USBD_CtlContinueSendData,"ax",%progbits
  40              		.align	1
  41              		.global	USBD_CtlContinueSendData
  42              		.syntax unified
  43              		.thumb
  44              		.thumb_func
  46              	USBD_CtlContinueSendData:
  47              		@ args = 0, pretend = 0, frame = 0
  48              		@ frame_needed = 0, uses_anonymous_args = 0
  49 0000 08B5     		push	{r3, lr}
  50 0002 1346     		mov	r3, r2
  51 0004 0A46     		mov	r2, r1
  52 0006 0021     		movs	r1, #0
  53 0008 FFF7FEFF 		bl	USBD_LL_Transmit
  54 000c 0020     		movs	r0, #0
  55 000e 08BD     		pop	{r3, pc}
  57              		.section	.text.USBD_CtlPrepareRx,"ax",%progbits
  58              		.align	1
  59              		.global	USBD_CtlPrepareRx
  60              		.syntax unified
  61              		.thumb
ARM GAS  /var/folders/0f/x4_g94q9649fs6s33cksjfb00000gn/T//ccMRAoQ3.s 			page 2


  62              		.thumb_func
  64              	USBD_CtlPrepareRx:
  65              		@ args = 0, pretend = 0, frame = 0
  66              		@ frame_needed = 0, uses_anonymous_args = 0
  67 0000 08B5     		push	{r3, lr}
  68 0002 1346     		mov	r3, r2
  69 0004 0322     		movs	r2, #3
  70 0006 C0F89422 		str	r2, [r0, #660]
  71 000a C0F85431 		str	r3, [r0, #340]
  72 000e C0F86411 		str	r1, [r0, #356]
  73 0012 C0F85831 		str	r3, [r0, #344]
  74 0016 0A46     		mov	r2, r1
  75 0018 0021     		movs	r1, #0
  76 001a FFF7FEFF 		bl	USBD_LL_PrepareReceive
  77 001e 0020     		movs	r0, #0
  78 0020 08BD     		pop	{r3, pc}
  80              		.section	.text.USBD_CtlContinueRx,"ax",%progbits
  81              		.align	1
  82              		.global	USBD_CtlContinueRx
  83              		.syntax unified
  84              		.thumb
  85              		.thumb_func
  87              	USBD_CtlContinueRx:
  88              		@ args = 0, pretend = 0, frame = 0
  89              		@ frame_needed = 0, uses_anonymous_args = 0
  90 0000 08B5     		push	{r3, lr}
  91 0002 1346     		mov	r3, r2
  92 0004 0A46     		mov	r2, r1
  93 0006 0021     		movs	r1, #0
  94 0008 FFF7FEFF 		bl	USBD_LL_PrepareReceive
  95 000c 0020     		movs	r0, #0
  96 000e 08BD     		pop	{r3, pc}
  98              		.section	.text.USBD_CtlSendStatus,"ax",%progbits
  99              		.align	1
 100              		.global	USBD_CtlSendStatus
 101              		.syntax unified
 102              		.thumb
 103              		.thumb_func
 105              	USBD_CtlSendStatus:
 106              		@ args = 0, pretend = 0, frame = 0
 107              		@ frame_needed = 0, uses_anonymous_args = 0
 108 0000 08B5     		push	{r3, lr}
 109 0002 0422     		movs	r2, #4
 110 0004 C0F89422 		str	r2, [r0, #660]
 111 0008 0023     		movs	r3, #0
 112 000a 1A46     		mov	r2, r3
 113 000c 1946     		mov	r1, r3
 114 000e FFF7FEFF 		bl	USBD_LL_Transmit
 115 0012 0020     		movs	r0, #0
 116 0014 08BD     		pop	{r3, pc}
 118              		.section	.text.USBD_CtlReceiveStatus,"ax",%progbits
 119              		.align	1
 120              		.global	USBD_CtlReceiveStatus
 121              		.syntax unified
 122              		.thumb
 123              		.thumb_func
 125              	USBD_CtlReceiveStatus:
ARM GAS  /var/folders/0f/x4_g94q9649fs6s33cksjfb00000gn/T//ccMRAoQ3.s 			page 3


 126              		@ args = 0, pretend = 0, frame = 0
 127              		@ frame_needed = 0, uses_anonymous_args = 0
 128 0000 08B5     		push	{r3, lr}
 129 0002 0522     		movs	r2, #5
 130 0004 C0F89422 		str	r2, [r0, #660]
 131 0008 0023     		movs	r3, #0
 132 000a 1A46     		mov	r2, r3
 133 000c 1946     		mov	r1, r3
 134 000e FFF7FEFF 		bl	USBD_LL_PrepareReceive
 135 0012 0020     		movs	r0, #0
 136 0014 08BD     		pop	{r3, pc}
 138              		.section	.text.USBD_GetRxCount,"ax",%progbits
 139              		.align	1
 140              		.global	USBD_GetRxCount
 141              		.syntax unified
 142              		.thumb
 143              		.thumb_func
 145              	USBD_GetRxCount:
 146              		@ args = 0, pretend = 0, frame = 0
 147              		@ frame_needed = 0, uses_anonymous_args = 0
 148 0000 08B5     		push	{r3, lr}
 149 0002 FFF7FEFF 		bl	USBD_LL_GetRxDataSize
 150 0006 08BD     		pop	{r3, pc}
 152              		.ident	"GCC: (Arm GNU Toolchain 14.2.Rel1 (Build arm-14.52)) 14.2.1 20241119"
ARM GAS  /var/folders/0f/x4_g94q9649fs6s33cksjfb00000gn/T//ccMRAoQ3.s 			page 4


DEFINED SYMBOLS
                            *ABS*:00000000 usbd_ioreq.c
/var/folders/0f/x4_g94q9649fs6s33cksjfb00000gn/T//ccMRAoQ3.s:17     .text.USBD_CtlSendData:00000000 $t
/var/folders/0f/x4_g94q9649fs6s33cksjfb00000gn/T//ccMRAoQ3.s:23     .text.USBD_CtlSendData:00000000 USBD_CtlSendData
/var/folders/0f/x4_g94q9649fs6s33cksjfb00000gn/T//ccMRAoQ3.s:40     .text.USBD_CtlContinueSendData:00000000 $t
/var/folders/0f/x4_g94q9649fs6s33cksjfb00000gn/T//ccMRAoQ3.s:46     .text.USBD_CtlContinueSendData:00000000 USBD_CtlContinueSendData
/var/folders/0f/x4_g94q9649fs6s33cksjfb00000gn/T//ccMRAoQ3.s:58     .text.USBD_CtlPrepareRx:00000000 $t
/var/folders/0f/x4_g94q9649fs6s33cksjfb00000gn/T//ccMRAoQ3.s:64     .text.USBD_CtlPrepareRx:00000000 USBD_CtlPrepareRx
/var/folders/0f/x4_g94q9649fs6s33cksjfb00000gn/T//ccMRAoQ3.s:81     .text.USBD_CtlContinueRx:00000000 $t
/var/folders/0f/x4_g94q9649fs6s33cksjfb00000gn/T//ccMRAoQ3.s:87     .text.USBD_CtlContinueRx:00000000 USBD_CtlContinueRx
/var/folders/0f/x4_g94q9649fs6s33cksjfb00000gn/T//ccMRAoQ3.s:99     .text.USBD_CtlSendStatus:00000000 $t
/var/folders/0f/x4_g94q9649fs6s33cksjfb00000gn/T//ccMRAoQ3.s:105    .text.USBD_CtlSendStatus:00000000 USBD_CtlSendStatus
/var/folders/0f/x4_g94q9649fs6s33cksjfb00000gn/T//ccMRAoQ3.s:119    .text.USBD_CtlReceiveStatus:00000000 $t
/var/folders/0f/x4_g94q9649fs6s33cksjfb00000gn/T//ccMRAoQ3.s:125    .text.USBD_CtlReceiveStatus:00000000 USBD_CtlReceiveStatus
/var/folders/0f/x4_g94q9649fs6s33cksjfb00000gn/T//ccMRAoQ3.s:139    .text.USBD_GetRxCount:00000000 $t
/var/folders/0f/x4_g94q9649fs6s33cksjfb00000gn/T//ccMRAoQ3.s:145    .text.USBD_GetRxCount:00000000 USBD_GetRxCount

UNDEFINED SYMBOLS
USBD_LL_Transmit
USBD_LL_PrepareReceive
USBD_LL_GetRxDataSize
